ARM GAS  C:\Users\pxc\AppData\Local\Temp\ccWhJLVC.s 			page 1


   1              		.syntax unified
   2              		.cpu cortex-m3
   3              		.fpu softvfp
   4              		.eabi_attribute 20, 1
   5              		.eabi_attribute 21, 1
   6              		.eabi_attribute 23, 3
   7              		.eabi_attribute 24, 1
   8              		.eabi_attribute 25, 1
   9              		.eabi_attribute 26, 1
  10              		.eabi_attribute 30, 1
  11              		.eabi_attribute 34, 1
  12              		.eabi_attribute 18, 4
  13              		.thumb
  14              		.file	"ADC_V.c"
  15              		.text
  16              	.Ltext0:
  17              		.cfi_sections	.debug_frame
  18              		.section	.text.Monitor_Battery_Init,"ax",%progbits
  19              		.align	2
  20              		.global	Monitor_Battery_Init
  21              		.thumb
  22              		.thumb_func
  23              		.type	Monitor_Battery_Init, %function
  24              	Monitor_Battery_Init:
  25              	.LFB63:
  26              		.file 1 ".\\ADC_V.c"
   1:.\ADC_V.c     **** /* ========================================
   2:.\ADC_V.c     ****  *
   3:.\ADC_V.c     ****  * Copyright YOUR COMPANY, THE YEAR
   4:.\ADC_V.c     ****  * All Rights Reserved
   5:.\ADC_V.c     ****  * UNPUBLISHED, LICENSED SOFTWARE.
   6:.\ADC_V.c     ****  *
   7:.\ADC_V.c     ****  * CONFIDENTIAL AND PROPRIETARY INFORMATION
   8:.\ADC_V.c     ****  * WHICH IS THE PROPERTY OF your company.
   9:.\ADC_V.c     ****  *
  10:.\ADC_V.c     ****  * ========================================
  11:.\ADC_V.c     **** */
  12:.\ADC_V.c     **** #include "ADC_V.h"
  13:.\ADC_V.c     **** 
  14:.\ADC_V.c     **** 
  15:.\ADC_V.c     **** 
  16:.\ADC_V.c     **** 
  17:.\ADC_V.c     **** int16 retADCValue[SampleNum] = {0};
  18:.\ADC_V.c     **** 
  19:.\ADC_V.c     **** 
  20:.\ADC_V.c     **** void Monitor_Battery_Init()
  21:.\ADC_V.c     **** {
  27              		.loc 1 21 0
  28              		.cfi_startproc
  29              		@ args = 0, pretend = 0, frame = 0
  30              		@ frame_needed = 0, uses_anonymous_args = 0
  31 0000 08B5     		push	{r3, lr}
  32              		.cfi_def_cfa_offset 8
  33              		.cfi_offset 3, -8
  34              		.cfi_offset 14, -4
  22:.\ADC_V.c     ****     ADC_Start();
  35              		.loc 1 22 0
ARM GAS  C:\Users\pxc\AppData\Local\Temp\ccWhJLVC.s 			page 2


  36 0002 FFF7FEFF 		bl	ADC_Start
  37              	.LVL0:
  23:.\ADC_V.c     ****     ADC_StartConvert();
  38              		.loc 1 23 0
  39 0006 FFF7FEFF 		bl	ADC_StartConvert
  40              	.LVL1:
  41 000a 08BD     		pop	{r3, pc}
  42              		.cfi_endproc
  43              	.LFE63:
  44              		.size	Monitor_Battery_Init, .-Monitor_Battery_Init
  45              		.section	.text.Get_Battery_ADvalue,"ax",%progbits
  46              		.align	2
  47              		.global	Get_Battery_ADvalue
  48              		.thumb
  49              		.thumb_func
  50              		.type	Get_Battery_ADvalue, %function
  51              	Get_Battery_ADvalue:
  52              	.LFB64:
  24:.\ADC_V.c     ****     
  25:.\ADC_V.c     **** }
  26:.\ADC_V.c     **** //int16 Get_C_Battery_ADvalue(void)
  27:.\ADC_V.c     **** //{
  28:.\ADC_V.c     **** //
  29:.\ADC_V.c     **** //    uint8 i = 0;
  30:.\ADC_V.c     **** //    int16 retval = 0;
  31:.\ADC_V.c     **** //    int32 sum = 0;
  32:.\ADC_V.c     **** //    for(i = 0;i < SampleNum;i++)
  33:.\ADC_V.c     **** //    {
  34:.\ADC_V.c     **** //        retADCValue2[i] = C_Battery_GetResult16();
  35:.\ADC_V.c     **** //    
  36:.\ADC_V.c     **** //    }
  37:.\ADC_V.c     **** //
  38:.\ADC_V.c     **** //    for(i = 0;i < SampleNum;i++)
  39:.\ADC_V.c     **** //    {
  40:.\ADC_V.c     **** //        sum += retADCValue2[i];
  41:.\ADC_V.c     **** //    }
  42:.\ADC_V.c     **** //    retval = sum/SampleNum;
  43:.\ADC_V.c     **** //    return retval;
  44:.\ADC_V.c     **** //    
  45:.\ADC_V.c     **** //}
  46:.\ADC_V.c     **** uint16 Get_Battery_ADvalue(uint8 channal)
  47:.\ADC_V.c     **** {
  53              		.loc 1 47 0
  54              		.cfi_startproc
  55              		@ args = 0, pretend = 0, frame = 0
  56              		@ frame_needed = 0, uses_anonymous_args = 0
  57              	.LVL2:
  58 0000 38B5     		push	{r3, r4, r5, lr}
  59              		.cfi_def_cfa_offset 16
  60              		.cfi_offset 3, -16
  61              		.cfi_offset 4, -12
  62              		.cfi_offset 5, -8
  63              		.cfi_offset 14, -4
  64 0002 0546     		mov	r5, r0
  65              	.LVL3:
  48:.\ADC_V.c     **** 
  49:.\ADC_V.c     ****     uint8 i = 0;
ARM GAS  C:\Users\pxc\AppData\Local\Temp\ccWhJLVC.s 			page 3


  50:.\ADC_V.c     ****     int16 retval = 0;
  51:.\ADC_V.c     ****     int32 sum = 0;
  52:.\ADC_V.c     ****     for(i = 0;i < SampleNum;i++)
  66              		.loc 1 52 0
  67 0004 0024     		movs	r4, #0
  68 0006 07E0     		b	.L4
  69              	.LVL4:
  70              	.L5:
  53:.\ADC_V.c     ****     {
  54:.\ADC_V.c     ****         retADCValue[i] = ADC_GetResult16(channal);
  71              		.loc 1 54 0 discriminator 3
  72 0008 2846     		mov	r0, r5
  73 000a FFF7FEFF 		bl	ADC_GetResult16
  74              	.LVL5:
  75 000e 0D4B     		ldr	r3, .L9
  76 0010 23F81400 		strh	r0, [r3, r4, lsl #1]	@ movhi
  52:.\ADC_V.c     ****     {
  77              		.loc 1 52 0 discriminator 3
  78 0014 0134     		adds	r4, r4, #1
  79              	.LVL6:
  80 0016 E4B2     		uxtb	r4, r4
  81              	.LVL7:
  82              	.L4:
  52:.\ADC_V.c     ****     {
  83              		.loc 1 52 0 is_stmt 0 discriminator 1
  84 0018 092C     		cmp	r4, #9
  85 001a F5D9     		bls	.L5
  86 001c 0022     		movs	r2, #0
  87 001e 1346     		mov	r3, r2
  88 0020 05E0     		b	.L6
  89              	.LVL8:
  90              	.L7:
  55:.\ADC_V.c     ****     }
  56:.\ADC_V.c     **** 
  57:.\ADC_V.c     ****     for(i = 0;i < SampleNum;i++)
  58:.\ADC_V.c     ****     {
  59:.\ADC_V.c     ****         sum += retADCValue[i];
  91              		.loc 1 59 0 is_stmt 1 discriminator 3
  92 0022 0849     		ldr	r1, .L9
  93 0024 31F91310 		ldrsh	r1, [r1, r3, lsl #1]
  94 0028 0A44     		add	r2, r2, r1
  95              	.LVL9:
  57:.\ADC_V.c     ****     {
  96              		.loc 1 57 0 discriminator 3
  97 002a 0133     		adds	r3, r3, #1
  98              	.LVL10:
  99 002c DBB2     		uxtb	r3, r3
 100              	.LVL11:
 101              	.L6:
  57:.\ADC_V.c     ****     {
 102              		.loc 1 57 0 is_stmt 0 discriminator 1
 103 002e 092B     		cmp	r3, #9
 104 0030 F7D9     		bls	.L7
  60:.\ADC_V.c     ****     }
  61:.\ADC_V.c     ****     retval = sum/SampleNum;
 105              		.loc 1 61 0 is_stmt 1
 106 0032 0548     		ldr	r0, .L9+4
ARM GAS  C:\Users\pxc\AppData\Local\Temp\ccWhJLVC.s 			page 4


 107 0034 80FB0230 		smull	r3, r0, r0, r2
 108              	.LVL12:
 109 0038 D217     		asrs	r2, r2, #31
 110              	.LVL13:
 111 003a C2EBA000 		rsb	r0, r2, r0, asr #2
 112              	.LVL14:
  62:.\ADC_V.c     ****     return retval;
  63:.\ADC_V.c     ****     
  64:.\ADC_V.c     **** }
 113              		.loc 1 64 0
 114 003e 80B2     		uxth	r0, r0
 115 0040 38BD     		pop	{r3, r4, r5, pc}
 116              	.L10:
 117 0042 00BF     		.align	2
 118              	.L9:
 119 0044 00000000 		.word	.LANCHOR0
 120 0048 67666666 		.word	1717986919
 121              		.cfi_endproc
 122              	.LFE64:
 123              		.size	Get_Battery_ADvalue, .-Get_Battery_ADvalue
 124              		.section	.text.Cal_Battery_loop,"ax",%progbits
 125              		.align	2
 126              		.global	Cal_Battery_loop
 127              		.thumb
 128              		.thumb_func
 129              		.type	Cal_Battery_loop, %function
 130              	Cal_Battery_loop:
 131              	.LFB65:
  65:.\ADC_V.c     **** 
  66:.\ADC_V.c     **** void Cal_Battery_loop()
  67:.\ADC_V.c     **** {
 132              		.loc 1 67 0
 133              		.cfi_startproc
 134              		@ args = 0, pretend = 0, frame = 0
 135              		@ frame_needed = 0, uses_anonymous_args = 0
 136 0000 08B5     		push	{r3, lr}
 137              		.cfi_def_cfa_offset 8
 138              		.cfi_offset 3, -8
 139              		.cfi_offset 14, -4
  68:.\ADC_V.c     ****     CAR_X_V = Get_Battery_ADvalue(CAR_X_CHANANL);
 140              		.loc 1 68 0
 141 0002 0120     		movs	r0, #1
 142 0004 FFF7FEFF 		bl	Get_Battery_ADvalue
 143              	.LVL15:
 144 0008 124B     		ldr	r3, .L13
 145 000a 1880     		strh	r0, [r3]	@ movhi
  69:.\ADC_V.c     ****     //  D_V = Get_Battery_ADvalue(D_CHANANL);
  70:.\ADC_V.c     ****     CAR_Y_V = Get_Battery_ADvalue(CAR_Y_CHANANL);   
 146              		.loc 1 70 0
 147 000c 0220     		movs	r0, #2
 148 000e FFF7FEFF 		bl	Get_Battery_ADvalue
 149              	.LVL16:
 150 0012 114B     		ldr	r3, .L13+4
 151 0014 1880     		strh	r0, [r3]	@ movhi
  71:.\ADC_V.c     ****     PTZ_X_V = Get_Battery_ADvalue(PTZ_X_CHANANL);  
 152              		.loc 1 71 0
 153 0016 0320     		movs	r0, #3
ARM GAS  C:\Users\pxc\AppData\Local\Temp\ccWhJLVC.s 			page 5


 154 0018 FFF7FEFF 		bl	Get_Battery_ADvalue
 155              	.LVL17:
 156 001c 0F4B     		ldr	r3, .L13+8
 157 001e 1880     		strh	r0, [r3]	@ movhi
  72:.\ADC_V.c     ****     PTZ_Y_V = Get_Battery_ADvalue(PTZ_Y_CHANANL); 
 158              		.loc 1 72 0
 159 0020 0420     		movs	r0, #4
 160 0022 FFF7FEFF 		bl	Get_Battery_ADvalue
 161              	.LVL18:
 162 0026 0E4B     		ldr	r3, .L13+12
 163 0028 1880     		strh	r0, [r3]	@ movhi
  73:.\ADC_V.c     ****     LED_1_V = Get_Battery_ADvalue(LED_1_CHANANL); 
 164              		.loc 1 73 0
 165 002a 0520     		movs	r0, #5
 166 002c FFF7FEFF 		bl	Get_Battery_ADvalue
 167              	.LVL19:
 168 0030 0C4B     		ldr	r3, .L13+16
 169 0032 1880     		strh	r0, [r3]	@ movhi
  74:.\ADC_V.c     ****     LED_2_V = Get_Battery_ADvalue(LED_2_CHANANL); 
 170              		.loc 1 74 0
 171 0034 0620     		movs	r0, #6
 172 0036 FFF7FEFF 		bl	Get_Battery_ADvalue
 173              	.LVL20:
 174 003a 0B4B     		ldr	r3, .L13+20
 175 003c 1880     		strh	r0, [r3]	@ movhi
  75:.\ADC_V.c     ****     LED_3_V = Get_Battery_ADvalue(LED_3_CHANANL); 
 176              		.loc 1 75 0
 177 003e 0720     		movs	r0, #7
 178 0040 FFF7FEFF 		bl	Get_Battery_ADvalue
 179              	.LVL21:
 180 0044 094B     		ldr	r3, .L13+24
 181 0046 1880     		strh	r0, [r3]	@ movhi
  76:.\ADC_V.c     ****     CAR_SPEED_V = Get_Battery_ADvalue(CAR_SPEED_CHANANL); 
 182              		.loc 1 76 0
 183 0048 0820     		movs	r0, #8
 184 004a FFF7FEFF 		bl	Get_Battery_ADvalue
 185              	.LVL22:
 186 004e 084B     		ldr	r3, .L13+28
 187 0050 1880     		strh	r0, [r3]	@ movhi
 188 0052 08BD     		pop	{r3, pc}
 189              	.L14:
 190              		.align	2
 191              	.L13:
 192 0054 00000000 		.word	CAR_X_V
 193 0058 00000000 		.word	CAR_Y_V
 194 005c 00000000 		.word	PTZ_X_V
 195 0060 00000000 		.word	PTZ_Y_V
 196 0064 00000000 		.word	LED_1_V
 197 0068 00000000 		.word	LED_2_V
 198 006c 00000000 		.word	LED_3_V
 199 0070 00000000 		.word	CAR_SPEED_V
 200              		.cfi_endproc
 201              	.LFE65:
 202              		.size	Cal_Battery_loop, .-Cal_Battery_loop
 203              		.global	retADCValue
 204              		.comm	CAR_SPEED_V,2,2
 205              		.comm	LED_3_V,2,2
ARM GAS  C:\Users\pxc\AppData\Local\Temp\ccWhJLVC.s 			page 6


 206              		.comm	LED_2_V,2,2
 207              		.comm	LED_1_V,2,2
 208              		.comm	PTZ_Y_V,2,2
 209              		.comm	PTZ_X_V,2,2
 210              		.comm	CAR_Y_V,2,2
 211              		.comm	CAR_X_V,2,2
 212              		.comm	B_V,2,2
 213              		.bss
 214              		.align	2
 215              		.set	.LANCHOR0,. + 0
 216              		.type	retADCValue, %object
 217              		.size	retADCValue, 20
 218              	retADCValue:
 219 0000 00000000 		.space	20
 219      00000000 
 219      00000000 
 219      00000000 
 219      00000000 
 220              		.text
 221              	.Letext0:
 222              		.file 2 "c:\\program files (x86)\\cypress\\psoc creator\\3.3\\psoc creator\\import\\gnu\\arm\\4.9.
 223              		.file 3 "c:\\program files (x86)\\cypress\\psoc creator\\3.3\\psoc creator\\import\\gnu\\arm\\4.9.
 224              		.file 4 "Generated_Source\\PSoC5/cytypes.h"
 225              		.file 5 "Generated_Source\\PSoC5/core_cm3.h"
 226              		.file 6 ".\\ADC_V.h"
 227              		.file 7 "Generated_Source\\PSoC5/ADC.h"
 228              		.section	.debug_info,"",%progbits
 229              	.Ldebug_info0:
 230 0000 E6020000 		.4byte	0x2e6
 231 0004 0400     		.2byte	0x4
 232 0006 00000000 		.4byte	.Ldebug_abbrev0
 233 000a 04       		.byte	0x4
 234 000b 01       		.uleb128 0x1
 235 000c F4000000 		.4byte	.LASF34
 236 0010 01       		.byte	0x1
 237 0011 53020000 		.4byte	.LASF35
 238 0015 00000000 		.4byte	.LASF36
 239 0019 00000000 		.4byte	.Ldebug_ranges0+0
 240 001d 00000000 		.4byte	0
 241 0021 00000000 		.4byte	.Ldebug_line0
 242 0025 02       		.uleb128 0x2
 243 0026 01       		.byte	0x1
 244 0027 06       		.byte	0x6
 245 0028 3F020000 		.4byte	.LASF0
 246 002c 02       		.uleb128 0x2
 247 002d 01       		.byte	0x1
 248 002e 08       		.byte	0x8
 249 002f CC000000 		.4byte	.LASF1
 250 0033 02       		.uleb128 0x2
 251 0034 02       		.byte	0x2
 252 0035 05       		.byte	0x5
 253 0036 09020000 		.4byte	.LASF2
 254 003a 02       		.uleb128 0x2
 255 003b 02       		.byte	0x2
 256 003c 07       		.byte	0x7
 257 003d 3C000000 		.4byte	.LASF3
 258 0041 03       		.uleb128 0x3
ARM GAS  C:\Users\pxc\AppData\Local\Temp\ccWhJLVC.s 			page 7


 259 0042 32000000 		.4byte	.LASF9
 260 0046 02       		.byte	0x2
 261 0047 3F       		.byte	0x3f
 262 0048 4C000000 		.4byte	0x4c
 263 004c 02       		.uleb128 0x2
 264 004d 04       		.byte	0x4
 265 004e 05       		.byte	0x5
 266 004f 2A020000 		.4byte	.LASF4
 267 0053 02       		.uleb128 0x2
 268 0054 04       		.byte	0x4
 269 0055 07       		.byte	0x7
 270 0056 8F000000 		.4byte	.LASF5
 271 005a 02       		.uleb128 0x2
 272 005b 08       		.byte	0x8
 273 005c 05       		.byte	0x5
 274 005d F6010000 		.4byte	.LASF6
 275 0061 02       		.uleb128 0x2
 276 0062 08       		.byte	0x8
 277 0063 07       		.byte	0x7
 278 0064 97010000 		.4byte	.LASF7
 279 0068 04       		.uleb128 0x4
 280 0069 04       		.byte	0x4
 281 006a 05       		.byte	0x5
 282 006b 696E7400 		.ascii	"int\000"
 283 006f 02       		.uleb128 0x2
 284 0070 04       		.byte	0x4
 285 0071 07       		.byte	0x7
 286 0072 82010000 		.4byte	.LASF8
 287 0076 03       		.uleb128 0x3
 288 0077 DD010000 		.4byte	.LASF10
 289 007b 03       		.byte	0x3
 290 007c 2C       		.byte	0x2c
 291 007d 41000000 		.4byte	0x41
 292 0081 03       		.uleb128 0x3
 293 0082 24020000 		.4byte	.LASF11
 294 0086 04       		.byte	0x4
 295 0087 C2       		.byte	0xc2
 296 0088 2C000000 		.4byte	0x2c
 297 008c 03       		.uleb128 0x3
 298 008d E1000000 		.4byte	.LASF12
 299 0091 04       		.byte	0x4
 300 0092 C3       		.byte	0xc3
 301 0093 3A000000 		.4byte	0x3a
 302 0097 03       		.uleb128 0x3
 303 0098 89000000 		.4byte	.LASF13
 304 009c 04       		.byte	0x4
 305 009d C6       		.byte	0xc6
 306 009e 33000000 		.4byte	0x33
 307 00a2 03       		.uleb128 0x3
 308 00a3 A9000000 		.4byte	.LASF14
 309 00a7 04       		.byte	0x4
 310 00a8 C7       		.byte	0xc7
 311 00a9 4C000000 		.4byte	0x4c
 312 00ad 02       		.uleb128 0x2
 313 00ae 04       		.byte	0x4
 314 00af 04       		.byte	0x4
 315 00b0 4F000000 		.4byte	.LASF15
ARM GAS  C:\Users\pxc\AppData\Local\Temp\ccWhJLVC.s 			page 8


 316 00b4 02       		.uleb128 0x2
 317 00b5 08       		.byte	0x8
 318 00b6 04       		.byte	0x4
 319 00b7 DA000000 		.4byte	.LASF16
 320 00bb 02       		.uleb128 0x2
 321 00bc 01       		.byte	0x1
 322 00bd 08       		.byte	0x8
 323 00be 04020000 		.4byte	.LASF17
 324 00c2 02       		.uleb128 0x2
 325 00c3 04       		.byte	0x4
 326 00c4 07       		.byte	0x7
 327 00c5 E5010000 		.4byte	.LASF18
 328 00c9 05       		.uleb128 0x5
 329 00ca C8010000 		.4byte	.LASF20
 330 00ce 01       		.byte	0x1
 331 00cf 14       		.byte	0x14
 332 00d0 00000000 		.4byte	.LFB63
 333 00d4 0C000000 		.4byte	.LFE63-.LFB63
 334 00d8 01       		.uleb128 0x1
 335 00d9 9C       		.byte	0x9c
 336 00da F1000000 		.4byte	0xf1
 337 00de 06       		.uleb128 0x6
 338 00df 06000000 		.4byte	.LVL0
 339 00e3 CA020000 		.4byte	0x2ca
 340 00e7 06       		.uleb128 0x6
 341 00e8 0A000000 		.4byte	.LVL1
 342 00ec D1020000 		.4byte	0x2d1
 343 00f0 00       		.byte	0
 344 00f1 07       		.uleb128 0x7
 345 00f2 55000000 		.4byte	.LASF37
 346 00f6 01       		.byte	0x1
 347 00f7 2E       		.byte	0x2e
 348 00f8 8C000000 		.4byte	0x8c
 349 00fc 00000000 		.4byte	.LFB64
 350 0100 4C000000 		.4byte	.LFE64-.LFB64
 351 0104 01       		.uleb128 0x1
 352 0105 9C       		.byte	0x9c
 353 0106 55010000 		.4byte	0x155
 354 010a 08       		.uleb128 0x8
 355 010b 4B020000 		.4byte	.LASF38
 356 010f 01       		.byte	0x1
 357 0110 2E       		.byte	0x2e
 358 0111 81000000 		.4byte	0x81
 359 0115 00000000 		.4byte	.LLST0
 360 0119 09       		.uleb128 0x9
 361 011a 6900     		.ascii	"i\000"
 362 011c 01       		.byte	0x1
 363 011d 31       		.byte	0x31
 364 011e 81000000 		.4byte	0x81
 365 0122 21000000 		.4byte	.LLST1
 366 0126 0A       		.uleb128 0xa
 367 0127 71000000 		.4byte	.LASF19
 368 012b 01       		.byte	0x1
 369 012c 32       		.byte	0x32
 370 012d 97000000 		.4byte	0x97
 371 0131 61000000 		.4byte	.LLST2
 372 0135 09       		.uleb128 0x9
ARM GAS  C:\Users\pxc\AppData\Local\Temp\ccWhJLVC.s 			page 9


 373 0136 73756D00 		.ascii	"sum\000"
 374 013a 01       		.byte	0x1
 375 013b 33       		.byte	0x33
 376 013c A2000000 		.4byte	0xa2
 377 0140 80000000 		.4byte	.LLST3
 378 0144 0B       		.uleb128 0xb
 379 0145 0E000000 		.4byte	.LVL5
 380 0149 D8020000 		.4byte	0x2d8
 381 014d 0C       		.uleb128 0xc
 382 014e 01       		.uleb128 0x1
 383 014f 50       		.byte	0x50
 384 0150 02       		.uleb128 0x2
 385 0151 75       		.byte	0x75
 386 0152 00       		.sleb128 0
 387 0153 00       		.byte	0
 388 0154 00       		.byte	0
 389 0155 05       		.uleb128 0x5
 390 0156 13020000 		.4byte	.LASF21
 391 015a 01       		.byte	0x1
 392 015b 42       		.byte	0x42
 393 015c 00000000 		.4byte	.LFB65
 394 0160 74000000 		.4byte	.LFE65-.LFB65
 395 0164 01       		.uleb128 0x1
 396 0165 9C       		.byte	0x9c
 397 0166 FF010000 		.4byte	0x1ff
 398 016a 0D       		.uleb128 0xd
 399 016b 08000000 		.4byte	.LVL15
 400 016f F1000000 		.4byte	0xf1
 401 0173 7D010000 		.4byte	0x17d
 402 0177 0C       		.uleb128 0xc
 403 0178 01       		.uleb128 0x1
 404 0179 50       		.byte	0x50
 405 017a 01       		.uleb128 0x1
 406 017b 31       		.byte	0x31
 407 017c 00       		.byte	0
 408 017d 0D       		.uleb128 0xd
 409 017e 12000000 		.4byte	.LVL16
 410 0182 F1000000 		.4byte	0xf1
 411 0186 90010000 		.4byte	0x190
 412 018a 0C       		.uleb128 0xc
 413 018b 01       		.uleb128 0x1
 414 018c 50       		.byte	0x50
 415 018d 01       		.uleb128 0x1
 416 018e 32       		.byte	0x32
 417 018f 00       		.byte	0
 418 0190 0D       		.uleb128 0xd
 419 0191 1C000000 		.4byte	.LVL17
 420 0195 F1000000 		.4byte	0xf1
 421 0199 A3010000 		.4byte	0x1a3
 422 019d 0C       		.uleb128 0xc
 423 019e 01       		.uleb128 0x1
 424 019f 50       		.byte	0x50
 425 01a0 01       		.uleb128 0x1
 426 01a1 33       		.byte	0x33
 427 01a2 00       		.byte	0
 428 01a3 0D       		.uleb128 0xd
 429 01a4 26000000 		.4byte	.LVL18
ARM GAS  C:\Users\pxc\AppData\Local\Temp\ccWhJLVC.s 			page 10


 430 01a8 F1000000 		.4byte	0xf1
 431 01ac B6010000 		.4byte	0x1b6
 432 01b0 0C       		.uleb128 0xc
 433 01b1 01       		.uleb128 0x1
 434 01b2 50       		.byte	0x50
 435 01b3 01       		.uleb128 0x1
 436 01b4 34       		.byte	0x34
 437 01b5 00       		.byte	0
 438 01b6 0D       		.uleb128 0xd
 439 01b7 30000000 		.4byte	.LVL19
 440 01bb F1000000 		.4byte	0xf1
 441 01bf C9010000 		.4byte	0x1c9
 442 01c3 0C       		.uleb128 0xc
 443 01c4 01       		.uleb128 0x1
 444 01c5 50       		.byte	0x50
 445 01c6 01       		.uleb128 0x1
 446 01c7 35       		.byte	0x35
 447 01c8 00       		.byte	0
 448 01c9 0D       		.uleb128 0xd
 449 01ca 3A000000 		.4byte	.LVL20
 450 01ce F1000000 		.4byte	0xf1
 451 01d2 DC010000 		.4byte	0x1dc
 452 01d6 0C       		.uleb128 0xc
 453 01d7 01       		.uleb128 0x1
 454 01d8 50       		.byte	0x50
 455 01d9 01       		.uleb128 0x1
 456 01da 36       		.byte	0x36
 457 01db 00       		.byte	0
 458 01dc 0D       		.uleb128 0xd
 459 01dd 44000000 		.4byte	.LVL21
 460 01e1 F1000000 		.4byte	0xf1
 461 01e5 EF010000 		.4byte	0x1ef
 462 01e9 0C       		.uleb128 0xc
 463 01ea 01       		.uleb128 0x1
 464 01eb 50       		.byte	0x50
 465 01ec 01       		.uleb128 0x1
 466 01ed 37       		.byte	0x37
 467 01ee 00       		.byte	0
 468 01ef 0B       		.uleb128 0xb
 469 01f0 4E000000 		.4byte	.LVL22
 470 01f4 F1000000 		.4byte	0xf1
 471 01f8 0C       		.uleb128 0xc
 472 01f9 01       		.uleb128 0x1
 473 01fa 50       		.byte	0x50
 474 01fb 01       		.uleb128 0x1
 475 01fc 38       		.byte	0x38
 476 01fd 00       		.byte	0
 477 01fe 00       		.byte	0
 478 01ff 0E       		.uleb128 0xe
 479 0200 BF000000 		.4byte	.LASF22
 480 0204 05       		.byte	0x5
 481 0205 2A06     		.2byte	0x62a
 482 0207 0B020000 		.4byte	0x20b
 483 020b 0F       		.uleb128 0xf
 484 020c 76000000 		.4byte	0x76
 485 0210 10       		.uleb128 0x10
 486 0211 425F5600 		.ascii	"B_V\000"
ARM GAS  C:\Users\pxc\AppData\Local\Temp\ccWhJLVC.s 			page 11


 487 0215 06       		.byte	0x6
 488 0216 1B       		.byte	0x1b
 489 0217 8C000000 		.4byte	0x8c
 490 021b 05       		.uleb128 0x5
 491 021c 03       		.byte	0x3
 492 021d 00000000 		.4byte	B_V
 493 0221 11       		.uleb128 0x11
 494 0222 8F010000 		.4byte	.LASF23
 495 0226 06       		.byte	0x6
 496 0227 1C       		.byte	0x1c
 497 0228 8C000000 		.4byte	0x8c
 498 022c 05       		.uleb128 0x5
 499 022d 03       		.byte	0x3
 500 022e 00000000 		.4byte	CAR_X_V
 501 0232 11       		.uleb128 0x11
 502 0233 AE010000 		.4byte	.LASF24
 503 0237 06       		.byte	0x6
 504 0238 1D       		.byte	0x1d
 505 0239 8C000000 		.4byte	0x8c
 506 023d 05       		.uleb128 0x5
 507 023e 03       		.byte	0x3
 508 023f 00000000 		.4byte	CAR_Y_V
 509 0243 11       		.uleb128 0x11
 510 0244 69000000 		.4byte	.LASF25
 511 0248 06       		.byte	0x6
 512 0249 1E       		.byte	0x1e
 513 024a 8C000000 		.4byte	0x8c
 514 024e 05       		.uleb128 0x5
 515 024f 03       		.byte	0x3
 516 0250 00000000 		.4byte	PTZ_X_V
 517 0254 11       		.uleb128 0x11
 518 0255 C0010000 		.4byte	.LASF26
 519 0259 06       		.byte	0x6
 520 025a 20       		.byte	0x20
 521 025b 8C000000 		.4byte	0x8c
 522 025f 05       		.uleb128 0x5
 523 0260 03       		.byte	0x3
 524 0261 00000000 		.4byte	PTZ_Y_V
 525 0265 11       		.uleb128 0x11
 526 0266 A1000000 		.4byte	.LASF27
 527 026a 06       		.byte	0x6
 528 026b 21       		.byte	0x21
 529 026c 8C000000 		.4byte	0x8c
 530 0270 05       		.uleb128 0x5
 531 0271 03       		.byte	0x3
 532 0272 00000000 		.4byte	LED_1_V
 533 0276 11       		.uleb128 0x11
 534 0277 EE010000 		.4byte	.LASF28
 535 027b 06       		.byte	0x6
 536 027c 22       		.byte	0x22
 537 027d 8C000000 		.4byte	0x8c
 538 0281 05       		.uleb128 0x5
 539 0282 03       		.byte	0x3
 540 0283 00000000 		.4byte	LED_2_V
 541 0287 11       		.uleb128 0x11
 542 0288 2A000000 		.4byte	.LASF29
 543 028c 06       		.byte	0x6
ARM GAS  C:\Users\pxc\AppData\Local\Temp\ccWhJLVC.s 			page 12


 544 028d 23       		.byte	0x23
 545 028e 8C000000 		.4byte	0x8c
 546 0292 05       		.uleb128 0x5
 547 0293 03       		.byte	0x3
 548 0294 00000000 		.4byte	LED_3_V
 549 0298 11       		.uleb128 0x11
 550 0299 33020000 		.4byte	.LASF30
 551 029d 06       		.byte	0x6
 552 029e 24       		.byte	0x24
 553 029f 8C000000 		.4byte	0x8c
 554 02a3 05       		.uleb128 0x5
 555 02a4 03       		.byte	0x3
 556 02a5 00000000 		.4byte	CAR_SPEED_V
 557 02a9 12       		.uleb128 0x12
 558 02aa 97000000 		.4byte	0x97
 559 02ae B9020000 		.4byte	0x2b9
 560 02b2 13       		.uleb128 0x13
 561 02b3 C2000000 		.4byte	0xc2
 562 02b7 09       		.byte	0x9
 563 02b8 00       		.byte	0
 564 02b9 11       		.uleb128 0x11
 565 02ba E8000000 		.4byte	.LASF31
 566 02be 01       		.byte	0x1
 567 02bf 11       		.byte	0x11
 568 02c0 A9020000 		.4byte	0x2a9
 569 02c4 05       		.uleb128 0x5
 570 02c5 03       		.byte	0x3
 571 02c6 00000000 		.4byte	retADCValue
 572 02ca 14       		.uleb128 0x14
 573 02cb B6010000 		.4byte	.LASF32
 574 02cf 07       		.byte	0x7
 575 02d0 31       		.byte	0x31
 576 02d1 14       		.uleb128 0x14
 577 02d2 78000000 		.4byte	.LASF33
 578 02d6 07       		.byte	0x7
 579 02d7 A1       		.byte	0xa1
 580 02d8 15       		.uleb128 0x15
 581 02d9 AF000000 		.4byte	.LASF39
 582 02dd 07       		.byte	0x7
 583 02de 35       		.byte	0x35
 584 02df 97000000 		.4byte	0x97
 585 02e3 16       		.uleb128 0x16
 586 02e4 8C000000 		.4byte	0x8c
 587 02e8 00       		.byte	0
 588 02e9 00       		.byte	0
 589              		.section	.debug_abbrev,"",%progbits
 590              	.Ldebug_abbrev0:
 591 0000 01       		.uleb128 0x1
 592 0001 11       		.uleb128 0x11
 593 0002 01       		.byte	0x1
 594 0003 25       		.uleb128 0x25
 595 0004 0E       		.uleb128 0xe
 596 0005 13       		.uleb128 0x13
 597 0006 0B       		.uleb128 0xb
 598 0007 03       		.uleb128 0x3
 599 0008 0E       		.uleb128 0xe
 600 0009 1B       		.uleb128 0x1b
ARM GAS  C:\Users\pxc\AppData\Local\Temp\ccWhJLVC.s 			page 13


 601 000a 0E       		.uleb128 0xe
 602 000b 55       		.uleb128 0x55
 603 000c 17       		.uleb128 0x17
 604 000d 11       		.uleb128 0x11
 605 000e 01       		.uleb128 0x1
 606 000f 10       		.uleb128 0x10
 607 0010 17       		.uleb128 0x17
 608 0011 00       		.byte	0
 609 0012 00       		.byte	0
 610 0013 02       		.uleb128 0x2
 611 0014 24       		.uleb128 0x24
 612 0015 00       		.byte	0
 613 0016 0B       		.uleb128 0xb
 614 0017 0B       		.uleb128 0xb
 615 0018 3E       		.uleb128 0x3e
 616 0019 0B       		.uleb128 0xb
 617 001a 03       		.uleb128 0x3
 618 001b 0E       		.uleb128 0xe
 619 001c 00       		.byte	0
 620 001d 00       		.byte	0
 621 001e 03       		.uleb128 0x3
 622 001f 16       		.uleb128 0x16
 623 0020 00       		.byte	0
 624 0021 03       		.uleb128 0x3
 625 0022 0E       		.uleb128 0xe
 626 0023 3A       		.uleb128 0x3a
 627 0024 0B       		.uleb128 0xb
 628 0025 3B       		.uleb128 0x3b
 629 0026 0B       		.uleb128 0xb
 630 0027 49       		.uleb128 0x49
 631 0028 13       		.uleb128 0x13
 632 0029 00       		.byte	0
 633 002a 00       		.byte	0
 634 002b 04       		.uleb128 0x4
 635 002c 24       		.uleb128 0x24
 636 002d 00       		.byte	0
 637 002e 0B       		.uleb128 0xb
 638 002f 0B       		.uleb128 0xb
 639 0030 3E       		.uleb128 0x3e
 640 0031 0B       		.uleb128 0xb
 641 0032 03       		.uleb128 0x3
 642 0033 08       		.uleb128 0x8
 643 0034 00       		.byte	0
 644 0035 00       		.byte	0
 645 0036 05       		.uleb128 0x5
 646 0037 2E       		.uleb128 0x2e
 647 0038 01       		.byte	0x1
 648 0039 3F       		.uleb128 0x3f
 649 003a 19       		.uleb128 0x19
 650 003b 03       		.uleb128 0x3
 651 003c 0E       		.uleb128 0xe
 652 003d 3A       		.uleb128 0x3a
 653 003e 0B       		.uleb128 0xb
 654 003f 3B       		.uleb128 0x3b
 655 0040 0B       		.uleb128 0xb
 656 0041 11       		.uleb128 0x11
 657 0042 01       		.uleb128 0x1
ARM GAS  C:\Users\pxc\AppData\Local\Temp\ccWhJLVC.s 			page 14


 658 0043 12       		.uleb128 0x12
 659 0044 06       		.uleb128 0x6
 660 0045 40       		.uleb128 0x40
 661 0046 18       		.uleb128 0x18
 662 0047 9742     		.uleb128 0x2117
 663 0049 19       		.uleb128 0x19
 664 004a 01       		.uleb128 0x1
 665 004b 13       		.uleb128 0x13
 666 004c 00       		.byte	0
 667 004d 00       		.byte	0
 668 004e 06       		.uleb128 0x6
 669 004f 898201   		.uleb128 0x4109
 670 0052 00       		.byte	0
 671 0053 11       		.uleb128 0x11
 672 0054 01       		.uleb128 0x1
 673 0055 31       		.uleb128 0x31
 674 0056 13       		.uleb128 0x13
 675 0057 00       		.byte	0
 676 0058 00       		.byte	0
 677 0059 07       		.uleb128 0x7
 678 005a 2E       		.uleb128 0x2e
 679 005b 01       		.byte	0x1
 680 005c 3F       		.uleb128 0x3f
 681 005d 19       		.uleb128 0x19
 682 005e 03       		.uleb128 0x3
 683 005f 0E       		.uleb128 0xe
 684 0060 3A       		.uleb128 0x3a
 685 0061 0B       		.uleb128 0xb
 686 0062 3B       		.uleb128 0x3b
 687 0063 0B       		.uleb128 0xb
 688 0064 27       		.uleb128 0x27
 689 0065 19       		.uleb128 0x19
 690 0066 49       		.uleb128 0x49
 691 0067 13       		.uleb128 0x13
 692 0068 11       		.uleb128 0x11
 693 0069 01       		.uleb128 0x1
 694 006a 12       		.uleb128 0x12
 695 006b 06       		.uleb128 0x6
 696 006c 40       		.uleb128 0x40
 697 006d 18       		.uleb128 0x18
 698 006e 9742     		.uleb128 0x2117
 699 0070 19       		.uleb128 0x19
 700 0071 01       		.uleb128 0x1
 701 0072 13       		.uleb128 0x13
 702 0073 00       		.byte	0
 703 0074 00       		.byte	0
 704 0075 08       		.uleb128 0x8
 705 0076 05       		.uleb128 0x5
 706 0077 00       		.byte	0
 707 0078 03       		.uleb128 0x3
 708 0079 0E       		.uleb128 0xe
 709 007a 3A       		.uleb128 0x3a
 710 007b 0B       		.uleb128 0xb
 711 007c 3B       		.uleb128 0x3b
 712 007d 0B       		.uleb128 0xb
 713 007e 49       		.uleb128 0x49
 714 007f 13       		.uleb128 0x13
ARM GAS  C:\Users\pxc\AppData\Local\Temp\ccWhJLVC.s 			page 15


 715 0080 02       		.uleb128 0x2
 716 0081 17       		.uleb128 0x17
 717 0082 00       		.byte	0
 718 0083 00       		.byte	0
 719 0084 09       		.uleb128 0x9
 720 0085 34       		.uleb128 0x34
 721 0086 00       		.byte	0
 722 0087 03       		.uleb128 0x3
 723 0088 08       		.uleb128 0x8
 724 0089 3A       		.uleb128 0x3a
 725 008a 0B       		.uleb128 0xb
 726 008b 3B       		.uleb128 0x3b
 727 008c 0B       		.uleb128 0xb
 728 008d 49       		.uleb128 0x49
 729 008e 13       		.uleb128 0x13
 730 008f 02       		.uleb128 0x2
 731 0090 17       		.uleb128 0x17
 732 0091 00       		.byte	0
 733 0092 00       		.byte	0
 734 0093 0A       		.uleb128 0xa
 735 0094 34       		.uleb128 0x34
 736 0095 00       		.byte	0
 737 0096 03       		.uleb128 0x3
 738 0097 0E       		.uleb128 0xe
 739 0098 3A       		.uleb128 0x3a
 740 0099 0B       		.uleb128 0xb
 741 009a 3B       		.uleb128 0x3b
 742 009b 0B       		.uleb128 0xb
 743 009c 49       		.uleb128 0x49
 744 009d 13       		.uleb128 0x13
 745 009e 02       		.uleb128 0x2
 746 009f 17       		.uleb128 0x17
 747 00a0 00       		.byte	0
 748 00a1 00       		.byte	0
 749 00a2 0B       		.uleb128 0xb
 750 00a3 898201   		.uleb128 0x4109
 751 00a6 01       		.byte	0x1
 752 00a7 11       		.uleb128 0x11
 753 00a8 01       		.uleb128 0x1
 754 00a9 31       		.uleb128 0x31
 755 00aa 13       		.uleb128 0x13
 756 00ab 00       		.byte	0
 757 00ac 00       		.byte	0
 758 00ad 0C       		.uleb128 0xc
 759 00ae 8A8201   		.uleb128 0x410a
 760 00b1 00       		.byte	0
 761 00b2 02       		.uleb128 0x2
 762 00b3 18       		.uleb128 0x18
 763 00b4 9142     		.uleb128 0x2111
 764 00b6 18       		.uleb128 0x18
 765 00b7 00       		.byte	0
 766 00b8 00       		.byte	0
 767 00b9 0D       		.uleb128 0xd
 768 00ba 898201   		.uleb128 0x4109
 769 00bd 01       		.byte	0x1
 770 00be 11       		.uleb128 0x11
 771 00bf 01       		.uleb128 0x1
ARM GAS  C:\Users\pxc\AppData\Local\Temp\ccWhJLVC.s 			page 16


 772 00c0 31       		.uleb128 0x31
 773 00c1 13       		.uleb128 0x13
 774 00c2 01       		.uleb128 0x1
 775 00c3 13       		.uleb128 0x13
 776 00c4 00       		.byte	0
 777 00c5 00       		.byte	0
 778 00c6 0E       		.uleb128 0xe
 779 00c7 34       		.uleb128 0x34
 780 00c8 00       		.byte	0
 781 00c9 03       		.uleb128 0x3
 782 00ca 0E       		.uleb128 0xe
 783 00cb 3A       		.uleb128 0x3a
 784 00cc 0B       		.uleb128 0xb
 785 00cd 3B       		.uleb128 0x3b
 786 00ce 05       		.uleb128 0x5
 787 00cf 49       		.uleb128 0x49
 788 00d0 13       		.uleb128 0x13
 789 00d1 3F       		.uleb128 0x3f
 790 00d2 19       		.uleb128 0x19
 791 00d3 3C       		.uleb128 0x3c
 792 00d4 19       		.uleb128 0x19
 793 00d5 00       		.byte	0
 794 00d6 00       		.byte	0
 795 00d7 0F       		.uleb128 0xf
 796 00d8 35       		.uleb128 0x35
 797 00d9 00       		.byte	0
 798 00da 49       		.uleb128 0x49
 799 00db 13       		.uleb128 0x13
 800 00dc 00       		.byte	0
 801 00dd 00       		.byte	0
 802 00de 10       		.uleb128 0x10
 803 00df 34       		.uleb128 0x34
 804 00e0 00       		.byte	0
 805 00e1 03       		.uleb128 0x3
 806 00e2 08       		.uleb128 0x8
 807 00e3 3A       		.uleb128 0x3a
 808 00e4 0B       		.uleb128 0xb
 809 00e5 3B       		.uleb128 0x3b
 810 00e6 0B       		.uleb128 0xb
 811 00e7 49       		.uleb128 0x49
 812 00e8 13       		.uleb128 0x13
 813 00e9 3F       		.uleb128 0x3f
 814 00ea 19       		.uleb128 0x19
 815 00eb 02       		.uleb128 0x2
 816 00ec 18       		.uleb128 0x18
 817 00ed 00       		.byte	0
 818 00ee 00       		.byte	0
 819 00ef 11       		.uleb128 0x11
 820 00f0 34       		.uleb128 0x34
 821 00f1 00       		.byte	0
 822 00f2 03       		.uleb128 0x3
 823 00f3 0E       		.uleb128 0xe
 824 00f4 3A       		.uleb128 0x3a
 825 00f5 0B       		.uleb128 0xb
 826 00f6 3B       		.uleb128 0x3b
 827 00f7 0B       		.uleb128 0xb
 828 00f8 49       		.uleb128 0x49
ARM GAS  C:\Users\pxc\AppData\Local\Temp\ccWhJLVC.s 			page 17


 829 00f9 13       		.uleb128 0x13
 830 00fa 3F       		.uleb128 0x3f
 831 00fb 19       		.uleb128 0x19
 832 00fc 02       		.uleb128 0x2
 833 00fd 18       		.uleb128 0x18
 834 00fe 00       		.byte	0
 835 00ff 00       		.byte	0
 836 0100 12       		.uleb128 0x12
 837 0101 01       		.uleb128 0x1
 838 0102 01       		.byte	0x1
 839 0103 49       		.uleb128 0x49
 840 0104 13       		.uleb128 0x13
 841 0105 01       		.uleb128 0x1
 842 0106 13       		.uleb128 0x13
 843 0107 00       		.byte	0
 844 0108 00       		.byte	0
 845 0109 13       		.uleb128 0x13
 846 010a 21       		.uleb128 0x21
 847 010b 00       		.byte	0
 848 010c 49       		.uleb128 0x49
 849 010d 13       		.uleb128 0x13
 850 010e 2F       		.uleb128 0x2f
 851 010f 0B       		.uleb128 0xb
 852 0110 00       		.byte	0
 853 0111 00       		.byte	0
 854 0112 14       		.uleb128 0x14
 855 0113 2E       		.uleb128 0x2e
 856 0114 00       		.byte	0
 857 0115 3F       		.uleb128 0x3f
 858 0116 19       		.uleb128 0x19
 859 0117 03       		.uleb128 0x3
 860 0118 0E       		.uleb128 0xe
 861 0119 3A       		.uleb128 0x3a
 862 011a 0B       		.uleb128 0xb
 863 011b 3B       		.uleb128 0x3b
 864 011c 0B       		.uleb128 0xb
 865 011d 27       		.uleb128 0x27
 866 011e 19       		.uleb128 0x19
 867 011f 3C       		.uleb128 0x3c
 868 0120 19       		.uleb128 0x19
 869 0121 00       		.byte	0
 870 0122 00       		.byte	0
 871 0123 15       		.uleb128 0x15
 872 0124 2E       		.uleb128 0x2e
 873 0125 01       		.byte	0x1
 874 0126 3F       		.uleb128 0x3f
 875 0127 19       		.uleb128 0x19
 876 0128 03       		.uleb128 0x3
 877 0129 0E       		.uleb128 0xe
 878 012a 3A       		.uleb128 0x3a
 879 012b 0B       		.uleb128 0xb
 880 012c 3B       		.uleb128 0x3b
 881 012d 0B       		.uleb128 0xb
 882 012e 27       		.uleb128 0x27
 883 012f 19       		.uleb128 0x19
 884 0130 49       		.uleb128 0x49
 885 0131 13       		.uleb128 0x13
ARM GAS  C:\Users\pxc\AppData\Local\Temp\ccWhJLVC.s 			page 18


 886 0132 3C       		.uleb128 0x3c
 887 0133 19       		.uleb128 0x19
 888 0134 00       		.byte	0
 889 0135 00       		.byte	0
 890 0136 16       		.uleb128 0x16
 891 0137 05       		.uleb128 0x5
 892 0138 00       		.byte	0
 893 0139 49       		.uleb128 0x49
 894 013a 13       		.uleb128 0x13
 895 013b 00       		.byte	0
 896 013c 00       		.byte	0
 897 013d 00       		.byte	0
 898              		.section	.debug_loc,"",%progbits
 899              	.Ldebug_loc0:
 900              	.LLST0:
 901 0000 00000000 		.4byte	.LVL2
 902 0004 08000000 		.4byte	.LVL4
 903 0008 0100     		.2byte	0x1
 904 000a 50       		.byte	0x50
 905 000b 08000000 		.4byte	.LVL4
 906 000f 4C000000 		.4byte	.LFE64
 907 0013 0400     		.2byte	0x4
 908 0015 F3       		.byte	0xf3
 909 0016 01       		.uleb128 0x1
 910 0017 50       		.byte	0x50
 911 0018 9F       		.byte	0x9f
 912 0019 00000000 		.4byte	0
 913 001d 00000000 		.4byte	0
 914              	.LLST1:
 915 0021 04000000 		.4byte	.LVL3
 916 0025 08000000 		.4byte	.LVL4
 917 0029 0200     		.2byte	0x2
 918 002b 30       		.byte	0x30
 919 002c 9F       		.byte	0x9f
 920 002d 08000000 		.4byte	.LVL4
 921 0031 16000000 		.4byte	.LVL6
 922 0035 0100     		.2byte	0x1
 923 0037 54       		.byte	0x54
 924 0038 18000000 		.4byte	.LVL7
 925 003c 22000000 		.4byte	.LVL8
 926 0040 0100     		.2byte	0x1
 927 0042 54       		.byte	0x54
 928 0043 22000000 		.4byte	.LVL8
 929 0047 2C000000 		.4byte	.LVL10
 930 004b 0100     		.2byte	0x1
 931 004d 53       		.byte	0x53
 932 004e 2E000000 		.4byte	.LVL11
 933 0052 38000000 		.4byte	.LVL12
 934 0056 0100     		.2byte	0x1
 935 0058 53       		.byte	0x53
 936 0059 00000000 		.4byte	0
 937 005d 00000000 		.4byte	0
 938              	.LLST2:
 939 0061 04000000 		.4byte	.LVL3
 940 0065 3E000000 		.4byte	.LVL14
 941 0069 0200     		.2byte	0x2
 942 006b 30       		.byte	0x30
ARM GAS  C:\Users\pxc\AppData\Local\Temp\ccWhJLVC.s 			page 19


 943 006c 9F       		.byte	0x9f
 944 006d 3E000000 		.4byte	.LVL14
 945 0071 4C000000 		.4byte	.LFE64
 946 0075 0100     		.2byte	0x1
 947 0077 50       		.byte	0x50
 948 0078 00000000 		.4byte	0
 949 007c 00000000 		.4byte	0
 950              	.LLST3:
 951 0080 04000000 		.4byte	.LVL3
 952 0084 22000000 		.4byte	.LVL8
 953 0088 0200     		.2byte	0x2
 954 008a 30       		.byte	0x30
 955 008b 9F       		.byte	0x9f
 956 008c 22000000 		.4byte	.LVL8
 957 0090 3A000000 		.4byte	.LVL13
 958 0094 0100     		.2byte	0x1
 959 0096 52       		.byte	0x52
 960 0097 00000000 		.4byte	0
 961 009b 00000000 		.4byte	0
 962              		.section	.debug_aranges,"",%progbits
 963 0000 2C000000 		.4byte	0x2c
 964 0004 0200     		.2byte	0x2
 965 0006 00000000 		.4byte	.Ldebug_info0
 966 000a 04       		.byte	0x4
 967 000b 00       		.byte	0
 968 000c 0000     		.2byte	0
 969 000e 0000     		.2byte	0
 970 0010 00000000 		.4byte	.LFB63
 971 0014 0C000000 		.4byte	.LFE63-.LFB63
 972 0018 00000000 		.4byte	.LFB64
 973 001c 4C000000 		.4byte	.LFE64-.LFB64
 974 0020 00000000 		.4byte	.LFB65
 975 0024 74000000 		.4byte	.LFE65-.LFB65
 976 0028 00000000 		.4byte	0
 977 002c 00000000 		.4byte	0
 978              		.section	.debug_ranges,"",%progbits
 979              	.Ldebug_ranges0:
 980 0000 00000000 		.4byte	.LFB63
 981 0004 0C000000 		.4byte	.LFE63
 982 0008 00000000 		.4byte	.LFB64
 983 000c 4C000000 		.4byte	.LFE64
 984 0010 00000000 		.4byte	.LFB65
 985 0014 74000000 		.4byte	.LFE65
 986 0018 00000000 		.4byte	0
 987 001c 00000000 		.4byte	0
 988              		.section	.debug_line,"",%progbits
 989              	.Ldebug_line0:
 990 0000 C3010000 		.section	.debug_str,"MS",%progbits,1
 990      02006001 
 990      00000201 
 990      FB0E0D00 
 990      01010101 
 991              	.LASF36:
 992 0000 443A5C72 		.ascii	"D:\\robot\\git_code\\robot_control\\car.cydsn\000"
 992      6F626F74 
 992      5C676974 
 992      5F636F64 
ARM GAS  C:\Users\pxc\AppData\Local\Temp\ccWhJLVC.s 			page 20


 992      655C726F 
 993              	.LASF29:
 994 002a 4C45445F 		.ascii	"LED_3_V\000"
 994      335F5600 
 995              	.LASF9:
 996 0032 5F5F696E 		.ascii	"__int32_t\000"
 996      7433325F 
 996      7400
 997              	.LASF3:
 998 003c 73686F72 		.ascii	"short unsigned int\000"
 998      7420756E 
 998      7369676E 
 998      65642069 
 998      6E7400
 999              	.LASF15:
 1000 004f 666C6F61 		.ascii	"float\000"
 1000      7400
 1001              	.LASF37:
 1002 0055 4765745F 		.ascii	"Get_Battery_ADvalue\000"
 1002      42617474 
 1002      6572795F 
 1002      41447661 
 1002      6C756500 
 1003              	.LASF25:
 1004 0069 50545A5F 		.ascii	"PTZ_X_V\000"
 1004      585F5600 
 1005              	.LASF19:
 1006 0071 72657476 		.ascii	"retval\000"
 1006      616C00
 1007              	.LASF33:
 1008 0078 4144435F 		.ascii	"ADC_StartConvert\000"
 1008      53746172 
 1008      74436F6E 
 1008      76657274 
 1008      00
 1009              	.LASF13:
 1010 0089 696E7431 		.ascii	"int16\000"
 1010      3600
 1011              	.LASF5:
 1012 008f 6C6F6E67 		.ascii	"long unsigned int\000"
 1012      20756E73 
 1012      69676E65 
 1012      6420696E 
 1012      7400
 1013              	.LASF27:
 1014 00a1 4C45445F 		.ascii	"LED_1_V\000"
 1014      315F5600 
 1015              	.LASF14:
 1016 00a9 696E7433 		.ascii	"int32\000"
 1016      3200
 1017              	.LASF39:
 1018 00af 4144435F 		.ascii	"ADC_GetResult16\000"
 1018      47657452 
 1018      6573756C 
 1018      74313600 
 1019              	.LASF22:
 1020 00bf 49544D5F 		.ascii	"ITM_RxBuffer\000"
ARM GAS  C:\Users\pxc\AppData\Local\Temp\ccWhJLVC.s 			page 21


 1020      52784275 
 1020      66666572 
 1020      00
 1021              	.LASF1:
 1022 00cc 756E7369 		.ascii	"unsigned char\000"
 1022      676E6564 
 1022      20636861 
 1022      7200
 1023              	.LASF16:
 1024 00da 646F7562 		.ascii	"double\000"
 1024      6C6500
 1025              	.LASF12:
 1026 00e1 75696E74 		.ascii	"uint16\000"
 1026      313600
 1027              	.LASF31:
 1028 00e8 72657441 		.ascii	"retADCValue\000"
 1028      44435661 
 1028      6C756500 
 1029              	.LASF34:
 1030 00f4 474E5520 		.ascii	"GNU C 4.9.3 20150303 (release) [ARM/embedded-4_9-br"
 1030      4320342E 
 1030      392E3320 
 1030      32303135 
 1030      30333033 
 1031 0127 616E6368 		.ascii	"anch revision 221220] -mcpu=cortex-m3 -mthumb -g -O"
 1031      20726576 
 1031      6973696F 
 1031      6E203232 
 1031      31323230 
 1032 015a 67202D66 		.ascii	"g -ffunction-sections -ffat-lto-objects\000"
 1032      66756E63 
 1032      74696F6E 
 1032      2D736563 
 1032      74696F6E 
 1033              	.LASF8:
 1034 0182 756E7369 		.ascii	"unsigned int\000"
 1034      676E6564 
 1034      20696E74 
 1034      00
 1035              	.LASF23:
 1036 018f 4341525F 		.ascii	"CAR_X_V\000"
 1036      585F5600 
 1037              	.LASF7:
 1038 0197 6C6F6E67 		.ascii	"long long unsigned int\000"
 1038      206C6F6E 
 1038      6720756E 
 1038      7369676E 
 1038      65642069 
 1039              	.LASF24:
 1040 01ae 4341525F 		.ascii	"CAR_Y_V\000"
 1040      595F5600 
 1041              	.LASF32:
 1042 01b6 4144435F 		.ascii	"ADC_Start\000"
 1042      53746172 
 1042      7400
 1043              	.LASF26:
 1044 01c0 50545A5F 		.ascii	"PTZ_Y_V\000"
ARM GAS  C:\Users\pxc\AppData\Local\Temp\ccWhJLVC.s 			page 22


 1044      595F5600 
 1045              	.LASF20:
 1046 01c8 4D6F6E69 		.ascii	"Monitor_Battery_Init\000"
 1046      746F725F 
 1046      42617474 
 1046      6572795F 
 1046      496E6974 
 1047              	.LASF10:
 1048 01dd 696E7433 		.ascii	"int32_t\000"
 1048      325F7400 
 1049              	.LASF18:
 1050 01e5 73697A65 		.ascii	"sizetype\000"
 1050      74797065 
 1050      00
 1051              	.LASF28:
 1052 01ee 4C45445F 		.ascii	"LED_2_V\000"
 1052      325F5600 
 1053              	.LASF6:
 1054 01f6 6C6F6E67 		.ascii	"long long int\000"
 1054      206C6F6E 
 1054      6720696E 
 1054      7400
 1055              	.LASF17:
 1056 0204 63686172 		.ascii	"char\000"
 1056      00
 1057              	.LASF2:
 1058 0209 73686F72 		.ascii	"short int\000"
 1058      7420696E 
 1058      7400
 1059              	.LASF21:
 1060 0213 43616C5F 		.ascii	"Cal_Battery_loop\000"
 1060      42617474 
 1060      6572795F 
 1060      6C6F6F70 
 1060      00
 1061              	.LASF11:
 1062 0224 75696E74 		.ascii	"uint8\000"
 1062      3800
 1063              	.LASF4:
 1064 022a 6C6F6E67 		.ascii	"long int\000"
 1064      20696E74 
 1064      00
 1065              	.LASF30:
 1066 0233 4341525F 		.ascii	"CAR_SPEED_V\000"
 1066      53504545 
 1066      445F5600 
 1067              	.LASF0:
 1068 023f 7369676E 		.ascii	"signed char\000"
 1068      65642063 
 1068      68617200 
 1069              	.LASF38:
 1070 024b 6368616E 		.ascii	"channal\000"
 1070      6E616C00 
 1071              	.LASF35:
 1072 0253 2E5C4144 		.ascii	".\\ADC_V.c\000"
 1072      435F562E 
 1072      6300
ARM GAS  C:\Users\pxc\AppData\Local\Temp\ccWhJLVC.s 			page 23


 1073              		.ident	"GCC: (GNU Tools for ARM Embedded Processors) 4.9.3 20150303 (release) [ARM/embedded-4_9-br
