--------------- Build Started: 02/15/2017 15:33:52 Project: car, Configuration: ARM GCC 4.9-2015-q1-update Debug ---------------
cydsfit.exe -.appdatapath "C:\Users\pxc\AppData\Local\Cypress Semiconductor\PSoC Creator\3.3" -.fdsnotice -.fdswarpdepfile=warp_dependencies.txt -.fdselabdepfile=elab_dependencies.txt -.fdsbldfile=generated_files.txt -p D:\robot\git_code\robot_control_C\car.cydsn\car.cyprj -d CY8C5267AXI-LP051 -s D:\robot\git_code\robot_control_C\car.cydsn\Generated_Source\PSoC5 -- -yv2 -q10 -ygs -o2 -v3 -.fftcfgtype=LE
Elaborating Design...
ADD: sdb.M0065: information: Analog terminal "vdac_ref" on ADC_SAR_SEQ_v2_0 is unconnected.
 * C:\Program Files (x86)\Cypress\PSoC Creator\3.3\PSoC Creator\psoc\content\cycomponentlibrary\CyComponentLibrary.cylib\ADC_SAR_SEQ_v2_0\PSoC5\ADC_SAR_SEQ_v2_0.cysch (Signal: vdac_ref)
 * C:\Program Files (x86)\Cypress\PSoC Creator\3.3\PSoC Creator\psoc\content\cycomponentlibrary\CyComponentLibrary.cylib\ADC_SAR_SEQ_v2_0\PSoC5\ADC_SAR_SEQ_v2_0.cysch (Shape_798)
 * C:\Program Files (x86)\Cypress\PSoC Creator\3.3\PSoC Creator\psoc\content\cycomponentlibrary\CyComponentLibrary.cylib\ADC_SAR_SEQ_v2_0\PSoC5\ADC_SAR_SEQ_v2_0.cysch (Shape_885)
HDL Generation ...
Synthesis ...
Place and Route ...
Tech mapping ...
ADD: pft.M0040: information: The following 1 pin(s) will be assigned a location by the fitter: CAR_SPEED(0)
Analog Placement ...
Info: apr.M0002: Analog signal "Net_1937" is connected to one terminal only. (App=cydsfit)
Info: apr.M0002: Analog signal "Net_1939" is connected to one terminal only. (App=cydsfit)
Info: apr.M0002: Analog signal "Net_1941" is connected to one terminal only. (App=cydsfit)
Info: apr.M0002: Analog signal "Net_1942" is connected to one terminal only. (App=cydsfit)
Info: apr.M0002: Analog signal "Net_1944" is connected to one terminal only. (App=cydsfit)
Info: apr.M0002: Analog signal "Net_1946" is connected to one terminal only. (App=cydsfit)
Info: apr.M0002: Analog signal "Net_1947" is connected to one terminal only. (App=cydsfit)
Info: apr.M0002: Analog signal "Net_1949" is connected to one terminal only. (App=cydsfit)
Info: apr.M0002: Analog signal "Net_1951" is connected to one terminal only. (App=cydsfit)
Info: apr.M0002: Analog signal "Net_1952" is connected to one terminal only. (App=cydsfit)
Info: apr.M0002: Analog signal "Net_1954" is connected to one terminal only. (App=cydsfit)
Info: apr.M0002: Analog signal "Net_1956" is connected to one terminal only. (App=cydsfit)
Info: apr.M0002: Analog signal "Net_1957" is connected to one terminal only. (App=cydsfit)
Info: apr.M0002: Analog signal "Net_1959" is connected to one terminal only. (App=cydsfit)
Info: apr.M0002: Analog signal "Net_1961" is connected to one terminal only. (App=cydsfit)
Info: apr.M0002: Analog signal "Net_1962" is connected to one terminal only. (App=cydsfit)
Info: apr.M0002: Analog signal "Net_1964" is connected to one terminal only. (App=cydsfit)
Info: apr.M0002: Analog signal "Net_1966" is connected to one terminal only. (App=cydsfit)
Info: apr.M0002: Analog signal "Net_1967" is connected to one terminal only. (App=cydsfit)
Info: apr.M0002: Analog signal "Net_1969" is connected to one terminal only. (App=cydsfit)
Info: apr.M0002: Analog signal "Net_1971" is connected to one terminal only. (App=cydsfit)
Info: apr.M0002: Analog signal "Net_1972" is connected to one terminal only. (App=cydsfit)
Info: apr.M0002: Analog signal "Net_1974" is connected to one terminal only. (App=cydsfit)
Info: apr.M0002: Analog signal "Net_1976" is connected to one terminal only. (App=cydsfit)
Info: apr.M0002: Analog signal "Net_1977" is connected to one terminal only. (App=cydsfit)
Info: apr.M0002: Analog signal "Net_1979" is connected to one terminal only. (App=cydsfit)
Info: apr.M0002: Analog signal "Net_1981" is connected to one terminal only. (App=cydsfit)
Info: apr.M0002: Analog signal "Net_1982" is connected to one terminal only. (App=cydsfit)
Info: apr.M0002: Analog signal "Net_1984" is connected to one terminal only. (App=cydsfit)
Info: apr.M0002: Analog signal "Net_1986" is connected to one terminal only. (App=cydsfit)
Info: apr.M0002: Analog signal "Net_1987" is connected to one terminal only. (App=cydsfit)
Info: apr.M0002: Analog signal "Net_1989" is connected to one terminal only. (App=cydsfit)
Info: apr.M0002: Analog signal "Net_1991" is connected to one terminal only. (App=cydsfit)
Info: apr.M0002: Analog signal "Net_1992" is connected to one terminal only. (App=cydsfit)
Info: apr.M0002: Analog signal "Net_1994" is connected to one terminal only. (App=cydsfit)
Info: apr.M0002: Analog signal "Net_1996" is connected to one terminal only. (App=cydsfit)
Info: apr.M0002: Analog signal "Net_1997" is connected to one terminal only. (App=cydsfit)
Info: apr.M0002: Analog signal "Net_1999" is connected to one terminal only. (App=cydsfit)
Info: apr.M0002: Analog signal "Net_2001" is connected to one terminal only. (App=cydsfit)
Info: apr.M0002: Analog signal "Net_2002" is connected to one terminal only. (App=cydsfit)
Info: apr.M0002: Analog signal "Net_2003" is connected to one terminal only. (App=cydsfit)
Info: apr.M0002: Analog signal "Net_2004" is connected to one terminal only. (App=cydsfit)
Info: apr.M0002: Analog signal "Net_2005" is connected to one terminal only. (App=cydsfit)
Info: apr.M0002: Analog signal "Net_2006" is connected to one terminal only. (App=cydsfit)
Info: apr.M0002: Analog signal "Net_2007" is connected to one terminal only. (App=cydsfit)
Info: apr.M0002: Analog signal "Net_2008" is connected to one terminal only. (App=cydsfit)
Info: apr.M0002: Analog signal "Net_2009" is connected to one terminal only. (App=cydsfit)
Info: apr.M0002: Analog signal "Net_2010" is connected to one terminal only. (App=cydsfit)
Info: apr.M0002: Analog signal "Net_2011" is connected to one terminal only. (App=cydsfit)
Info: apr.M0002: Analog signal "Net_2012" is connected to one terminal only. (App=cydsfit)
Info: apr.M0002: Analog signal "Net_2013" is connected to one terminal only. (App=cydsfit)
Info: apr.M0002: Analog signal "Net_2014" is connected to one terminal only. (App=cydsfit)
Info: apr.M0002: Analog signal "Net_2015" is connected to one terminal only. (App=cydsfit)
Info: apr.M0002: Analog signal "Net_2016" is connected to one terminal only. (App=cydsfit)
Info: apr.M0002: Analog signal "Net_2017" is connected to one terminal only. (App=cydsfit)
Log: apr.M0058: The analog placement iterative improvement is 33% done. (App=cydsfit)
Log: apr.M0058: The analog placement iterative improvement is 51% done. (App=cydsfit)
Log: apr.M0058: The analog placement iterative improvement is 82% done. (App=cydsfit)
Analog Routing ...
Analog Code Generation ...
Digital Placement ...
Digital Routing ...
Bitstream Generation ...
Static timing analysis ...
API Generation ...
Dependency Generation ...
Clean Temporary Files ...
arm-none-eabi-gcc.exe -mcpu=cortex-m3 -mthumb -Wno-main -I. -IGenerated_Source\PSoC5 -Wa,-alh=.\CortexM3\ARM_GCC_493\Debug/main.lst -g -D DEBUG -Wall -ffunction-sections -Og -ffat-lto-objects -c .\main.c -o .\CortexM3\ARM_GCC_493\Debug\main.o
.\main.c: In function 'main':
.\main.c:68:9: warning: implicit declaration of function 'printf' [-Wimplicit-function-declaration]
         printf("CAR_X:%d | CAR_Y:%d | PTZ_X:%d |PTZ_Y:%d | LED1:%d | LED2:%d | LED3:%d | SPEED:%d \r\n",CAR_X_V,CAR_Y_V,PTZ_X_V,PTZ_Y_V,LED_1_V,LED_2_V,LED_3_V,CAR_SPEED_V);
         ^
.\main.c:68:9: warning: incompatible implicit declaration of built-in function 'printf'
arm-none-eabi-ar.exe -rs .\CortexM3\ARM_GCC_493\Debug\car.a .\CortexM3\ARM_GCC_493\Debug\cyfitter_cfg.o .\CortexM3\ARM_GCC_493\Debug\CyBootAsmGnu.o .\CortexM3\ARM_GCC_493\Debug\CyDmac.o .\CortexM3\ARM_GCC_493\Debug\CyFlash.o .\CortexM3\ARM_GCC_493\Debug\CyLib.o .\CortexM3\ARM_GCC_493\Debug\cyPm.o .\CortexM3\ARM_GCC_493\Debug\CySpc.o .\CortexM3\ARM_GCC_493\Debug\cyutils.o .\CortexM3\ARM_GCC_493\Debug\UART_net.o .\CortexM3\ARM_GCC_493\Debug\UART_net_PM.o .\CortexM3\ARM_GCC_493\Debug\UART_net_INT.o .\CortexM3\ARM_GCC_493\Debug\UART_net_BOOT.o .\CortexM3\ARM_GCC_493\Debug\UART_net_IntClock.o .\CortexM3\ARM_GCC_493\Debug\isr_tx_net.o .\CortexM3\ARM_GCC_493\Debug\isr_rx_net.o .\CortexM3\ARM_GCC_493\Debug\Timer_1.o .\CortexM3\ARM_GCC_493\Debug\Timer_1_PM.o .\CortexM3\ARM_GCC_493\Debug\isr_timer.o .\CortexM3\ARM_GCC_493\Debug\STR2.o .\CortexM3\ARM_GCC_493\Debug\STR1.o .\CortexM3\ARM_GCC_493\Debug\MSR_LOW.o .\CortexM3\ARM_GCC_493\Debug\MSR_HIGH.o .\CortexM3\ARM_GCC_493\Debug\SWITCH_1_LOW.o .\CortexM3\ARM_GCC_493\Debug\SWITCH_1_HIGH.o .\CortexM3\ARM_GCC_493\Debug\SWITCH_2_LOW.o .\CortexM3\ARM_GCC_493\Debug\SWITCH_2_HIGH.o .\CortexM3\ARM_GCC_493\Debug\CAR_X.o .\CortexM3\ARM_GCC_493\Debug\ADC.o .\CortexM3\ARM_GCC_493\Debug\ADC_PM.o .\CortexM3\ARM_GCC_493\Debug\ADC_INT.o .\CortexM3\ARM_GCC_493\Debug\ADC_SAR.o .\CortexM3\ARM_GCC_493\Debug\ADC_SAR_INT.o .\CortexM3\ARM_GCC_493\Debug\ADC_SAR_PM.o .\CortexM3\ARM_GCC_493\Debug\ADC_IntClock.o .\CortexM3\ARM_GCC_493\Debug\ADC_TempBuf_dma.o .\CortexM3\ARM_GCC_493\Debug\ADC_FinalBuf_dma.o .\CortexM3\ARM_GCC_493\Debug\ADC_IRQ.o .\CortexM3\ARM_GCC_493\Debug\CAR_Y.o .\CortexM3\ARM_GCC_493\Debug\PTZ_X.o .\CortexM3\ARM_GCC_493\Debug\BATTERY.o .\CortexM3\ARM_GCC_493\Debug\PTZ_Y.o .\CortexM3\ARM_GCC_493\Debug\LED_1.o .\CortexM3\ARM_GCC_493\Debug\LED_2.o .\CortexM3\ARM_GCC_493\Debug\LED_3.o .\CortexM3\ARM_GCC_493\Debug\CAR_SPEED.o .\CortexM3\ARM_GCC_493\Debug\WARNING_GREEN.o .\CortexM3\ARM_GCC_493\Debug\WARNING_BLUE.o .\CortexM3\ARM_GCC_493\Debug\WARNING_RED.o
arm-none-eabi-ar.exe: creating .\CortexM3\ARM_GCC_493\Debug\car.a
arm-none-eabi-gcc.exe -Wl,--start-group -o .\CortexM3\ARM_GCC_493\Debug\car.elf .\CortexM3\ARM_GCC_493\Debug\main.o .\CortexM3\ARM_GCC_493\Debug\Transfer.o .\CortexM3\ARM_GCC_493\Debug\car.o .\CortexM3\ARM_GCC_493\Debug\key.o .\CortexM3\ARM_GCC_493\Debug\ADC_V.o .\CortexM3\ARM_GCC_493\Debug\cymetadata.o .\CortexM3\ARM_GCC_493\Debug\Cm3Start.o .\CortexM3\ARM_GCC_493\Debug\car.a "C:\Program Files (x86)\Cypress\PSoC Creator\3.3\PSoC Creator\psoc\content\cycomponentlibrary\CyComponentLibrary.cylib\CortexM3\ARM_GCC_493\Debug\CyComponentLibrary.a" -mcpu=cortex-m3 -mthumb -g -ffunction-sections -Og -L Generated_Source\PSoC5 -Wl,-Map,.\CortexM3\ARM_GCC_493\Debug/car.map -T Generated_Source\PSoC5\cm3gcc.ld -specs=nano.specs -Wl,--gc-sections -Wl,--end-group
cyelftool.exe -C D:\robot\git_code\robot_control_C\car.cydsn\CortexM3\ARM_GCC_493\Debug\car.elf --flash_row_size 256 --flash_size 131072
cyelftool.exe -S D:\robot\git_code\robot_control_C\car.cydsn\CortexM3\ARM_GCC_493\Debug\car.elf
Flash used: 10496 of 131072 bytes (8.0%).
SRAM used: 4557 of 32768 bytes (13.9%). Stack: 2048 bytes. Heap: 1024 bytes.
--------------- Build Succeeded: 02/15/2017 15:34:29 ---------------
