--------------- Clean Started: 10/19/2016 18:55:37 Project: car, Configuration: ARM GCC 4.9-2015-q1-update Debug ---------------
Deleting file ".\CortexM3\ARM_GCC_493\Debug\main.o"
Deleting file ".\CortexM3\ARM_GCC_493\Debug\Transfer.o"
Deleting file ".\CortexM3\ARM_GCC_493\Debug\car.o"
Deleting file ".\CortexM3\ARM_GCC_493\Debug\key.o"
Deleting file ".\CortexM3\ARM_GCC_493\Debug\cyfitter_cfg.o"
Deleting file ".\CortexM3\ARM_GCC_493\Debug\cymetadata.o"
Deleting file ".\CortexM3\ARM_GCC_493\Debug\Cm3Start.o"
Deleting file ".\CortexM3\ARM_GCC_493\Debug\CyBootAsmGnu.o"
Deleting file ".\CortexM3\ARM_GCC_493\Debug\CyDmac.o"
Deleting file ".\CortexM3\ARM_GCC_493\Debug\CyFlash.o"
Deleting file ".\CortexM3\ARM_GCC_493\Debug\CyLib.o"
Deleting file ".\CortexM3\ARM_GCC_493\Debug\cyPm.o"
Deleting file ".\CortexM3\ARM_GCC_493\Debug\CySpc.o"
Deleting file ".\CortexM3\ARM_GCC_493\Debug\cyutils.o"
Deleting file ".\CortexM3\ARM_GCC_493\Debug\UART_net.o"
Deleting file ".\CortexM3\ARM_GCC_493\Debug\UART_net_PM.o"
Deleting file ".\CortexM3\ARM_GCC_493\Debug\UART_net_INT.o"
Deleting file ".\CortexM3\ARM_GCC_493\Debug\UART_net_BOOT.o"
Deleting file ".\CortexM3\ARM_GCC_493\Debug\UART_net_IntClock.o"
Deleting file ".\CortexM3\ARM_GCC_493\Debug\isr_tx_net.o"
Deleting file ".\CortexM3\ARM_GCC_493\Debug\isr_rx_net.o"
Deleting file ".\CortexM3\ARM_GCC_493\Debug\Clock_2.o"
Deleting file ".\CortexM3\ARM_GCC_493\Debug\L_PWM_1.o"
Deleting file ".\CortexM3\ARM_GCC_493\Debug\R_PWM_1.o"
Deleting file ".\CortexM3\ARM_GCC_493\Debug\PWM_MOTOR.o"
Deleting file ".\CortexM3\ARM_GCC_493\Debug\PWM_MOTOR_PM.o"
Deleting file ".\CortexM3\ARM_GCC_493\Debug\KEY_UP.o"
Deleting file ".\CortexM3\ARM_GCC_493\Debug\KEY_DOWN.o"
Deleting file ".\CortexM3\ARM_GCC_493\Debug\KEY_LEFT.o"
Deleting file ".\CortexM3\ARM_GCC_493\Debug\KEY_RIGHT.o"
Deleting file ".\CortexM3\ARM_GCC_493\Debug\KEY_SPEED.o"
Deleting file ".\CortexM3\ARM_GCC_493\Debug\Timer_1.o"
Deleting file ".\CortexM3\ARM_GCC_493\Debug\Timer_1_PM.o"
Deleting file ".\CortexM3\ARM_GCC_493\Debug\isr_timer.o"
Deleting file ".\CortexM3\ARM_GCC_493\Debug\car.hex"
Deleting file ".\CortexM3\ARM_GCC_493\Debug\car.elf"
Deleting file ".\CortexM3\ARM_GCC_493\Debug\car.map"
Deleting file ".\car.cycdx"
Deleting file ".\car.svd"
Deleting file ".\car.rpt"
Deleting file ".\car_timing.html"
Deleting file ".\CortexM3\ARM_GCC_493\Debug\.deps\C_FILE.P"
Deleting file ".\CortexM3\ARM_GCC_493\Debug\.deps\ARM_C_FILE.P"
Deleting file ".\CortexM3\ARM_GCC_493\Debug\.deps\GNU_ARM_ASM_FILE.P"
--------------- Clean Succeeded: 10/19/2016 18:55:37 ---------------
