ARM GAS  C:\Users\pxc\AppData\Local\Temp\cc7ePlMj.s 			page 1


   1              		.syntax unified
   2              		.cpu cortex-m3
   3              		.fpu softvfp
   4              		.eabi_attribute 20, 1
   5              		.eabi_attribute 21, 1
   6              		.eabi_attribute 23, 3
   7              		.eabi_attribute 24, 1
   8              		.eabi_attribute 25, 1
   9              		.eabi_attribute 26, 1
  10              		.eabi_attribute 30, 1
  11              		.eabi_attribute 34, 1
  12              		.eabi_attribute 18, 4
  13              		.thumb
  14              		.file	"cymetadata.c"
  15              		.text
  16              	.Ltext0:
  17              		.cfi_sections	.debug_frame
  18              		.global	cy_metadata
  19              		.global	cy_meta_flashprotect
  20              		.global	cy_meta_wonvl
  21              		.global	cy_meta_custnvl
  22              		.global	cy_meta_configecc
  23              		.section	.cyconfigecc,"a",%progbits
  24              		.align	2
  25              		.type	cy_meta_configecc, %object
  26              		.size	cy_meta_configecc, 2208
  27              	cy_meta_configecc:
  28 0000 02       		.byte	2
  29 0001 4F       		.byte	79
  30 0002 00       		.byte	0
  31 0003 40       		.byte	64
  32 0004 0A       		.byte	10
  33 0005 52       		.byte	82
  34 0006 00       		.byte	0
  35 0007 40       		.byte	64
  36 0008 01       		.byte	1
  37 0009 5B       		.byte	91
  38 000a 00       		.byte	0
  39 000b 40       		.byte	64
  40 000c 03       		.byte	3
  41 000d 64       		.byte	100
  42 000e 00       		.byte	0
  43 000f 40       		.byte	64
  44 0010 01       		.byte	1
  45 0011 65       		.byte	101
  46 0012 00       		.byte	0
  47 0013 40       		.byte	64
  48 0014 32       		.byte	50
  49 0015 00       		.byte	0
  50 0016 01       		.byte	1
  51 0017 40       		.byte	64
  52 0018 31       		.byte	49
  53 0019 01       		.byte	1
  54 001a 01       		.byte	1
  55 001b 40       		.byte	64
  56 001c 25       		.byte	37
  57 001d 02       		.byte	2
ARM GAS  C:\Users\pxc\AppData\Local\Temp\cc7ePlMj.s 			page 2


  58 001e 01       		.byte	1
  59 001f 40       		.byte	64
  60 0020 4E       		.byte	78
  61 0021 03       		.byte	3
  62 0022 01       		.byte	1
  63 0023 40       		.byte	64
  64 0024 35       		.byte	53
  65 0025 04       		.byte	4
  66 0026 01       		.byte	1
  67 0027 40       		.byte	64
  68 0028 40       		.byte	64
  69 0029 05       		.byte	5
  70 002a 01       		.byte	1
  71 002b 40       		.byte	64
  72 002c 43       		.byte	67
  73 002d 06       		.byte	6
  74 002e 01       		.byte	1
  75 002f 40       		.byte	64
  76 0030 4F       		.byte	79
  77 0031 07       		.byte	7
  78 0032 01       		.byte	1
  79 0033 40       		.byte	64
  80 0034 17       		.byte	23
  81 0035 08       		.byte	8
  82 0036 01       		.byte	1
  83 0037 40       		.byte	64
  84 0038 39       		.byte	57
  85 0039 09       		.byte	9
  86 003a 01       		.byte	1
  87 003b 40       		.byte	64
  88 003c 07       		.byte	7
  89 003d 0B       		.byte	11
  90 003e 01       		.byte	1
  91 003f 40       		.byte	64
  92 0040 04       		.byte	4
  93 0041 0C       		.byte	12
  94 0042 01       		.byte	1
  95 0043 40       		.byte	64
  96 0044 0C       		.byte	12
  97 0045 0D       		.byte	13
  98 0046 01       		.byte	1
  99 0047 40       		.byte	64
 100 0048 02       		.byte	2
 101 0049 0F       		.byte	15
 102 004a 01       		.byte	1
 103 004b 40       		.byte	64
 104 004c 31       		.byte	49
 105 004d 14       		.byte	20
 106 004e 01       		.byte	1
 107 004f 40       		.byte	64
 108 0050 4C       		.byte	76
 109 0051 15       		.byte	21
 110 0052 01       		.byte	1
 111 0053 40       		.byte	64
 112 0054 03       		.byte	3
 113 0055 16       		.byte	22
 114 0056 01       		.byte	1
ARM GAS  C:\Users\pxc\AppData\Local\Temp\cc7ePlMj.s 			page 3


 115 0057 40       		.byte	64
 116 0058 52       		.byte	82
 117 0059 17       		.byte	23
 118 005a 01       		.byte	1
 119 005b 40       		.byte	64
 120 005c 0A       		.byte	10
 121 005d 19       		.byte	25
 122 005e 01       		.byte	1
 123 005f 40       		.byte	64
 124 0060 08       		.byte	8
 125 0061 1B       		.byte	27
 126 0062 01       		.byte	1
 127 0063 40       		.byte	64
 128 0064 11       		.byte	17
 129 0065 40       		.byte	64
 130 0066 01       		.byte	1
 131 0067 40       		.byte	64
 132 0068 12       		.byte	18
 133 0069 41       		.byte	65
 134 006a 01       		.byte	1
 135 006b 40       		.byte	64
 136 006c 0F       		.byte	15
 137 006d 42       		.byte	66
 138 006e 01       		.byte	1
 139 006f 40       		.byte	64
 140 0070 08       		.byte	8
 141 0071 43       		.byte	67
 142 0072 01       		.byte	1
 143 0073 40       		.byte	64
 144 0074 02       		.byte	2
 145 0075 44       		.byte	68
 146 0076 01       		.byte	1
 147 0077 40       		.byte	64
 148 0078 01       		.byte	1
 149 0079 45       		.byte	69
 150 007a 01       		.byte	1
 151 007b 40       		.byte	64
 152 007c 05       		.byte	5
 153 007d 46       		.byte	70
 154 007e 01       		.byte	1
 155 007f 40       		.byte	64
 156 0080 0A       		.byte	10
 157 0081 47       		.byte	71
 158 0082 01       		.byte	1
 159 0083 40       		.byte	64
 160 0084 02       		.byte	2
 161 0085 48       		.byte	72
 162 0086 01       		.byte	1
 163 0087 40       		.byte	64
 164 0088 08       		.byte	8
 165 0089 49       		.byte	73
 166 008a 01       		.byte	1
 167 008b 40       		.byte	64
 168 008c 04       		.byte	4
 169 008d 4C       		.byte	76
 170 008e 01       		.byte	1
 171 008f 40       		.byte	64
ARM GAS  C:\Users\pxc\AppData\Local\Temp\cc7ePlMj.s 			page 4


 172 0090 02       		.byte	2
 173 0091 4D       		.byte	77
 174 0092 01       		.byte	1
 175 0093 40       		.byte	64
 176 0094 08       		.byte	8
 177 0095 50       		.byte	80
 178 0096 01       		.byte	1
 179 0097 40       		.byte	64
 180 0098 02       		.byte	2
 181 0099 51       		.byte	81
 182 009a 01       		.byte	1
 183 009b 40       		.byte	64
 184 009c 01       		.byte	1
 185 009d 80       		.byte	-128
 186 009e 0A       		.byte	10
 187 009f 4B       		.byte	75
 188 00a0 00       		.byte	0
 189 00a1 35       		.byte	53
 190 00a2 01       		.byte	1
 191 00a3 23       		.byte	35
 192 00a4 04       		.byte	4
 193 00a5 C0       		.byte	-64
 194 00a6 08       		.byte	8
 195 00a7 20       		.byte	32
 196 00a8 18       		.byte	24
 197 00a9 08       		.byte	8
 198 00aa 1C       		.byte	28
 199 00ab 04       		.byte	4
 200 00ac 20       		.byte	32
 201 00ad 02       		.byte	2
 202 00ae 21       		.byte	33
 203 00af 03       		.byte	3
 204 00b0 24       		.byte	36
 205 00b1 FC       		.byte	-4
 206 00b2 30       		.byte	48
 207 00b3 20       		.byte	32
 208 00b4 27       		.byte	39
 209 00b5 84       		.byte	-124
 210 00b6 83       		.byte	-125
 211 00b7 08       		.byte	8
 212 00b8 86       		.byte	-122
 213 00b9 38       		.byte	56
 214 00ba 88       		.byte	-120
 215 00bb 0F       		.byte	15
 216 00bc 84       		.byte	-124
 217 00bd 72       		.byte	114
 218 00be 00       		.byte	0
 219 00bf 01       		.byte	1
 220 00c0 01       		.byte	1
 221 00c1 04       		.byte	4
 222 00c2 06       		.byte	6
 223 00c3 08       		.byte	8
 224 00c4 07       		.byte	7
 225 00c5 08       		.byte	8
 226 00c6 09       		.byte	9
 227 00c7 01       		.byte	1
 228 00c8 0E       		.byte	14
ARM GAS  C:\Users\pxc\AppData\Local\Temp\cc7ePlMj.s 			page 5


 229 00c9 10       		.byte	16
 230 00ca 0F       		.byte	15
 231 00cb 04       		.byte	4
 232 00cc 11       		.byte	17
 233 00cd 10       		.byte	16
 234 00ce 12       		.byte	18
 235 00cf 02       		.byte	2
 236 00d0 13       		.byte	19
 237 00d1 20       		.byte	32
 238 00d2 14       		.byte	20
 239 00d3 08       		.byte	8
 240 00d4 15       		.byte	21
 241 00d5 20       		.byte	32
 242 00d6 17       		.byte	23
 243 00d7 10       		.byte	16
 244 00d8 18       		.byte	24
 245 00d9 02       		.byte	2
 246 00da 19       		.byte	25
 247 00db 08       		.byte	8
 248 00dc 1F       		.byte	31
 249 00dd 01       		.byte	1
 250 00de 21       		.byte	33
 251 00df 80       		.byte	-128
 252 00e0 22       		.byte	34
 253 00e1 04       		.byte	4
 254 00e2 23       		.byte	35
 255 00e3 40       		.byte	64
 256 00e4 25       		.byte	37
 257 00e5 40       		.byte	64
 258 00e6 27       		.byte	39
 259 00e7 80       		.byte	-128
 260 00e8 2A       		.byte	42
 261 00e9 01       		.byte	1
 262 00ea 2B       		.byte	43
 263 00eb 02       		.byte	2
 264 00ec 2C       		.byte	44
 265 00ed 04       		.byte	4
 266 00ee 2D       		.byte	45
 267 00ef 02       		.byte	2
 268 00f0 30       		.byte	48
 269 00f1 1F       		.byte	31
 270 00f2 31       		.byte	49
 271 00f3 FF       		.byte	-1
 272 00f4 38       		.byte	56
 273 00f5 02       		.byte	2
 274 00f6 3E       		.byte	62
 275 00f7 01       		.byte	1
 276 00f8 3F       		.byte	63
 277 00f9 01       		.byte	1
 278 00fa 58       		.byte	88
 279 00fb 04       		.byte	4
 280 00fc 59       		.byte	89
 281 00fd 04       		.byte	4
 282 00fe 5F       		.byte	95
 283 00ff 01       		.byte	1
 284 0100 83       		.byte	-125
 285 0101 02       		.byte	2
ARM GAS  C:\Users\pxc\AppData\Local\Temp\cc7ePlMj.s 			page 6


 286 0102 86       		.byte	-122
 287 0103 03       		.byte	3
 288 0104 88       		.byte	-120
 289 0105 02       		.byte	2
 290 0106 8A       		.byte	-118
 291 0107 01       		.byte	1
 292 0108 8C       		.byte	-116
 293 0109 03       		.byte	3
 294 010a 90       		.byte	-112
 295 010b 03       		.byte	3
 296 010c 98       		.byte	-104
 297 010d 03       		.byte	3
 298 010e 9E       		.byte	-98
 299 010f 03       		.byte	3
 300 0110 A0       		.byte	-96
 301 0111 03       		.byte	3
 302 0112 AB       		.byte	-85
 303 0113 01       		.byte	1
 304 0114 B1       		.byte	-79
 305 0115 02       		.byte	2
 306 0116 B2       		.byte	-78
 307 0117 01       		.byte	1
 308 0118 B4       		.byte	-76
 309 0119 02       		.byte	2
 310 011a B7       		.byte	-73
 311 011b 01       		.byte	1
 312 011c D8       		.byte	-40
 313 011d 04       		.byte	4
 314 011e D9       		.byte	-39
 315 011f 04       		.byte	4
 316 0120 DF       		.byte	-33
 317 0121 01       		.byte	1
 318 0122 00       		.byte	0
 319 0123 80       		.byte	-128
 320 0124 01       		.byte	1
 321 0125 20       		.byte	32
 322 0126 02       		.byte	2
 323 0127 C0       		.byte	-64
 324 0128 03       		.byte	3
 325 0129 10       		.byte	16
 326 012a 04       		.byte	4
 327 012b 80       		.byte	-128
 328 012c 05       		.byte	5
 329 012d 04       		.byte	4
 330 012e 06       		.byte	6
 331 012f 08       		.byte	8
 332 0130 08       		.byte	8
 333 0131 09       		.byte	9
 334 0132 0A       		.byte	10
 335 0133 02       		.byte	2
 336 0134 0B       		.byte	11
 337 0135 04       		.byte	4
 338 0136 0C       		.byte	12
 339 0137 02       		.byte	2
 340 0138 0F       		.byte	15
 341 0139 06       		.byte	6
 342 013a 10       		.byte	16
ARM GAS  C:\Users\pxc\AppData\Local\Temp\cc7ePlMj.s 			page 7


 343 013b 10       		.byte	16
 344 013c 11       		.byte	17
 345 013d 51       		.byte	81
 346 013e 16       		.byte	22
 347 013f 40       		.byte	64
 348 0140 19       		.byte	25
 349 0141 02       		.byte	2
 350 0142 1A       		.byte	26
 351 0143 80       		.byte	-128
 352 0144 1B       		.byte	27
 353 0145 01       		.byte	1
 354 0146 1F       		.byte	31
 355 0147 28       		.byte	40
 356 0148 20       		.byte	32
 357 0149 80       		.byte	-128
 358 014a 24       		.byte	36
 359 014b 80       		.byte	-128
 360 014c 25       		.byte	37
 361 014d 01       		.byte	1
 362 014e 26       		.byte	38
 363 014f 80       		.byte	-128
 364 0150 28       		.byte	40
 365 0151 11       		.byte	17
 366 0152 29       		.byte	41
 367 0153 45       		.byte	69
 368 0154 2B       		.byte	43
 369 0155 04       		.byte	4
 370 0156 2D       		.byte	45
 371 0157 12       		.byte	18
 372 0158 2E       		.byte	46
 373 0159 08       		.byte	8
 374 015a 30       		.byte	48
 375 015b 0A       		.byte	10
 376 015c 32       		.byte	50
 377 015d 81       		.byte	-127
 378 015e 33       		.byte	51
 379 015f 11       		.byte	17
 380 0160 35       		.byte	53
 381 0161 04       		.byte	4
 382 0162 36       		.byte	54
 383 0163 80       		.byte	-128
 384 0164 37       		.byte	55
 385 0165 01       		.byte	1
 386 0166 38       		.byte	56
 387 0167 A4       		.byte	-92
 388 0168 39       		.byte	57
 389 0169 51       		.byte	81
 390 016a 3A       		.byte	58
 391 016b 08       		.byte	8
 392 016c 3D       		.byte	61
 393 016d 41       		.byte	65
 394 016e 3F       		.byte	63
 395 016f 04       		.byte	4
 396 0170 40       		.byte	64
 397 0171 0C       		.byte	12
 398 0172 83       		.byte	-125
 399 0173 08       		.byte	8
ARM GAS  C:\Users\pxc\AppData\Local\Temp\cc7ePlMj.s 			page 8


 400 0174 87       		.byte	-121
 401 0175 20       		.byte	32
 402 0176 8C       		.byte	-116
 403 0177 40       		.byte	64
 404 0178 C0       		.byte	-64
 405 0179 EF       		.byte	-17
 406 017a C2       		.byte	-62
 407 017b DF       		.byte	-33
 408 017c C4       		.byte	-60
 409 017d 1F       		.byte	31
 410 017e CA       		.byte	-54
 411 017f EF       		.byte	-17
 412 0180 CC       		.byte	-52
 413 0181 DF       		.byte	-33
 414 0182 CE       		.byte	-50
 415 0183 DF       		.byte	-33
 416 0184 01       		.byte	1
 417 0185 01       		.byte	1
 418 0186 02       		.byte	2
 419 0187 0F       		.byte	15
 420 0188 04       		.byte	4
 421 0189 06       		.byte	6
 422 018a 05       		.byte	5
 423 018b 01       		.byte	1
 424 018c 06       		.byte	6
 425 018d 09       		.byte	9
 426 018e 0B       		.byte	11
 427 018f 01       		.byte	1
 428 0190 0C       		.byte	12
 429 0191 0F       		.byte	15
 430 0192 10       		.byte	16
 431 0193 02       		.byte	2
 432 0194 12       		.byte	18
 433 0195 0D       		.byte	13
 434 0196 14       		.byte	20
 435 0197 0C       		.byte	12
 436 0198 15       		.byte	21
 437 0199 01       		.byte	1
 438 019a 16       		.byte	22
 439 019b 03       		.byte	3
 440 019c 18       		.byte	24
 441 019d 0F       		.byte	15
 442 019e 1D       		.byte	29
 443 019f 01       		.byte	1
 444 01a0 20       		.byte	32
 445 01a1 0F       		.byte	15
 446 01a2 23       		.byte	35
 447 01a3 01       		.byte	1
 448 01a4 2B       		.byte	43
 449 01a5 01       		.byte	1
 450 01a6 30       		.byte	48
 451 01a7 04       		.byte	4
 452 01a8 31       		.byte	49
 453 01a9 01       		.byte	1
 454 01aa 32       		.byte	50
 455 01ab 08       		.byte	8
 456 01ac 34       		.byte	52
ARM GAS  C:\Users\pxc\AppData\Local\Temp\cc7ePlMj.s 			page 9


 457 01ad 02       		.byte	2
 458 01ae 36       		.byte	54
 459 01af 01       		.byte	1
 460 01b0 58       		.byte	88
 461 01b1 04       		.byte	4
 462 01b2 59       		.byte	89
 463 01b3 04       		.byte	4
 464 01b4 5F       		.byte	95
 465 01b5 01       		.byte	1
 466 01b6 8E       		.byte	-114
 467 01b7 01       		.byte	1
 468 01b8 97       		.byte	-105
 469 01b9 02       		.byte	2
 470 01ba 9B       		.byte	-101
 471 01bb 01       		.byte	1
 472 01bc B1       		.byte	-79
 473 01bd 02       		.byte	2
 474 01be B2       		.byte	-78
 475 01bf 01       		.byte	1
 476 01c0 B5       		.byte	-75
 477 01c1 01       		.byte	1
 478 01c2 D6       		.byte	-42
 479 01c3 02       		.byte	2
 480 01c4 D7       		.byte	-41
 481 01c5 39       		.byte	57
 482 01c6 D8       		.byte	-40
 483 01c7 04       		.byte	4
 484 01c8 D9       		.byte	-39
 485 01c9 04       		.byte	4
 486 01ca DB       		.byte	-37
 487 01cb 0C       		.byte	12
 488 01cc DF       		.byte	-33
 489 01cd 01       		.byte	1
 490 01ce 00       		.byte	0
 491 01cf 04       		.byte	4
 492 01d0 02       		.byte	2
 493 01d1 80       		.byte	-128
 494 01d2 03       		.byte	3
 495 01d3 01       		.byte	1
 496 01d4 04       		.byte	4
 497 01d5 80       		.byte	-128
 498 01d6 05       		.byte	5
 499 01d7 06       		.byte	6
 500 01d8 08       		.byte	8
 501 01d9 01       		.byte	1
 502 01da 0A       		.byte	10
 503 01db 22       		.byte	34
 504 01dc 0F       		.byte	15
 505 01dd 54       		.byte	84
 506 01de 11       		.byte	17
 507 01df 02       		.byte	2
 508 01e0 12       		.byte	18
 509 01e1 01       		.byte	1
 510 01e2 14       		.byte	20
 511 01e3 80       		.byte	-128
 512 01e4 19       		.byte	25
 513 01e5 04       		.byte	4
ARM GAS  C:\Users\pxc\AppData\Local\Temp\cc7ePlMj.s 			page 10


 514 01e6 1A       		.byte	26
 515 01e7 20       		.byte	32
 516 01e8 1E       		.byte	30
 517 01e9 40       		.byte	64
 518 01ea 1F       		.byte	31
 519 01eb 54       		.byte	84
 520 01ec 20       		.byte	32
 521 01ed 04       		.byte	4
 522 01ee 21       		.byte	33
 523 01ef 10       		.byte	16
 524 01f0 22       		.byte	34
 525 01f1 01       		.byte	1
 526 01f2 23       		.byte	35
 527 01f3 40       		.byte	64
 528 01f4 26       		.byte	38
 529 01f5 02       		.byte	2
 530 01f6 28       		.byte	40
 531 01f7 01       		.byte	1
 532 01f8 29       		.byte	41
 533 01f9 06       		.byte	6
 534 01fa 2A       		.byte	42
 535 01fb 01       		.byte	1
 536 01fc 2B       		.byte	43
 537 01fd 08       		.byte	8
 538 01fe 2D       		.byte	45
 539 01ff 02       		.byte	2
 540 0200 2F       		.byte	47
 541 0201 08       		.byte	8
 542 0202 30       		.byte	48
 543 0203 08       		.byte	8
 544 0204 32       		.byte	50
 545 0205 80       		.byte	-128
 546 0206 33       		.byte	51
 547 0207 10       		.byte	16
 548 0208 35       		.byte	53
 549 0209 04       		.byte	4
 550 020a 36       		.byte	54
 551 020b 80       		.byte	-128
 552 020c 38       		.byte	56
 553 020d 80       		.byte	-128
 554 020e 39       		.byte	57
 555 020f 20       		.byte	32
 556 0210 3B       		.byte	59
 557 0211 10       		.byte	16
 558 0212 3D       		.byte	61
 559 0213 02       		.byte	2
 560 0214 3F       		.byte	63
 561 0215 14       		.byte	20
 562 0216 59       		.byte	89
 563 0217 01       		.byte	1
 564 0218 5A       		.byte	90
 565 0219 10       		.byte	16
 566 021a 5B       		.byte	91
 567 021b 01       		.byte	1
 568 021c 61       		.byte	97
 569 021d 08       		.byte	8
 570 021e 68       		.byte	104
ARM GAS  C:\Users\pxc\AppData\Local\Temp\cc7ePlMj.s 			page 11


 571 021f 08       		.byte	8
 572 0220 69       		.byte	105
 573 0221 01       		.byte	1
 574 0222 6B       		.byte	107
 575 0223 11       		.byte	17
 576 0224 70       		.byte	112
 577 0225 10       		.byte	16
 578 0226 71       		.byte	113
 579 0227 40       		.byte	64
 580 0228 79       		.byte	121
 581 0229 40       		.byte	64
 582 022a 87       		.byte	-121
 583 022b 14       		.byte	20
 584 022c 88       		.byte	-120
 585 022d 01       		.byte	1
 586 022e 8A       		.byte	-118
 587 022f 01       		.byte	1
 588 0230 8B       		.byte	-117
 589 0231 0C       		.byte	12
 590 0232 8D       		.byte	-115
 591 0233 04       		.byte	4
 592 0234 90       		.byte	-112
 593 0235 80       		.byte	-128
 594 0236 94       		.byte	-108
 595 0237 24       		.byte	36
 596 0238 95       		.byte	-107
 597 0239 01       		.byte	1
 598 023a 96       		.byte	-106
 599 023b 02       		.byte	2
 600 023c 97       		.byte	-105
 601 023d 04       		.byte	4
 602 023e 99       		.byte	-103
 603 023f 02       		.byte	2
 604 0240 9D       		.byte	-99
 605 0241 45       		.byte	69
 606 0242 9F       		.byte	-97
 607 0243 10       		.byte	16
 608 0244 A1       		.byte	-95
 609 0245 01       		.byte	1
 610 0246 A2       		.byte	-94
 611 0247 C0       		.byte	-64
 612 0248 A4       		.byte	-92
 613 0249 08       		.byte	8
 614 024a A7       		.byte	-89
 615 024b 04       		.byte	4
 616 024c A9       		.byte	-87
 617 024d 20       		.byte	32
 618 024e AA       		.byte	-86
 619 024f 40       		.byte	64
 620 0250 AE       		.byte	-82
 621 0251 40       		.byte	64
 622 0252 B2       		.byte	-78
 623 0253 80       		.byte	-128
 624 0254 B5       		.byte	-75
 625 0255 02       		.byte	2
 626 0256 C0       		.byte	-64
 627 0257 BD       		.byte	-67
ARM GAS  C:\Users\pxc\AppData\Local\Temp\cc7ePlMj.s 			page 12


 628 0258 C2       		.byte	-62
 629 0259 7D       		.byte	125
 630 025a C4       		.byte	-60
 631 025b 19       		.byte	25
 632 025c CA       		.byte	-54
 633 025d AF       		.byte	-81
 634 025e CC       		.byte	-52
 635 025f 5E       		.byte	94
 636 0260 CE       		.byte	-50
 637 0261 EC       		.byte	-20
 638 0262 D6       		.byte	-42
 639 0263 04       		.byte	4
 640 0264 D8       		.byte	-40
 641 0265 02       		.byte	2
 642 0266 DE       		.byte	-34
 643 0267 08       		.byte	8
 644 0268 E6       		.byte	-26
 645 0269 40       		.byte	64
 646 026a 0C       		.byte	12
 647 026b 14       		.byte	20
 648 026c 10       		.byte	16
 649 026d 2C       		.byte	44
 650 026e 11       		.byte	17
 651 026f 03       		.byte	3
 652 0270 12       		.byte	18
 653 0271 11       		.byte	17
 654 0272 16       		.byte	22
 655 0273 03       		.byte	3
 656 0274 18       		.byte	24
 657 0275 09       		.byte	9
 658 0276 1A       		.byte	26
 659 0277 10       		.byte	16
 660 0278 1C       		.byte	28
 661 0279 30       		.byte	48
 662 027a 1E       		.byte	30
 663 027b 0C       		.byte	12
 664 027c 1F       		.byte	31
 665 027d 04       		.byte	4
 666 027e 20       		.byte	32
 667 027f 10       		.byte	16
 668 0280 21       		.byte	33
 669 0281 02       		.byte	2
 670 0282 27       		.byte	39
 671 0283 01       		.byte	1
 672 0284 28       		.byte	40
 673 0285 40       		.byte	64
 674 0286 2C       		.byte	44
 675 0287 1C       		.byte	28
 676 0288 2D       		.byte	45
 677 0289 03       		.byte	3
 678 028a 2E       		.byte	46
 679 028b 22       		.byte	34
 680 028c 31       		.byte	49
 681 028d 03       		.byte	3
 682 028e 32       		.byte	50
 683 028f 1F       		.byte	31
 684 0290 34       		.byte	52
ARM GAS  C:\Users\pxc\AppData\Local\Temp\cc7ePlMj.s 			page 13


 685 0291 60       		.byte	96
 686 0292 35       		.byte	53
 687 0293 04       		.byte	4
 688 0294 38       		.byte	56
 689 0295 20       		.byte	32
 690 0296 39       		.byte	57
 691 0297 02       		.byte	2
 692 0298 3A       		.byte	58
 693 0299 02       		.byte	2
 694 029a 3F       		.byte	63
 695 029b 01       		.byte	1
 696 029c 40       		.byte	64
 697 029d 04       		.byte	4
 698 029e 46       		.byte	70
 699 029f 04       		.byte	4
 700 02a0 49       		.byte	73
 701 02a1 FF       		.byte	-1
 702 02a2 4A       		.byte	74
 703 02a3 07       		.byte	7
 704 02a4 4B       		.byte	75
 705 02a5 FF       		.byte	-1
 706 02a6 4C       		.byte	76
 707 02a7 40       		.byte	64
 708 02a8 4D       		.byte	77
 709 02a9 20       		.byte	32
 710 02aa 4E       		.byte	78
 711 02ab F0       		.byte	-16
 712 02ac 4F       		.byte	79
 713 02ad 05       		.byte	5
 714 02ae 50       		.byte	80
 715 02af 08       		.byte	8
 716 02b0 54       		.byte	84
 717 02b1 01       		.byte	1
 718 02b2 58       		.byte	88
 719 02b3 04       		.byte	4
 720 02b4 59       		.byte	89
 721 02b5 04       		.byte	4
 722 02b6 5A       		.byte	90
 723 02b7 04       		.byte	4
 724 02b8 5B       		.byte	91
 725 02b9 0C       		.byte	12
 726 02ba 5C       		.byte	92
 727 02bb 01       		.byte	1
 728 02bc 5D       		.byte	93
 729 02bd 01       		.byte	1
 730 02be 5F       		.byte	95
 731 02bf 01       		.byte	1
 732 02c0 60       		.byte	96
 733 02c1 40       		.byte	64
 734 02c2 61       		.byte	97
 735 02c3 A8       		.byte	-88
 736 02c4 62       		.byte	98
 737 02c5 40       		.byte	64
 738 02c6 63       		.byte	99
 739 02c7 20       		.byte	32
 740 02c8 D6       		.byte	-42
 741 02c9 08       		.byte	8
ARM GAS  C:\Users\pxc\AppData\Local\Temp\cc7ePlMj.s 			page 14


 742 02ca D8       		.byte	-40
 743 02cb 04       		.byte	4
 744 02cc D9       		.byte	-39
 745 02cd 04       		.byte	4
 746 02ce DB       		.byte	-37
 747 02cf 04       		.byte	4
 748 02d0 DD       		.byte	-35
 749 02d1 90       		.byte	-112
 750 02d2 DF       		.byte	-33
 751 02d3 01       		.byte	1
 752 02d4 00       		.byte	0
 753 02d5 80       		.byte	-128
 754 02d6 05       		.byte	5
 755 02d7 26       		.byte	38
 756 02d8 08       		.byte	8
 757 02d9 02       		.byte	2
 758 02da 0A       		.byte	10
 759 02db 2A       		.byte	42
 760 02dc 0B       		.byte	11
 761 02dd 20       		.byte	32
 762 02de 0F       		.byte	15
 763 02df 44       		.byte	68
 764 02e0 10       		.byte	16
 765 02e1 88       		.byte	-120
 766 02e2 12       		.byte	18
 767 02e3 01       		.byte	1
 768 02e4 14       		.byte	20
 769 02e5 80       		.byte	-128
 770 02e6 15       		.byte	21
 771 02e7 20       		.byte	32
 772 02e8 16       		.byte	22
 773 02e9 40       		.byte	64
 774 02ea 1A       		.byte	26
 775 02eb 28       		.byte	40
 776 02ec 1B       		.byte	27
 777 02ed 02       		.byte	2
 778 02ee 21       		.byte	33
 779 02ef 01       		.byte	1
 780 02f0 23       		.byte	35
 781 02f1 04       		.byte	4
 782 02f2 28       		.byte	40
 783 02f3 02       		.byte	2
 784 02f4 29       		.byte	41
 785 02f5 20       		.byte	32
 786 02f6 2A       		.byte	42
 787 02f7 05       		.byte	5
 788 02f8 2B       		.byte	43
 789 02f9 49       		.byte	73
 790 02fa 2F       		.byte	47
 791 02fb 28       		.byte	40
 792 02fc 31       		.byte	49
 793 02fd 44       		.byte	68
 794 02fe 32       		.byte	50
 795 02ff 01       		.byte	1
 796 0300 33       		.byte	51
 797 0301 20       		.byte	32
 798 0302 34       		.byte	52
ARM GAS  C:\Users\pxc\AppData\Local\Temp\cc7ePlMj.s 			page 15


 799 0303 80       		.byte	-128
 800 0304 35       		.byte	53
 801 0305 04       		.byte	4
 802 0306 36       		.byte	54
 803 0307 80       		.byte	-128
 804 0308 39       		.byte	57
 805 0309 20       		.byte	32
 806 030a 3A       		.byte	58
 807 030b 42       		.byte	66
 808 030c 3B       		.byte	59
 809 030d 14       		.byte	20
 810 030e 3D       		.byte	61
 811 030f 80       		.byte	-128
 812 0310 3F       		.byte	63
 813 0311 5C       		.byte	92
 814 0312 41       		.byte	65
 815 0313 01       		.byte	1
 816 0314 45       		.byte	69
 817 0315 40       		.byte	64
 818 0316 46       		.byte	70
 819 0317 02       		.byte	2
 820 0318 50       		.byte	80
 821 0319 88       		.byte	-120
 822 031a 52       		.byte	82
 823 031b 04       		.byte	4
 824 031c 59       		.byte	89
 825 031d 80       		.byte	-128
 826 031e 5E       		.byte	94
 827 031f 80       		.byte	-128
 828 0320 64       		.byte	100
 829 0321 01       		.byte	1
 830 0322 79       		.byte	121
 831 0323 40       		.byte	64
 832 0324 91       		.byte	-111
 833 0325 20       		.byte	32
 834 0326 95       		.byte	-107
 835 0327 40       		.byte	64
 836 0328 96       		.byte	-106
 837 0329 10       		.byte	16
 838 032a 97       		.byte	-105
 839 032b 04       		.byte	4
 840 032c 99       		.byte	-103
 841 032d 46       		.byte	70
 842 032e 9C       		.byte	-100
 843 032f 80       		.byte	-128
 844 0330 A2       		.byte	-94
 845 0331 C0       		.byte	-64
 846 0332 A3       		.byte	-93
 847 0333 08       		.byte	8
 848 0334 A5       		.byte	-91
 849 0335 08       		.byte	8
 850 0336 A7       		.byte	-89
 851 0337 04       		.byte	4
 852 0338 AA       		.byte	-86
 853 0339 40       		.byte	64
 854 033a AE       		.byte	-82
 855 033b 02       		.byte	2
ARM GAS  C:\Users\pxc\AppData\Local\Temp\cc7ePlMj.s 			page 16


 856 033c B3       		.byte	-77
 857 033d 40       		.byte	64
 858 033e C0       		.byte	-64
 859 033f 71       		.byte	113
 860 0340 C2       		.byte	-62
 861 0341 5F       		.byte	95
 862 0342 C4       		.byte	-60
 863 0343 5B       		.byte	91
 864 0344 CA       		.byte	-54
 865 0345 6F       		.byte	111
 866 0346 CC       		.byte	-52
 867 0347 5F       		.byte	95
 868 0348 CE       		.byte	-50
 869 0349 7F       		.byte	127
 870 034a D0       		.byte	-48
 871 034b 01       		.byte	1
 872 034c D6       		.byte	-42
 873 034d 18       		.byte	24
 874 034e D8       		.byte	-40
 875 034f 10       		.byte	16
 876 0350 DE       		.byte	-34
 877 0351 08       		.byte	8
 878 0352 EE       		.byte	-18
 879 0353 81       		.byte	-127
 880 0354 12       		.byte	18
 881 0355 01       		.byte	1
 882 0356 24       		.byte	36
 883 0357 01       		.byte	1
 884 0358 2E       		.byte	46
 885 0359 02       		.byte	2
 886 035a 30       		.byte	48
 887 035b 03       		.byte	3
 888 035c 36       		.byte	54
 889 035d 03       		.byte	3
 890 035e 54       		.byte	84
 891 035f 18       		.byte	24
 892 0360 56       		.byte	86
 893 0361 04       		.byte	4
 894 0362 58       		.byte	88
 895 0363 04       		.byte	4
 896 0364 59       		.byte	89
 897 0365 04       		.byte	4
 898 0366 5B       		.byte	91
 899 0367 04       		.byte	4
 900 0368 5C       		.byte	92
 901 0369 09       		.byte	9
 902 036a 5D       		.byte	93
 903 036b 10       		.byte	16
 904 036c 5F       		.byte	95
 905 036d 01       		.byte	1
 906 036e 81       		.byte	-127
 907 036f 01       		.byte	1
 908 0370 84       		.byte	-124
 909 0371 0F       		.byte	15
 910 0372 86       		.byte	-122
 911 0373 F0       		.byte	-16
 912 0374 87       		.byte	-121
ARM GAS  C:\Users\pxc\AppData\Local\Temp\cc7ePlMj.s 			page 17


 913 0375 08       		.byte	8
 914 0376 88       		.byte	-120
 915 0377 82       		.byte	-126
 916 0378 89       		.byte	-119
 917 0379 04       		.byte	4
 918 037a 8C       		.byte	-116
 919 037b FF       		.byte	-1
 920 037c 90       		.byte	-112
 921 037d F3       		.byte	-13
 922 037e 92       		.byte	-110
 923 037f 0C       		.byte	12
 924 0380 94       		.byte	-108
 925 0381 0C       		.byte	12
 926 0382 98       		.byte	-104
 927 0383 04       		.byte	4
 928 0384 9B       		.byte	-101
 929 0385 08       		.byte	8
 930 0386 9C       		.byte	-100
 931 0387 08       		.byte	8
 932 0388 A0       		.byte	-96
 933 0389 C3       		.byte	-61
 934 038a A4       		.byte	-92
 935 038b 1C       		.byte	28
 936 038c A5       		.byte	-91
 937 038d 04       		.byte	4
 938 038e A6       		.byte	-90
 939 038f E3       		.byte	-29
 940 0390 A8       		.byte	-88
 941 0391 41       		.byte	65
 942 0392 AE       		.byte	-82
 943 0393 F3       		.byte	-13
 944 0394 AF       		.byte	-81
 945 0395 03       		.byte	3
 946 0396 B0       		.byte	-80
 947 0397 C0       		.byte	-64
 948 0398 B1       		.byte	-79
 949 0399 02       		.byte	2
 950 039a B2       		.byte	-78
 951 039b 1C       		.byte	28
 952 039c B3       		.byte	-77
 953 039d 04       		.byte	4
 954 039e B4       		.byte	-76
 955 039f 2C       		.byte	44
 956 03a0 B5       		.byte	-75
 957 03a1 01       		.byte	1
 958 03a2 B6       		.byte	-74
 959 03a3 0F       		.byte	15
 960 03a4 B7       		.byte	-73
 961 03a5 08       		.byte	8
 962 03a6 B9       		.byte	-71
 963 03a7 08       		.byte	8
 964 03a8 BA       		.byte	-70
 965 03a9 A0       		.byte	-96
 966 03aa BF       		.byte	-65
 967 03ab 44       		.byte	68
 968 03ac C0       		.byte	-64
 969 03ad 56       		.byte	86
ARM GAS  C:\Users\pxc\AppData\Local\Temp\cc7ePlMj.s 			page 18


 970 03ae C1       		.byte	-63
 971 03af 04       		.byte	4
 972 03b0 C5       		.byte	-59
 973 03b1 BE       		.byte	-66
 974 03b2 C6       		.byte	-58
 975 03b3 0C       		.byte	12
 976 03b4 C8       		.byte	-56
 977 03b5 07       		.byte	7
 978 03b6 C9       		.byte	-55
 979 03b7 FF       		.byte	-1
 980 03b8 CA       		.byte	-54
 981 03b9 FF       		.byte	-1
 982 03ba CB       		.byte	-53
 983 03bb FF       		.byte	-1
 984 03bc CE       		.byte	-50
 985 03bd F0       		.byte	-16
 986 03be CF       		.byte	-49
 987 03bf 44       		.byte	68
 988 03c0 D0       		.byte	-48
 989 03c1 0C       		.byte	12
 990 03c2 D2       		.byte	-46
 991 03c3 03       		.byte	3
 992 03c4 D3       		.byte	-45
 993 03c5 02       		.byte	2
 994 03c6 D8       		.byte	-40
 995 03c7 04       		.byte	4
 996 03c8 D9       		.byte	-39
 997 03c9 0C       		.byte	12
 998 03ca DA       		.byte	-38
 999 03cb 04       		.byte	4
 1000 03cc DB       		.byte	-37
 1001 03cd 04       		.byte	4
 1002 03ce DC       		.byte	-36
 1003 03cf 01       		.byte	1
 1004 03d0 DD       		.byte	-35
 1005 03d1 01       		.byte	1
 1006 03d2 DF       		.byte	-33
 1007 03d3 01       		.byte	1
 1008 03d4 E6       		.byte	-26
 1009 03d5 C0       		.byte	-64
 1010 03d6 EA       		.byte	-22
 1011 03d7 40       		.byte	64
 1012 03d8 EB       		.byte	-21
 1013 03d9 02       		.byte	2
 1014 03da 02       		.byte	2
 1015 03db 18       		.byte	24
 1016 03dc 03       		.byte	3
 1017 03dd 02       		.byte	2
 1018 03de 09       		.byte	9
 1019 03df 80       		.byte	-128
 1020 03e0 0A       		.byte	10
 1021 03e1 04       		.byte	4
 1022 03e2 0B       		.byte	11
 1023 03e3 90       		.byte	-112
 1024 03e4 0E       		.byte	14
 1025 03e5 80       		.byte	-128
 1026 03e6 10       		.byte	16
ARM GAS  C:\Users\pxc\AppData\Local\Temp\cc7ePlMj.s 			page 19


 1027 03e7 40       		.byte	64
 1028 03e8 11       		.byte	17
 1029 03e9 20       		.byte	32
 1030 03ea 12       		.byte	18
 1031 03eb 22       		.byte	34
 1032 03ec 14       		.byte	20
 1033 03ed 01       		.byte	1
 1034 03ee 17       		.byte	23
 1035 03ef 08       		.byte	8
 1036 03f0 19       		.byte	25
 1037 03f1 22       		.byte	34
 1038 03f2 1A       		.byte	26
 1039 03f3 20       		.byte	32
 1040 03f4 1B       		.byte	27
 1041 03f5 80       		.byte	-128
 1042 03f6 1D       		.byte	29
 1043 03f7 40       		.byte	64
 1044 03f8 1E       		.byte	30
 1045 03f9 80       		.byte	-128
 1046 03fa 21       		.byte	33
 1047 03fb 09       		.byte	9
 1048 03fc 23       		.byte	35
 1049 03fd 09       		.byte	9
 1050 03fe 29       		.byte	41
 1051 03ff 60       		.byte	96
 1052 0400 2A       		.byte	42
 1053 0401 10       		.byte	16
 1054 0402 2B       		.byte	43
 1055 0403 10       		.byte	16
 1056 0404 2C       		.byte	44
 1057 0405 10       		.byte	16
 1058 0406 32       		.byte	50
 1059 0407 10       		.byte	16
 1060 0408 33       		.byte	51
 1061 0409 10       		.byte	16
 1062 040a 35       		.byte	53
 1063 040b 04       		.byte	4
 1064 040c 36       		.byte	54
 1065 040d 80       		.byte	-128
 1066 040e 37       		.byte	55
 1067 040f 20       		.byte	32
 1068 0410 38       		.byte	56
 1069 0411 08       		.byte	8
 1070 0412 39       		.byte	57
 1071 0413 12       		.byte	18
 1072 0414 3D       		.byte	61
 1073 0415 80       		.byte	-128
 1074 0416 3E       		.byte	62
 1075 0417 20       		.byte	32
 1076 0418 3F       		.byte	63
 1077 0419 04       		.byte	4
 1078 041a 40       		.byte	64
 1079 041b 40       		.byte	64
 1080 041c 48       		.byte	72
 1081 041d 4A       		.byte	74
 1082 041e 4A       		.byte	74
 1083 041f 10       		.byte	16
ARM GAS  C:\Users\pxc\AppData\Local\Temp\cc7ePlMj.s 			page 20


 1084 0420 4C       		.byte	76
 1085 0421 02       		.byte	2
 1086 0422 4E       		.byte	78
 1087 0423 01       		.byte	1
 1088 0424 50       		.byte	80
 1089 0425 40       		.byte	64
 1090 0426 5D       		.byte	93
 1091 0427 02       		.byte	2
 1092 0428 65       		.byte	101
 1093 0429 10       		.byte	16
 1094 042a 66       		.byte	102
 1095 042b 01       		.byte	1
 1096 042c 67       		.byte	103
 1097 042d 01       		.byte	1
 1098 042e 69       		.byte	105
 1099 042f 50       		.byte	80
 1100 0430 6A       		.byte	106
 1101 0431 10       		.byte	16
 1102 0432 79       		.byte	121
 1103 0433 40       		.byte	64
 1104 0434 82       		.byte	-126
 1105 0435 01       		.byte	1
 1106 0436 83       		.byte	-125
 1107 0437 10       		.byte	16
 1108 0438 86       		.byte	-122
 1109 0439 10       		.byte	16
 1110 043a 91       		.byte	-111
 1111 043b 20       		.byte	32
 1112 043c 92       		.byte	-110
 1113 043d 08       		.byte	8
 1114 043e 93       		.byte	-109
 1115 043f 24       		.byte	36
 1116 0440 95       		.byte	-107
 1117 0441 40       		.byte	64
 1118 0442 96       		.byte	-106
 1119 0443 12       		.byte	18
 1120 0444 98       		.byte	-104
 1121 0445 01       		.byte	1
 1122 0446 99       		.byte	-103
 1123 0447 04       		.byte	4
 1124 0448 9A       		.byte	-102
 1125 0449 04       		.byte	4
 1126 044a 9F       		.byte	-97
 1127 044b 08       		.byte	8
 1128 044c A0       		.byte	-96
 1129 044d 88       		.byte	-120
 1130 044e A3       		.byte	-93
 1131 044f 02       		.byte	2
 1132 0450 A4       		.byte	-92
 1133 0451 40       		.byte	64
 1134 0452 A5       		.byte	-91
 1135 0453 48       		.byte	72
 1136 0454 A7       		.byte	-89
 1137 0455 61       		.byte	97
 1138 0456 AD       		.byte	-83
 1139 0457 80       		.byte	-128
 1140 0458 AF       		.byte	-81
ARM GAS  C:\Users\pxc\AppData\Local\Temp\cc7ePlMj.s 			page 21


 1141 0459 08       		.byte	8
 1142 045a B3       		.byte	-77
 1143 045b 04       		.byte	4
 1144 045c C0       		.byte	-64
 1145 045d 07       		.byte	7
 1146 045e C2       		.byte	-62
 1147 045f 1F       		.byte	31
 1148 0460 C4       		.byte	-60
 1149 0461 AF       		.byte	-81
 1150 0462 CA       		.byte	-54
 1151 0463 4A       		.byte	74
 1152 0464 CC       		.byte	-52
 1153 0465 74       		.byte	116
 1154 0466 CE       		.byte	-50
 1155 0467 77       		.byte	119
 1156 0468 D0       		.byte	-48
 1157 0469 01       		.byte	1
 1158 046a D2       		.byte	-46
 1159 046b 0C       		.byte	12
 1160 046c D6       		.byte	-42
 1161 046d 80       		.byte	-128
 1162 046e D8       		.byte	-40
 1163 046f B0       		.byte	-80
 1164 0470 DE       		.byte	-34
 1165 0471 08       		.byte	8
 1166 0472 E4       		.byte	-28
 1167 0473 08       		.byte	8
 1168 0474 E6       		.byte	-26
 1169 0475 01       		.byte	1
 1170 0476 EE       		.byte	-18
 1171 0477 04       		.byte	4
 1172 0478 15       		.byte	21
 1173 0479 01       		.byte	1
 1174 047a 35       		.byte	53
 1175 047b 01       		.byte	1
 1176 047c 3F       		.byte	63
 1177 047d 10       		.byte	16
 1178 047e 54       		.byte	84
 1179 047f 01       		.byte	1
 1180 0480 56       		.byte	86
 1181 0481 04       		.byte	4
 1182 0482 58       		.byte	88
 1183 0483 04       		.byte	4
 1184 0484 59       		.byte	89
 1185 0485 04       		.byte	4
 1186 0486 5B       		.byte	91
 1187 0487 04       		.byte	4
 1188 0488 5D       		.byte	93
 1189 0489 10       		.byte	16
 1190 048a 5F       		.byte	95
 1191 048b 01       		.byte	1
 1192 048c 81       		.byte	-127
 1193 048d 03       		.byte	3
 1194 048e 8D       		.byte	-115
 1195 048f 03       		.byte	3
 1196 0490 95       		.byte	-107
 1197 0491 02       		.byte	2
ARM GAS  C:\Users\pxc\AppData\Local\Temp\cc7ePlMj.s 			page 22


 1198 0492 97       		.byte	-105
 1199 0493 01       		.byte	1
 1200 0494 99       		.byte	-103
 1201 0495 03       		.byte	3
 1202 0496 A1       		.byte	-95
 1203 0497 03       		.byte	3
 1204 0498 AB       		.byte	-85
 1205 0499 03       		.byte	3
 1206 049a AD       		.byte	-83
 1207 049b 03       		.byte	3
 1208 049c B3       		.byte	-77
 1209 049d 01       		.byte	1
 1210 049e B5       		.byte	-75
 1211 049f 02       		.byte	2
 1212 04a0 D8       		.byte	-40
 1213 04a1 04       		.byte	4
 1214 04a2 D9       		.byte	-39
 1215 04a3 04       		.byte	4
 1216 04a4 DF       		.byte	-33
 1217 04a5 01       		.byte	1
 1218 04a6 01       		.byte	1
 1219 04a7 80       		.byte	-128
 1220 04a8 02       		.byte	2
 1221 04a9 40       		.byte	64
 1222 04aa 05       		.byte	5
 1223 04ab 40       		.byte	64
 1224 04ac 06       		.byte	6
 1225 04ad C0       		.byte	-64
 1226 04ae 08       		.byte	8
 1227 04af 85       		.byte	-123
 1228 04b0 0B       		.byte	11
 1229 04b1 04       		.byte	4
 1230 04b2 0C       		.byte	12
 1231 04b3 01       		.byte	1
 1232 04b4 0D       		.byte	13
 1233 04b5 09       		.byte	9
 1234 04b6 0E       		.byte	14
 1235 04b7 A0       		.byte	-96
 1236 04b8 0F       		.byte	15
 1237 04b9 04       		.byte	4
 1238 04ba 10       		.byte	16
 1239 04bb 10       		.byte	16
 1240 04bc 14       		.byte	20
 1241 04bd 80       		.byte	-128
 1242 04be 16       		.byte	22
 1243 04bf 20       		.byte	32
 1244 04c0 21       		.byte	33
 1245 04c1 04       		.byte	4
 1246 04c2 22       		.byte	34
 1247 04c3 10       		.byte	16
 1248 04c4 27       		.byte	39
 1249 04c5 08       		.byte	8
 1250 04c6 28       		.byte	40
 1251 04c7 84       		.byte	-124
 1252 04c8 29       		.byte	41
 1253 04c9 C0       		.byte	-64
 1254 04ca 2A       		.byte	42
ARM GAS  C:\Users\pxc\AppData\Local\Temp\cc7ePlMj.s 			page 23


 1255 04cb 20       		.byte	32
 1256 04cc 2B       		.byte	43
 1257 04cd 84       		.byte	-124
 1258 04ce 2E       		.byte	46
 1259 04cf A0       		.byte	-96
 1260 04d0 2F       		.byte	47
 1261 04d1 80       		.byte	-128
 1262 04d2 30       		.byte	48
 1263 04d3 20       		.byte	32
 1264 04d4 31       		.byte	49
 1265 04d5 08       		.byte	8
 1266 04d6 34       		.byte	52
 1267 04d7 19       		.byte	25
 1268 04d8 35       		.byte	53
 1269 04d9 40       		.byte	64
 1270 04da 36       		.byte	54
 1271 04db 10       		.byte	16
 1272 04dc 39       		.byte	57
 1273 04dd 02       		.byte	2
 1274 04de 3A       		.byte	58
 1275 04df 80       		.byte	-128
 1276 04e0 3F       		.byte	63
 1277 04e1 04       		.byte	4
 1278 04e2 5D       		.byte	93
 1279 04e3 02       		.byte	2
 1280 04e4 5E       		.byte	94
 1281 04e5 50       		.byte	80
 1282 04e6 5F       		.byte	95
 1283 04e7 08       		.byte	8
 1284 04e8 66       		.byte	102
 1285 04e9 01       		.byte	1
 1286 04ea 84       		.byte	-124
 1287 04eb 08       		.byte	8
 1288 04ec 85       		.byte	-123
 1289 04ed 02       		.byte	2
 1290 04ee 89       		.byte	-119
 1291 04ef 04       		.byte	4
 1292 04f0 8E       		.byte	-114
 1293 04f1 10       		.byte	16
 1294 04f2 98       		.byte	-104
 1295 04f3 80       		.byte	-128
 1296 04f4 99       		.byte	-103
 1297 04f5 40       		.byte	64
 1298 04f6 9A       		.byte	-102
 1299 04f7 80       		.byte	-128
 1300 04f8 9E       		.byte	-98
 1301 04f9 01       		.byte	1
 1302 04fa A1       		.byte	-95
 1303 04fb 08       		.byte	8
 1304 04fc A2       		.byte	-94
 1305 04fd 40       		.byte	64
 1306 04fe A3       		.byte	-93
 1307 04ff 04       		.byte	4
 1308 0500 B2       		.byte	-78
 1309 0501 80       		.byte	-128
 1310 0502 C0       		.byte	-64
 1311 0503 99       		.byte	-103
ARM GAS  C:\Users\pxc\AppData\Local\Temp\cc7ePlMj.s 			page 24


 1312 0504 C2       		.byte	-62
 1313 0505 7F       		.byte	127
 1314 0506 C4       		.byte	-60
 1315 0507 34       		.byte	52
 1316 0508 CA       		.byte	-54
 1317 0509 BD       		.byte	-67
 1318 050a CC       		.byte	-52
 1319 050b F6       		.byte	-10
 1320 050c CE       		.byte	-50
 1321 050d 49       		.byte	73
 1322 050e D6       		.byte	-42
 1323 050f F0       		.byte	-16
 1324 0510 D8       		.byte	-40
 1325 0511 80       		.byte	-128
 1326 0512 E6       		.byte	-26
 1327 0513 01       		.byte	1
 1328 0514 EC       		.byte	-20
 1329 0515 20       		.byte	32
 1330 0516 EE       		.byte	-18
 1331 0517 04       		.byte	4
 1332 0518 98       		.byte	-104
 1333 0519 80       		.byte	-128
 1334 051a 99       		.byte	-103
 1335 051b 40       		.byte	64
 1336 051c 9E       		.byte	-98
 1337 051d 01       		.byte	1
 1338 051e A1       		.byte	-95
 1339 051f 08       		.byte	8
 1340 0520 A2       		.byte	-94
 1341 0521 40       		.byte	64
 1342 0522 A3       		.byte	-93
 1343 0523 04       		.byte	4
 1344 0524 AA       		.byte	-86
 1345 0525 40       		.byte	64
 1346 0526 B8       		.byte	-72
 1347 0527 02       		.byte	2
 1348 0528 BE       		.byte	-66
 1349 0529 01       		.byte	1
 1350 052a D8       		.byte	-40
 1351 052b 04       		.byte	4
 1352 052c DF       		.byte	-33
 1353 052d 01       		.byte	1
 1354 052e 1A       		.byte	26
 1355 052f 80       		.byte	-128
 1356 0530 8A       		.byte	-118
 1357 0531 40       		.byte	64
 1358 0532 8C       		.byte	-116
 1359 0533 80       		.byte	-128
 1360 0534 8E       		.byte	-114
 1361 0535 01       		.byte	1
 1362 0536 99       		.byte	-103
 1363 0537 40       		.byte	64
 1364 0538 A1       		.byte	-95
 1365 0539 08       		.byte	8
 1366 053a A3       		.byte	-93
 1367 053b 04       		.byte	4
 1368 053c B1       		.byte	-79
ARM GAS  C:\Users\pxc\AppData\Local\Temp\cc7ePlMj.s 			page 25


 1369 053d 40       		.byte	64
 1370 053e B7       		.byte	-73
 1371 053f 04       		.byte	4
 1372 0540 E0       		.byte	-32
 1373 0541 30       		.byte	48
 1374 0542 E6       		.byte	-26
 1375 0543 40       		.byte	64
 1376 0544 E8       		.byte	-24
 1377 0545 C0       		.byte	-64
 1378 0546 8D       		.byte	-115
 1379 0547 08       		.byte	8
 1380 0548 E4       		.byte	-28
 1381 0549 10       		.byte	16
 1382 054a 00       		.byte	0
 1383 054b 67       		.byte	103
 1384 054c 01       		.byte	1
 1385 054d 12       		.byte	18
 1386 054e 02       		.byte	2
 1387 054f 18       		.byte	24
 1388 0550 03       		.byte	3
 1389 0551 0C       		.byte	12
 1390 0552 04       		.byte	4
 1391 0553 3C       		.byte	60
 1392 0554 05       		.byte	5
 1393 0555 3E       		.byte	62
 1394 0556 06       		.byte	6
 1395 0557 42       		.byte	66
 1396 0558 09       		.byte	9
 1397 0559 3E       		.byte	62
 1398 055a 0C       		.byte	12
 1399 055b 7F       		.byte	127
 1400 055c 0F       		.byte	15
 1401 055d 01       		.byte	1
 1402 055e 11       		.byte	17
 1403 055f 01       		.byte	1
 1404 0560 12       		.byte	18
 1405 0561 04       		.byte	4
 1406 0562 14       		.byte	20
 1407 0563 80       		.byte	-128
 1408 0564 15       		.byte	21
 1409 0565 24       		.byte	36
 1410 0566 17       		.byte	23
 1411 0567 0A       		.byte	10
 1412 0568 18       		.byte	24
 1413 0569 08       		.byte	8
 1414 056a 1C       		.byte	28
 1415 056b 04       		.byte	4
 1416 056c 1D       		.byte	29
 1417 056d 08       		.byte	8
 1418 056e 1F       		.byte	31
 1419 056f 30       		.byte	48
 1420 0570 20       		.byte	32
 1421 0571 10       		.byte	16
 1422 0572 23       		.byte	35
 1423 0573 01       		.byte	1
 1424 0574 24       		.byte	36
 1425 0575 3C       		.byte	60
ARM GAS  C:\Users\pxc\AppData\Local\Temp\cc7ePlMj.s 			page 26


 1426 0576 26       		.byte	38
 1427 0577 41       		.byte	65
 1428 0578 27       		.byte	39
 1429 0579 01       		.byte	1
 1430 057a 28       		.byte	40
 1431 057b 18       		.byte	24
 1432 057c 2D       		.byte	45
 1433 057d 01       		.byte	1
 1434 057e 2E       		.byte	46
 1435 057f 03       		.byte	3
 1436 0580 30       		.byte	48
 1437 0581 80       		.byte	-128
 1438 0582 32       		.byte	50
 1439 0583 1F       		.byte	31
 1440 0584 33       		.byte	51
 1441 0585 06       		.byte	6
 1442 0586 34       		.byte	52
 1443 0587 20       		.byte	32
 1444 0588 35       		.byte	53
 1445 0589 01       		.byte	1
 1446 058a 36       		.byte	54
 1447 058b 40       		.byte	64
 1448 058c 37       		.byte	55
 1449 058d 38       		.byte	56
 1450 058e 38       		.byte	56
 1451 058f 80       		.byte	-128
 1452 0590 3A       		.byte	58
 1453 0591 08       		.byte	8
 1454 0592 3E       		.byte	62
 1455 0593 11       		.byte	17
 1456 0594 3F       		.byte	63
 1457 0595 10       		.byte	16
 1458 0596 56       		.byte	86
 1459 0597 02       		.byte	2
 1460 0598 57       		.byte	87
 1461 0599 11       		.byte	17
 1462 059a 58       		.byte	88
 1463 059b 04       		.byte	4
 1464 059c 59       		.byte	89
 1465 059d 04       		.byte	4
 1466 059e 5B       		.byte	91
 1467 059f 04       		.byte	4
 1468 05a0 5C       		.byte	92
 1469 05a1 11       		.byte	17
 1470 05a2 5D       		.byte	93
 1471 05a3 10       		.byte	16
 1472 05a4 5F       		.byte	95
 1473 05a5 01       		.byte	1
 1474 05a6 D8       		.byte	-40
 1475 05a7 04       		.byte	4
 1476 05a8 D9       		.byte	-39
 1477 05a9 04       		.byte	4
 1478 05aa DF       		.byte	-33
 1479 05ab 01       		.byte	1
 1480 05ac 01       		.byte	1
 1481 05ad 08       		.byte	8
 1482 05ae 02       		.byte	2
ARM GAS  C:\Users\pxc\AppData\Local\Temp\cc7ePlMj.s 			page 27


 1483 05af 20       		.byte	32
 1484 05b0 03       		.byte	3
 1485 05b1 82       		.byte	-126
 1486 05b2 05       		.byte	5
 1487 05b3 04       		.byte	4
 1488 05b4 06       		.byte	6
 1489 05b5 08       		.byte	8
 1490 05b6 07       		.byte	7
 1491 05b7 01       		.byte	1
 1492 05b8 08       		.byte	8
 1493 05b9 01       		.byte	1
 1494 05ba 0A       		.byte	10
 1495 05bb 04       		.byte	4
 1496 05bc 0B       		.byte	11
 1497 05bd 21       		.byte	33
 1498 05be 0C       		.byte	12
 1499 05bf 10       		.byte	16
 1500 05c0 0E       		.byte	14
 1501 05c1 80       		.byte	-128
 1502 05c2 10       		.byte	16
 1503 05c3 80       		.byte	-128
 1504 05c4 12       		.byte	18
 1505 05c5 12       		.byte	18
 1506 05c6 13       		.byte	19
 1507 05c7 10       		.byte	16
 1508 05c8 14       		.byte	20
 1509 05c9 40       		.byte	64
 1510 05ca 15       		.byte	21
 1511 05cb 20       		.byte	32
 1512 05cc 17       		.byte	23
 1513 05cd 10       		.byte	16
 1514 05ce 19       		.byte	25
 1515 05cf 98       		.byte	-104
 1516 05d0 1A       		.byte	26
 1517 05d1 40       		.byte	64
 1518 05d2 22       		.byte	34
 1519 05d3 48       		.byte	72
 1520 05d4 23       		.byte	35
 1521 05d5 08       		.byte	8
 1522 05d6 2A       		.byte	42
 1523 05d7 04       		.byte	4
 1524 05d8 2B       		.byte	43
 1525 05d9 41       		.byte	65
 1526 05da 2C       		.byte	44
 1527 05db 50       		.byte	80
 1528 05dc 32       		.byte	50
 1529 05dd 49       		.byte	73
 1530 05de 35       		.byte	53
 1531 05df 06       		.byte	6
 1532 05e0 36       		.byte	54
 1533 05e1 C0       		.byte	-64
 1534 05e2 37       		.byte	55
 1535 05e3 11       		.byte	17
 1536 05e4 38       		.byte	56
 1537 05e5 80       		.byte	-128
 1538 05e6 39       		.byte	57
 1539 05e7 14       		.byte	20
ARM GAS  C:\Users\pxc\AppData\Local\Temp\cc7ePlMj.s 			page 28


 1540 05e8 3B       		.byte	59
 1541 05e9 01       		.byte	1
 1542 05ea 3E       		.byte	62
 1543 05eb 08       		.byte	8
 1544 05ec 3F       		.byte	63
 1545 05ed 04       		.byte	4
 1546 05ee 59       		.byte	89
 1547 05ef 10       		.byte	16
 1548 05f0 68       		.byte	104
 1549 05f1 01       		.byte	1
 1550 05f2 69       		.byte	105
 1551 05f3 14       		.byte	20
 1552 05f4 6A       		.byte	106
 1553 05f5 20       		.byte	32
 1554 05f6 70       		.byte	112
 1555 05f7 80       		.byte	-128
 1556 05f8 71       		.byte	113
 1557 05f9 80       		.byte	-128
 1558 05fa 72       		.byte	114
 1559 05fb 04       		.byte	4
 1560 05fc 73       		.byte	115
 1561 05fd 10       		.byte	16
 1562 05fe 81       		.byte	-127
 1563 05ff 10       		.byte	16
 1564 0600 82       		.byte	-126
 1565 0601 80       		.byte	-128
 1566 0602 83       		.byte	-125
 1567 0603 09       		.byte	9
 1568 0604 84       		.byte	-124
 1569 0605 40       		.byte	64
 1570 0606 87       		.byte	-121
 1571 0607 01       		.byte	1
 1572 0608 88       		.byte	-120
 1573 0609 40       		.byte	64
 1574 060a 8E       		.byte	-114
 1575 060b 40       		.byte	64
 1576 060c 90       		.byte	-112
 1577 060d 80       		.byte	-128
 1578 060e 91       		.byte	-111
 1579 060f 20       		.byte	32
 1580 0610 92       		.byte	-110
 1581 0611 02       		.byte	2
 1582 0612 93       		.byte	-109
 1583 0613 24       		.byte	36
 1584 0614 95       		.byte	-107
 1585 0615 04       		.byte	4
 1586 0616 96       		.byte	-106
 1587 0617 A4       		.byte	-92
 1588 0618 97       		.byte	-105
 1589 0619 10       		.byte	16
 1590 061a 98       		.byte	-104
 1591 061b 11       		.byte	17
 1592 061c 99       		.byte	-103
 1593 061d 04       		.byte	4
 1594 061e 9A       		.byte	-102
 1595 061f 14       		.byte	20
 1596 0620 9D       		.byte	-99
ARM GAS  C:\Users\pxc\AppData\Local\Temp\cc7ePlMj.s 			page 29


 1597 0621 82       		.byte	-126
 1598 0622 9E       		.byte	-98
 1599 0623 80       		.byte	-128
 1600 0624 A2       		.byte	-94
 1601 0625 82       		.byte	-126
 1602 0626 A3       		.byte	-93
 1603 0627 C3       		.byte	-61
 1604 0628 A4       		.byte	-92
 1605 0629 41       		.byte	65
 1606 062a A5       		.byte	-91
 1607 062b 90       		.byte	-112
 1608 062c A6       		.byte	-90
 1609 062d 28       		.byte	40
 1610 062e C0       		.byte	-64
 1611 062f ED       		.byte	-19
 1612 0630 C2       		.byte	-62
 1613 0631 5F       		.byte	95
 1614 0632 C4       		.byte	-60
 1615 0633 5F       		.byte	95
 1616 0634 CA       		.byte	-54
 1617 0635 CB       		.byte	-53
 1618 0636 CC       		.byte	-52
 1619 0637 FB       		.byte	-5
 1620 0638 CE       		.byte	-50
 1621 0639 4F       		.byte	79
 1622 063a D6       		.byte	-42
 1623 063b 04       		.byte	4
 1624 063c E0       		.byte	-32
 1625 063d 04       		.byte	4
 1626 063e E2       		.byte	-30
 1627 063f 02       		.byte	2
 1628 0640 E6       		.byte	-26
 1629 0641 40       		.byte	64
 1630 0642 E8       		.byte	-24
 1631 0643 10       		.byte	16
 1632 0644 58       		.byte	88
 1633 0645 04       		.byte	4
 1634 0646 59       		.byte	89
 1635 0647 04       		.byte	4
 1636 0648 5F       		.byte	95
 1637 0649 01       		.byte	1
 1638 064a 00       		.byte	0
 1639 064b 22       		.byte	34
 1640 064c 01       		.byte	1
 1641 064d 84       		.byte	-124
 1642 064e 05       		.byte	5
 1643 064f 06       		.byte	6
 1644 0650 06       		.byte	6
 1645 0651 08       		.byte	8
 1646 0652 08       		.byte	8
 1647 0653 20       		.byte	32
 1648 0654 0A       		.byte	10
 1649 0655 6A       		.byte	106
 1650 0656 0C       		.byte	12
 1651 0657 10       		.byte	16
 1652 0658 0E       		.byte	14
 1653 0659 80       		.byte	-128
ARM GAS  C:\Users\pxc\AppData\Local\Temp\cc7ePlMj.s 			page 30


 1654 065a 10       		.byte	16
 1655 065b 80       		.byte	-128
 1656 065c 12       		.byte	18
 1657 065d 05       		.byte	5
 1658 065e 15       		.byte	21
 1659 065f 20       		.byte	32
 1660 0660 16       		.byte	22
 1661 0661 20       		.byte	32
 1662 0662 17       		.byte	23
 1663 0663 20       		.byte	32
 1664 0664 18       		.byte	24
 1665 0665 40       		.byte	64
 1666 0666 19       		.byte	25
 1667 0667 10       		.byte	16
 1668 0668 1A       		.byte	26
 1669 0669 50       		.byte	80
 1670 066a 1B       		.byte	27
 1671 066b 41       		.byte	65
 1672 066c 20       		.byte	32
 1673 066d 01       		.byte	1
 1674 066e 21       		.byte	33
 1675 066f 08       		.byte	8
 1676 0670 22       		.byte	34
 1677 0671 01       		.byte	1
 1678 0672 28       		.byte	40
 1679 0673 28       		.byte	40
 1680 0674 2A       		.byte	42
 1681 0675 81       		.byte	-127
 1682 0676 2B       		.byte	43
 1683 0677 40       		.byte	64
 1684 0678 2C       		.byte	44
 1685 0679 10       		.byte	16
 1686 067a 2F       		.byte	47
 1687 067b C0       		.byte	-64
 1688 067c 30       		.byte	48
 1689 067d 40       		.byte	64
 1690 067e 32       		.byte	50
 1691 067f 49       		.byte	73
 1692 0680 35       		.byte	53
 1693 0681 04       		.byte	4
 1694 0682 36       		.byte	54
 1695 0683 C0       		.byte	-64
 1696 0684 37       		.byte	55
 1697 0685 20       		.byte	32
 1698 0686 38       		.byte	56
 1699 0687 80       		.byte	-128
 1700 0688 3A       		.byte	58
 1701 0689 04       		.byte	4
 1702 068a 3C       		.byte	60
 1703 068b 80       		.byte	-128
 1704 068c 3D       		.byte	61
 1705 068d 90       		.byte	-112
 1706 068e 3E       		.byte	62
 1707 068f 28       		.byte	40
 1708 0690 3F       		.byte	63
 1709 0691 04       		.byte	4
 1710 0692 40       		.byte	64
ARM GAS  C:\Users\pxc\AppData\Local\Temp\cc7ePlMj.s 			page 31


 1711 0693 01       		.byte	1
 1712 0694 42       		.byte	66
 1713 0695 10       		.byte	16
 1714 0696 43       		.byte	67
 1715 0697 12       		.byte	18
 1716 0698 48       		.byte	72
 1717 0699 10       		.byte	16
 1718 069a 4B       		.byte	75
 1719 069b 80       		.byte	-128
 1720 069c 50       		.byte	80
 1721 069d 04       		.byte	4
 1722 069e 80       		.byte	-128
 1723 069f 48       		.byte	72
 1724 06a0 82       		.byte	-126
 1725 06a1 12       		.byte	18
 1726 06a2 84       		.byte	-124
 1727 06a3 01       		.byte	1
 1728 06a4 85       		.byte	-123
 1729 06a5 18       		.byte	24
 1730 06a6 90       		.byte	-112
 1731 06a7 80       		.byte	-128
 1732 06a8 91       		.byte	-111
 1733 06a9 20       		.byte	32
 1734 06aa 92       		.byte	-110
 1735 06ab 08       		.byte	8
 1736 06ac 93       		.byte	-109
 1737 06ad 24       		.byte	36
 1738 06ae 94       		.byte	-108
 1739 06af 48       		.byte	72
 1740 06b0 96       		.byte	-106
 1741 06b1 06       		.byte	6
 1742 06b2 97       		.byte	-105
 1743 06b3 90       		.byte	-112
 1744 06b4 98       		.byte	-104
 1745 06b5 10       		.byte	16
 1746 06b6 99       		.byte	-103
 1747 06b7 04       		.byte	4
 1748 06b8 9A       		.byte	-102
 1749 06b9 14       		.byte	20
 1750 06ba 9B       		.byte	-101
 1751 06bb 10       		.byte	16
 1752 06bc 9C       		.byte	-100
 1753 06bd 40       		.byte	64
 1754 06be 9D       		.byte	-99
 1755 06bf 10       		.byte	16
 1756 06c0 9E       		.byte	-98
 1757 06c1 20       		.byte	32
 1758 06c2 A0       		.byte	-96
 1759 06c3 80       		.byte	-128
 1760 06c4 A2       		.byte	-94
 1761 06c5 80       		.byte	-128
 1762 06c6 A3       		.byte	-93
 1763 06c7 82       		.byte	-126
 1764 06c8 A5       		.byte	-91
 1765 06c9 D0       		.byte	-48
 1766 06ca A6       		.byte	-90
 1767 06cb 2A       		.byte	42
ARM GAS  C:\Users\pxc\AppData\Local\Temp\cc7ePlMj.s 			page 32


 1768 06cc A7       		.byte	-89
 1769 06cd 41       		.byte	65
 1770 06ce AA       		.byte	-86
 1771 06cf 80       		.byte	-128
 1772 06d0 AB       		.byte	-85
 1773 06d1 20       		.byte	32
 1774 06d2 AC       		.byte	-84
 1775 06d3 10       		.byte	16
 1776 06d4 B1       		.byte	-79
 1777 06d5 10       		.byte	16
 1778 06d6 B3       		.byte	-77
 1779 06d7 20       		.byte	32
 1780 06d8 B4       		.byte	-76
 1781 06d9 40       		.byte	64
 1782 06da C0       		.byte	-64
 1783 06db 7F       		.byte	127
 1784 06dc C2       		.byte	-62
 1785 06dd 5F       		.byte	95
 1786 06de C4       		.byte	-60
 1787 06df 6B       		.byte	107
 1788 06e0 CA       		.byte	-54
 1789 06e1 4F       		.byte	79
 1790 06e2 CC       		.byte	-52
 1791 06e3 7B       		.byte	123
 1792 06e4 CE       		.byte	-50
 1793 06e5 7A       		.byte	122
 1794 06e6 D0       		.byte	-48
 1795 06e7 0F       		.byte	15
 1796 06e8 D2       		.byte	-46
 1797 06e9 08       		.byte	8
 1798 06ea E6       		.byte	-26
 1799 06eb 08       		.byte	8
 1800 06ec EE       		.byte	-18
 1801 06ed 06       		.byte	6
 1802 06ee 85       		.byte	-123
 1803 06ef 40       		.byte	64
 1804 06f0 96       		.byte	-106
 1805 06f1 40       		.byte	64
 1806 06f2 99       		.byte	-103
 1807 06f3 40       		.byte	64
 1808 06f4 A1       		.byte	-95
 1809 06f5 08       		.byte	8
 1810 06f6 AB       		.byte	-85
 1811 06f7 04       		.byte	4
 1812 06f8 AE       		.byte	-82
 1813 06f9 40       		.byte	64
 1814 06fa B0       		.byte	-80
 1815 06fb 20       		.byte	32
 1816 06fc B3       		.byte	-77
 1817 06fd 04       		.byte	4
 1818 06fe B6       		.byte	-74
 1819 06ff 10       		.byte	16
 1820 0700 EC       		.byte	-20
 1821 0701 30       		.byte	48
 1822 0702 82       		.byte	-126
 1823 0703 40       		.byte	64
 1824 0704 85       		.byte	-123
ARM GAS  C:\Users\pxc\AppData\Local\Temp\cc7ePlMj.s 			page 33


 1825 0705 08       		.byte	8
 1826 0706 89       		.byte	-119
 1827 0707 40       		.byte	64
 1828 0708 96       		.byte	-106
 1829 0709 40       		.byte	64
 1830 070a 99       		.byte	-103
 1831 070b 40       		.byte	64
 1832 070c A1       		.byte	-95
 1833 070d 08       		.byte	8
 1834 070e E2       		.byte	-30
 1835 070f 80       		.byte	-128
 1836 0710 E8       		.byte	-24
 1837 0711 10       		.byte	16
 1838 0712 12       		.byte	18
 1839 0713 20       		.byte	32
 1840 0714 16       		.byte	22
 1841 0715 80       		.byte	-128
 1842 0716 30       		.byte	48
 1843 0717 80       		.byte	-128
 1844 0718 32       		.byte	50
 1845 0719 04       		.byte	4
 1846 071a 37       		.byte	55
 1847 071b 18       		.byte	24
 1848 071c 3B       		.byte	59
 1849 071d 02       		.byte	2
 1850 071e 3E       		.byte	62
 1851 071f 80       		.byte	-128
 1852 0720 54       		.byte	84
 1853 0721 01       		.byte	1
 1854 0722 5A       		.byte	90
 1855 0723 80       		.byte	-128
 1856 0724 82       		.byte	-126
 1857 0725 40       		.byte	64
 1858 0726 84       		.byte	-124
 1859 0727 01       		.byte	1
 1860 0728 C4       		.byte	-60
 1861 0729 30       		.byte	48
 1862 072a CC       		.byte	-52
 1863 072b F0       		.byte	-16
 1864 072c CE       		.byte	-50
 1865 072d 60       		.byte	96
 1866 072e D4       		.byte	-44
 1867 072f 80       		.byte	-128
 1868 0730 D6       		.byte	-42
 1869 0731 20       		.byte	32
 1870 0732 E6       		.byte	-26
 1871 0733 90       		.byte	-112
 1872 0734 54       		.byte	84
 1873 0735 02       		.byte	2
 1874 0736 57       		.byte	87
 1875 0737 08       		.byte	8
 1876 0738 58       		.byte	88
 1877 0739 40       		.byte	64
 1878 073a 66       		.byte	102
 1879 073b 80       		.byte	-128
 1880 073c 67       		.byte	103
 1881 073d 10       		.byte	16
ARM GAS  C:\Users\pxc\AppData\Local\Temp\cc7ePlMj.s 			page 34


 1882 073e 84       		.byte	-124
 1883 073f 40       		.byte	64
 1884 0740 87       		.byte	-121
 1885 0741 08       		.byte	8
 1886 0742 8F       		.byte	-113
 1887 0743 08       		.byte	8
 1888 0744 96       		.byte	-106
 1889 0745 08       		.byte	8
 1890 0746 97       		.byte	-105
 1891 0747 02       		.byte	2
 1892 0748 9F       		.byte	-97
 1893 0749 18       		.byte	24
 1894 074a A4       		.byte	-92
 1895 074b 80       		.byte	-128
 1896 074c AE       		.byte	-82
 1897 074d 20       		.byte	32
 1898 074e D4       		.byte	-44
 1899 074f C0       		.byte	-64
 1900 0750 D6       		.byte	-42
 1901 0751 A0       		.byte	-96
 1902 0752 D8       		.byte	-40
 1903 0753 80       		.byte	-128
 1904 0754 E6       		.byte	-26
 1905 0755 50       		.byte	80
 1906 0756 EC       		.byte	-20
 1907 0757 40       		.byte	64
 1908 0758 12       		.byte	18
 1909 0759 80       		.byte	-128
 1910 075a 5B       		.byte	91
 1911 075b 02       		.byte	2
 1912 075c 96       		.byte	-106
 1913 075d 08       		.byte	8
 1914 075e 97       		.byte	-105
 1915 075f 02       		.byte	2
 1916 0760 9B       		.byte	-101
 1917 0761 02       		.byte	2
 1918 0762 9F       		.byte	-97
 1919 0763 10       		.byte	16
 1920 0764 A4       		.byte	-92
 1921 0765 80       		.byte	-128
 1922 0766 A8       		.byte	-88
 1923 0767 02       		.byte	2
 1924 0768 AB       		.byte	-85
 1925 0769 02       		.byte	2
 1926 076a AE       		.byte	-82
 1927 076b 80       		.byte	-128
 1928 076c B3       		.byte	-77
 1929 076d 10       		.byte	16
 1930 076e C4       		.byte	-60
 1931 076f 10       		.byte	16
 1932 0770 D6       		.byte	-42
 1933 0771 40       		.byte	64
 1934 0772 EA       		.byte	-22
 1935 0773 60       		.byte	96
 1936 0774 EE       		.byte	-18
 1937 0775 80       		.byte	-128
 1938 0776 83       		.byte	-125
ARM GAS  C:\Users\pxc\AppData\Local\Temp\cc7ePlMj.s 			page 35


 1939 0777 10       		.byte	16
 1940 0778 9F       		.byte	-97
 1941 0779 10       		.byte	16
 1942 077a AB       		.byte	-85
 1943 077b 01       		.byte	1
 1944 077c AC       		.byte	-84
 1945 077d 80       		.byte	-128
 1946 077e AE       		.byte	-82
 1947 077f 84       		.byte	-124
 1948 0780 E2       		.byte	-30
 1949 0781 20       		.byte	32
 1950 0782 EA       		.byte	-22
 1951 0783 10       		.byte	16
 1952 0784 EE       		.byte	-18
 1953 0785 20       		.byte	32
 1954 0786 66       		.byte	102
 1955 0787 40       		.byte	64
 1956 0788 D6       		.byte	-42
 1957 0789 01       		.byte	1
 1958 078a 9E       		.byte	-98
 1959 078b 40       		.byte	64
 1960 078c 1B       		.byte	27
 1961 078d 04       		.byte	4
 1962 078e 25       		.byte	37
 1963 078f 01       		.byte	1
 1964 0790 9E       		.byte	-98
 1965 0791 40       		.byte	64
 1966 0792 C6       		.byte	-58
 1967 0793 08       		.byte	8
 1968 0794 C8       		.byte	-56
 1969 0795 01       		.byte	1
 1970 0796 44       		.byte	68
 1971 0797 02       		.byte	2
 1972 0798 81       		.byte	-127
 1973 0799 01       		.byte	1
 1974 079a 8A       		.byte	-118
 1975 079b 40       		.byte	64
 1976 079c 8F       		.byte	-113
 1977 079d 01       		.byte	1
 1978 079e 9E       		.byte	-98
 1979 079f 40       		.byte	64
 1980 07a0 A1       		.byte	-95
 1981 07a1 01       		.byte	1
 1982 07a2 AB       		.byte	-85
 1983 07a3 04       		.byte	4
 1984 07a4 D0       		.byte	-48
 1985 07a5 04       		.byte	4
 1986 07a6 E0       		.byte	-32
 1987 07a7 02       		.byte	2
 1988 07a8 E4       		.byte	-28
 1989 07a9 01       		.byte	1
 1990 07aa 24       		.byte	36
 1991 07ab 08       		.byte	8
 1992 07ac C8       		.byte	-56
 1993 07ad 20       		.byte	32
 1994 07ae 03       		.byte	3
 1995 07af 04       		.byte	4
ARM GAS  C:\Users\pxc\AppData\Local\Temp\cc7ePlMj.s 			page 36


 1996 07b0 56       		.byte	86
 1997 07b1 20       		.byte	32
 1998 07b2 83       		.byte	-125
 1999 07b3 04       		.byte	4
 2000 07b4 8E       		.byte	-114
 2001 07b5 20       		.byte	32
 2002 07b6 B4       		.byte	-76
 2003 07b7 04       		.byte	4
 2004 07b8 C0       		.byte	-64
 2005 07b9 40       		.byte	64
 2006 07ba D4       		.byte	-44
 2007 07bb 40       		.byte	64
 2008 07bc E0       		.byte	-32
 2009 07bd 80       		.byte	-128
 2010 07be 67       		.byte	103
 2011 07bf 02       		.byte	2
 2012 07c0 93       		.byte	-109
 2013 07c1 02       		.byte	2
 2014 07c2 9C       		.byte	-100
 2015 07c3 02       		.byte	2
 2016 07c4 D6       		.byte	-42
 2017 07c5 01       		.byte	1
 2018 07c6 B4       		.byte	-76
 2019 07c7 02       		.byte	2
 2020 07c8 E8       		.byte	-24
 2021 07c9 08       		.byte	8
 2022 07ca 00       		.byte	0
 2023 07cb 03       		.byte	3
 2024 07cc 01       		.byte	1
 2025 07cd 01       		.byte	1
 2026 07ce 08       		.byte	8
 2027 07cf 01       		.byte	1
 2028 07d0 0A       		.byte	10
 2029 07d1 03       		.byte	3
 2030 07d2 0B       		.byte	11
 2031 07d3 01       		.byte	1
 2032 07d4 0C       		.byte	12
 2033 07d5 03       		.byte	3
 2034 07d6 10       		.byte	16
 2035 07d7 03       		.byte	3
 2036 07d8 1A       		.byte	26
 2037 07d9 03       		.byte	3
 2038 07da 00       		.byte	0
 2039 07db EF       		.byte	-17
 2040 07dc 10       		.byte	16
 2041 07dd 0A       		.byte	10
 2042 07de 00       		.byte	0
 2043 07df 00       		.byte	0
 2044 07e0 20       		.byte	32
 2045 07e1 00       		.byte	0
 2046 07e2 00       		.byte	0
 2047 07e3 00       		.byte	0
 2048 07e4 20       		.byte	32
 2049 07e5 00       		.byte	0
 2050 07e6 00       		.byte	0
 2051 07e7 05       		.byte	5
 2052 07e8 00       		.byte	0
ARM GAS  C:\Users\pxc\AppData\Local\Temp\cc7ePlMj.s 			page 37


 2053 07e9 00       		.byte	0
 2054 07ea 40       		.byte	64
 2055 07eb 00       		.byte	0
 2056 07ec 00       		.byte	0
 2057 07ed 03       		.byte	3
 2058 07ee 40       		.byte	64
 2059 07ef 04       		.byte	4
 2060 07f0 01       		.byte	1
 2061 07f1 03       		.byte	3
 2062 07f2 0E       		.byte	14
 2063 07f3 0C       		.byte	12
 2064 07f4 20       		.byte	32
 2065 07f5 00       		.byte	0
 2066 07f6 00       		.byte	0
 2067 07f7 40       		.byte	64
 2068 07f8 00       		.byte	0
 2069 07f9 00       		.byte	0
 2070 07fa 1C       		.byte	28
 2071 07fb 00       		.byte	0
 2072 07fc 01       		.byte	1
 2073 07fd 00       		.byte	0
 2074 07fe 16       		.byte	22
 2075 07ff 20       		.byte	32
 2076 0800 00       		.byte	0
 2077 0801 0A       		.byte	10
 2078 0802 08       		.byte	8
 2079 0803 04       		.byte	4
 2080 0804 00       		.byte	0
 2081 0805 00       		.byte	0
 2082 0806 00       		.byte	0
 2083 0807 08       		.byte	8
 2084 0808 00       		.byte	0
 2085 0809 03       		.byte	3
 2086 080a 03       		.byte	3
 2087 080b 04       		.byte	4
 2088 080c 1C       		.byte	28
 2089 080d 00       		.byte	0
 2090 080e 03       		.byte	3
 2091 080f 50       		.byte	80
 2092 0810 1A       		.byte	26
 2093 0811 0F       		.byte	15
 2094 0812 20       		.byte	32
 2095 0813 10       		.byte	16
 2096 0814 40       		.byte	64
 2097 0815 00       		.byte	0
 2098 0816 0F       		.byte	15
 2099 0817 60       		.byte	96
 2100 0818 00       		.byte	0
 2101 0819 00       		.byte	0
 2102 081a 82       		.byte	-126
 2103 081b 02       		.byte	2
 2104 081c 00       		.byte	0
 2105 081d 00       		.byte	0
 2106 081e 10       		.byte	16
 2107 081f 40       		.byte	64
 2108 0820 53       		.byte	83
 2109 0821 04       		.byte	4
ARM GAS  C:\Users\pxc\AppData\Local\Temp\cc7ePlMj.s 			page 38


 2110 0822 02       		.byte	2
 2111 0823 00       		.byte	0
 2112 0824 01       		.byte	1
 2113 0825 0E       		.byte	14
 2114 0826 00       		.byte	0
 2115 0827 0C       		.byte	12
 2116 0828 11       		.byte	17
 2117 0829 FF       		.byte	-1
 2118 082a FF       		.byte	-1
 2119 082b FF       		.byte	-1
 2120 082c 62       		.byte	98
 2121 082d A0       		.byte	-96
 2122 082e F0       		.byte	-16
 2123 082f 41       		.byte	65
 2124 0830 0C       		.byte	12
 2125 0831 00       		.byte	0
 2126 0832 00       		.byte	0
 2127 0833 00       		.byte	0
 2128 0834 00       		.byte	0
 2129 0835 00       		.byte	0
 2130 0836 00       		.byte	0
 2131 0837 00       		.byte	0
 2132 0838 04       		.byte	4
 2133 0839 04       		.byte	4
 2134 083a 04       		.byte	4
 2135 083b 00       		.byte	0
 2136 083c 11       		.byte	17
 2137 083d 01       		.byte	1
 2138 083e 00       		.byte	0
 2139 083f 01       		.byte	1
 2140 0840 00       		.byte	0
 2141 0841 00       		.byte	0
 2142 0842 00       		.byte	0
 2143 0843 00       		.byte	0
 2144 0844 00       		.byte	0
 2145 0845 00       		.byte	0
 2146 0846 40       		.byte	64
 2147 0847 02       		.byte	2
 2148 0848 00       		.byte	0
 2149 0849 10       		.byte	16
 2150 084a 30       		.byte	48
 2151 084b 10       		.byte	16
 2152 084c 00       		.byte	0
 2153 084d 10       		.byte	16
 2154 084e 10       		.byte	16
 2155 084f 12       		.byte	18
 2156 0850 00       		.byte	0
 2157 0851 00       		.byte	0
 2158 0852 00       		.byte	0
 2159 0853 00       		.byte	0
 2160 0854 00       		.byte	0
 2161 0855 00       		.byte	0
 2162 0856 00       		.byte	0
 2163 0857 00       		.byte	0
 2164 0858 00       		.byte	0
 2165 0859 00       		.byte	0
 2166 085a 00       		.byte	0
ARM GAS  C:\Users\pxc\AppData\Local\Temp\cc7ePlMj.s 			page 39


 2167 085b 00       		.byte	0
 2168 085c 00       		.byte	0
 2169 085d 00       		.byte	0
 2170 085e 00       		.byte	0
 2171 085f 00       		.byte	0
 2172 0860 C0       		.byte	-64
 2173 0861 00       		.byte	0
 2174 0862 00       		.byte	0
 2175 0863 C0       		.byte	-64
 2176 0864 00       		.byte	0
 2177 0865 00       		.byte	0
 2178 0866 00       		.byte	0
 2179 0867 37       		.byte	55
 2180 0868 37       		.byte	55
 2181 0869 00       		.byte	0
 2182 086a 00       		.byte	0
 2183 086b 00       		.byte	0
 2184 086c 00       		.byte	0
 2185 086d 00       		.byte	0
 2186 086e 00       		.byte	0
 2187 086f 00       		.byte	0
 2188 0870 00       		.byte	0
 2189 0871 20       		.byte	32
 2190 0872 20       		.byte	32
 2191 0873 00       		.byte	0
 2192 0874 00       		.byte	0
 2193 0875 1C       		.byte	28
 2194 0876 1C       		.byte	28
 2195 0877 00       		.byte	0
 2196 0878 00       		.byte	0
 2197 0879 00       		.byte	0
 2198 087a 00       		.byte	0
 2199 087b 00       		.byte	0
 2200 087c 08       		.byte	8
 2201 087d 00       		.byte	0
 2202 087e 04       		.byte	4
 2203 087f 08       		.byte	8
 2204 0880 08       		.byte	8
 2205 0881 00       		.byte	0
 2206 0882 08       		.byte	8
 2207 0883 00       		.byte	0
 2208 0884 00       		.byte	0
 2209 0885 00       		.byte	0
 2210 0886 00       		.byte	0
 2211 0887 00       		.byte	0
 2212 0888 FC       		.byte	-4
 2213 0889 00       		.byte	0
 2214 088a 00       		.byte	0
 2215 088b FC       		.byte	-4
 2216 088c 00       		.byte	0
 2217 088d 00       		.byte	0
 2218 088e 00       		.byte	0
 2219 088f 03       		.byte	3
 2220 0890 03       		.byte	3
 2221 0891 00       		.byte	0
 2222 0892 00       		.byte	0
 2223 0893 00       		.byte	0
ARM GAS  C:\Users\pxc\AppData\Local\Temp\cc7ePlMj.s 			page 40


 2224 0894 00       		.byte	0
 2225 0895 00       		.byte	0
 2226 0896 00       		.byte	0
 2227 0897 00       		.byte	0
 2228 0898 00       		.byte	0
 2229 0899 20       		.byte	32
 2230 089a 20       		.byte	32
 2231 089b 00       		.byte	0
 2232 089c 00       		.byte	0
 2233 089d 01       		.byte	1
 2234 089e 00       		.byte	0
 2235 089f 00       		.byte	0
 2236              		.section	.cywolatch,"a",%progbits
 2237              		.align	2
 2238              		.type	cy_meta_wonvl, %object
 2239              		.size	cy_meta_wonvl, 4
 2240              	cy_meta_wonvl:
 2241 0000 BC       		.byte	-68
 2242 0001 90       		.byte	-112
 2243 0002 AC       		.byte	-84
 2244 0003 AF       		.byte	-81
 2245              		.section	.cycustnvl,"a",%progbits
 2246              		.align	2
 2247              		.type	cy_meta_custnvl, %object
 2248              		.size	cy_meta_custnvl, 4
 2249              	cy_meta_custnvl:
 2250 0000 00       		.byte	0
 2251 0001 00       		.byte	0
 2252 0002 40       		.byte	64
 2253 0003 05       		.byte	5
 2254              		.section	.cymeta,"a",%progbits
 2255              		.align	2
 2256              		.type	cy_metadata, %object
 2257              		.size	cy_metadata, 12
 2258              	cy_metadata:
 2259 0000 00       		.byte	0
 2260 0001 01       		.byte	1
 2261 0002 2E       		.byte	46
 2262 0003 13       		.byte	19
 2263 0004 30       		.byte	48
 2264 0005 69       		.byte	105
 2265 0006 00       		.byte	0
 2266 0007 01       		.byte	1
 2267 0008 00       		.byte	0
 2268 0009 00       		.byte	0
 2269 000a 00       		.byte	0
 2270 000b 00       		.byte	0
 2271              		.section	.cyflashprotect,"a",%progbits
 2272              		.align	2
 2273              		.type	cy_meta_flashprotect, %object
 2274              		.size	cy_meta_flashprotect, 128
 2275              	cy_meta_flashprotect:
 2276 0000 00000000 		.space	128
 2276      00000000 
 2276      00000000 
 2276      00000000 
 2276      00000000 
ARM GAS  C:\Users\pxc\AppData\Local\Temp\cc7ePlMj.s 			page 41


 2277              		.text
 2278              	.Letext0:
 2279              		.file 1 ".\\Generated_Source\\PSoC5\\cymetadata.c"
 2280              		.file 2 ".\\Generated_Source\\PSoC5\\cytypes.h"
 2281              		.section	.debug_info,"",%progbits
 2282              	.Ldebug_info0:
 2283 0000 3A010000 		.4byte	0x13a
 2284 0004 0400     		.2byte	0x4
 2285 0006 00000000 		.4byte	.Ldebug_abbrev0
 2286 000a 04       		.byte	0x4
 2287 000b 01       		.uleb128 0x1
 2288 000c BE000000 		.4byte	.LASF18
 2289 0010 01       		.byte	0x1
 2290 0011 2A000000 		.4byte	.LASF19
 2291 0015 00000000 		.4byte	.LASF20
 2292 0019 00000000 		.4byte	.Ldebug_line0
 2293 001d 02       		.uleb128 0x2
 2294 001e 01       		.byte	0x1
 2295 001f 06       		.byte	0x6
 2296 0020 C8010000 		.4byte	.LASF0
 2297 0024 02       		.uleb128 0x2
 2298 0025 01       		.byte	0x1
 2299 0026 08       		.byte	0x8
 2300 0027 62000000 		.4byte	.LASF1
 2301 002b 02       		.uleb128 0x2
 2302 002c 02       		.byte	0x2
 2303 002d 05       		.byte	0x5
 2304 002e AF010000 		.4byte	.LASF2
 2305 0032 02       		.uleb128 0x2
 2306 0033 02       		.byte	0x2
 2307 0034 07       		.byte	0x7
 2308 0035 82000000 		.4byte	.LASF3
 2309 0039 02       		.uleb128 0x2
 2310 003a 04       		.byte	0x4
 2311 003b 05       		.byte	0x5
 2312 003c BF010000 		.4byte	.LASF4
 2313 0040 02       		.uleb128 0x2
 2314 0041 04       		.byte	0x4
 2315 0042 07       		.byte	0x7
 2316 0043 70000000 		.4byte	.LASF5
 2317 0047 02       		.uleb128 0x2
 2318 0048 08       		.byte	0x8
 2319 0049 05       		.byte	0x5
 2320 004a 9C010000 		.4byte	.LASF6
 2321 004e 02       		.uleb128 0x2
 2322 004f 08       		.byte	0x8
 2323 0050 07       		.byte	0x7
 2324 0051 59010000 		.4byte	.LASF7
 2325 0055 03       		.uleb128 0x3
 2326 0056 04       		.byte	0x4
 2327 0057 05       		.byte	0x5
 2328 0058 696E7400 		.ascii	"int\000"
 2329 005c 02       		.uleb128 0x2
 2330 005d 04       		.byte	0x4
 2331 005e 07       		.byte	0x7
 2332 005f 4C010000 		.4byte	.LASF8
 2333 0063 04       		.uleb128 0x4
ARM GAS  C:\Users\pxc\AppData\Local\Temp\cc7ePlMj.s 			page 42


 2334 0064 B9010000 		.4byte	.LASF21
 2335 0068 02       		.byte	0x2
 2336 0069 C2       		.byte	0xc2
 2337 006a 24000000 		.4byte	0x24
 2338 006e 02       		.uleb128 0x2
 2339 006f 04       		.byte	0x4
 2340 0070 04       		.byte	0x4
 2341 0071 5C000000 		.4byte	.LASF9
 2342 0075 02       		.uleb128 0x2
 2343 0076 08       		.byte	0x8
 2344 0077 04       		.byte	0x4
 2345 0078 95000000 		.4byte	.LASF10
 2346 007c 02       		.uleb128 0x2
 2347 007d 01       		.byte	0x1
 2348 007e 08       		.byte	0x8
 2349 007f AA010000 		.4byte	.LASF11
 2350 0083 05       		.uleb128 0x5
 2351 0084 63000000 		.4byte	0x63
 2352 0088 94000000 		.4byte	0x94
 2353 008c 06       		.uleb128 0x6
 2354 008d 94000000 		.4byte	0x94
 2355 0091 9F08     		.2byte	0x89f
 2356 0093 00       		.byte	0
 2357 0094 02       		.uleb128 0x2
 2358 0095 04       		.byte	0x4
 2359 0096 07       		.byte	0x7
 2360 0097 93010000 		.4byte	.LASF12
 2361 009b 07       		.uleb128 0x7
 2362 009c AC000000 		.4byte	.LASF13
 2363 00a0 01       		.byte	0x1
 2364 00a1 1C       		.byte	0x1c
 2365 00a2 AC000000 		.4byte	0xac
 2366 00a6 05       		.uleb128 0x5
 2367 00a7 03       		.byte	0x3
 2368 00a8 00000000 		.4byte	cy_meta_configecc
 2369 00ac 08       		.uleb128 0x8
 2370 00ad 83000000 		.4byte	0x83
 2371 00b1 05       		.uleb128 0x5
 2372 00b2 63000000 		.4byte	0x63
 2373 00b6 C1000000 		.4byte	0xc1
 2374 00ba 09       		.uleb128 0x9
 2375 00bb 94000000 		.4byte	0x94
 2376 00bf 03       		.byte	0x3
 2377 00c0 00       		.byte	0
 2378 00c1 0A       		.uleb128 0xa
 2379 00c2 9C000000 		.4byte	.LASF14
 2380 00c6 01       		.byte	0x1
 2381 00c7 3A01     		.2byte	0x13a
 2382 00c9 D3000000 		.4byte	0xd3
 2383 00cd 05       		.uleb128 0x5
 2384 00ce 03       		.byte	0x3
 2385 00cf 00000000 		.4byte	cy_meta_custnvl
 2386 00d3 08       		.uleb128 0x8
 2387 00d4 B1000000 		.4byte	0xb1
 2388 00d8 0A       		.uleb128 0xa
 2389 00d9 85010000 		.4byte	.LASF15
 2390 00dd 01       		.byte	0x1
ARM GAS  C:\Users\pxc\AppData\Local\Temp\cc7ePlMj.s 			page 43


 2391 00de 4501     		.2byte	0x145
 2392 00e0 EA000000 		.4byte	0xea
 2393 00e4 05       		.uleb128 0x5
 2394 00e5 03       		.byte	0x3
 2395 00e6 00000000 		.4byte	cy_meta_wonvl
 2396 00ea 08       		.uleb128 0x8
 2397 00eb B1000000 		.4byte	0xb1
 2398 00ef 05       		.uleb128 0x5
 2399 00f0 63000000 		.4byte	0x63
 2400 00f4 FF000000 		.4byte	0xff
 2401 00f8 09       		.uleb128 0x9
 2402 00f9 94000000 		.4byte	0x94
 2403 00fd 7F       		.byte	0x7f
 2404 00fe 00       		.byte	0
 2405 00ff 0A       		.uleb128 0xa
 2406 0100 70010000 		.4byte	.LASF16
 2407 0104 01       		.byte	0x1
 2408 0105 5001     		.2byte	0x150
 2409 0107 11010000 		.4byte	0x111
 2410 010b 05       		.uleb128 0x5
 2411 010c 03       		.byte	0x3
 2412 010d 00000000 		.4byte	cy_meta_flashprotect
 2413 0111 08       		.uleb128 0x8
 2414 0112 EF000000 		.4byte	0xef
 2415 0116 05       		.uleb128 0x5
 2416 0117 63000000 		.4byte	0x63
 2417 011b 26010000 		.4byte	0x126
 2418 011f 09       		.uleb128 0x9
 2419 0120 94000000 		.4byte	0x94
 2420 0124 0B       		.byte	0xb
 2421 0125 00       		.byte	0
 2422 0126 0A       		.uleb128 0xa
 2423 0127 50000000 		.4byte	.LASF17
 2424 012b 01       		.byte	0x1
 2425 012c 6A01     		.2byte	0x16a
 2426 012e 38010000 		.4byte	0x138
 2427 0132 05       		.uleb128 0x5
 2428 0133 03       		.byte	0x3
 2429 0134 00000000 		.4byte	cy_metadata
 2430 0138 08       		.uleb128 0x8
 2431 0139 16010000 		.4byte	0x116
 2432 013d 00       		.byte	0
 2433              		.section	.debug_abbrev,"",%progbits
 2434              	.Ldebug_abbrev0:
 2435 0000 01       		.uleb128 0x1
 2436 0001 11       		.uleb128 0x11
 2437 0002 01       		.byte	0x1
 2438 0003 25       		.uleb128 0x25
 2439 0004 0E       		.uleb128 0xe
 2440 0005 13       		.uleb128 0x13
 2441 0006 0B       		.uleb128 0xb
 2442 0007 03       		.uleb128 0x3
 2443 0008 0E       		.uleb128 0xe
 2444 0009 1B       		.uleb128 0x1b
 2445 000a 0E       		.uleb128 0xe
 2446 000b 10       		.uleb128 0x10
 2447 000c 17       		.uleb128 0x17
ARM GAS  C:\Users\pxc\AppData\Local\Temp\cc7ePlMj.s 			page 44


 2448 000d 00       		.byte	0
 2449 000e 00       		.byte	0
 2450 000f 02       		.uleb128 0x2
 2451 0010 24       		.uleb128 0x24
 2452 0011 00       		.byte	0
 2453 0012 0B       		.uleb128 0xb
 2454 0013 0B       		.uleb128 0xb
 2455 0014 3E       		.uleb128 0x3e
 2456 0015 0B       		.uleb128 0xb
 2457 0016 03       		.uleb128 0x3
 2458 0017 0E       		.uleb128 0xe
 2459 0018 00       		.byte	0
 2460 0019 00       		.byte	0
 2461 001a 03       		.uleb128 0x3
 2462 001b 24       		.uleb128 0x24
 2463 001c 00       		.byte	0
 2464 001d 0B       		.uleb128 0xb
 2465 001e 0B       		.uleb128 0xb
 2466 001f 3E       		.uleb128 0x3e
 2467 0020 0B       		.uleb128 0xb
 2468 0021 03       		.uleb128 0x3
 2469 0022 08       		.uleb128 0x8
 2470 0023 00       		.byte	0
 2471 0024 00       		.byte	0
 2472 0025 04       		.uleb128 0x4
 2473 0026 16       		.uleb128 0x16
 2474 0027 00       		.byte	0
 2475 0028 03       		.uleb128 0x3
 2476 0029 0E       		.uleb128 0xe
 2477 002a 3A       		.uleb128 0x3a
 2478 002b 0B       		.uleb128 0xb
 2479 002c 3B       		.uleb128 0x3b
 2480 002d 0B       		.uleb128 0xb
 2481 002e 49       		.uleb128 0x49
 2482 002f 13       		.uleb128 0x13
 2483 0030 00       		.byte	0
 2484 0031 00       		.byte	0
 2485 0032 05       		.uleb128 0x5
 2486 0033 01       		.uleb128 0x1
 2487 0034 01       		.byte	0x1
 2488 0035 49       		.uleb128 0x49
 2489 0036 13       		.uleb128 0x13
 2490 0037 01       		.uleb128 0x1
 2491 0038 13       		.uleb128 0x13
 2492 0039 00       		.byte	0
 2493 003a 00       		.byte	0
 2494 003b 06       		.uleb128 0x6
 2495 003c 21       		.uleb128 0x21
 2496 003d 00       		.byte	0
 2497 003e 49       		.uleb128 0x49
 2498 003f 13       		.uleb128 0x13
 2499 0040 2F       		.uleb128 0x2f
 2500 0041 05       		.uleb128 0x5
 2501 0042 00       		.byte	0
 2502 0043 00       		.byte	0
 2503 0044 07       		.uleb128 0x7
 2504 0045 34       		.uleb128 0x34
ARM GAS  C:\Users\pxc\AppData\Local\Temp\cc7ePlMj.s 			page 45


 2505 0046 00       		.byte	0
 2506 0047 03       		.uleb128 0x3
 2507 0048 0E       		.uleb128 0xe
 2508 0049 3A       		.uleb128 0x3a
 2509 004a 0B       		.uleb128 0xb
 2510 004b 3B       		.uleb128 0x3b
 2511 004c 0B       		.uleb128 0xb
 2512 004d 49       		.uleb128 0x49
 2513 004e 13       		.uleb128 0x13
 2514 004f 3F       		.uleb128 0x3f
 2515 0050 19       		.uleb128 0x19
 2516 0051 02       		.uleb128 0x2
 2517 0052 18       		.uleb128 0x18
 2518 0053 00       		.byte	0
 2519 0054 00       		.byte	0
 2520 0055 08       		.uleb128 0x8
 2521 0056 26       		.uleb128 0x26
 2522 0057 00       		.byte	0
 2523 0058 49       		.uleb128 0x49
 2524 0059 13       		.uleb128 0x13
 2525 005a 00       		.byte	0
 2526 005b 00       		.byte	0
 2527 005c 09       		.uleb128 0x9
 2528 005d 21       		.uleb128 0x21
 2529 005e 00       		.byte	0
 2530 005f 49       		.uleb128 0x49
 2531 0060 13       		.uleb128 0x13
 2532 0061 2F       		.uleb128 0x2f
 2533 0062 0B       		.uleb128 0xb
 2534 0063 00       		.byte	0
 2535 0064 00       		.byte	0
 2536 0065 0A       		.uleb128 0xa
 2537 0066 34       		.uleb128 0x34
 2538 0067 00       		.byte	0
 2539 0068 03       		.uleb128 0x3
 2540 0069 0E       		.uleb128 0xe
 2541 006a 3A       		.uleb128 0x3a
 2542 006b 0B       		.uleb128 0xb
 2543 006c 3B       		.uleb128 0x3b
 2544 006d 05       		.uleb128 0x5
 2545 006e 49       		.uleb128 0x49
 2546 006f 13       		.uleb128 0x13
 2547 0070 3F       		.uleb128 0x3f
 2548 0071 19       		.uleb128 0x19
 2549 0072 02       		.uleb128 0x2
 2550 0073 18       		.uleb128 0x18
 2551 0074 00       		.byte	0
 2552 0075 00       		.byte	0
 2553 0076 00       		.byte	0
 2554              		.section	.debug_aranges,"",%progbits
 2555 0000 14000000 		.4byte	0x14
 2556 0004 0200     		.2byte	0x2
 2557 0006 00000000 		.4byte	.Ldebug_info0
 2558 000a 04       		.byte	0x4
 2559 000b 00       		.byte	0
 2560 000c 0000     		.2byte	0
 2561 000e 0000     		.2byte	0
ARM GAS  C:\Users\pxc\AppData\Local\Temp\cc7ePlMj.s 			page 46


 2562 0010 00000000 		.4byte	0
 2563 0014 00000000 		.4byte	0
 2564              		.section	.debug_line,"",%progbits
 2565              	.Ldebug_line0:
 2566 0000 4F000000 		.section	.debug_str,"MS",%progbits,1
 2566      02004900 
 2566      00000201 
 2566      FB0E0D00 
 2566      01010101 
 2567              	.LASF20:
 2568 0000 443A5C72 		.ascii	"D:\\robot\\git_code\\robot_control\\car.cydsn\000"
 2568      6F626F74 
 2568      5C676974 
 2568      5F636F64 
 2568      655C726F 
 2569              	.LASF19:
 2570 002a 2E5C4765 		.ascii	".\\Generated_Source\\PSoC5\\cymetadata.c\000"
 2570      6E657261 
 2570      7465645F 
 2570      536F7572 
 2570      63655C50 
 2571              	.LASF17:
 2572 0050 63795F6D 		.ascii	"cy_metadata\000"
 2572      65746164 
 2572      61746100 
 2573              	.LASF9:
 2574 005c 666C6F61 		.ascii	"float\000"
 2574      7400
 2575              	.LASF1:
 2576 0062 756E7369 		.ascii	"unsigned char\000"
 2576      676E6564 
 2576      20636861 
 2576      7200
 2577              	.LASF5:
 2578 0070 6C6F6E67 		.ascii	"long unsigned int\000"
 2578      20756E73 
 2578      69676E65 
 2578      6420696E 
 2578      7400
 2579              	.LASF3:
 2580 0082 73686F72 		.ascii	"short unsigned int\000"
 2580      7420756E 
 2580      7369676E 
 2580      65642069 
 2580      6E7400
 2581              	.LASF10:
 2582 0095 646F7562 		.ascii	"double\000"
 2582      6C6500
 2583              	.LASF14:
 2584 009c 63795F6D 		.ascii	"cy_meta_custnvl\000"
 2584      6574615F 
 2584      63757374 
 2584      6E766C00 
 2585              	.LASF13:
 2586 00ac 63795F6D 		.ascii	"cy_meta_configecc\000"
 2586      6574615F 
 2586      636F6E66 
ARM GAS  C:\Users\pxc\AppData\Local\Temp\cc7ePlMj.s 			page 47


 2586      69676563 
 2586      6300
 2587              	.LASF18:
 2588 00be 474E5520 		.ascii	"GNU C 4.9.3 20150303 (release) [ARM/embedded-4_9-br"
 2588      4320342E 
 2588      392E3320 
 2588      32303135 
 2588      30333033 
 2589 00f1 616E6368 		.ascii	"anch revision 221220] -mcpu=cortex-m3 -mthumb -g -O"
 2589      20726576 
 2589      6973696F 
 2589      6E203232 
 2589      31323230 
 2590 0124 67202D66 		.ascii	"g -ffunction-sections -ffat-lto-objects\000"
 2590      66756E63 
 2590      74696F6E 
 2590      2D736563 
 2590      74696F6E 
 2591              	.LASF8:
 2592 014c 756E7369 		.ascii	"unsigned int\000"
 2592      676E6564 
 2592      20696E74 
 2592      00
 2593              	.LASF7:
 2594 0159 6C6F6E67 		.ascii	"long long unsigned int\000"
 2594      206C6F6E 
 2594      6720756E 
 2594      7369676E 
 2594      65642069 
 2595              	.LASF16:
 2596 0170 63795F6D 		.ascii	"cy_meta_flashprotect\000"
 2596      6574615F 
 2596      666C6173 
 2596      6870726F 
 2596      74656374 
 2597              	.LASF15:
 2598 0185 63795F6D 		.ascii	"cy_meta_wonvl\000"
 2598      6574615F 
 2598      776F6E76 
 2598      6C00
 2599              	.LASF12:
 2600 0193 73697A65 		.ascii	"sizetype\000"
 2600      74797065 
 2600      00
 2601              	.LASF6:
 2602 019c 6C6F6E67 		.ascii	"long long int\000"
 2602      206C6F6E 
 2602      6720696E 
 2602      7400
 2603              	.LASF11:
 2604 01aa 63686172 		.ascii	"char\000"
 2604      00
 2605              	.LASF2:
 2606 01af 73686F72 		.ascii	"short int\000"
 2606      7420696E 
 2606      7400
 2607              	.LASF21:
ARM GAS  C:\Users\pxc\AppData\Local\Temp\cc7ePlMj.s 			page 48


 2608 01b9 75696E74 		.ascii	"uint8\000"
 2608      3800
 2609              	.LASF4:
 2610 01bf 6C6F6E67 		.ascii	"long int\000"
 2610      20696E74 
 2610      00
 2611              	.LASF0:
 2612 01c8 7369676E 		.ascii	"signed char\000"
 2612      65642063 
 2612      68617200 
 2613              		.ident	"GCC: (GNU Tools for ARM Embedded Processors) 4.9.3 20150303 (release) [ARM/embedded-4_9-br
