ARM GAS  C:\Users\pxc\AppData\Local\Temp\cckNWg9K.s 			page 1


   1              		.syntax unified
   2              		.cpu cortex-m3
   3              		.fpu softvfp
   4              		.eabi_attribute 20, 1
   5              		.eabi_attribute 21, 1
   6              		.eabi_attribute 23, 3
   7              		.eabi_attribute 24, 1
   8              		.eabi_attribute 25, 1
   9              		.eabi_attribute 26, 1
  10              		.eabi_attribute 30, 1
  11              		.eabi_attribute 34, 1
  12              		.eabi_attribute 18, 4
  13              		.thumb
  14              		.file	"main.c"
  15              		.text
  16              	.Ltext0:
  17              		.cfi_sections	.debug_frame
  18              		.section	.text.main,"ax",%progbits
  19              		.align	2
  20              		.global	main
  21              		.thumb
  22              		.thumb_func
  23              		.type	main, %function
  24              	main:
  25              	.LFB63:
  26              		.file 1 ".\\main.c"
   1:.\main.c      **** /* ========================================
   2:.\main.c      ****  *
   3:.\main.c      ****  * Copyright YOUR COMPANY, THE YEAR
   4:.\main.c      ****  * All Rights Reserved
   5:.\main.c      ****  * UNPUBLISHED, LICENSED SOFTWARE.
   6:.\main.c      ****  *
   7:.\main.c      ****  * CONFIDENTIAL AND PROPRIETARY INFORMATION
   8:.\main.c      ****  * WHICH IS THE PROPERTY OF your company.
   9:.\main.c      ****  *
  10:.\main.c      ****  * ========================================
  11:.\main.c      **** */
  12:.\main.c      **** #include <project.h>
  13:.\main.c      **** #include "ADC_V.h"
  14:.\main.c      **** #include "Transfer.h"
  15:.\main.c      **** #include "key.h"
  16:.\main.c      **** #include "buzzer.h"
  17:.\main.c      **** 
  18:.\main.c      **** 
  19:.\main.c      **** char8 command_connect[] = "AT+CONNL";
  20:.\main.c      **** 
  21:.\main.c      **** extern uint8 time_5ms_state;
  22:.\main.c      **** extern uint8 time_1s_state;
  23:.\main.c      **** void put_num(uint16 n);
  24:.\main.c      **** int main()
  25:.\main.c      **** {
  27              		.loc 1 25 0
  28              		.cfi_startproc
  29              		@ Volatile: function does not return.
  30              		@ args = 0, pretend = 0, frame = 0
  31              		@ frame_needed = 0, uses_anonymous_args = 0
  32 0000 00B5     		push	{lr}
ARM GAS  C:\Users\pxc\AppData\Local\Temp\cckNWg9K.s 			page 2


  33              		.cfi_def_cfa_offset 4
  34              		.cfi_offset 14, -4
  35 0002 87B0     		sub	sp, sp, #28
  36              		.cfi_def_cfa_offset 32
  26:.\main.c      ****     
  27:.\main.c      ****     CyGlobalIntEnable; /* Enable global interrupts. */
  37              		.loc 1 27 0
  38              	@ 27 ".\main.c" 1
  39 0004 62B6     		CPSIE   i
  40              	@ 0 "" 2
  28:.\main.c      ****   
  29:.\main.c      ****     /* Place your initialization/startup code here (e.g. MyInst_Start()) */
  30:.\main.c      ****   //  bzr_Init();
  31:.\main.c      ****     init_button();
  41              		.loc 1 31 0
  42              		.thumb
  43 0006 FFF7FEFF 		bl	init_button
  44              	.LVL0:
  32:.\main.c      ****    
  33:.\main.c      ****     UART_net_Init();
  45              		.loc 1 33 0
  46 000a FFF7FEFF 		bl	UART_net_Init
  47              	.LVL1:
  34:.\main.c      ****      
  35:.\main.c      ****     UART_net_Start();
  48              		.loc 1 35 0
  49 000e FFF7FEFF 		bl	UART_net_Start
  50              	.LVL2:
  36:.\main.c      ****  
  37:.\main.c      ****     Timer_1_Start(); 
  51              		.loc 1 37 0
  52 0012 FFF7FEFF 		bl	Timer_1_Start
  53              	.LVL3:
  38:.\main.c      ****     isr_timer_Start();
  54              		.loc 1 38 0
  55 0016 FFF7FEFF 		bl	isr_timer_Start
  56              	.LVL4:
  39:.\main.c      ****     
  40:.\main.c      ****     isr_rx_net_Start();
  57              		.loc 1 40 0
  58 001a FFF7FEFF 		bl	isr_rx_net_Start
  59              	.LVL5:
  41:.\main.c      ****     Monitor_Battery_Init();
  60              		.loc 1 41 0
  61 001e FFF7FEFF 		bl	Monitor_Battery_Init
  62              	.LVL6:
  42:.\main.c      **** 
  43:.\main.c      ****    // CyDelay(100);
  44:.\main.c      ****    // UART_net_PutString(command_connect);
  45:.\main.c      ****  //  CyDelay(500);
  46:.\main.c      **** //    bzr_SetBell(400,400,1,0,1); 
  47:.\main.c      ****   //  isr_net_Start();
  48:.\main.c      ****   //  PWM_MOTOR_WriteCompare1(100);
  49:.\main.c      ****     CyDelay(3000);
  63              		.loc 1 49 0
  64 0022 40F6B830 		movw	r0, #3000
  65 0026 FFF7FEFF 		bl	CyDelay
ARM GAS  C:\Users\pxc\AppData\Local\Temp\cckNWg9K.s 			page 3


  66              	.LVL7:
  50:.\main.c      ****     UART_net_PutString("Init_ok \r\n");
  67              		.loc 1 50 0
  68 002a 1E48     		ldr	r0, .L6
  69 002c FFF7FEFF 		bl	UART_net_PutString
  70              	.LVL8:
  51:.\main.c      ****     UART_net_PutString("Hardware--V5.0\r\n");
  71              		.loc 1 51 0
  72 0030 1D48     		ldr	r0, .L6+4
  73 0032 FFF7FEFF 		bl	UART_net_PutString
  74              	.LVL9:
  52:.\main.c      ****     UART_net_PutString("Software--V.C.1.0\r\n");
  75              		.loc 1 52 0
  76 0036 1D48     		ldr	r0, .L6+8
  77 0038 FFF7FEFF 		bl	UART_net_PutString
  78              	.LVL10:
  53:.\main.c      ****     WARNING_BLUE_Write(0);
  79              		.loc 1 53 0
  80 003c 0020     		movs	r0, #0
  81 003e FFF7FEFF 		bl	WARNING_BLUE_Write
  82              	.LVL11:
  54:.\main.c      ****     WARNING_GREEN_Write(0);
  83              		.loc 1 54 0
  84 0042 0020     		movs	r0, #0
  85 0044 FFF7FEFF 		bl	WARNING_GREEN_Write
  86              	.LVL12:
  55:.\main.c      ****     WARNING_RED_Write(0);
  87              		.loc 1 55 0
  88 0048 0020     		movs	r0, #0
  89 004a FFF7FEFF 		bl	WARNING_RED_Write
  90              	.LVL13:
  91              	.L3:
  56:.\main.c      ****     for(;;)
  57:.\main.c      ****     {
  58:.\main.c      ****       /* Place your application code here. */
  59:.\main.c      ****       // UART_net_WriteTxData(0xff);
  60:.\main.c      ****     
  61:.\main.c      ****         
  62:.\main.c      ****       // DT_Data_Exchange();
  63:.\main.c      ****       // UART_net_PutChar(0xfe);
  64:.\main.c      ****       //Car_Dir(UP,1000);
  65:.\main.c      ****     if( time_1s_state == 1)
  92              		.loc 1 65 0
  93 004e 184B     		ldr	r3, .L6+12
  94 0050 1B78     		ldrb	r3, [r3]	@ zero_extendqisi2
  95 0052 012B     		cmp	r3, #1
  96 0054 1CD1     		bne	.L2
  97              	.LBB2:
  66:.\main.c      ****     {
  67:.\main.c      ****         Cal_Battery_loop();
  98              		.loc 1 67 0
  99 0056 FFF7FEFF 		bl	Cal_Battery_loop
 100              	.LVL14:
  68:.\main.c      ****         printf("CAR_X:%d | CAR_Y:%d | PTZ_X:%d |PTZ_Y:%d | LED1:%d | LED2:%d | LED3:%d | SPEED:%d \
 101              		.loc 1 68 0
 102 005a 164B     		ldr	r3, .L6+16
 103 005c 1988     		ldrh	r1, [r3]
ARM GAS  C:\Users\pxc\AppData\Local\Temp\cckNWg9K.s 			page 4


 104 005e 164B     		ldr	r3, .L6+20
 105 0060 1A88     		ldrh	r2, [r3]
 106 0062 164B     		ldr	r3, .L6+24
 107 0064 1B88     		ldrh	r3, [r3]
 108 0066 1648     		ldr	r0, .L6+28
 109 0068 0088     		ldrh	r0, [r0]
 110 006a 0090     		str	r0, [sp]
 111 006c 1548     		ldr	r0, .L6+32
 112 006e 0088     		ldrh	r0, [r0]
 113 0070 0190     		str	r0, [sp, #4]
 114 0072 1548     		ldr	r0, .L6+36
 115 0074 0088     		ldrh	r0, [r0]
 116 0076 0290     		str	r0, [sp, #8]
 117 0078 1448     		ldr	r0, .L6+40
 118 007a 0088     		ldrh	r0, [r0]
 119 007c 0390     		str	r0, [sp, #12]
 120 007e 1448     		ldr	r0, .L6+44
 121 0080 0088     		ldrh	r0, [r0]
 122 0082 0490     		str	r0, [sp, #16]
 123 0084 1348     		ldr	r0, .L6+48
 124 0086 FFF7FEFF 		bl	printf
 125              	.LVL15:
  69:.\main.c      ****         
  70:.\main.c      ****         time_1s_state = 0;
 126              		.loc 1 70 0
 127 008a 0022     		movs	r2, #0
 128 008c 084B     		ldr	r3, .L6+12
 129 008e 1A70     		strb	r2, [r3]
 130              	.L2:
 131              	.LBE2:
  71:.\main.c      ****         
  72:.\main.c      ****     }
  73:.\main.c      ****    if(time_5ms_state == 1)
 132              		.loc 1 73 0
 133 0090 114B     		ldr	r3, .L6+52
 134 0092 1B78     		ldrb	r3, [r3]	@ zero_extendqisi2
 135 0094 012B     		cmp	r3, #1
 136 0096 DAD1     		bne	.L3
  74:.\main.c      ****     {
  75:.\main.c      ****            button_ticks();
 137              		.loc 1 75 0
 138 0098 FFF7FEFF 		bl	button_ticks
 139              	.LVL16:
  76:.\main.c      ****            time_5ms_state = 0;
 140              		.loc 1 76 0
 141 009c 0022     		movs	r2, #0
 142 009e 0E4B     		ldr	r3, .L6+52
 143 00a0 1A70     		strb	r2, [r3]
 144 00a2 D4E7     		b	.L3
 145              	.L7:
 146              		.align	2
 147              	.L6:
 148 00a4 00000000 		.word	.LC0
 149 00a8 0C000000 		.word	.LC1
 150 00ac 20000000 		.word	.LC2
 151 00b0 00000000 		.word	time_1s_state
 152 00b4 00000000 		.word	CAR_X_V
ARM GAS  C:\Users\pxc\AppData\Local\Temp\cckNWg9K.s 			page 5


 153 00b8 00000000 		.word	CAR_Y_V
 154 00bc 00000000 		.word	PTZ_X_V
 155 00c0 00000000 		.word	PTZ_Y_V
 156 00c4 00000000 		.word	LED_1_V
 157 00c8 00000000 		.word	LED_2_V
 158 00cc 00000000 		.word	LED_3_V
 159 00d0 00000000 		.word	CAR_SPEED_V
 160 00d4 34000000 		.word	.LC3
 161 00d8 00000000 		.word	time_5ms_state
 162              		.cfi_endproc
 163              	.LFE63:
 164              		.size	main, .-main
 165              		.section	.text._write,"ax",%progbits
 166              		.align	2
 167              		.global	_write
 168              		.thumb
 169              		.thumb_func
 170              		.type	_write, %function
 171              	_write:
 172              	.LFB64:
  77:.\main.c      ****            
  78:.\main.c      ****     }
  79:.\main.c      ****     }
  80:.\main.c      **** }
  81:.\main.c      **** 
  82:.\main.c      **** int _write(int file, char *ptr, int len)
  83:.\main.c      **** {
 173              		.loc 1 83 0
 174              		.cfi_startproc
 175              		@ args = 0, pretend = 0, frame = 0
 176              		@ frame_needed = 0, uses_anonymous_args = 0
 177              	.LVL17:
 178 0000 70B5     		push	{r4, r5, r6, lr}
 179              		.cfi_def_cfa_offset 16
 180              		.cfi_offset 4, -16
 181              		.cfi_offset 5, -12
 182              		.cfi_offset 6, -8
 183              		.cfi_offset 14, -4
 184 0002 1646     		mov	r6, r2
 185              	.LVL18:
  84:.\main.c      ****     int i;
  85:.\main.c      ****     file = file;
  86:.\main.c      ****     for (i = 0; i < len; i++)
 186              		.loc 1 86 0
 187 0004 0024     		movs	r4, #0
 188 0006 05E0     		b	.L9
 189              	.LVL19:
 190              	.L10:
  87:.\main.c      ****     {
  88:.\main.c      ****         UART_net_PutChar(*ptr++);
 191              		.loc 1 88 0 discriminator 3
 192 0008 4D1C     		adds	r5, r1, #1
 193              	.LVL20:
 194 000a 0878     		ldrb	r0, [r1]	@ zero_extendqisi2
 195 000c FFF7FEFF 		bl	UART_net_PutChar
 196              	.LVL21:
  86:.\main.c      ****     {
ARM GAS  C:\Users\pxc\AppData\Local\Temp\cckNWg9K.s 			page 6


 197              		.loc 1 86 0 discriminator 3
 198 0010 0134     		adds	r4, r4, #1
 199              	.LVL22:
 200              		.loc 1 88 0 discriminator 3
 201 0012 2946     		mov	r1, r5
 202              	.LVL23:
 203              	.L9:
  86:.\main.c      ****     {
 204              		.loc 1 86 0 discriminator 1
 205 0014 B442     		cmp	r4, r6
 206 0016 F7DB     		blt	.L10
  89:.\main.c      ****     }
  90:.\main.c      ****     return len;
  91:.\main.c      **** }
 207              		.loc 1 91 0
 208 0018 3046     		mov	r0, r6
 209 001a 70BD     		pop	{r4, r5, r6, pc}
 210              		.cfi_endproc
 211              	.LFE64:
 212              		.size	_write, .-_write
 213              		.global	command_connect
 214              		.comm	g_Car,20,4
 215              		.comm	CAR_SPEED_V,2,2
 216              		.comm	LED_3_V,2,2
 217              		.comm	LED_2_V,2,2
 218              		.comm	LED_1_V,2,2
 219              		.comm	PTZ_Y_V,2,2
 220              		.comm	PTZ_X_V,2,2
 221              		.comm	CAR_Y_V,2,2
 222              		.comm	CAR_X_V,2,2
 223              		.comm	B_V,2,2
 224              		.data
 225              		.align	2
 226              		.type	command_connect, %object
 227              		.size	command_connect, 9
 228              	command_connect:
 229 0000 41542B43 		.ascii	"AT+CONNL\000"
 229      4F4E4E4C 
 229      00
 230 0009 000000   		.section	.rodata.str1.4,"aMS",%progbits,1
 231              		.align	2
 232              	.LC0:
 233 0000 496E6974 		.ascii	"Init_ok \015\012\000"
 233      5F6F6B20 
 233      0D0A00
 234 000b 00       		.space	1
 235              	.LC1:
 236 000c 48617264 		.ascii	"Hardware--V5.0\015\012\000"
 236      77617265 
 236      2D2D5635 
 236      2E300D0A 
 236      00
 237 001d 000000   		.space	3
 238              	.LC2:
 239 0020 536F6674 		.ascii	"Software--V.C.1.0\015\012\000"
 239      77617265 
 239      2D2D562E 
ARM GAS  C:\Users\pxc\AppData\Local\Temp\cckNWg9K.s 			page 7


 239      432E312E 
 239      300D0A00 
 240              	.LC3:
 241 0034 4341525F 		.ascii	"CAR_X:%d | CAR_Y:%d | PTZ_X:%d |PTZ_Y:%d | LED1:%d "
 241      583A2564 
 241      207C2043 
 241      41525F59 
 241      3A256420 
 242 0067 7C204C45 		.ascii	"| LED2:%d | LED3:%d | SPEED:%d \015\012\000"
 242      44323A25 
 242      64207C20 
 242      4C454433 
 242      3A256420 
 243 0089 000000   		.text
 244              	.Letext0:
 245              		.file 2 "c:\\program files (x86)\\cypress\\psoc creator\\3.3\\psoc creator\\import\\gnu\\arm\\4.9.
 246              		.file 3 "c:\\program files (x86)\\cypress\\psoc creator\\3.3\\psoc creator\\import\\gnu\\arm\\4.9.
 247              		.file 4 "Generated_Source\\PSoC5/cytypes.h"
 248              		.file 5 ".\\car.h"
 249              		.file 6 "Generated_Source\\PSoC5/core_cm3.h"
 250              		.file 7 ".\\ADC_V.h"
 251              		.file 8 "<built-in>"
 252              		.file 9 ".\\key.h"
 253              		.file 10 "Generated_Source\\PSoC5/UART_net.h"
 254              		.file 11 "Generated_Source\\PSoC5/Timer_1.h"
 255              		.file 12 "Generated_Source\\PSoC5/isr_timer.h"
 256              		.file 13 "Generated_Source\\PSoC5/isr_rx_net.h"
 257              		.file 14 "Generated_Source\\PSoC5/CyLib.h"
 258              		.file 15 "Generated_Source\\PSoC5/WARNING_BLUE.h"
 259              		.file 16 "Generated_Source\\PSoC5/WARNING_GREEN.h"
 260              		.file 17 "Generated_Source\\PSoC5/WARNING_RED.h"
 261              		.section	.debug_info,"",%progbits
 262              	.Ldebug_info0:
 263 0000 5D050000 		.4byte	0x55d
 264 0004 0400     		.2byte	0x4
 265 0006 00000000 		.4byte	.Ldebug_abbrev0
 266 000a 04       		.byte	0x4
 267 000b 01       		.uleb128 0x1
 268 000c 66030000 		.4byte	.LASF80
 269 0010 01       		.byte	0x1
 270 0011 A1000000 		.4byte	.LASF81
 271 0015 AB010000 		.4byte	.LASF82
 272 0019 00000000 		.4byte	.Ldebug_ranges0+0
 273 001d 00000000 		.4byte	0
 274 0021 00000000 		.4byte	.Ldebug_line0
 275 0025 02       		.uleb128 0x2
 276 0026 01       		.byte	0x1
 277 0027 06       		.byte	0x6
 278 0028 21020000 		.4byte	.LASF0
 279 002c 02       		.uleb128 0x2
 280 002d 01       		.byte	0x1
 281 002e 08       		.byte	0x8
 282 002f 13020000 		.4byte	.LASF1
 283 0033 02       		.uleb128 0x2
 284 0034 02       		.byte	0x2
 285 0035 05       		.byte	0x5
 286 0036 28000000 		.4byte	.LASF2
ARM GAS  C:\Users\pxc\AppData\Local\Temp\cckNWg9K.s 			page 8


 287 003a 02       		.uleb128 0x2
 288 003b 02       		.byte	0x2
 289 003c 07       		.byte	0x7
 290 003d 70020000 		.4byte	.LASF3
 291 0041 03       		.uleb128 0x3
 292 0042 5C030000 		.4byte	.LASF9
 293 0046 02       		.byte	0x2
 294 0047 3F       		.byte	0x3f
 295 0048 4C000000 		.4byte	0x4c
 296 004c 02       		.uleb128 0x2
 297 004d 04       		.byte	0x4
 298 004e 05       		.byte	0x5
 299 004f 19010000 		.4byte	.LASF4
 300 0053 02       		.uleb128 0x2
 301 0054 04       		.byte	0x4
 302 0055 07       		.byte	0x7
 303 0056 F4020000 		.4byte	.LASF5
 304 005a 02       		.uleb128 0x2
 305 005b 08       		.byte	0x8
 306 005c 05       		.byte	0x5
 307 005d F4000000 		.4byte	.LASF6
 308 0061 02       		.uleb128 0x2
 309 0062 08       		.byte	0x8
 310 0063 07       		.byte	0x7
 311 0064 2D020000 		.4byte	.LASF7
 312 0068 04       		.uleb128 0x4
 313 0069 04       		.byte	0x4
 314 006a 05       		.byte	0x5
 315 006b 696E7400 		.ascii	"int\000"
 316 006f 02       		.uleb128 0x2
 317 0070 04       		.byte	0x4
 318 0071 07       		.byte	0x7
 319 0072 4C020000 		.4byte	.LASF8
 320 0076 03       		.uleb128 0x3
 321 0077 A8020000 		.4byte	.LASF10
 322 007b 03       		.byte	0x3
 323 007c 2C       		.byte	0x2c
 324 007d 41000000 		.4byte	0x41
 325 0081 03       		.uleb128 0x3
 326 0082 AA000000 		.4byte	.LASF11
 327 0086 04       		.byte	0x4
 328 0087 C2       		.byte	0xc2
 329 0088 2C000000 		.4byte	0x2c
 330 008c 03       		.uleb128 0x3
 331 008d 8C000000 		.4byte	.LASF12
 332 0091 04       		.byte	0x4
 333 0092 C3       		.byte	0xc3
 334 0093 3A000000 		.4byte	0x3a
 335 0097 03       		.uleb128 0x3
 336 0098 ED020000 		.4byte	.LASF13
 337 009c 04       		.byte	0x4
 338 009d C4       		.byte	0xc4
 339 009e 53000000 		.4byte	0x53
 340 00a2 02       		.uleb128 0x2
 341 00a3 04       		.byte	0x4
 342 00a4 04       		.byte	0x4
 343 00a5 E5000000 		.4byte	.LASF14
ARM GAS  C:\Users\pxc\AppData\Local\Temp\cckNWg9K.s 			page 9


 344 00a9 02       		.uleb128 0x2
 345 00aa 08       		.byte	0x8
 346 00ab 04       		.byte	0x4
 347 00ac 69020000 		.4byte	.LASF15
 348 00b0 03       		.uleb128 0x3
 349 00b1 49000000 		.4byte	.LASF16
 350 00b5 04       		.byte	0x4
 351 00b6 D3       		.byte	0xd3
 352 00b7 BB000000 		.4byte	0xbb
 353 00bb 02       		.uleb128 0x2
 354 00bc 01       		.byte	0x1
 355 00bd 08       		.byte	0x8
 356 00be 8B020000 		.4byte	.LASF17
 357 00c2 02       		.uleb128 0x2
 358 00c3 04       		.byte	0x4
 359 00c4 07       		.byte	0x7
 360 00c5 40000000 		.4byte	.LASF18
 361 00c9 05       		.uleb128 0x5
 362 00ca 04       		.byte	0x4
 363 00cb BB000000 		.4byte	0xbb
 364 00cf 05       		.uleb128 0x5
 365 00d0 04       		.byte	0x4
 366 00d1 D5000000 		.4byte	0xd5
 367 00d5 06       		.uleb128 0x6
 368 00d6 BB000000 		.4byte	0xbb
 369 00da 07       		.uleb128 0x7
 370 00db E5020000 		.4byte	.LASF27
 371 00df 01       		.byte	0x1
 372 00e0 05       		.byte	0x5
 373 00e1 0F       		.byte	0xf
 374 00e2 1C010000 		.4byte	0x11c
 375 00e6 08       		.uleb128 0x8
 376 00e7 555000   		.ascii	"UP\000"
 377 00ea 00       		.sleb128 0
 378 00eb 09       		.uleb128 0x9
 379 00ec B0020000 		.4byte	.LASF19
 380 00f0 01       		.sleb128 1
 381 00f1 09       		.uleb128 0x9
 382 00f2 9A010000 		.4byte	.LASF20
 383 00f6 02       		.sleb128 2
 384 00f7 09       		.uleb128 0x9
 385 00f8 22000000 		.4byte	.LASF21
 386 00fc 03       		.sleb128 3
 387 00fd 09       		.uleb128 0x9
 388 00fe 83020000 		.4byte	.LASF22
 389 0102 04       		.sleb128 4
 390 0103 09       		.uleb128 0x9
 391 0104 4F000000 		.4byte	.LASF23
 392 0108 05       		.sleb128 5
 393 0109 09       		.uleb128 0x9
 394 010a 90010000 		.4byte	.LASF24
 395 010e 06       		.sleb128 6
 396 010f 09       		.uleb128 0x9
 397 0110 EB010000 		.4byte	.LASF25
 398 0114 07       		.sleb128 7
 399 0115 09       		.uleb128 0x9
 400 0116 02040000 		.4byte	.LASF26
ARM GAS  C:\Users\pxc\AppData\Local\Temp\cckNWg9K.s 			page 10


 401 011a 08       		.sleb128 8
 402 011b 00       		.byte	0
 403 011c 07       		.uleb128 0x7
 404 011d 64000000 		.4byte	.LASF28
 405 0121 01       		.byte	0x1
 406 0122 05       		.byte	0x5
 407 0123 14       		.byte	0x14
 408 0124 3B010000 		.4byte	0x13b
 409 0128 09       		.uleb128 0x9
 410 0129 53010000 		.4byte	.LASF29
 411 012d 00       		.sleb128 0
 412 012e 09       		.uleb128 0x9
 413 012f 7B000000 		.4byte	.LASF30
 414 0133 01       		.sleb128 1
 415 0134 09       		.uleb128 0x9
 416 0135 17040000 		.4byte	.LASF31
 417 0139 02       		.sleb128 2
 418 013a 00       		.byte	0
 419 013b 0A       		.uleb128 0xa
 420 013c 04       		.byte	0x4
 421 013d 05       		.byte	0x5
 422 013e 16       		.byte	0x16
 423 013f 5C010000 		.4byte	0x15c
 424 0143 0B       		.uleb128 0xb
 425 0144 70776D00 		.ascii	"pwm\000"
 426 0148 05       		.byte	0x5
 427 0149 18       		.byte	0x18
 428 014a 8C000000 		.4byte	0x8c
 429 014e 00       		.byte	0
 430 014f 0B       		.uleb128 0xb
 431 0150 64697200 		.ascii	"dir\000"
 432 0154 05       		.byte	0x5
 433 0155 19       		.byte	0x19
 434 0156 1C010000 		.4byte	0x11c
 435 015a 02       		.byte	0x2
 436 015b 00       		.byte	0
 437 015c 03       		.uleb128 0x3
 438 015d 1A000000 		.4byte	.LASF32
 439 0161 05       		.byte	0x5
 440 0162 1A       		.byte	0x1a
 441 0163 3B010000 		.4byte	0x13b
 442 0167 0A       		.uleb128 0xa
 443 0168 14       		.byte	0x14
 444 0169 05       		.byte	0x5
 445 016a 1B       		.byte	0x1b
 446 016b C4010000 		.4byte	0x1c4
 447 016f 0C       		.uleb128 0xc
 448 0170 B0000000 		.4byte	.LASF33
 449 0174 05       		.byte	0x5
 450 0175 1D       		.byte	0x1d
 451 0176 81000000 		.4byte	0x81
 452 017a 00       		.byte	0
 453 017b 0C       		.uleb128 0xc
 454 017c 84000000 		.4byte	.LASF34
 455 0180 05       		.byte	0x5
 456 0181 1E       		.byte	0x1e
 457 0182 DA000000 		.4byte	0xda
ARM GAS  C:\Users\pxc\AppData\Local\Temp\cckNWg9K.s 			page 11


 458 0186 01       		.byte	0x1
 459 0187 0C       		.uleb128 0xc
 460 0188 F4030000 		.4byte	.LASF35
 461 018c 05       		.byte	0x5
 462 018d 1F       		.byte	0x1f
 463 018e 8C000000 		.4byte	0x8c
 464 0192 02       		.byte	0x2
 465 0193 0C       		.uleb128 0xc
 466 0194 4B030000 		.4byte	.LASF36
 467 0198 05       		.byte	0x5
 468 0199 20       		.byte	0x20
 469 019a 5C010000 		.4byte	0x15c
 470 019e 04       		.byte	0x4
 471 019f 0C       		.uleb128 0xc
 472 01a0 00000000 		.4byte	.LASF37
 473 01a4 05       		.byte	0x5
 474 01a5 21       		.byte	0x21
 475 01a6 5C010000 		.4byte	0x15c
 476 01aa 08       		.byte	0x8
 477 01ab 0C       		.uleb128 0xc
 478 01ac 39030000 		.4byte	.LASF38
 479 01b0 05       		.byte	0x5
 480 01b1 22       		.byte	0x22
 481 01b2 5C010000 		.4byte	0x15c
 482 01b6 0C       		.byte	0xc
 483 01b7 0C       		.uleb128 0xc
 484 01b8 40010000 		.4byte	.LASF39
 485 01bc 05       		.byte	0x5
 486 01bd 23       		.byte	0x23
 487 01be 5C010000 		.4byte	0x15c
 488 01c2 10       		.byte	0x10
 489 01c3 00       		.byte	0
 490 01c4 03       		.uleb128 0x3
 491 01c5 B5020000 		.4byte	.LASF40
 492 01c9 05       		.byte	0x5
 493 01ca 24       		.byte	0x24
 494 01cb 67010000 		.4byte	0x167
 495 01cf 0D       		.uleb128 0xd
 496 01d0 01       		.byte	0x1
 497 01d1 09       		.byte	0x9
 498 01d2 1B       		.byte	0x1b
 499 01d3 0E020000 		.4byte	0x20e
 500 01d7 09       		.uleb128 0x9
 501 01d8 08020000 		.4byte	.LASF41
 502 01dc 00       		.sleb128 0
 503 01dd 09       		.uleb128 0x9
 504 01de EB000000 		.4byte	.LASF42
 505 01e2 01       		.sleb128 1
 506 01e3 09       		.uleb128 0x9
 507 01e4 52040000 		.4byte	.LASF43
 508 01e8 02       		.sleb128 2
 509 01e9 09       		.uleb128 0x9
 510 01ea 2C030000 		.4byte	.LASF44
 511 01ee 03       		.sleb128 3
 512 01ef 09       		.uleb128 0x9
 513 01f0 0E030000 		.4byte	.LASF45
 514 01f4 04       		.sleb128 4
ARM GAS  C:\Users\pxc\AppData\Local\Temp\cckNWg9K.s 			page 12


 515 01f5 09       		.uleb128 0x9
 516 01f6 5B010000 		.4byte	.LASF46
 517 01fa 05       		.sleb128 5
 518 01fb 09       		.uleb128 0x9
 519 01fc 07040000 		.4byte	.LASF47
 520 0200 06       		.sleb128 6
 521 0201 09       		.uleb128 0x9
 522 0202 90020000 		.4byte	.LASF48
 523 0206 07       		.sleb128 7
 524 0207 09       		.uleb128 0x9
 525 0208 DA000000 		.4byte	.LASF49
 526 020c 08       		.sleb128 8
 527 020d 00       		.byte	0
 528 020e 0E       		.uleb128 0xe
 529 020f 58000000 		.4byte	.LASF83
 530 0213 01       		.byte	0x1
 531 0214 18       		.byte	0x18
 532 0215 68000000 		.4byte	0x68
 533 0219 00000000 		.4byte	.LFB63
 534 021d DC000000 		.4byte	.LFE63-.LFB63
 535 0221 01       		.uleb128 0x1
 536 0222 9C       		.byte	0x9c
 537 0223 43030000 		.4byte	0x343
 538 0227 0F       		.uleb128 0xf
 539 0228 56000000 		.4byte	.LBB2
 540 022c 3A000000 		.4byte	.LBE2-.LBB2
 541 0230 67020000 		.4byte	0x267
 542 0234 10       		.uleb128 0x10
 543 0235 39010000 		.4byte	.LASF64
 544 0239 08       		.byte	0x8
 545 023a 00       		.byte	0
 546 023b 68000000 		.4byte	0x68
 547 023f 4A020000 		.4byte	0x24a
 548 0243 11       		.uleb128 0x11
 549 0244 CF000000 		.4byte	0xcf
 550 0248 12       		.uleb128 0x12
 551 0249 00       		.byte	0
 552 024a 13       		.uleb128 0x13
 553 024b 5A000000 		.4byte	.LVL14
 554 024f 92040000 		.4byte	0x492
 555 0253 14       		.uleb128 0x14
 556 0254 8A000000 		.4byte	.LVL15
 557 0258 9F040000 		.4byte	0x49f
 558 025c 15       		.uleb128 0x15
 559 025d 01       		.uleb128 0x1
 560 025e 50       		.byte	0x50
 561 025f 05       		.uleb128 0x5
 562 0260 03       		.byte	0x3
 563 0261 34000000 		.4byte	.LC3
 564 0265 00       		.byte	0
 565 0266 00       		.byte	0
 566 0267 13       		.uleb128 0x13
 567 0268 0A000000 		.4byte	.LVL0
 568 026c B5040000 		.4byte	0x4b5
 569 0270 13       		.uleb128 0x13
 570 0271 0E000000 		.4byte	.LVL1
 571 0275 BC040000 		.4byte	0x4bc
ARM GAS  C:\Users\pxc\AppData\Local\Temp\cckNWg9K.s 			page 13


 572 0279 13       		.uleb128 0x13
 573 027a 12000000 		.4byte	.LVL2
 574 027e C3040000 		.4byte	0x4c3
 575 0282 13       		.uleb128 0x13
 576 0283 16000000 		.4byte	.LVL3
 577 0287 CA040000 		.4byte	0x4ca
 578 028b 13       		.uleb128 0x13
 579 028c 1A000000 		.4byte	.LVL4
 580 0290 D1040000 		.4byte	0x4d1
 581 0294 13       		.uleb128 0x13
 582 0295 1E000000 		.4byte	.LVL5
 583 0299 D8040000 		.4byte	0x4d8
 584 029d 13       		.uleb128 0x13
 585 029e 22000000 		.4byte	.LVL6
 586 02a2 DF040000 		.4byte	0x4df
 587 02a6 16       		.uleb128 0x16
 588 02a7 2A000000 		.4byte	.LVL7
 589 02ab EC040000 		.4byte	0x4ec
 590 02af BB020000 		.4byte	0x2bb
 591 02b3 15       		.uleb128 0x15
 592 02b4 01       		.uleb128 0x1
 593 02b5 50       		.byte	0x50
 594 02b6 03       		.uleb128 0x3
 595 02b7 0A       		.byte	0xa
 596 02b8 B80B     		.2byte	0xbb8
 597 02ba 00       		.byte	0
 598 02bb 16       		.uleb128 0x16
 599 02bc 30000000 		.4byte	.LVL8
 600 02c0 FD040000 		.4byte	0x4fd
 601 02c4 D2020000 		.4byte	0x2d2
 602 02c8 15       		.uleb128 0x15
 603 02c9 01       		.uleb128 0x1
 604 02ca 50       		.byte	0x50
 605 02cb 05       		.uleb128 0x5
 606 02cc 03       		.byte	0x3
 607 02cd 00000000 		.4byte	.LC0
 608 02d1 00       		.byte	0
 609 02d2 16       		.uleb128 0x16
 610 02d3 36000000 		.4byte	.LVL9
 611 02d7 FD040000 		.4byte	0x4fd
 612 02db E9020000 		.4byte	0x2e9
 613 02df 15       		.uleb128 0x15
 614 02e0 01       		.uleb128 0x1
 615 02e1 50       		.byte	0x50
 616 02e2 05       		.uleb128 0x5
 617 02e3 03       		.byte	0x3
 618 02e4 0C000000 		.4byte	.LC1
 619 02e8 00       		.byte	0
 620 02e9 16       		.uleb128 0x16
 621 02ea 3C000000 		.4byte	.LVL10
 622 02ee FD040000 		.4byte	0x4fd
 623 02f2 00030000 		.4byte	0x300
 624 02f6 15       		.uleb128 0x15
 625 02f7 01       		.uleb128 0x1
 626 02f8 50       		.byte	0x50
 627 02f9 05       		.uleb128 0x5
 628 02fa 03       		.byte	0x3
ARM GAS  C:\Users\pxc\AppData\Local\Temp\cckNWg9K.s 			page 14


 629 02fb 20000000 		.4byte	.LC2
 630 02ff 00       		.byte	0
 631 0300 16       		.uleb128 0x16
 632 0301 42000000 		.4byte	.LVL11
 633 0305 19050000 		.4byte	0x519
 634 0309 13030000 		.4byte	0x313
 635 030d 15       		.uleb128 0x15
 636 030e 01       		.uleb128 0x1
 637 030f 50       		.byte	0x50
 638 0310 01       		.uleb128 0x1
 639 0311 30       		.byte	0x30
 640 0312 00       		.byte	0
 641 0313 16       		.uleb128 0x16
 642 0314 48000000 		.4byte	.LVL12
 643 0318 2A050000 		.4byte	0x52a
 644 031c 26030000 		.4byte	0x326
 645 0320 15       		.uleb128 0x15
 646 0321 01       		.uleb128 0x1
 647 0322 50       		.byte	0x50
 648 0323 01       		.uleb128 0x1
 649 0324 30       		.byte	0x30
 650 0325 00       		.byte	0
 651 0326 16       		.uleb128 0x16
 652 0327 4E000000 		.4byte	.LVL13
 653 032b 3B050000 		.4byte	0x53b
 654 032f 39030000 		.4byte	0x339
 655 0333 15       		.uleb128 0x15
 656 0334 01       		.uleb128 0x1
 657 0335 50       		.byte	0x50
 658 0336 01       		.uleb128 0x1
 659 0337 30       		.byte	0x30
 660 0338 00       		.byte	0
 661 0339 13       		.uleb128 0x13
 662 033a 9C000000 		.4byte	.LVL16
 663 033e 4C050000 		.4byte	0x54c
 664 0342 00       		.byte	0
 665 0343 17       		.uleb128 0x17
 666 0344 5D000000 		.4byte	.LASF84
 667 0348 01       		.byte	0x1
 668 0349 52       		.byte	0x52
 669 034a 68000000 		.4byte	0x68
 670 034e 00000000 		.4byte	.LFB64
 671 0352 1C000000 		.4byte	.LFE64-.LFB64
 672 0356 01       		.uleb128 0x1
 673 0357 9C       		.byte	0x9c
 674 0358 A0030000 		.4byte	0x3a0
 675 035c 18       		.uleb128 0x18
 676 035d 6E000000 		.4byte	.LASF50
 677 0361 01       		.byte	0x1
 678 0362 52       		.byte	0x52
 679 0363 68000000 		.4byte	0x68
 680 0367 00000000 		.4byte	.LLST0
 681 036b 19       		.uleb128 0x19
 682 036c 70747200 		.ascii	"ptr\000"
 683 0370 01       		.byte	0x1
 684 0371 52       		.byte	0x52
 685 0372 C9000000 		.4byte	0xc9
ARM GAS  C:\Users\pxc\AppData\Local\Temp\cckNWg9K.s 			page 15


 686 0376 21000000 		.4byte	.LLST1
 687 037a 19       		.uleb128 0x19
 688 037b 6C656E00 		.ascii	"len\000"
 689 037f 01       		.byte	0x1
 690 0380 52       		.byte	0x52
 691 0381 68000000 		.4byte	0x68
 692 0385 4A000000 		.4byte	.LLST2
 693 0389 1A       		.uleb128 0x1a
 694 038a 6900     		.ascii	"i\000"
 695 038c 01       		.byte	0x1
 696 038d 54       		.byte	0x54
 697 038e 68000000 		.4byte	0x68
 698 0392 68000000 		.4byte	.LLST3
 699 0396 13       		.uleb128 0x13
 700 0397 10000000 		.4byte	.LVL21
 701 039b 53050000 		.4byte	0x553
 702 039f 00       		.byte	0
 703 03a0 1B       		.uleb128 0x1b
 704 03a1 3D040000 		.4byte	.LASF51
 705 03a5 06       		.byte	0x6
 706 03a6 2A06     		.2byte	0x62a
 707 03a8 AC030000 		.4byte	0x3ac
 708 03ac 1C       		.uleb128 0x1c
 709 03ad 76000000 		.4byte	0x76
 710 03b1 1D       		.uleb128 0x1d
 711 03b2 425F5600 		.ascii	"B_V\000"
 712 03b6 07       		.byte	0x7
 713 03b7 1B       		.byte	0x1b
 714 03b8 8C000000 		.4byte	0x8c
 715 03bc 05       		.uleb128 0x5
 716 03bd 03       		.byte	0x3
 717 03be 00000000 		.4byte	B_V
 718 03c2 1E       		.uleb128 0x1e
 719 03c3 11010000 		.4byte	.LASF52
 720 03c7 07       		.byte	0x7
 721 03c8 1C       		.byte	0x1c
 722 03c9 8C000000 		.4byte	0x8c
 723 03cd 05       		.uleb128 0x5
 724 03ce 03       		.byte	0x3
 725 03cf 00000000 		.4byte	CAR_X_V
 726 03d3 1E       		.uleb128 0x1e
 727 03d4 73000000 		.4byte	.LASF53
 728 03d8 07       		.byte	0x7
 729 03d9 1D       		.byte	0x1d
 730 03da 8C000000 		.4byte	0x8c
 731 03de 05       		.uleb128 0x5
 732 03df 03       		.byte	0x3
 733 03e0 00000000 		.4byte	CAR_Y_V
 734 03e4 1E       		.uleb128 0x1e
 735 03e5 12000000 		.4byte	.LASF54
 736 03e9 07       		.byte	0x7
 737 03ea 1E       		.byte	0x1e
 738 03eb 8C000000 		.4byte	0x8c
 739 03ef 05       		.uleb128 0x5
 740 03f0 03       		.byte	0x3
 741 03f1 00000000 		.4byte	PTZ_X_V
 742 03f5 1E       		.uleb128 0x1e
ARM GAS  C:\Users\pxc\AppData\Local\Temp\cckNWg9K.s 			page 16


 743 03f6 35040000 		.4byte	.LASF55
 744 03fa 07       		.byte	0x7
 745 03fb 20       		.byte	0x20
 746 03fc 8C000000 		.4byte	0x8c
 747 0400 05       		.uleb128 0x5
 748 0401 03       		.byte	0x3
 749 0402 00000000 		.4byte	PTZ_Y_V
 750 0406 1E       		.uleb128 0x1e
 751 0407 06030000 		.4byte	.LASF56
 752 040b 07       		.byte	0x7
 753 040c 21       		.byte	0x21
 754 040d 8C000000 		.4byte	0x8c
 755 0411 05       		.uleb128 0x5
 756 0412 03       		.byte	0x3
 757 0413 00000000 		.4byte	LED_1_V
 758 0417 1E       		.uleb128 0x1e
 759 0418 A0020000 		.4byte	.LASF57
 760 041c 07       		.byte	0x7
 761 041d 22       		.byte	0x22
 762 041e 8C000000 		.4byte	0x8c
 763 0422 05       		.uleb128 0x5
 764 0423 03       		.byte	0x3
 765 0424 00000000 		.4byte	LED_2_V
 766 0428 1E       		.uleb128 0x1e
 767 0429 44020000 		.4byte	.LASF58
 768 042d 07       		.byte	0x7
 769 042e 23       		.byte	0x23
 770 042f 8C000000 		.4byte	0x8c
 771 0433 05       		.uleb128 0x5
 772 0434 03       		.byte	0x3
 773 0435 00000000 		.4byte	LED_3_V
 774 0439 1E       		.uleb128 0x1e
 775 043a B9000000 		.4byte	.LASF59
 776 043e 07       		.byte	0x7
 777 043f 24       		.byte	0x24
 778 0440 8C000000 		.4byte	0x8c
 779 0444 05       		.uleb128 0x5
 780 0445 03       		.byte	0x3
 781 0446 00000000 		.4byte	CAR_SPEED_V
 782 044a 1E       		.uleb128 0x1e
 783 044b 22010000 		.4byte	.LASF60
 784 044f 05       		.byte	0x5
 785 0450 25       		.byte	0x25
 786 0451 C4010000 		.4byte	0x1c4
 787 0455 05       		.uleb128 0x5
 788 0456 03       		.byte	0x3
 789 0457 00000000 		.4byte	g_Car
 790 045b 1F       		.uleb128 0x1f
 791 045c B0000000 		.4byte	0xb0
 792 0460 6B040000 		.4byte	0x46b
 793 0464 20       		.uleb128 0x20
 794 0465 C2000000 		.4byte	0xc2
 795 0469 08       		.byte	0x8
 796 046a 00       		.byte	0
 797 046b 1E       		.uleb128 0x1e
 798 046c 5F040000 		.4byte	.LASF61
 799 0470 01       		.byte	0x1
ARM GAS  C:\Users\pxc\AppData\Local\Temp\cckNWg9K.s 			page 17


 800 0471 13       		.byte	0x13
 801 0472 5B040000 		.4byte	0x45b
 802 0476 05       		.uleb128 0x5
 803 0477 03       		.byte	0x3
 804 0478 00000000 		.4byte	command_connect
 805 047c 21       		.uleb128 0x21
 806 047d 02010000 		.4byte	.LASF62
 807 0481 01       		.byte	0x1
 808 0482 15       		.byte	0x15
 809 0483 81000000 		.4byte	0x81
 810 0487 21       		.uleb128 0x21
 811 0488 93000000 		.4byte	.LASF63
 812 048c 01       		.byte	0x1
 813 048d 16       		.byte	0x16
 814 048e 81000000 		.4byte	0x81
 815 0492 22       		.uleb128 0x22
 816 0493 6C010000 		.4byte	.LASF71
 817 0497 07       		.byte	0x7
 818 0498 27       		.byte	0x27
 819 0499 9F040000 		.4byte	0x49f
 820 049d 12       		.uleb128 0x12
 821 049e 00       		.byte	0
 822 049f 10       		.uleb128 0x10
 823 04a0 39010000 		.4byte	.LASF64
 824 04a4 08       		.byte	0x8
 825 04a5 00       		.byte	0
 826 04a6 68000000 		.4byte	0x68
 827 04aa B5040000 		.4byte	0x4b5
 828 04ae 11       		.uleb128 0x11
 829 04af CF000000 		.4byte	0xcf
 830 04b3 12       		.uleb128 0x12
 831 04b4 00       		.byte	0
 832 04b5 23       		.uleb128 0x23
 833 04b6 9F010000 		.4byte	.LASF65
 834 04ba 09       		.byte	0x9
 835 04bb 37       		.byte	0x37
 836 04bc 23       		.uleb128 0x23
 837 04bd 32000000 		.4byte	.LASF66
 838 04c1 0A       		.byte	0xa
 839 04c2 59       		.byte	0x59
 840 04c3 23       		.uleb128 0x23
 841 04c4 BB020000 		.4byte	.LASF67
 842 04c8 0A       		.byte	0xa
 843 04c9 54       		.byte	0x54
 844 04ca 23       		.uleb128 0x23
 845 04cb CA020000 		.4byte	.LASF68
 846 04cf 0B       		.byte	0xb
 847 04d0 5A       		.byte	0x5a
 848 04d1 23       		.uleb128 0x23
 849 04d2 59020000 		.4byte	.LASF69
 850 04d6 0C       		.byte	0xc
 851 04d7 17       		.byte	0x17
 852 04d8 23       		.uleb128 0x23
 853 04d9 28010000 		.4byte	.LASF70
 854 04dd 0D       		.byte	0xd
 855 04de 17       		.byte	0x17
 856 04df 22       		.uleb128 0x22
ARM GAS  C:\Users\pxc\AppData\Local\Temp\cckNWg9K.s 			page 18


 857 04e0 C5000000 		.4byte	.LASF72
 858 04e4 07       		.byte	0x7
 859 04e5 26       		.byte	0x26
 860 04e6 EC040000 		.4byte	0x4ec
 861 04ea 12       		.uleb128 0x12
 862 04eb 00       		.byte	0
 863 04ec 24       		.uleb128 0x24
 864 04ed 4A040000 		.4byte	.LASF73
 865 04f1 0E       		.byte	0xe
 866 04f2 77       		.byte	0x77
 867 04f3 FD040000 		.4byte	0x4fd
 868 04f7 11       		.uleb128 0x11
 869 04f8 97000000 		.4byte	0x97
 870 04fc 00       		.byte	0
 871 04fd 24       		.uleb128 0x24
 872 04fe 22040000 		.4byte	.LASF74
 873 0502 0A       		.byte	0xa
 874 0503 8B       		.byte	0x8b
 875 0504 0E050000 		.4byte	0x50e
 876 0508 11       		.uleb128 0x11
 877 0509 0E050000 		.4byte	0x50e
 878 050d 00       		.byte	0
 879 050e 05       		.uleb128 0x5
 880 050f 04       		.byte	0x4
 881 0510 14050000 		.4byte	0x514
 882 0514 06       		.uleb128 0x6
 883 0515 B0000000 		.4byte	0xb0
 884 0519 24       		.uleb128 0x24
 885 051a 7D010000 		.4byte	.LASF75
 886 051e 0F       		.byte	0xf
 887 051f 28       		.byte	0x28
 888 0520 2A050000 		.4byte	0x52a
 889 0524 11       		.uleb128 0x11
 890 0525 81000000 		.4byte	0x81
 891 0529 00       		.byte	0
 892 052a 24       		.uleb128 0x24
 893 052b D7010000 		.4byte	.LASF76
 894 052f 10       		.byte	0x10
 895 0530 28       		.byte	0x28
 896 0531 3B050000 		.4byte	0x53b
 897 0535 11       		.uleb128 0x11
 898 0536 81000000 		.4byte	0x81
 899 053a 00       		.byte	0
 900 053b 24       		.uleb128 0x24
 901 053c F6010000 		.4byte	.LASF77
 902 0540 11       		.byte	0x11
 903 0541 28       		.byte	0x28
 904 0542 4C050000 		.4byte	0x54c
 905 0546 11       		.uleb128 0x11
 906 0547 81000000 		.4byte	0x81
 907 054b 00       		.byte	0
 908 054c 23       		.uleb128 0x23
 909 054d D8020000 		.4byte	.LASF78
 910 0551 09       		.byte	0x9
 911 0552 3D       		.byte	0x3d
 912 0553 25       		.uleb128 0x25
 913 0554 1B030000 		.4byte	.LASF79
ARM GAS  C:\Users\pxc\AppData\Local\Temp\cckNWg9K.s 			page 19


 914 0558 0A       		.byte	0xa
 915 0559 8A       		.byte	0x8a
 916 055a 11       		.uleb128 0x11
 917 055b 81000000 		.4byte	0x81
 918 055f 00       		.byte	0
 919 0560 00       		.byte	0
 920              		.section	.debug_abbrev,"",%progbits
 921              	.Ldebug_abbrev0:
 922 0000 01       		.uleb128 0x1
 923 0001 11       		.uleb128 0x11
 924 0002 01       		.byte	0x1
 925 0003 25       		.uleb128 0x25
 926 0004 0E       		.uleb128 0xe
 927 0005 13       		.uleb128 0x13
 928 0006 0B       		.uleb128 0xb
 929 0007 03       		.uleb128 0x3
 930 0008 0E       		.uleb128 0xe
 931 0009 1B       		.uleb128 0x1b
 932 000a 0E       		.uleb128 0xe
 933 000b 55       		.uleb128 0x55
 934 000c 17       		.uleb128 0x17
 935 000d 11       		.uleb128 0x11
 936 000e 01       		.uleb128 0x1
 937 000f 10       		.uleb128 0x10
 938 0010 17       		.uleb128 0x17
 939 0011 00       		.byte	0
 940 0012 00       		.byte	0
 941 0013 02       		.uleb128 0x2
 942 0014 24       		.uleb128 0x24
 943 0015 00       		.byte	0
 944 0016 0B       		.uleb128 0xb
 945 0017 0B       		.uleb128 0xb
 946 0018 3E       		.uleb128 0x3e
 947 0019 0B       		.uleb128 0xb
 948 001a 03       		.uleb128 0x3
 949 001b 0E       		.uleb128 0xe
 950 001c 00       		.byte	0
 951 001d 00       		.byte	0
 952 001e 03       		.uleb128 0x3
 953 001f 16       		.uleb128 0x16
 954 0020 00       		.byte	0
 955 0021 03       		.uleb128 0x3
 956 0022 0E       		.uleb128 0xe
 957 0023 3A       		.uleb128 0x3a
 958 0024 0B       		.uleb128 0xb
 959 0025 3B       		.uleb128 0x3b
 960 0026 0B       		.uleb128 0xb
 961 0027 49       		.uleb128 0x49
 962 0028 13       		.uleb128 0x13
 963 0029 00       		.byte	0
 964 002a 00       		.byte	0
 965 002b 04       		.uleb128 0x4
 966 002c 24       		.uleb128 0x24
 967 002d 00       		.byte	0
 968 002e 0B       		.uleb128 0xb
 969 002f 0B       		.uleb128 0xb
 970 0030 3E       		.uleb128 0x3e
ARM GAS  C:\Users\pxc\AppData\Local\Temp\cckNWg9K.s 			page 20


 971 0031 0B       		.uleb128 0xb
 972 0032 03       		.uleb128 0x3
 973 0033 08       		.uleb128 0x8
 974 0034 00       		.byte	0
 975 0035 00       		.byte	0
 976 0036 05       		.uleb128 0x5
 977 0037 0F       		.uleb128 0xf
 978 0038 00       		.byte	0
 979 0039 0B       		.uleb128 0xb
 980 003a 0B       		.uleb128 0xb
 981 003b 49       		.uleb128 0x49
 982 003c 13       		.uleb128 0x13
 983 003d 00       		.byte	0
 984 003e 00       		.byte	0
 985 003f 06       		.uleb128 0x6
 986 0040 26       		.uleb128 0x26
 987 0041 00       		.byte	0
 988 0042 49       		.uleb128 0x49
 989 0043 13       		.uleb128 0x13
 990 0044 00       		.byte	0
 991 0045 00       		.byte	0
 992 0046 07       		.uleb128 0x7
 993 0047 04       		.uleb128 0x4
 994 0048 01       		.byte	0x1
 995 0049 03       		.uleb128 0x3
 996 004a 0E       		.uleb128 0xe
 997 004b 0B       		.uleb128 0xb
 998 004c 0B       		.uleb128 0xb
 999 004d 3A       		.uleb128 0x3a
 1000 004e 0B       		.uleb128 0xb
 1001 004f 3B       		.uleb128 0x3b
 1002 0050 0B       		.uleb128 0xb
 1003 0051 01       		.uleb128 0x1
 1004 0052 13       		.uleb128 0x13
 1005 0053 00       		.byte	0
 1006 0054 00       		.byte	0
 1007 0055 08       		.uleb128 0x8
 1008 0056 28       		.uleb128 0x28
 1009 0057 00       		.byte	0
 1010 0058 03       		.uleb128 0x3
 1011 0059 08       		.uleb128 0x8
 1012 005a 1C       		.uleb128 0x1c
 1013 005b 0D       		.uleb128 0xd
 1014 005c 00       		.byte	0
 1015 005d 00       		.byte	0
 1016 005e 09       		.uleb128 0x9
 1017 005f 28       		.uleb128 0x28
 1018 0060 00       		.byte	0
 1019 0061 03       		.uleb128 0x3
 1020 0062 0E       		.uleb128 0xe
 1021 0063 1C       		.uleb128 0x1c
 1022 0064 0D       		.uleb128 0xd
 1023 0065 00       		.byte	0
 1024 0066 00       		.byte	0
 1025 0067 0A       		.uleb128 0xa
 1026 0068 13       		.uleb128 0x13
 1027 0069 01       		.byte	0x1
ARM GAS  C:\Users\pxc\AppData\Local\Temp\cckNWg9K.s 			page 21


 1028 006a 0B       		.uleb128 0xb
 1029 006b 0B       		.uleb128 0xb
 1030 006c 3A       		.uleb128 0x3a
 1031 006d 0B       		.uleb128 0xb
 1032 006e 3B       		.uleb128 0x3b
 1033 006f 0B       		.uleb128 0xb
 1034 0070 01       		.uleb128 0x1
 1035 0071 13       		.uleb128 0x13
 1036 0072 00       		.byte	0
 1037 0073 00       		.byte	0
 1038 0074 0B       		.uleb128 0xb
 1039 0075 0D       		.uleb128 0xd
 1040 0076 00       		.byte	0
 1041 0077 03       		.uleb128 0x3
 1042 0078 08       		.uleb128 0x8
 1043 0079 3A       		.uleb128 0x3a
 1044 007a 0B       		.uleb128 0xb
 1045 007b 3B       		.uleb128 0x3b
 1046 007c 0B       		.uleb128 0xb
 1047 007d 49       		.uleb128 0x49
 1048 007e 13       		.uleb128 0x13
 1049 007f 38       		.uleb128 0x38
 1050 0080 0B       		.uleb128 0xb
 1051 0081 00       		.byte	0
 1052 0082 00       		.byte	0
 1053 0083 0C       		.uleb128 0xc
 1054 0084 0D       		.uleb128 0xd
 1055 0085 00       		.byte	0
 1056 0086 03       		.uleb128 0x3
 1057 0087 0E       		.uleb128 0xe
 1058 0088 3A       		.uleb128 0x3a
 1059 0089 0B       		.uleb128 0xb
 1060 008a 3B       		.uleb128 0x3b
 1061 008b 0B       		.uleb128 0xb
 1062 008c 49       		.uleb128 0x49
 1063 008d 13       		.uleb128 0x13
 1064 008e 38       		.uleb128 0x38
 1065 008f 0B       		.uleb128 0xb
 1066 0090 00       		.byte	0
 1067 0091 00       		.byte	0
 1068 0092 0D       		.uleb128 0xd
 1069 0093 04       		.uleb128 0x4
 1070 0094 01       		.byte	0x1
 1071 0095 0B       		.uleb128 0xb
 1072 0096 0B       		.uleb128 0xb
 1073 0097 3A       		.uleb128 0x3a
 1074 0098 0B       		.uleb128 0xb
 1075 0099 3B       		.uleb128 0x3b
 1076 009a 0B       		.uleb128 0xb
 1077 009b 01       		.uleb128 0x1
 1078 009c 13       		.uleb128 0x13
 1079 009d 00       		.byte	0
 1080 009e 00       		.byte	0
 1081 009f 0E       		.uleb128 0xe
 1082 00a0 2E       		.uleb128 0x2e
 1083 00a1 01       		.byte	0x1
 1084 00a2 3F       		.uleb128 0x3f
ARM GAS  C:\Users\pxc\AppData\Local\Temp\cckNWg9K.s 			page 22


 1085 00a3 19       		.uleb128 0x19
 1086 00a4 03       		.uleb128 0x3
 1087 00a5 0E       		.uleb128 0xe
 1088 00a6 3A       		.uleb128 0x3a
 1089 00a7 0B       		.uleb128 0xb
 1090 00a8 3B       		.uleb128 0x3b
 1091 00a9 0B       		.uleb128 0xb
 1092 00aa 49       		.uleb128 0x49
 1093 00ab 13       		.uleb128 0x13
 1094 00ac 11       		.uleb128 0x11
 1095 00ad 01       		.uleb128 0x1
 1096 00ae 12       		.uleb128 0x12
 1097 00af 06       		.uleb128 0x6
 1098 00b0 40       		.uleb128 0x40
 1099 00b1 18       		.uleb128 0x18
 1100 00b2 9742     		.uleb128 0x2117
 1101 00b4 19       		.uleb128 0x19
 1102 00b5 01       		.uleb128 0x1
 1103 00b6 13       		.uleb128 0x13
 1104 00b7 00       		.byte	0
 1105 00b8 00       		.byte	0
 1106 00b9 0F       		.uleb128 0xf
 1107 00ba 0B       		.uleb128 0xb
 1108 00bb 01       		.byte	0x1
 1109 00bc 11       		.uleb128 0x11
 1110 00bd 01       		.uleb128 0x1
 1111 00be 12       		.uleb128 0x12
 1112 00bf 06       		.uleb128 0x6
 1113 00c0 01       		.uleb128 0x1
 1114 00c1 13       		.uleb128 0x13
 1115 00c2 00       		.byte	0
 1116 00c3 00       		.byte	0
 1117 00c4 10       		.uleb128 0x10
 1118 00c5 2E       		.uleb128 0x2e
 1119 00c6 01       		.byte	0x1
 1120 00c7 3F       		.uleb128 0x3f
 1121 00c8 19       		.uleb128 0x19
 1122 00c9 03       		.uleb128 0x3
 1123 00ca 0E       		.uleb128 0xe
 1124 00cb 3A       		.uleb128 0x3a
 1125 00cc 0B       		.uleb128 0xb
 1126 00cd 3B       		.uleb128 0x3b
 1127 00ce 0B       		.uleb128 0xb
 1128 00cf 27       		.uleb128 0x27
 1129 00d0 19       		.uleb128 0x19
 1130 00d1 49       		.uleb128 0x49
 1131 00d2 13       		.uleb128 0x13
 1132 00d3 3C       		.uleb128 0x3c
 1133 00d4 19       		.uleb128 0x19
 1134 00d5 01       		.uleb128 0x1
 1135 00d6 13       		.uleb128 0x13
 1136 00d7 00       		.byte	0
 1137 00d8 00       		.byte	0
 1138 00d9 11       		.uleb128 0x11
 1139 00da 05       		.uleb128 0x5
 1140 00db 00       		.byte	0
 1141 00dc 49       		.uleb128 0x49
ARM GAS  C:\Users\pxc\AppData\Local\Temp\cckNWg9K.s 			page 23


 1142 00dd 13       		.uleb128 0x13
 1143 00de 00       		.byte	0
 1144 00df 00       		.byte	0
 1145 00e0 12       		.uleb128 0x12
 1146 00e1 18       		.uleb128 0x18
 1147 00e2 00       		.byte	0
 1148 00e3 00       		.byte	0
 1149 00e4 00       		.byte	0
 1150 00e5 13       		.uleb128 0x13
 1151 00e6 898201   		.uleb128 0x4109
 1152 00e9 00       		.byte	0
 1153 00ea 11       		.uleb128 0x11
 1154 00eb 01       		.uleb128 0x1
 1155 00ec 31       		.uleb128 0x31
 1156 00ed 13       		.uleb128 0x13
 1157 00ee 00       		.byte	0
 1158 00ef 00       		.byte	0
 1159 00f0 14       		.uleb128 0x14
 1160 00f1 898201   		.uleb128 0x4109
 1161 00f4 01       		.byte	0x1
 1162 00f5 11       		.uleb128 0x11
 1163 00f6 01       		.uleb128 0x1
 1164 00f7 31       		.uleb128 0x31
 1165 00f8 13       		.uleb128 0x13
 1166 00f9 00       		.byte	0
 1167 00fa 00       		.byte	0
 1168 00fb 15       		.uleb128 0x15
 1169 00fc 8A8201   		.uleb128 0x410a
 1170 00ff 00       		.byte	0
 1171 0100 02       		.uleb128 0x2
 1172 0101 18       		.uleb128 0x18
 1173 0102 9142     		.uleb128 0x2111
 1174 0104 18       		.uleb128 0x18
 1175 0105 00       		.byte	0
 1176 0106 00       		.byte	0
 1177 0107 16       		.uleb128 0x16
 1178 0108 898201   		.uleb128 0x4109
 1179 010b 01       		.byte	0x1
 1180 010c 11       		.uleb128 0x11
 1181 010d 01       		.uleb128 0x1
 1182 010e 31       		.uleb128 0x31
 1183 010f 13       		.uleb128 0x13
 1184 0110 01       		.uleb128 0x1
 1185 0111 13       		.uleb128 0x13
 1186 0112 00       		.byte	0
 1187 0113 00       		.byte	0
 1188 0114 17       		.uleb128 0x17
 1189 0115 2E       		.uleb128 0x2e
 1190 0116 01       		.byte	0x1
 1191 0117 3F       		.uleb128 0x3f
 1192 0118 19       		.uleb128 0x19
 1193 0119 03       		.uleb128 0x3
 1194 011a 0E       		.uleb128 0xe
 1195 011b 3A       		.uleb128 0x3a
 1196 011c 0B       		.uleb128 0xb
 1197 011d 3B       		.uleb128 0x3b
 1198 011e 0B       		.uleb128 0xb
ARM GAS  C:\Users\pxc\AppData\Local\Temp\cckNWg9K.s 			page 24


 1199 011f 27       		.uleb128 0x27
 1200 0120 19       		.uleb128 0x19
 1201 0121 49       		.uleb128 0x49
 1202 0122 13       		.uleb128 0x13
 1203 0123 11       		.uleb128 0x11
 1204 0124 01       		.uleb128 0x1
 1205 0125 12       		.uleb128 0x12
 1206 0126 06       		.uleb128 0x6
 1207 0127 40       		.uleb128 0x40
 1208 0128 18       		.uleb128 0x18
 1209 0129 9742     		.uleb128 0x2117
 1210 012b 19       		.uleb128 0x19
 1211 012c 01       		.uleb128 0x1
 1212 012d 13       		.uleb128 0x13
 1213 012e 00       		.byte	0
 1214 012f 00       		.byte	0
 1215 0130 18       		.uleb128 0x18
 1216 0131 05       		.uleb128 0x5
 1217 0132 00       		.byte	0
 1218 0133 03       		.uleb128 0x3
 1219 0134 0E       		.uleb128 0xe
 1220 0135 3A       		.uleb128 0x3a
 1221 0136 0B       		.uleb128 0xb
 1222 0137 3B       		.uleb128 0x3b
 1223 0138 0B       		.uleb128 0xb
 1224 0139 49       		.uleb128 0x49
 1225 013a 13       		.uleb128 0x13
 1226 013b 02       		.uleb128 0x2
 1227 013c 17       		.uleb128 0x17
 1228 013d 00       		.byte	0
 1229 013e 00       		.byte	0
 1230 013f 19       		.uleb128 0x19
 1231 0140 05       		.uleb128 0x5
 1232 0141 00       		.byte	0
 1233 0142 03       		.uleb128 0x3
 1234 0143 08       		.uleb128 0x8
 1235 0144 3A       		.uleb128 0x3a
 1236 0145 0B       		.uleb128 0xb
 1237 0146 3B       		.uleb128 0x3b
 1238 0147 0B       		.uleb128 0xb
 1239 0148 49       		.uleb128 0x49
 1240 0149 13       		.uleb128 0x13
 1241 014a 02       		.uleb128 0x2
 1242 014b 17       		.uleb128 0x17
 1243 014c 00       		.byte	0
 1244 014d 00       		.byte	0
 1245 014e 1A       		.uleb128 0x1a
 1246 014f 34       		.uleb128 0x34
 1247 0150 00       		.byte	0
 1248 0151 03       		.uleb128 0x3
 1249 0152 08       		.uleb128 0x8
 1250 0153 3A       		.uleb128 0x3a
 1251 0154 0B       		.uleb128 0xb
 1252 0155 3B       		.uleb128 0x3b
 1253 0156 0B       		.uleb128 0xb
 1254 0157 49       		.uleb128 0x49
 1255 0158 13       		.uleb128 0x13
ARM GAS  C:\Users\pxc\AppData\Local\Temp\cckNWg9K.s 			page 25


 1256 0159 02       		.uleb128 0x2
 1257 015a 17       		.uleb128 0x17
 1258 015b 00       		.byte	0
 1259 015c 00       		.byte	0
 1260 015d 1B       		.uleb128 0x1b
 1261 015e 34       		.uleb128 0x34
 1262 015f 00       		.byte	0
 1263 0160 03       		.uleb128 0x3
 1264 0161 0E       		.uleb128 0xe
 1265 0162 3A       		.uleb128 0x3a
 1266 0163 0B       		.uleb128 0xb
 1267 0164 3B       		.uleb128 0x3b
 1268 0165 05       		.uleb128 0x5
 1269 0166 49       		.uleb128 0x49
 1270 0167 13       		.uleb128 0x13
 1271 0168 3F       		.uleb128 0x3f
 1272 0169 19       		.uleb128 0x19
 1273 016a 3C       		.uleb128 0x3c
 1274 016b 19       		.uleb128 0x19
 1275 016c 00       		.byte	0
 1276 016d 00       		.byte	0
 1277 016e 1C       		.uleb128 0x1c
 1278 016f 35       		.uleb128 0x35
 1279 0170 00       		.byte	0
 1280 0171 49       		.uleb128 0x49
 1281 0172 13       		.uleb128 0x13
 1282 0173 00       		.byte	0
 1283 0174 00       		.byte	0
 1284 0175 1D       		.uleb128 0x1d
 1285 0176 34       		.uleb128 0x34
 1286 0177 00       		.byte	0
 1287 0178 03       		.uleb128 0x3
 1288 0179 08       		.uleb128 0x8
 1289 017a 3A       		.uleb128 0x3a
 1290 017b 0B       		.uleb128 0xb
 1291 017c 3B       		.uleb128 0x3b
 1292 017d 0B       		.uleb128 0xb
 1293 017e 49       		.uleb128 0x49
 1294 017f 13       		.uleb128 0x13
 1295 0180 3F       		.uleb128 0x3f
 1296 0181 19       		.uleb128 0x19
 1297 0182 02       		.uleb128 0x2
 1298 0183 18       		.uleb128 0x18
 1299 0184 00       		.byte	0
 1300 0185 00       		.byte	0
 1301 0186 1E       		.uleb128 0x1e
 1302 0187 34       		.uleb128 0x34
 1303 0188 00       		.byte	0
 1304 0189 03       		.uleb128 0x3
 1305 018a 0E       		.uleb128 0xe
 1306 018b 3A       		.uleb128 0x3a
 1307 018c 0B       		.uleb128 0xb
 1308 018d 3B       		.uleb128 0x3b
 1309 018e 0B       		.uleb128 0xb
 1310 018f 49       		.uleb128 0x49
 1311 0190 13       		.uleb128 0x13
 1312 0191 3F       		.uleb128 0x3f
ARM GAS  C:\Users\pxc\AppData\Local\Temp\cckNWg9K.s 			page 26


 1313 0192 19       		.uleb128 0x19
 1314 0193 02       		.uleb128 0x2
 1315 0194 18       		.uleb128 0x18
 1316 0195 00       		.byte	0
 1317 0196 00       		.byte	0
 1318 0197 1F       		.uleb128 0x1f
 1319 0198 01       		.uleb128 0x1
 1320 0199 01       		.byte	0x1
 1321 019a 49       		.uleb128 0x49
 1322 019b 13       		.uleb128 0x13
 1323 019c 01       		.uleb128 0x1
 1324 019d 13       		.uleb128 0x13
 1325 019e 00       		.byte	0
 1326 019f 00       		.byte	0
 1327 01a0 20       		.uleb128 0x20
 1328 01a1 21       		.uleb128 0x21
 1329 01a2 00       		.byte	0
 1330 01a3 49       		.uleb128 0x49
 1331 01a4 13       		.uleb128 0x13
 1332 01a5 2F       		.uleb128 0x2f
 1333 01a6 0B       		.uleb128 0xb
 1334 01a7 00       		.byte	0
 1335 01a8 00       		.byte	0
 1336 01a9 21       		.uleb128 0x21
 1337 01aa 34       		.uleb128 0x34
 1338 01ab 00       		.byte	0
 1339 01ac 03       		.uleb128 0x3
 1340 01ad 0E       		.uleb128 0xe
 1341 01ae 3A       		.uleb128 0x3a
 1342 01af 0B       		.uleb128 0xb
 1343 01b0 3B       		.uleb128 0x3b
 1344 01b1 0B       		.uleb128 0xb
 1345 01b2 49       		.uleb128 0x49
 1346 01b3 13       		.uleb128 0x13
 1347 01b4 3F       		.uleb128 0x3f
 1348 01b5 19       		.uleb128 0x19
 1349 01b6 3C       		.uleb128 0x3c
 1350 01b7 19       		.uleb128 0x19
 1351 01b8 00       		.byte	0
 1352 01b9 00       		.byte	0
 1353 01ba 22       		.uleb128 0x22
 1354 01bb 2E       		.uleb128 0x2e
 1355 01bc 01       		.byte	0x1
 1356 01bd 3F       		.uleb128 0x3f
 1357 01be 19       		.uleb128 0x19
 1358 01bf 03       		.uleb128 0x3
 1359 01c0 0E       		.uleb128 0xe
 1360 01c1 3A       		.uleb128 0x3a
 1361 01c2 0B       		.uleb128 0xb
 1362 01c3 3B       		.uleb128 0x3b
 1363 01c4 0B       		.uleb128 0xb
 1364 01c5 3C       		.uleb128 0x3c
 1365 01c6 19       		.uleb128 0x19
 1366 01c7 01       		.uleb128 0x1
 1367 01c8 13       		.uleb128 0x13
 1368 01c9 00       		.byte	0
 1369 01ca 00       		.byte	0
ARM GAS  C:\Users\pxc\AppData\Local\Temp\cckNWg9K.s 			page 27


 1370 01cb 23       		.uleb128 0x23
 1371 01cc 2E       		.uleb128 0x2e
 1372 01cd 00       		.byte	0
 1373 01ce 3F       		.uleb128 0x3f
 1374 01cf 19       		.uleb128 0x19
 1375 01d0 03       		.uleb128 0x3
 1376 01d1 0E       		.uleb128 0xe
 1377 01d2 3A       		.uleb128 0x3a
 1378 01d3 0B       		.uleb128 0xb
 1379 01d4 3B       		.uleb128 0x3b
 1380 01d5 0B       		.uleb128 0xb
 1381 01d6 27       		.uleb128 0x27
 1382 01d7 19       		.uleb128 0x19
 1383 01d8 3C       		.uleb128 0x3c
 1384 01d9 19       		.uleb128 0x19
 1385 01da 00       		.byte	0
 1386 01db 00       		.byte	0
 1387 01dc 24       		.uleb128 0x24
 1388 01dd 2E       		.uleb128 0x2e
 1389 01de 01       		.byte	0x1
 1390 01df 3F       		.uleb128 0x3f
 1391 01e0 19       		.uleb128 0x19
 1392 01e1 03       		.uleb128 0x3
 1393 01e2 0E       		.uleb128 0xe
 1394 01e3 3A       		.uleb128 0x3a
 1395 01e4 0B       		.uleb128 0xb
 1396 01e5 3B       		.uleb128 0x3b
 1397 01e6 0B       		.uleb128 0xb
 1398 01e7 27       		.uleb128 0x27
 1399 01e8 19       		.uleb128 0x19
 1400 01e9 3C       		.uleb128 0x3c
 1401 01ea 19       		.uleb128 0x19
 1402 01eb 01       		.uleb128 0x1
 1403 01ec 13       		.uleb128 0x13
 1404 01ed 00       		.byte	0
 1405 01ee 00       		.byte	0
 1406 01ef 25       		.uleb128 0x25
 1407 01f0 2E       		.uleb128 0x2e
 1408 01f1 01       		.byte	0x1
 1409 01f2 3F       		.uleb128 0x3f
 1410 01f3 19       		.uleb128 0x19
 1411 01f4 03       		.uleb128 0x3
 1412 01f5 0E       		.uleb128 0xe
 1413 01f6 3A       		.uleb128 0x3a
 1414 01f7 0B       		.uleb128 0xb
 1415 01f8 3B       		.uleb128 0x3b
 1416 01f9 0B       		.uleb128 0xb
 1417 01fa 27       		.uleb128 0x27
 1418 01fb 19       		.uleb128 0x19
 1419 01fc 3C       		.uleb128 0x3c
 1420 01fd 19       		.uleb128 0x19
 1421 01fe 00       		.byte	0
 1422 01ff 00       		.byte	0
 1423 0200 00       		.byte	0
 1424              		.section	.debug_loc,"",%progbits
 1425              	.Ldebug_loc0:
 1426              	.LLST0:
ARM GAS  C:\Users\pxc\AppData\Local\Temp\cckNWg9K.s 			page 28


 1427 0000 00000000 		.4byte	.LVL17
 1428 0004 08000000 		.4byte	.LVL19
 1429 0008 0100     		.2byte	0x1
 1430 000a 50       		.byte	0x50
 1431 000b 08000000 		.4byte	.LVL19
 1432 000f 1C000000 		.4byte	.LFE64
 1433 0013 0400     		.2byte	0x4
 1434 0015 F3       		.byte	0xf3
 1435 0016 01       		.uleb128 0x1
 1436 0017 50       		.byte	0x50
 1437 0018 9F       		.byte	0x9f
 1438 0019 00000000 		.4byte	0
 1439 001d 00000000 		.4byte	0
 1440              	.LLST1:
 1441 0021 00000000 		.4byte	.LVL17
 1442 0025 0A000000 		.4byte	.LVL20
 1443 0029 0100     		.2byte	0x1
 1444 002b 51       		.byte	0x51
 1445 002c 0A000000 		.4byte	.LVL20
 1446 0030 14000000 		.4byte	.LVL23
 1447 0034 0100     		.2byte	0x1
 1448 0036 55       		.byte	0x55
 1449 0037 14000000 		.4byte	.LVL23
 1450 003b 1C000000 		.4byte	.LFE64
 1451 003f 0100     		.2byte	0x1
 1452 0041 51       		.byte	0x51
 1453 0042 00000000 		.4byte	0
 1454 0046 00000000 		.4byte	0
 1455              	.LLST2:
 1456 004a 00000000 		.4byte	.LVL17
 1457 004e 08000000 		.4byte	.LVL19
 1458 0052 0100     		.2byte	0x1
 1459 0054 52       		.byte	0x52
 1460 0055 08000000 		.4byte	.LVL19
 1461 0059 1C000000 		.4byte	.LFE64
 1462 005d 0100     		.2byte	0x1
 1463 005f 56       		.byte	0x56
 1464 0060 00000000 		.4byte	0
 1465 0064 00000000 		.4byte	0
 1466              	.LLST3:
 1467 0068 04000000 		.4byte	.LVL18
 1468 006c 08000000 		.4byte	.LVL19
 1469 0070 0200     		.2byte	0x2
 1470 0072 30       		.byte	0x30
 1471 0073 9F       		.byte	0x9f
 1472 0074 08000000 		.4byte	.LVL19
 1473 0078 1C000000 		.4byte	.LFE64
 1474 007c 0100     		.2byte	0x1
 1475 007e 54       		.byte	0x54
 1476 007f 00000000 		.4byte	0
 1477 0083 00000000 		.4byte	0
 1478              		.section	.debug_aranges,"",%progbits
 1479 0000 24000000 		.4byte	0x24
 1480 0004 0200     		.2byte	0x2
 1481 0006 00000000 		.4byte	.Ldebug_info0
 1482 000a 04       		.byte	0x4
 1483 000b 00       		.byte	0
ARM GAS  C:\Users\pxc\AppData\Local\Temp\cckNWg9K.s 			page 29


 1484 000c 0000     		.2byte	0
 1485 000e 0000     		.2byte	0
 1486 0010 00000000 		.4byte	.LFB63
 1487 0014 DC000000 		.4byte	.LFE63-.LFB63
 1488 0018 00000000 		.4byte	.LFB64
 1489 001c 1C000000 		.4byte	.LFE64-.LFB64
 1490 0020 00000000 		.4byte	0
 1491 0024 00000000 		.4byte	0
 1492              		.section	.debug_ranges,"",%progbits
 1493              	.Ldebug_ranges0:
 1494 0000 00000000 		.4byte	.LFB63
 1495 0004 DC000000 		.4byte	.LFE63
 1496 0008 00000000 		.4byte	.LFB64
 1497 000c 1C000000 		.4byte	.LFE64
 1498 0010 00000000 		.4byte	0
 1499 0014 00000000 		.4byte	0
 1500              		.section	.debug_line,"",%progbits
 1501              	.Ldebug_line0:
 1502 0000 49020000 		.section	.debug_str,"MS",%progbits,1
 1502      0200F501 
 1502      00000201 
 1502      FB0E0D00 
 1502      01010101 
 1503              	.LASF37:
 1504 0000 6C656674 		.ascii	"left_behind_wheel\000"
 1504      5F626568 
 1504      696E645F 
 1504      77686565 
 1504      6C00
 1505              	.LASF54:
 1506 0012 50545A5F 		.ascii	"PTZ_X_V\000"
 1506      585F5600 
 1507              	.LASF32:
 1508 001a 535F5748 		.ascii	"S_WHEEL\000"
 1508      45454C00 
 1509              	.LASF21:
 1510 0022 52494748 		.ascii	"RIGHT\000"
 1510      5400
 1511              	.LASF2:
 1512 0028 73686F72 		.ascii	"short int\000"
 1512      7420696E 
 1512      7400
 1513              	.LASF66:
 1514 0032 55415254 		.ascii	"UART_net_Init\000"
 1514      5F6E6574 
 1514      5F496E69 
 1514      7400
 1515              	.LASF18:
 1516 0040 73697A65 		.ascii	"sizetype\000"
 1516      74797065 
 1516      00
 1517              	.LASF16:
 1518 0049 63686172 		.ascii	"char8\000"
 1518      3800
 1519              	.LASF23:
 1520 004f 55505F52 		.ascii	"UP_RIGHT\000"
 1520      49474854 
ARM GAS  C:\Users\pxc\AppData\Local\Temp\cckNWg9K.s 			page 30


 1520      00
 1521              	.LASF83:
 1522 0058 6D61696E 		.ascii	"main\000"
 1522      00
 1523              	.LASF84:
 1524 005d 5F777269 		.ascii	"_write\000"
 1524      746500
 1525              	.LASF28:
 1526 0064 57484545 		.ascii	"WHEEL_DIR\000"
 1526      4C5F4449 
 1526      5200
 1527              	.LASF50:
 1528 006e 66696C65 		.ascii	"file\000"
 1528      00
 1529              	.LASF53:
 1530 0073 4341525F 		.ascii	"CAR_Y_V\000"
 1530      595F5600 
 1531              	.LASF30:
 1532 007b 52455645 		.ascii	"REVERSAL\000"
 1532      5253414C 
 1532      00
 1533              	.LASF34:
 1534 0084 7365745F 		.ascii	"set_dir\000"
 1534      64697200 
 1535              	.LASF12:
 1536 008c 75696E74 		.ascii	"uint16\000"
 1536      313600
 1537              	.LASF63:
 1538 0093 74696D65 		.ascii	"time_1s_state\000"
 1538      5F31735F 
 1538      73746174 
 1538      6500
 1539              	.LASF81:
 1540 00a1 2E5C6D61 		.ascii	".\\main.c\000"
 1540      696E2E63 
 1540      00
 1541              	.LASF11:
 1542 00aa 75696E74 		.ascii	"uint8\000"
 1542      3800
 1543              	.LASF33:
 1544 00b0 4361725F 		.ascii	"Car_lock\000"
 1544      6C6F636B 
 1544      00
 1545              	.LASF59:
 1546 00b9 4341525F 		.ascii	"CAR_SPEED_V\000"
 1546      53504545 
 1546      445F5600 
 1547              	.LASF72:
 1548 00c5 4D6F6E69 		.ascii	"Monitor_Battery_Init\000"
 1548      746F725F 
 1548      42617474 
 1548      6572795F 
 1548      496E6974 
 1549              	.LASF49:
 1550 00da 4E4F4E45 		.ascii	"NONE_PRESS\000"
 1550      5F505245 
 1550      535300
ARM GAS  C:\Users\pxc\AppData\Local\Temp\cckNWg9K.s 			page 31


 1551              	.LASF14:
 1552 00e5 666C6F61 		.ascii	"float\000"
 1552      7400
 1553              	.LASF42:
 1554 00eb 50524553 		.ascii	"PRESS_UP\000"
 1554      535F5550 
 1554      00
 1555              	.LASF6:
 1556 00f4 6C6F6E67 		.ascii	"long long int\000"
 1556      206C6F6E 
 1556      6720696E 
 1556      7400
 1557              	.LASF62:
 1558 0102 74696D65 		.ascii	"time_5ms_state\000"
 1558      5F356D73 
 1558      5F737461 
 1558      746500
 1559              	.LASF52:
 1560 0111 4341525F 		.ascii	"CAR_X_V\000"
 1560      585F5600 
 1561              	.LASF4:
 1562 0119 6C6F6E67 		.ascii	"long int\000"
 1562      20696E74 
 1562      00
 1563              	.LASF60:
 1564 0122 675F4361 		.ascii	"g_Car\000"
 1564      7200
 1565              	.LASF70:
 1566 0128 6973725F 		.ascii	"isr_rx_net_Start\000"
 1566      72785F6E 
 1566      65745F53 
 1566      74617274 
 1566      00
 1567              	.LASF64:
 1568 0139 7072696E 		.ascii	"printf\000"
 1568      746600
 1569              	.LASF39:
 1570 0140 72696768 		.ascii	"right_behind_wheel\000"
 1570      745F6265 
 1570      68696E64 
 1570      5F776865 
 1570      656C00
 1571              	.LASF29:
 1572 0153 464F5257 		.ascii	"FORWARD\000"
 1572      41524400 
 1573              	.LASF46:
 1574 015b 4C4F4E47 		.ascii	"LONG_RRESS_START\000"
 1574      5F525245 
 1574      53535F53 
 1574      54415254 
 1574      00
 1575              	.LASF71:
 1576 016c 43616C5F 		.ascii	"Cal_Battery_loop\000"
 1576      42617474 
 1576      6572795F 
 1576      6C6F6F70 
 1576      00
ARM GAS  C:\Users\pxc\AppData\Local\Temp\cckNWg9K.s 			page 32


 1577              	.LASF75:
 1578 017d 5741524E 		.ascii	"WARNING_BLUE_Write\000"
 1578      494E475F 
 1578      424C5545 
 1578      5F577269 
 1578      746500
 1579              	.LASF24:
 1580 0190 444F574E 		.ascii	"DOWN_LEFT\000"
 1580      5F4C4546 
 1580      5400
 1581              	.LASF20:
 1582 019a 4C454654 		.ascii	"LEFT\000"
 1582      00
 1583              	.LASF65:
 1584 019f 696E6974 		.ascii	"init_button\000"
 1584      5F627574 
 1584      746F6E00 
 1585              	.LASF82:
 1586 01ab 443A5C72 		.ascii	"D:\\robot\\git_code\\robot_control_C\\car.cydsn\000"
 1586      6F626F74 
 1586      5C676974 
 1586      5F636F64 
 1586      655C726F 
 1587              	.LASF76:
 1588 01d7 5741524E 		.ascii	"WARNING_GREEN_Write\000"
 1588      494E475F 
 1588      47524545 
 1588      4E5F5772 
 1588      69746500 
 1589              	.LASF25:
 1590 01eb 444F574E 		.ascii	"DOWN_RIGHT\000"
 1590      5F524947 
 1590      485400
 1591              	.LASF77:
 1592 01f6 5741524E 		.ascii	"WARNING_RED_Write\000"
 1592      494E475F 
 1592      5245445F 
 1592      57726974 
 1592      6500
 1593              	.LASF41:
 1594 0208 50524553 		.ascii	"PRESS_DOWN\000"
 1594      535F444F 
 1594      574E00
 1595              	.LASF1:
 1596 0213 756E7369 		.ascii	"unsigned char\000"
 1596      676E6564 
 1596      20636861 
 1596      7200
 1597              	.LASF0:
 1598 0221 7369676E 		.ascii	"signed char\000"
 1598      65642063 
 1598      68617200 
 1599              	.LASF7:
 1600 022d 6C6F6E67 		.ascii	"long long unsigned int\000"
 1600      206C6F6E 
 1600      6720756E 
 1600      7369676E 
ARM GAS  C:\Users\pxc\AppData\Local\Temp\cckNWg9K.s 			page 33


 1600      65642069 
 1601              	.LASF58:
 1602 0244 4C45445F 		.ascii	"LED_3_V\000"
 1602      335F5600 
 1603              	.LASF8:
 1604 024c 756E7369 		.ascii	"unsigned int\000"
 1604      676E6564 
 1604      20696E74 
 1604      00
 1605              	.LASF69:
 1606 0259 6973725F 		.ascii	"isr_timer_Start\000"
 1606      74696D65 
 1606      725F5374 
 1606      61727400 
 1607              	.LASF15:
 1608 0269 646F7562 		.ascii	"double\000"
 1608      6C6500
 1609              	.LASF3:
 1610 0270 73686F72 		.ascii	"short unsigned int\000"
 1610      7420756E 
 1610      7369676E 
 1610      65642069 
 1610      6E7400
 1611              	.LASF22:
 1612 0283 55505F4C 		.ascii	"UP_LEFT\000"
 1612      45465400 
 1613              	.LASF17:
 1614 028b 63686172 		.ascii	"char\000"
 1614      00
 1615              	.LASF48:
 1616 0290 6E756D62 		.ascii	"number_of_event\000"
 1616      65725F6F 
 1616      665F6576 
 1616      656E7400 
 1617              	.LASF57:
 1618 02a0 4C45445F 		.ascii	"LED_2_V\000"
 1618      325F5600 
 1619              	.LASF10:
 1620 02a8 696E7433 		.ascii	"int32_t\000"
 1620      325F7400 
 1621              	.LASF19:
 1622 02b0 444F574E 		.ascii	"DOWN\000"
 1622      00
 1623              	.LASF40:
 1624 02b5 535F4341 		.ascii	"S_CAR\000"
 1624      5200
 1625              	.LASF67:
 1626 02bb 55415254 		.ascii	"UART_net_Start\000"
 1626      5F6E6574 
 1626      5F537461 
 1626      727400
 1627              	.LASF68:
 1628 02ca 54696D65 		.ascii	"Timer_1_Start\000"
 1628      725F315F 
 1628      53746172 
 1628      7400
 1629              	.LASF78:
ARM GAS  C:\Users\pxc\AppData\Local\Temp\cckNWg9K.s 			page 34


 1630 02d8 62757474 		.ascii	"button_ticks\000"
 1630      6F6E5F74 
 1630      69636B73 
 1630      00
 1631              	.LASF27:
 1632 02e5 4341525F 		.ascii	"CAR_DIR\000"
 1632      44495200 
 1633              	.LASF13:
 1634 02ed 75696E74 		.ascii	"uint32\000"
 1634      333200
 1635              	.LASF5:
 1636 02f4 6C6F6E67 		.ascii	"long unsigned int\000"
 1636      20756E73 
 1636      69676E65 
 1636      6420696E 
 1636      7400
 1637              	.LASF56:
 1638 0306 4C45445F 		.ascii	"LED_1_V\000"
 1638      315F5600 
 1639              	.LASF45:
 1640 030e 444F5542 		.ascii	"DOUBLE_CLICK\000"
 1640      4C455F43 
 1640      4C49434B 
 1640      00
 1641              	.LASF79:
 1642 031b 55415254 		.ascii	"UART_net_PutChar\000"
 1642      5F6E6574 
 1642      5F507574 
 1642      43686172 
 1642      00
 1643              	.LASF44:
 1644 032c 53494E47 		.ascii	"SINGLE_CLICK\000"
 1644      4C455F43 
 1644      4C49434B 
 1644      00
 1645              	.LASF38:
 1646 0339 72696768 		.ascii	"right_front_wheel\000"
 1646      745F6672 
 1646      6F6E745F 
 1646      77686565 
 1646      6C00
 1647              	.LASF36:
 1648 034b 6C656674 		.ascii	"left_front_wheel\000"
 1648      5F66726F 
 1648      6E745F77 
 1648      6865656C 
 1648      00
 1649              	.LASF9:
 1650 035c 5F5F696E 		.ascii	"__int32_t\000"
 1650      7433325F 
 1650      7400
 1651              	.LASF80:
 1652 0366 474E5520 		.ascii	"GNU C 4.9.3 20150303 (release) [ARM/embedded-4_9-br"
 1652      4320342E 
 1652      392E3320 
 1652      32303135 
 1652      30333033 
ARM GAS  C:\Users\pxc\AppData\Local\Temp\cckNWg9K.s 			page 35


 1653 0399 616E6368 		.ascii	"anch revision 221220] -mcpu=cortex-m3 -mthumb -g -O"
 1653      20726576 
 1653      6973696F 
 1653      6E203232 
 1653      31323230 
 1654 03cc 67202D66 		.ascii	"g -ffunction-sections -ffat-lto-objects\000"
 1654      66756E63 
 1654      74696F6E 
 1654      2D736563 
 1654      74696F6E 
 1655              	.LASF35:
 1656 03f4 7365745F 		.ascii	"set_car_speed\000"
 1656      6361725F 
 1656      73706565 
 1656      6400
 1657              	.LASF26:
 1658 0402 53544F50 		.ascii	"STOP\000"
 1658      00
 1659              	.LASF47:
 1660 0407 4C4F4E47 		.ascii	"LONG_PRESS_HOLD\000"
 1660      5F505245 
 1660      53535F48 
 1660      4F4C4400 
 1661              	.LASF31:
 1662 0417 57484545 		.ascii	"WHEEL_STOP\000"
 1662      4C5F5354 
 1662      4F5000
 1663              	.LASF74:
 1664 0422 55415254 		.ascii	"UART_net_PutString\000"
 1664      5F6E6574 
 1664      5F507574 
 1664      53747269 
 1664      6E6700
 1665              	.LASF55:
 1666 0435 50545A5F 		.ascii	"PTZ_Y_V\000"
 1666      595F5600 
 1667              	.LASF51:
 1668 043d 49544D5F 		.ascii	"ITM_RxBuffer\000"
 1668      52784275 
 1668      66666572 
 1668      00
 1669              	.LASF73:
 1670 044a 43794465 		.ascii	"CyDelay\000"
 1670      6C617900 
 1671              	.LASF43:
 1672 0452 50524553 		.ascii	"PRESS_REPEAT\000"
 1672      535F5245 
 1672      50454154 
 1672      00
 1673              	.LASF61:
 1674 045f 636F6D6D 		.ascii	"command_connect\000"
 1674      616E645F 
 1674      636F6E6E 
 1674      65637400 
 1675              		.ident	"GCC: (GNU Tools for ARM Embedded Processors) 4.9.3 20150303 (release) [ARM/embedded-4_9-br
