ARM GAS  C:\Users\PANXIA~1\AppData\Local\Temp\ccRgUOC3.s 			page 1


   1              		.syntax unified
   2              		.cpu cortex-m3
   3              		.fpu softvfp
   4              		.eabi_attribute 20, 1
   5              		.eabi_attribute 21, 1
   6              		.eabi_attribute 23, 3
   7              		.eabi_attribute 24, 1
   8              		.eabi_attribute 25, 1
   9              		.eabi_attribute 26, 1
  10              		.eabi_attribute 30, 1
  11              		.eabi_attribute 34, 1
  12              		.eabi_attribute 18, 4
  13              		.thumb
  14              		.file	"ADC_V.c"
  15              		.text
  16              	.Ltext0:
  17              		.cfi_sections	.debug_frame
  18              		.section	.text.Monitor_Battery_Init,"ax",%progbits
  19              		.align	2
  20              		.global	Monitor_Battery_Init
  21              		.thumb
  22              		.thumb_func
  23              		.type	Monitor_Battery_Init, %function
  24              	Monitor_Battery_Init:
  25              	.LFB63:
  26              		.file 1 ".\\ADC_V.c"
   1:.\ADC_V.c     **** /* ========================================
   2:.\ADC_V.c     ****  *
   3:.\ADC_V.c     ****  * Copyright YOUR COMPANY, THE YEAR
   4:.\ADC_V.c     ****  * All Rights Reserved
   5:.\ADC_V.c     ****  * UNPUBLISHED, LICENSED SOFTWARE.
   6:.\ADC_V.c     ****  *
   7:.\ADC_V.c     ****  * CONFIDENTIAL AND PROPRIETARY INFORMATION
   8:.\ADC_V.c     ****  * WHICH IS THE PROPERTY OF your company.
   9:.\ADC_V.c     ****  *
  10:.\ADC_V.c     ****  * ========================================
  11:.\ADC_V.c     **** */
  12:.\ADC_V.c     **** #include "ADC_V.h"
  13:.\ADC_V.c     **** 
  14:.\ADC_V.c     **** #include "control.h"
  15:.\ADC_V.c     **** 
  16:.\ADC_V.c     **** 
  17:.\ADC_V.c     **** int16 retADCValue[SampleNum] = {0};
  18:.\ADC_V.c     **** 
  19:.\ADC_V.c     **** 
  20:.\ADC_V.c     **** void Monitor_Battery_Init()
  21:.\ADC_V.c     **** {
  27              		.loc 1 21 0
  28              		.cfi_startproc
  29              		@ args = 0, pretend = 0, frame = 0
  30              		@ frame_needed = 0, uses_anonymous_args = 0
  31 0000 08B5     		push	{r3, lr}
  32              		.cfi_def_cfa_offset 8
  33              		.cfi_offset 3, -8
  34              		.cfi_offset 14, -4
  22:.\ADC_V.c     ****     ADC_Start();
  35              		.loc 1 22 0
ARM GAS  C:\Users\PANXIA~1\AppData\Local\Temp\ccRgUOC3.s 			page 2


  36 0002 FFF7FEFF 		bl	ADC_Start
  37              	.LVL0:
  23:.\ADC_V.c     ****     ADC_StartConvert();
  38              		.loc 1 23 0
  39 0006 FFF7FEFF 		bl	ADC_StartConvert
  40              	.LVL1:
  41 000a 08BD     		pop	{r3, pc}
  42              		.cfi_endproc
  43              	.LFE63:
  44              		.size	Monitor_Battery_Init, .-Monitor_Battery_Init
  45              		.section	.text.Get_Battery_ADvalue,"ax",%progbits
  46              		.align	2
  47              		.global	Get_Battery_ADvalue
  48              		.thumb
  49              		.thumb_func
  50              		.type	Get_Battery_ADvalue, %function
  51              	Get_Battery_ADvalue:
  52              	.LFB64:
  24:.\ADC_V.c     ****     
  25:.\ADC_V.c     **** }
  26:.\ADC_V.c     **** //int16 Get_C_Battery_ADvalue(void)
  27:.\ADC_V.c     **** //{
  28:.\ADC_V.c     **** //
  29:.\ADC_V.c     **** //    uint8 i = 0;
  30:.\ADC_V.c     **** //    int16 retval = 0;
  31:.\ADC_V.c     **** //    int32 sum = 0;
  32:.\ADC_V.c     **** //    for(i = 0;i < SampleNum;i++)
  33:.\ADC_V.c     **** //    {
  34:.\ADC_V.c     **** //        retADCValue2[i] = C_Battery_GetResult16();
  35:.\ADC_V.c     **** //    
  36:.\ADC_V.c     **** //    }
  37:.\ADC_V.c     **** //
  38:.\ADC_V.c     **** //    for(i = 0;i < SampleNum;i++)
  39:.\ADC_V.c     **** //    {
  40:.\ADC_V.c     **** //        sum += retADCValue2[i];
  41:.\ADC_V.c     **** //    }
  42:.\ADC_V.c     **** //    retval = sum/SampleNum;
  43:.\ADC_V.c     **** //    return retval;
  44:.\ADC_V.c     **** //    
  45:.\ADC_V.c     **** //}
  46:.\ADC_V.c     **** uint16 Get_Battery_ADvalue(uint8 channal)
  47:.\ADC_V.c     **** {
  53              		.loc 1 47 0
  54              		.cfi_startproc
  55              		@ args = 0, pretend = 0, frame = 0
  56              		@ frame_needed = 0, uses_anonymous_args = 0
  57              	.LVL2:
  58 0000 38B5     		push	{r3, r4, r5, lr}
  59              		.cfi_def_cfa_offset 16
  60              		.cfi_offset 3, -16
  61              		.cfi_offset 4, -12
  62              		.cfi_offset 5, -8
  63              		.cfi_offset 14, -4
  64 0002 0546     		mov	r5, r0
  65              	.LVL3:
  48:.\ADC_V.c     **** 
  49:.\ADC_V.c     ****     uint8 i = 0;
ARM GAS  C:\Users\PANXIA~1\AppData\Local\Temp\ccRgUOC3.s 			page 3


  50:.\ADC_V.c     ****     int16 retval = 0;
  51:.\ADC_V.c     ****     int32 sum = 0;
  52:.\ADC_V.c     ****     for(i = 0;i < SampleNum;i++)
  66              		.loc 1 52 0
  67 0004 0024     		movs	r4, #0
  68 0006 07E0     		b	.L4
  69              	.LVL4:
  70              	.L5:
  53:.\ADC_V.c     ****     {
  54:.\ADC_V.c     ****         retADCValue[i] = ADC_GetResult16(channal);
  71              		.loc 1 54 0 discriminator 3
  72 0008 2846     		mov	r0, r5
  73 000a FFF7FEFF 		bl	ADC_GetResult16
  74              	.LVL5:
  75 000e 0D4B     		ldr	r3, .L9
  76 0010 23F81400 		strh	r0, [r3, r4, lsl #1]	@ movhi
  52:.\ADC_V.c     ****     {
  77              		.loc 1 52 0 discriminator 3
  78 0014 0134     		adds	r4, r4, #1
  79              	.LVL6:
  80 0016 E4B2     		uxtb	r4, r4
  81              	.LVL7:
  82              	.L4:
  52:.\ADC_V.c     ****     {
  83              		.loc 1 52 0 is_stmt 0 discriminator 1
  84 0018 092C     		cmp	r4, #9
  85 001a F5D9     		bls	.L5
  86 001c 0022     		movs	r2, #0
  87 001e 1346     		mov	r3, r2
  88 0020 05E0     		b	.L6
  89              	.LVL8:
  90              	.L7:
  55:.\ADC_V.c     ****     }
  56:.\ADC_V.c     **** 
  57:.\ADC_V.c     ****     for(i = 0;i < SampleNum;i++)
  58:.\ADC_V.c     ****     {
  59:.\ADC_V.c     ****         sum += retADCValue[i];
  91              		.loc 1 59 0 is_stmt 1 discriminator 3
  92 0022 0849     		ldr	r1, .L9
  93 0024 31F91310 		ldrsh	r1, [r1, r3, lsl #1]
  94 0028 0A44     		add	r2, r2, r1
  95              	.LVL9:
  57:.\ADC_V.c     ****     {
  96              		.loc 1 57 0 discriminator 3
  97 002a 0133     		adds	r3, r3, #1
  98              	.LVL10:
  99 002c DBB2     		uxtb	r3, r3
 100              	.LVL11:
 101              	.L6:
  57:.\ADC_V.c     ****     {
 102              		.loc 1 57 0 is_stmt 0 discriminator 1
 103 002e 092B     		cmp	r3, #9
 104 0030 F7D9     		bls	.L7
  60:.\ADC_V.c     ****     }
  61:.\ADC_V.c     ****     retval = sum/SampleNum;
 105              		.loc 1 61 0 is_stmt 1
 106 0032 0548     		ldr	r0, .L9+4
ARM GAS  C:\Users\PANXIA~1\AppData\Local\Temp\ccRgUOC3.s 			page 4


 107 0034 80FB0230 		smull	r3, r0, r0, r2
 108              	.LVL12:
 109 0038 D217     		asrs	r2, r2, #31
 110              	.LVL13:
 111 003a C2EBA000 		rsb	r0, r2, r0, asr #2
 112              	.LVL14:
  62:.\ADC_V.c     ****     return retval;
  63:.\ADC_V.c     ****     
  64:.\ADC_V.c     **** }
 113              		.loc 1 64 0
 114 003e 80B2     		uxth	r0, r0
 115 0040 38BD     		pop	{r3, r4, r5, pc}
 116              	.L10:
 117 0042 00BF     		.align	2
 118              	.L9:
 119 0044 00000000 		.word	.LANCHOR0
 120 0048 67666666 		.word	1717986919
 121              		.cfi_endproc
 122              	.LFE64:
 123              		.size	Get_Battery_ADvalue, .-Get_Battery_ADvalue
 124              		.section	.text.Cal_Battery_loop,"ax",%progbits
 125              		.align	2
 126              		.global	Cal_Battery_loop
 127              		.thumb
 128              		.thumb_func
 129              		.type	Cal_Battery_loop, %function
 130              	Cal_Battery_loop:
 131              	.LFB65:
  65:.\ADC_V.c     **** 
  66:.\ADC_V.c     **** void Cal_Battery_loop()
  67:.\ADC_V.c     **** {
 132              		.loc 1 67 0
 133              		.cfi_startproc
 134              		@ args = 0, pretend = 0, frame = 0
 135              		@ frame_needed = 0, uses_anonymous_args = 0
 136 0000 08B5     		push	{r3, lr}
 137              		.cfi_def_cfa_offset 8
 138              		.cfi_offset 3, -8
 139              		.cfi_offset 14, -4
  68:.\ADC_V.c     ****     g_Control.Battery = Get_Battery_ADvalue(B_CHANANL);
 140              		.loc 1 68 0
 141 0002 0020     		movs	r0, #0
 142 0004 FFF7FEFF 		bl	Get_Battery_ADvalue
 143              	.LVL15:
 144 0008 154B     		ldr	r3, .L13
 145 000a 1880     		strh	r0, [r3]	@ movhi
  69:.\ADC_V.c     ****     CAR_X_V = Get_Battery_ADvalue(CAR_X_CHANANL);
 146              		.loc 1 69 0
 147 000c 0120     		movs	r0, #1
 148 000e FFF7FEFF 		bl	Get_Battery_ADvalue
 149              	.LVL16:
 150 0012 144B     		ldr	r3, .L13+4
 151 0014 1880     		strh	r0, [r3]	@ movhi
  70:.\ADC_V.c     ****     CAR_Y_V = Get_Battery_ADvalue(CAR_Y_CHANANL);   
 152              		.loc 1 70 0
 153 0016 0220     		movs	r0, #2
 154 0018 FFF7FEFF 		bl	Get_Battery_ADvalue
ARM GAS  C:\Users\PANXIA~1\AppData\Local\Temp\ccRgUOC3.s 			page 5


 155              	.LVL17:
 156 001c 124B     		ldr	r3, .L13+8
 157 001e 1880     		strh	r0, [r3]	@ movhi
  71:.\ADC_V.c     ****     PTZ_X_V = Get_Battery_ADvalue(PTZ_X_CHANANL);  
 158              		.loc 1 71 0
 159 0020 0320     		movs	r0, #3
 160 0022 FFF7FEFF 		bl	Get_Battery_ADvalue
 161              	.LVL18:
 162 0026 114B     		ldr	r3, .L13+12
 163 0028 1880     		strh	r0, [r3]	@ movhi
  72:.\ADC_V.c     ****     PTZ_Y_V = Get_Battery_ADvalue(PTZ_Y_CHANANL); 
 164              		.loc 1 72 0
 165 002a 0420     		movs	r0, #4
 166 002c FFF7FEFF 		bl	Get_Battery_ADvalue
 167              	.LVL19:
 168 0030 0F4B     		ldr	r3, .L13+16
 169 0032 1880     		strh	r0, [r3]	@ movhi
  73:.\ADC_V.c     ****     LED_1_V = Get_Battery_ADvalue(LED_1_CHANANL); 
 170              		.loc 1 73 0
 171 0034 0520     		movs	r0, #5
 172 0036 FFF7FEFF 		bl	Get_Battery_ADvalue
 173              	.LVL20:
 174 003a 0E4B     		ldr	r3, .L13+20
 175 003c 1880     		strh	r0, [r3]	@ movhi
  74:.\ADC_V.c     ****     LED_2_V = Get_Battery_ADvalue(LED_2_CHANANL); 
 176              		.loc 1 74 0
 177 003e 0620     		movs	r0, #6
 178 0040 FFF7FEFF 		bl	Get_Battery_ADvalue
 179              	.LVL21:
 180 0044 0C4B     		ldr	r3, .L13+24
 181 0046 1880     		strh	r0, [r3]	@ movhi
  75:.\ADC_V.c     ****     LED_3_V = Get_Battery_ADvalue(LED_3_CHANANL); 
 182              		.loc 1 75 0
 183 0048 0720     		movs	r0, #7
 184 004a FFF7FEFF 		bl	Get_Battery_ADvalue
 185              	.LVL22:
 186 004e 0B4B     		ldr	r3, .L13+28
 187 0050 1880     		strh	r0, [r3]	@ movhi
  76:.\ADC_V.c     ****     CAR_SPEED_V = Get_Battery_ADvalue(CAR_SPEED_CHANANL); 
 188              		.loc 1 76 0
 189 0052 0820     		movs	r0, #8
 190 0054 FFF7FEFF 		bl	Get_Battery_ADvalue
 191              	.LVL23:
 192 0058 094B     		ldr	r3, .L13+32
 193 005a 1880     		strh	r0, [r3]	@ movhi
 194 005c 08BD     		pop	{r3, pc}
 195              	.L14:
 196 005e 00BF     		.align	2
 197              	.L13:
 198 0060 00000000 		.word	g_Control
 199 0064 00000000 		.word	CAR_X_V
 200 0068 00000000 		.word	CAR_Y_V
 201 006c 00000000 		.word	PTZ_X_V
 202 0070 00000000 		.word	PTZ_Y_V
 203 0074 00000000 		.word	LED_1_V
 204 0078 00000000 		.word	LED_2_V
 205 007c 00000000 		.word	LED_3_V
ARM GAS  C:\Users\PANXIA~1\AppData\Local\Temp\ccRgUOC3.s 			page 6


 206 0080 00000000 		.word	CAR_SPEED_V
 207              		.cfi_endproc
 208              	.LFE65:
 209              		.size	Cal_Battery_loop, .-Cal_Battery_loop
 210              		.global	retADCValue
 211              		.comm	g_Control,4,4
 212              		.comm	g_Car,30,4
 213              		.comm	CAR_SPEED_V,2,2
 214              		.comm	LED_3_V,2,2
 215              		.comm	LED_2_V,2,2
 216              		.comm	LED_1_V,2,2
 217              		.comm	PTZ_Y_V,2,2
 218              		.comm	PTZ_X_V,2,2
 219              		.comm	CAR_Y_V,2,2
 220              		.comm	CAR_X_V,2,2
 221              		.comm	B_V,2,2
 222              		.bss
 223              		.align	2
 224              		.set	.LANCHOR0,. + 0
 225              		.type	retADCValue, %object
 226              		.size	retADCValue, 20
 227              	retADCValue:
 228 0000 00000000 		.space	20
 228      00000000 
 228      00000000 
 228      00000000 
 228      00000000 
 229              		.text
 230              	.Letext0:
 231              		.file 2 "d:\\program files (x86)\\cypress\\psoc creator\\3.3\\psoc creator\\import\\gnu\\arm\\4.9.
 232              		.file 3 "d:\\program files (x86)\\cypress\\psoc creator\\3.3\\psoc creator\\import\\gnu\\arm\\4.9.
 233              		.file 4 "Generated_Source\\PSoC5/cytypes.h"
 234              		.file 5 ".\\control.h"
 235              		.file 6 "Generated_Source\\PSoC5/core_cm3.h"
 236              		.file 7 ".\\ADC_V.h"
 237              		.file 8 "Generated_Source\\PSoC5/ADC.h"
 238              		.section	.debug_info,"",%progbits
 239              	.Ldebug_info0:
 240 0000 F7030000 		.4byte	0x3f7
 241 0004 0400     		.2byte	0x4
 242 0006 00000000 		.4byte	.Ldebug_abbrev0
 243 000a 04       		.byte	0x4
 244 000b 01       		.uleb128 0x1
 245 000c 6C010000 		.4byte	.LASF50
 246 0010 01       		.byte	0x1
 247 0011 08030000 		.4byte	.LASF51
 248 0015 DB000000 		.4byte	.LASF52
 249 0019 00000000 		.4byte	.Ldebug_ranges0+0
 250 001d 00000000 		.4byte	0
 251 0021 00000000 		.4byte	.Ldebug_line0
 252 0025 02       		.uleb128 0x2
 253 0026 01       		.byte	0x1
 254 0027 06       		.byte	0x6
 255 0028 7D000000 		.4byte	.LASF0
 256 002c 02       		.uleb128 0x2
 257 002d 01       		.byte	0x1
 258 002e 08       		.byte	0x8
ARM GAS  C:\Users\PANXIA~1\AppData\Local\Temp\ccRgUOC3.s 			page 7


 259 002f 29010000 		.4byte	.LASF1
 260 0033 02       		.uleb128 0x2
 261 0034 02       		.byte	0x2
 262 0035 05       		.byte	0x5
 263 0036 A9020000 		.4byte	.LASF2
 264 003a 02       		.uleb128 0x2
 265 003b 02       		.byte	0x2
 266 003c 07       		.byte	0x7
 267 003d 2F000000 		.4byte	.LASF3
 268 0041 03       		.uleb128 0x3
 269 0042 08000000 		.4byte	.LASF9
 270 0046 02       		.byte	0x2
 271 0047 3F       		.byte	0x3f
 272 0048 4C000000 		.4byte	0x4c
 273 004c 02       		.uleb128 0x2
 274 004d 04       		.byte	0x4
 275 004e 05       		.byte	0x5
 276 004f D2020000 		.4byte	.LASF4
 277 0053 02       		.uleb128 0x2
 278 0054 04       		.byte	0x4
 279 0055 07       		.byte	0x7
 280 0056 37010000 		.4byte	.LASF5
 281 005a 02       		.uleb128 0x2
 282 005b 08       		.byte	0x8
 283 005c 05       		.byte	0x5
 284 005d 87020000 		.4byte	.LASF6
 285 0061 02       		.uleb128 0x2
 286 0062 08       		.byte	0x8
 287 0063 07       		.byte	0x7
 288 0064 0F020000 		.4byte	.LASF7
 289 0068 04       		.uleb128 0x4
 290 0069 04       		.byte	0x4
 291 006a 05       		.byte	0x5
 292 006b 696E7400 		.ascii	"int\000"
 293 006f 02       		.uleb128 0x2
 294 0070 04       		.byte	0x4
 295 0071 07       		.byte	0x7
 296 0072 FA010000 		.4byte	.LASF8
 297 0076 03       		.uleb128 0x3
 298 0077 66020000 		.4byte	.LASF10
 299 007b 03       		.byte	0x3
 300 007c 2C       		.byte	0x2c
 301 007d 41000000 		.4byte	0x41
 302 0081 03       		.uleb128 0x3
 303 0082 C4020000 		.4byte	.LASF11
 304 0086 04       		.byte	0x4
 305 0087 C2       		.byte	0xc2
 306 0088 2C000000 		.4byte	0x2c
 307 008c 03       		.uleb128 0x3
 308 008d 49010000 		.4byte	.LASF12
 309 0091 04       		.byte	0x4
 310 0092 C3       		.byte	0xc3
 311 0093 3A000000 		.4byte	0x3a
 312 0097 03       		.uleb128 0x3
 313 0098 A9000000 		.4byte	.LASF13
 314 009c 04       		.byte	0x4
 315 009d C6       		.byte	0xc6
ARM GAS  C:\Users\PANXIA~1\AppData\Local\Temp\ccRgUOC3.s 			page 8


 316 009e 33000000 		.4byte	0x33
 317 00a2 03       		.uleb128 0x3
 318 00a3 C5000000 		.4byte	.LASF14
 319 00a7 04       		.byte	0x4
 320 00a8 C7       		.byte	0xc7
 321 00a9 4C000000 		.4byte	0x4c
 322 00ad 02       		.uleb128 0x2
 323 00ae 04       		.byte	0x4
 324 00af 04       		.byte	0x4
 325 00b0 63000000 		.4byte	.LASF15
 326 00b4 02       		.uleb128 0x2
 327 00b5 08       		.byte	0x8
 328 00b6 04       		.byte	0x4
 329 00b7 E7020000 		.4byte	.LASF16
 330 00bb 02       		.uleb128 0x2
 331 00bc 01       		.byte	0x1
 332 00bd 08       		.byte	0x8
 333 00be 95020000 		.4byte	.LASF17
 334 00c2 02       		.uleb128 0x2
 335 00c3 04       		.byte	0x4
 336 00c4 07       		.byte	0x7
 337 00c5 7E020000 		.4byte	.LASF18
 338 00c9 05       		.uleb128 0x5
 339 00ca 02       		.byte	0x2
 340 00cb 05       		.byte	0x5
 341 00cc 1D       		.byte	0x1d
 342 00cd DE000000 		.4byte	0xde
 343 00d1 06       		.uleb128 0x6
 344 00d2 70776D00 		.ascii	"pwm\000"
 345 00d6 05       		.byte	0x5
 346 00d7 1F       		.byte	0x1f
 347 00d8 8C000000 		.4byte	0x8c
 348 00dc 00       		.byte	0
 349 00dd 00       		.byte	0
 350 00de 03       		.uleb128 0x3
 351 00df 12030000 		.4byte	.LASF19
 352 00e3 05       		.byte	0x5
 353 00e4 21       		.byte	0x21
 354 00e5 C9000000 		.4byte	0xc9
 355 00e9 05       		.uleb128 0x5
 356 00ea 1E       		.byte	0x1e
 357 00eb 05       		.byte	0x5
 358 00ec 22       		.byte	0x22
 359 00ed 52010000 		.4byte	0x152
 360 00f1 07       		.uleb128 0x7
 361 00f2 6E020000 		.4byte	.LASF20
 362 00f6 05       		.byte	0x5
 363 00f7 24       		.byte	0x24
 364 00f8 52010000 		.4byte	0x152
 365 00fc 00       		.byte	0
 366 00fd 07       		.uleb128 0x7
 367 00fe CA020000 		.4byte	.LASF21
 368 0102 05       		.byte	0x5
 369 0103 25       		.byte	0x25
 370 0104 52010000 		.4byte	0x152
 371 0108 09       		.byte	0x9
 372 0109 07       		.uleb128 0x7
ARM GAS  C:\Users\PANXIA~1\AppData\Local\Temp\ccRgUOC3.s 			page 9


 373 010a 9A020000 		.4byte	.LASF22
 374 010e 05       		.byte	0x5
 375 010f 26       		.byte	0x26
 376 0110 81000000 		.4byte	0x81
 377 0114 12       		.byte	0x12
 378 0115 07       		.uleb128 0x7
 379 0116 AF000000 		.4byte	.LASF23
 380 011a 05       		.byte	0x5
 381 011b 29       		.byte	0x29
 382 011c 8C000000 		.4byte	0x8c
 383 0120 14       		.byte	0x14
 384 0121 07       		.uleb128 0x7
 385 0122 38020000 		.4byte	.LASF24
 386 0126 05       		.byte	0x5
 387 0127 2A       		.byte	0x2a
 388 0128 DE000000 		.4byte	0xde
 389 012c 16       		.byte	0x16
 390 012d 07       		.uleb128 0x7
 391 012e 51000000 		.4byte	.LASF25
 392 0132 05       		.byte	0x5
 393 0133 2B       		.byte	0x2b
 394 0134 DE000000 		.4byte	0xde
 395 0138 18       		.byte	0x18
 396 0139 07       		.uleb128 0x7
 397 013a F6020000 		.4byte	.LASF26
 398 013e 05       		.byte	0x5
 399 013f 2C       		.byte	0x2c
 400 0140 DE000000 		.4byte	0xde
 401 0144 1A       		.byte	0x1a
 402 0145 07       		.uleb128 0x7
 403 0146 1C000000 		.4byte	.LASF27
 404 014a 05       		.byte	0x5
 405 014b 2D       		.byte	0x2d
 406 014c DE000000 		.4byte	0xde
 407 0150 1C       		.byte	0x1c
 408 0151 00       		.byte	0
 409 0152 08       		.uleb128 0x8
 410 0153 81000000 		.4byte	0x81
 411 0157 62010000 		.4byte	0x162
 412 015b 09       		.uleb128 0x9
 413 015c C2000000 		.4byte	0xc2
 414 0160 08       		.byte	0x8
 415 0161 00       		.byte	0
 416 0162 03       		.uleb128 0x3
 417 0163 50010000 		.4byte	.LASF28
 418 0167 05       		.byte	0x5
 419 0168 2E       		.byte	0x2e
 420 0169 E9000000 		.4byte	0xe9
 421 016d 05       		.uleb128 0x5
 422 016e 04       		.byte	0x4
 423 016f 05       		.byte	0x5
 424 0170 30       		.byte	0x30
 425 0171 9A010000 		.4byte	0x19a
 426 0175 07       		.uleb128 0x7
 427 0176 76020000 		.4byte	.LASF29
 428 017a 05       		.byte	0x5
 429 017b 32       		.byte	0x32
ARM GAS  C:\Users\PANXIA~1\AppData\Local\Temp\ccRgUOC3.s 			page 10


 430 017c 8C000000 		.4byte	0x8c
 431 0180 00       		.byte	0
 432 0181 07       		.uleb128 0x7
 433 0182 1A030000 		.4byte	.LASF30
 434 0186 05       		.byte	0x5
 435 0187 33       		.byte	0x33
 436 0188 81000000 		.4byte	0x81
 437 018c 02       		.byte	0x2
 438 018d 07       		.uleb128 0x7
 439 018e 42000000 		.4byte	.LASF31
 440 0192 05       		.byte	0x5
 441 0193 34       		.byte	0x34
 442 0194 81000000 		.4byte	0x81
 443 0198 03       		.byte	0x3
 444 0199 00       		.byte	0
 445 019a 03       		.uleb128 0x3
 446 019b 56010000 		.4byte	.LASF32
 447 019f 05       		.byte	0x5
 448 01a0 36       		.byte	0x36
 449 01a1 6D010000 		.4byte	0x16d
 450 01a5 0A       		.uleb128 0xa
 451 01a6 51020000 		.4byte	.LASF34
 452 01aa 01       		.byte	0x1
 453 01ab 14       		.byte	0x14
 454 01ac 00000000 		.4byte	.LFB63
 455 01b0 0C000000 		.4byte	.LFE63-.LFB63
 456 01b4 01       		.uleb128 0x1
 457 01b5 9C       		.byte	0x9c
 458 01b6 CD010000 		.4byte	0x1cd
 459 01ba 0B       		.uleb128 0xb
 460 01bb 06000000 		.4byte	.LVL0
 461 01bf DB030000 		.4byte	0x3db
 462 01c3 0B       		.uleb128 0xb
 463 01c4 0A000000 		.4byte	.LVL1
 464 01c8 E2030000 		.4byte	0x3e2
 465 01cc 00       		.byte	0
 466 01cd 0C       		.uleb128 0xc
 467 01ce 69000000 		.4byte	.LASF53
 468 01d2 01       		.byte	0x1
 469 01d3 2E       		.byte	0x2e
 470 01d4 8C000000 		.4byte	0x8c
 471 01d8 00000000 		.4byte	.LFB64
 472 01dc 4C000000 		.4byte	.LFE64-.LFB64
 473 01e0 01       		.uleb128 0x1
 474 01e1 9C       		.byte	0x9c
 475 01e2 31020000 		.4byte	0x231
 476 01e6 0D       		.uleb128 0xd
 477 01e7 EE020000 		.4byte	.LASF54
 478 01eb 01       		.byte	0x1
 479 01ec 2E       		.byte	0x2e
 480 01ed 81000000 		.4byte	0x81
 481 01f1 00000000 		.4byte	.LLST0
 482 01f5 0E       		.uleb128 0xe
 483 01f6 6900     		.ascii	"i\000"
 484 01f8 01       		.byte	0x1
 485 01f9 31       		.byte	0x31
 486 01fa 81000000 		.4byte	0x81
ARM GAS  C:\Users\PANXIA~1\AppData\Local\Temp\ccRgUOC3.s 			page 11


 487 01fe 21000000 		.4byte	.LLST1
 488 0202 0F       		.uleb128 0xf
 489 0203 91000000 		.4byte	.LASF33
 490 0207 01       		.byte	0x1
 491 0208 32       		.byte	0x32
 492 0209 97000000 		.4byte	0x97
 493 020d 61000000 		.4byte	.LLST2
 494 0211 0E       		.uleb128 0xe
 495 0212 73756D00 		.ascii	"sum\000"
 496 0216 01       		.byte	0x1
 497 0217 33       		.byte	0x33
 498 0218 A2000000 		.4byte	0xa2
 499 021c 80000000 		.4byte	.LLST3
 500 0220 10       		.uleb128 0x10
 501 0221 0E000000 		.4byte	.LVL5
 502 0225 E9030000 		.4byte	0x3e9
 503 0229 11       		.uleb128 0x11
 504 022a 01       		.uleb128 0x1
 505 022b 50       		.byte	0x50
 506 022c 02       		.uleb128 0x2
 507 022d 75       		.byte	0x75
 508 022e 00       		.sleb128 0
 509 022f 00       		.byte	0
 510 0230 00       		.byte	0
 511 0231 0A       		.uleb128 0xa
 512 0232 B3020000 		.4byte	.LASF35
 513 0236 01       		.byte	0x1
 514 0237 42       		.byte	0x42
 515 0238 00000000 		.4byte	.LFB65
 516 023c 84000000 		.4byte	.LFE65-.LFB65
 517 0240 01       		.uleb128 0x1
 518 0241 9C       		.byte	0x9c
 519 0242 EE020000 		.4byte	0x2ee
 520 0246 12       		.uleb128 0x12
 521 0247 08000000 		.4byte	.LVL15
 522 024b CD010000 		.4byte	0x1cd
 523 024f 59020000 		.4byte	0x259
 524 0253 11       		.uleb128 0x11
 525 0254 01       		.uleb128 0x1
 526 0255 50       		.byte	0x50
 527 0256 01       		.uleb128 0x1
 528 0257 30       		.byte	0x30
 529 0258 00       		.byte	0
 530 0259 12       		.uleb128 0x12
 531 025a 12000000 		.4byte	.LVL16
 532 025e CD010000 		.4byte	0x1cd
 533 0262 6C020000 		.4byte	0x26c
 534 0266 11       		.uleb128 0x11
 535 0267 01       		.uleb128 0x1
 536 0268 50       		.byte	0x50
 537 0269 01       		.uleb128 0x1
 538 026a 31       		.byte	0x31
 539 026b 00       		.byte	0
 540 026c 12       		.uleb128 0x12
 541 026d 1C000000 		.4byte	.LVL17
 542 0271 CD010000 		.4byte	0x1cd
 543 0275 7F020000 		.4byte	0x27f
ARM GAS  C:\Users\PANXIA~1\AppData\Local\Temp\ccRgUOC3.s 			page 12


 544 0279 11       		.uleb128 0x11
 545 027a 01       		.uleb128 0x1
 546 027b 50       		.byte	0x50
 547 027c 01       		.uleb128 0x1
 548 027d 32       		.byte	0x32
 549 027e 00       		.byte	0
 550 027f 12       		.uleb128 0x12
 551 0280 26000000 		.4byte	.LVL18
 552 0284 CD010000 		.4byte	0x1cd
 553 0288 92020000 		.4byte	0x292
 554 028c 11       		.uleb128 0x11
 555 028d 01       		.uleb128 0x1
 556 028e 50       		.byte	0x50
 557 028f 01       		.uleb128 0x1
 558 0290 33       		.byte	0x33
 559 0291 00       		.byte	0
 560 0292 12       		.uleb128 0x12
 561 0293 30000000 		.4byte	.LVL19
 562 0297 CD010000 		.4byte	0x1cd
 563 029b A5020000 		.4byte	0x2a5
 564 029f 11       		.uleb128 0x11
 565 02a0 01       		.uleb128 0x1
 566 02a1 50       		.byte	0x50
 567 02a2 01       		.uleb128 0x1
 568 02a3 34       		.byte	0x34
 569 02a4 00       		.byte	0
 570 02a5 12       		.uleb128 0x12
 571 02a6 3A000000 		.4byte	.LVL20
 572 02aa CD010000 		.4byte	0x1cd
 573 02ae B8020000 		.4byte	0x2b8
 574 02b2 11       		.uleb128 0x11
 575 02b3 01       		.uleb128 0x1
 576 02b4 50       		.byte	0x50
 577 02b5 01       		.uleb128 0x1
 578 02b6 35       		.byte	0x35
 579 02b7 00       		.byte	0
 580 02b8 12       		.uleb128 0x12
 581 02b9 44000000 		.4byte	.LVL21
 582 02bd CD010000 		.4byte	0x1cd
 583 02c1 CB020000 		.4byte	0x2cb
 584 02c5 11       		.uleb128 0x11
 585 02c6 01       		.uleb128 0x1
 586 02c7 50       		.byte	0x50
 587 02c8 01       		.uleb128 0x1
 588 02c9 36       		.byte	0x36
 589 02ca 00       		.byte	0
 590 02cb 12       		.uleb128 0x12
 591 02cc 4E000000 		.4byte	.LVL22
 592 02d0 CD010000 		.4byte	0x1cd
 593 02d4 DE020000 		.4byte	0x2de
 594 02d8 11       		.uleb128 0x11
 595 02d9 01       		.uleb128 0x1
 596 02da 50       		.byte	0x50
 597 02db 01       		.uleb128 0x1
 598 02dc 37       		.byte	0x37
 599 02dd 00       		.byte	0
 600 02de 10       		.uleb128 0x10
ARM GAS  C:\Users\PANXIA~1\AppData\Local\Temp\ccRgUOC3.s 			page 13


 601 02df 58000000 		.4byte	.LVL23
 602 02e3 CD010000 		.4byte	0x1cd
 603 02e7 11       		.uleb128 0x11
 604 02e8 01       		.uleb128 0x1
 605 02e9 50       		.byte	0x50
 606 02ea 01       		.uleb128 0x1
 607 02eb 38       		.byte	0x38
 608 02ec 00       		.byte	0
 609 02ed 00       		.byte	0
 610 02ee 13       		.uleb128 0x13
 611 02ef 1C010000 		.4byte	.LASF36
 612 02f3 06       		.byte	0x6
 613 02f4 2A06     		.2byte	0x62a
 614 02f6 FA020000 		.4byte	0x2fa
 615 02fa 14       		.uleb128 0x14
 616 02fb 76000000 		.4byte	0x76
 617 02ff 15       		.uleb128 0x15
 618 0300 425F5600 		.ascii	"B_V\000"
 619 0304 07       		.byte	0x7
 620 0305 1B       		.byte	0x1b
 621 0306 8C000000 		.4byte	0x8c
 622 030a 05       		.uleb128 0x5
 623 030b 03       		.byte	0x3
 624 030c 00000000 		.4byte	B_V
 625 0310 16       		.uleb128 0x16
 626 0311 07020000 		.4byte	.LASF37
 627 0315 07       		.byte	0x7
 628 0316 1C       		.byte	0x1c
 629 0317 8C000000 		.4byte	0x8c
 630 031b 05       		.uleb128 0x5
 631 031c 03       		.byte	0x3
 632 031d 00000000 		.4byte	CAR_X_V
 633 0321 16       		.uleb128 0x16
 634 0322 26020000 		.4byte	.LASF38
 635 0326 07       		.byte	0x7
 636 0327 1D       		.byte	0x1d
 637 0328 8C000000 		.4byte	0x8c
 638 032c 05       		.uleb128 0x5
 639 032d 03       		.byte	0x3
 640 032e 00000000 		.4byte	CAR_Y_V
 641 0332 16       		.uleb128 0x16
 642 0333 89000000 		.4byte	.LASF39
 643 0337 07       		.byte	0x7
 644 0338 1E       		.byte	0x1e
 645 0339 8C000000 		.4byte	0x8c
 646 033d 05       		.uleb128 0x5
 647 033e 03       		.byte	0x3
 648 033f 00000000 		.4byte	PTZ_X_V
 649 0343 16       		.uleb128 0x16
 650 0344 49020000 		.4byte	.LASF40
 651 0348 07       		.byte	0x7
 652 0349 20       		.byte	0x20
 653 034a 8C000000 		.4byte	0x8c
 654 034e 05       		.uleb128 0x5
 655 034f 03       		.byte	0x3
 656 0350 00000000 		.4byte	PTZ_Y_V
 657 0354 16       		.uleb128 0x16
ARM GAS  C:\Users\PANXIA~1\AppData\Local\Temp\ccRgUOC3.s 			page 14


 658 0355 BD000000 		.4byte	.LASF41
 659 0359 07       		.byte	0x7
 660 035a 21       		.byte	0x21
 661 035b 8C000000 		.4byte	0x8c
 662 035f 05       		.uleb128 0x5
 663 0360 03       		.byte	0x3
 664 0361 00000000 		.4byte	LED_1_V
 665 0365 16       		.uleb128 0x16
 666 0366 49000000 		.4byte	.LASF42
 667 036a 07       		.byte	0x7
 668 036b 22       		.byte	0x22
 669 036c 8C000000 		.4byte	0x8c
 670 0370 05       		.uleb128 0x5
 671 0371 03       		.byte	0x3
 672 0372 00000000 		.4byte	LED_2_V
 673 0376 16       		.uleb128 0x16
 674 0377 00000000 		.4byte	.LASF43
 675 037b 07       		.byte	0x7
 676 037c 23       		.byte	0x23
 677 037d 8C000000 		.4byte	0x8c
 678 0381 05       		.uleb128 0x5
 679 0382 03       		.byte	0x3
 680 0383 00000000 		.4byte	LED_3_V
 681 0387 16       		.uleb128 0x16
 682 0388 DB020000 		.4byte	.LASF44
 683 038c 07       		.byte	0x7
 684 038d 24       		.byte	0x24
 685 038e 8C000000 		.4byte	0x8c
 686 0392 05       		.uleb128 0x5
 687 0393 03       		.byte	0x3
 688 0394 00000000 		.4byte	CAR_SPEED_V
 689 0398 16       		.uleb128 0x16
 690 0399 A3020000 		.4byte	.LASF45
 691 039d 05       		.byte	0x5
 692 039e 2F       		.byte	0x2f
 693 039f 62010000 		.4byte	0x162
 694 03a3 05       		.uleb128 0x5
 695 03a4 03       		.byte	0x3
 696 03a5 00000000 		.4byte	g_Car
 697 03a9 16       		.uleb128 0x16
 698 03aa 12000000 		.4byte	.LASF46
 699 03ae 05       		.byte	0x5
 700 03af 37       		.byte	0x37
 701 03b0 9A010000 		.4byte	0x19a
 702 03b4 05       		.uleb128 0x5
 703 03b5 03       		.byte	0x3
 704 03b6 00000000 		.4byte	g_Control
 705 03ba 08       		.uleb128 0x8
 706 03bb 97000000 		.4byte	0x97
 707 03bf CA030000 		.4byte	0x3ca
 708 03c3 09       		.uleb128 0x9
 709 03c4 C2000000 		.4byte	0xc2
 710 03c8 09       		.byte	0x9
 711 03c9 00       		.byte	0
 712 03ca 16       		.uleb128 0x16
 713 03cb 60010000 		.4byte	.LASF47
 714 03cf 01       		.byte	0x1
ARM GAS  C:\Users\PANXIA~1\AppData\Local\Temp\ccRgUOC3.s 			page 15


 715 03d0 11       		.byte	0x11
 716 03d1 BA030000 		.4byte	0x3ba
 717 03d5 05       		.uleb128 0x5
 718 03d6 03       		.byte	0x3
 719 03d7 00000000 		.4byte	retADCValue
 720 03db 17       		.uleb128 0x17
 721 03dc 2E020000 		.4byte	.LASF48
 722 03e0 08       		.byte	0x8
 723 03e1 31       		.byte	0x31
 724 03e2 17       		.uleb128 0x17
 725 03e3 98000000 		.4byte	.LASF49
 726 03e7 08       		.byte	0x8
 727 03e8 A1       		.byte	0xa1
 728 03e9 18       		.uleb128 0x18
 729 03ea CB000000 		.4byte	.LASF55
 730 03ee 08       		.byte	0x8
 731 03ef 35       		.byte	0x35
 732 03f0 97000000 		.4byte	0x97
 733 03f4 19       		.uleb128 0x19
 734 03f5 8C000000 		.4byte	0x8c
 735 03f9 00       		.byte	0
 736 03fa 00       		.byte	0
 737              		.section	.debug_abbrev,"",%progbits
 738              	.Ldebug_abbrev0:
 739 0000 01       		.uleb128 0x1
 740 0001 11       		.uleb128 0x11
 741 0002 01       		.byte	0x1
 742 0003 25       		.uleb128 0x25
 743 0004 0E       		.uleb128 0xe
 744 0005 13       		.uleb128 0x13
 745 0006 0B       		.uleb128 0xb
 746 0007 03       		.uleb128 0x3
 747 0008 0E       		.uleb128 0xe
 748 0009 1B       		.uleb128 0x1b
 749 000a 0E       		.uleb128 0xe
 750 000b 55       		.uleb128 0x55
 751 000c 17       		.uleb128 0x17
 752 000d 11       		.uleb128 0x11
 753 000e 01       		.uleb128 0x1
 754 000f 10       		.uleb128 0x10
 755 0010 17       		.uleb128 0x17
 756 0011 00       		.byte	0
 757 0012 00       		.byte	0
 758 0013 02       		.uleb128 0x2
 759 0014 24       		.uleb128 0x24
 760 0015 00       		.byte	0
 761 0016 0B       		.uleb128 0xb
 762 0017 0B       		.uleb128 0xb
 763 0018 3E       		.uleb128 0x3e
 764 0019 0B       		.uleb128 0xb
 765 001a 03       		.uleb128 0x3
 766 001b 0E       		.uleb128 0xe
 767 001c 00       		.byte	0
 768 001d 00       		.byte	0
 769 001e 03       		.uleb128 0x3
 770 001f 16       		.uleb128 0x16
 771 0020 00       		.byte	0
ARM GAS  C:\Users\PANXIA~1\AppData\Local\Temp\ccRgUOC3.s 			page 16


 772 0021 03       		.uleb128 0x3
 773 0022 0E       		.uleb128 0xe
 774 0023 3A       		.uleb128 0x3a
 775 0024 0B       		.uleb128 0xb
 776 0025 3B       		.uleb128 0x3b
 777 0026 0B       		.uleb128 0xb
 778 0027 49       		.uleb128 0x49
 779 0028 13       		.uleb128 0x13
 780 0029 00       		.byte	0
 781 002a 00       		.byte	0
 782 002b 04       		.uleb128 0x4
 783 002c 24       		.uleb128 0x24
 784 002d 00       		.byte	0
 785 002e 0B       		.uleb128 0xb
 786 002f 0B       		.uleb128 0xb
 787 0030 3E       		.uleb128 0x3e
 788 0031 0B       		.uleb128 0xb
 789 0032 03       		.uleb128 0x3
 790 0033 08       		.uleb128 0x8
 791 0034 00       		.byte	0
 792 0035 00       		.byte	0
 793 0036 05       		.uleb128 0x5
 794 0037 13       		.uleb128 0x13
 795 0038 01       		.byte	0x1
 796 0039 0B       		.uleb128 0xb
 797 003a 0B       		.uleb128 0xb
 798 003b 3A       		.uleb128 0x3a
 799 003c 0B       		.uleb128 0xb
 800 003d 3B       		.uleb128 0x3b
 801 003e 0B       		.uleb128 0xb
 802 003f 01       		.uleb128 0x1
 803 0040 13       		.uleb128 0x13
 804 0041 00       		.byte	0
 805 0042 00       		.byte	0
 806 0043 06       		.uleb128 0x6
 807 0044 0D       		.uleb128 0xd
 808 0045 00       		.byte	0
 809 0046 03       		.uleb128 0x3
 810 0047 08       		.uleb128 0x8
 811 0048 3A       		.uleb128 0x3a
 812 0049 0B       		.uleb128 0xb
 813 004a 3B       		.uleb128 0x3b
 814 004b 0B       		.uleb128 0xb
 815 004c 49       		.uleb128 0x49
 816 004d 13       		.uleb128 0x13
 817 004e 38       		.uleb128 0x38
 818 004f 0B       		.uleb128 0xb
 819 0050 00       		.byte	0
 820 0051 00       		.byte	0
 821 0052 07       		.uleb128 0x7
 822 0053 0D       		.uleb128 0xd
 823 0054 00       		.byte	0
 824 0055 03       		.uleb128 0x3
 825 0056 0E       		.uleb128 0xe
 826 0057 3A       		.uleb128 0x3a
 827 0058 0B       		.uleb128 0xb
 828 0059 3B       		.uleb128 0x3b
ARM GAS  C:\Users\PANXIA~1\AppData\Local\Temp\ccRgUOC3.s 			page 17


 829 005a 0B       		.uleb128 0xb
 830 005b 49       		.uleb128 0x49
 831 005c 13       		.uleb128 0x13
 832 005d 38       		.uleb128 0x38
 833 005e 0B       		.uleb128 0xb
 834 005f 00       		.byte	0
 835 0060 00       		.byte	0
 836 0061 08       		.uleb128 0x8
 837 0062 01       		.uleb128 0x1
 838 0063 01       		.byte	0x1
 839 0064 49       		.uleb128 0x49
 840 0065 13       		.uleb128 0x13
 841 0066 01       		.uleb128 0x1
 842 0067 13       		.uleb128 0x13
 843 0068 00       		.byte	0
 844 0069 00       		.byte	0
 845 006a 09       		.uleb128 0x9
 846 006b 21       		.uleb128 0x21
 847 006c 00       		.byte	0
 848 006d 49       		.uleb128 0x49
 849 006e 13       		.uleb128 0x13
 850 006f 2F       		.uleb128 0x2f
 851 0070 0B       		.uleb128 0xb
 852 0071 00       		.byte	0
 853 0072 00       		.byte	0
 854 0073 0A       		.uleb128 0xa
 855 0074 2E       		.uleb128 0x2e
 856 0075 01       		.byte	0x1
 857 0076 3F       		.uleb128 0x3f
 858 0077 19       		.uleb128 0x19
 859 0078 03       		.uleb128 0x3
 860 0079 0E       		.uleb128 0xe
 861 007a 3A       		.uleb128 0x3a
 862 007b 0B       		.uleb128 0xb
 863 007c 3B       		.uleb128 0x3b
 864 007d 0B       		.uleb128 0xb
 865 007e 11       		.uleb128 0x11
 866 007f 01       		.uleb128 0x1
 867 0080 12       		.uleb128 0x12
 868 0081 06       		.uleb128 0x6
 869 0082 40       		.uleb128 0x40
 870 0083 18       		.uleb128 0x18
 871 0084 9742     		.uleb128 0x2117
 872 0086 19       		.uleb128 0x19
 873 0087 01       		.uleb128 0x1
 874 0088 13       		.uleb128 0x13
 875 0089 00       		.byte	0
 876 008a 00       		.byte	0
 877 008b 0B       		.uleb128 0xb
 878 008c 898201   		.uleb128 0x4109
 879 008f 00       		.byte	0
 880 0090 11       		.uleb128 0x11
 881 0091 01       		.uleb128 0x1
 882 0092 31       		.uleb128 0x31
 883 0093 13       		.uleb128 0x13
 884 0094 00       		.byte	0
 885 0095 00       		.byte	0
ARM GAS  C:\Users\PANXIA~1\AppData\Local\Temp\ccRgUOC3.s 			page 18


 886 0096 0C       		.uleb128 0xc
 887 0097 2E       		.uleb128 0x2e
 888 0098 01       		.byte	0x1
 889 0099 3F       		.uleb128 0x3f
 890 009a 19       		.uleb128 0x19
 891 009b 03       		.uleb128 0x3
 892 009c 0E       		.uleb128 0xe
 893 009d 3A       		.uleb128 0x3a
 894 009e 0B       		.uleb128 0xb
 895 009f 3B       		.uleb128 0x3b
 896 00a0 0B       		.uleb128 0xb
 897 00a1 27       		.uleb128 0x27
 898 00a2 19       		.uleb128 0x19
 899 00a3 49       		.uleb128 0x49
 900 00a4 13       		.uleb128 0x13
 901 00a5 11       		.uleb128 0x11
 902 00a6 01       		.uleb128 0x1
 903 00a7 12       		.uleb128 0x12
 904 00a8 06       		.uleb128 0x6
 905 00a9 40       		.uleb128 0x40
 906 00aa 18       		.uleb128 0x18
 907 00ab 9742     		.uleb128 0x2117
 908 00ad 19       		.uleb128 0x19
 909 00ae 01       		.uleb128 0x1
 910 00af 13       		.uleb128 0x13
 911 00b0 00       		.byte	0
 912 00b1 00       		.byte	0
 913 00b2 0D       		.uleb128 0xd
 914 00b3 05       		.uleb128 0x5
 915 00b4 00       		.byte	0
 916 00b5 03       		.uleb128 0x3
 917 00b6 0E       		.uleb128 0xe
 918 00b7 3A       		.uleb128 0x3a
 919 00b8 0B       		.uleb128 0xb
 920 00b9 3B       		.uleb128 0x3b
 921 00ba 0B       		.uleb128 0xb
 922 00bb 49       		.uleb128 0x49
 923 00bc 13       		.uleb128 0x13
 924 00bd 02       		.uleb128 0x2
 925 00be 17       		.uleb128 0x17
 926 00bf 00       		.byte	0
 927 00c0 00       		.byte	0
 928 00c1 0E       		.uleb128 0xe
 929 00c2 34       		.uleb128 0x34
 930 00c3 00       		.byte	0
 931 00c4 03       		.uleb128 0x3
 932 00c5 08       		.uleb128 0x8
 933 00c6 3A       		.uleb128 0x3a
 934 00c7 0B       		.uleb128 0xb
 935 00c8 3B       		.uleb128 0x3b
 936 00c9 0B       		.uleb128 0xb
 937 00ca 49       		.uleb128 0x49
 938 00cb 13       		.uleb128 0x13
 939 00cc 02       		.uleb128 0x2
 940 00cd 17       		.uleb128 0x17
 941 00ce 00       		.byte	0
 942 00cf 00       		.byte	0
ARM GAS  C:\Users\PANXIA~1\AppData\Local\Temp\ccRgUOC3.s 			page 19


 943 00d0 0F       		.uleb128 0xf
 944 00d1 34       		.uleb128 0x34
 945 00d2 00       		.byte	0
 946 00d3 03       		.uleb128 0x3
 947 00d4 0E       		.uleb128 0xe
 948 00d5 3A       		.uleb128 0x3a
 949 00d6 0B       		.uleb128 0xb
 950 00d7 3B       		.uleb128 0x3b
 951 00d8 0B       		.uleb128 0xb
 952 00d9 49       		.uleb128 0x49
 953 00da 13       		.uleb128 0x13
 954 00db 02       		.uleb128 0x2
 955 00dc 17       		.uleb128 0x17
 956 00dd 00       		.byte	0
 957 00de 00       		.byte	0
 958 00df 10       		.uleb128 0x10
 959 00e0 898201   		.uleb128 0x4109
 960 00e3 01       		.byte	0x1
 961 00e4 11       		.uleb128 0x11
 962 00e5 01       		.uleb128 0x1
 963 00e6 31       		.uleb128 0x31
 964 00e7 13       		.uleb128 0x13
 965 00e8 00       		.byte	0
 966 00e9 00       		.byte	0
 967 00ea 11       		.uleb128 0x11
 968 00eb 8A8201   		.uleb128 0x410a
 969 00ee 00       		.byte	0
 970 00ef 02       		.uleb128 0x2
 971 00f0 18       		.uleb128 0x18
 972 00f1 9142     		.uleb128 0x2111
 973 00f3 18       		.uleb128 0x18
 974 00f4 00       		.byte	0
 975 00f5 00       		.byte	0
 976 00f6 12       		.uleb128 0x12
 977 00f7 898201   		.uleb128 0x4109
 978 00fa 01       		.byte	0x1
 979 00fb 11       		.uleb128 0x11
 980 00fc 01       		.uleb128 0x1
 981 00fd 31       		.uleb128 0x31
 982 00fe 13       		.uleb128 0x13
 983 00ff 01       		.uleb128 0x1
 984 0100 13       		.uleb128 0x13
 985 0101 00       		.byte	0
 986 0102 00       		.byte	0
 987 0103 13       		.uleb128 0x13
 988 0104 34       		.uleb128 0x34
 989 0105 00       		.byte	0
 990 0106 03       		.uleb128 0x3
 991 0107 0E       		.uleb128 0xe
 992 0108 3A       		.uleb128 0x3a
 993 0109 0B       		.uleb128 0xb
 994 010a 3B       		.uleb128 0x3b
 995 010b 05       		.uleb128 0x5
 996 010c 49       		.uleb128 0x49
 997 010d 13       		.uleb128 0x13
 998 010e 3F       		.uleb128 0x3f
 999 010f 19       		.uleb128 0x19
ARM GAS  C:\Users\PANXIA~1\AppData\Local\Temp\ccRgUOC3.s 			page 20


 1000 0110 3C       		.uleb128 0x3c
 1001 0111 19       		.uleb128 0x19
 1002 0112 00       		.byte	0
 1003 0113 00       		.byte	0
 1004 0114 14       		.uleb128 0x14
 1005 0115 35       		.uleb128 0x35
 1006 0116 00       		.byte	0
 1007 0117 49       		.uleb128 0x49
 1008 0118 13       		.uleb128 0x13
 1009 0119 00       		.byte	0
 1010 011a 00       		.byte	0
 1011 011b 15       		.uleb128 0x15
 1012 011c 34       		.uleb128 0x34
 1013 011d 00       		.byte	0
 1014 011e 03       		.uleb128 0x3
 1015 011f 08       		.uleb128 0x8
 1016 0120 3A       		.uleb128 0x3a
 1017 0121 0B       		.uleb128 0xb
 1018 0122 3B       		.uleb128 0x3b
 1019 0123 0B       		.uleb128 0xb
 1020 0124 49       		.uleb128 0x49
 1021 0125 13       		.uleb128 0x13
 1022 0126 3F       		.uleb128 0x3f
 1023 0127 19       		.uleb128 0x19
 1024 0128 02       		.uleb128 0x2
 1025 0129 18       		.uleb128 0x18
 1026 012a 00       		.byte	0
 1027 012b 00       		.byte	0
 1028 012c 16       		.uleb128 0x16
 1029 012d 34       		.uleb128 0x34
 1030 012e 00       		.byte	0
 1031 012f 03       		.uleb128 0x3
 1032 0130 0E       		.uleb128 0xe
 1033 0131 3A       		.uleb128 0x3a
 1034 0132 0B       		.uleb128 0xb
 1035 0133 3B       		.uleb128 0x3b
 1036 0134 0B       		.uleb128 0xb
 1037 0135 49       		.uleb128 0x49
 1038 0136 13       		.uleb128 0x13
 1039 0137 3F       		.uleb128 0x3f
 1040 0138 19       		.uleb128 0x19
 1041 0139 02       		.uleb128 0x2
 1042 013a 18       		.uleb128 0x18
 1043 013b 00       		.byte	0
 1044 013c 00       		.byte	0
 1045 013d 17       		.uleb128 0x17
 1046 013e 2E       		.uleb128 0x2e
 1047 013f 00       		.byte	0
 1048 0140 3F       		.uleb128 0x3f
 1049 0141 19       		.uleb128 0x19
 1050 0142 03       		.uleb128 0x3
 1051 0143 0E       		.uleb128 0xe
 1052 0144 3A       		.uleb128 0x3a
 1053 0145 0B       		.uleb128 0xb
 1054 0146 3B       		.uleb128 0x3b
 1055 0147 0B       		.uleb128 0xb
 1056 0148 27       		.uleb128 0x27
ARM GAS  C:\Users\PANXIA~1\AppData\Local\Temp\ccRgUOC3.s 			page 21


 1057 0149 19       		.uleb128 0x19
 1058 014a 3C       		.uleb128 0x3c
 1059 014b 19       		.uleb128 0x19
 1060 014c 00       		.byte	0
 1061 014d 00       		.byte	0
 1062 014e 18       		.uleb128 0x18
 1063 014f 2E       		.uleb128 0x2e
 1064 0150 01       		.byte	0x1
 1065 0151 3F       		.uleb128 0x3f
 1066 0152 19       		.uleb128 0x19
 1067 0153 03       		.uleb128 0x3
 1068 0154 0E       		.uleb128 0xe
 1069 0155 3A       		.uleb128 0x3a
 1070 0156 0B       		.uleb128 0xb
 1071 0157 3B       		.uleb128 0x3b
 1072 0158 0B       		.uleb128 0xb
 1073 0159 27       		.uleb128 0x27
 1074 015a 19       		.uleb128 0x19
 1075 015b 49       		.uleb128 0x49
 1076 015c 13       		.uleb128 0x13
 1077 015d 3C       		.uleb128 0x3c
 1078 015e 19       		.uleb128 0x19
 1079 015f 00       		.byte	0
 1080 0160 00       		.byte	0
 1081 0161 19       		.uleb128 0x19
 1082 0162 05       		.uleb128 0x5
 1083 0163 00       		.byte	0
 1084 0164 49       		.uleb128 0x49
 1085 0165 13       		.uleb128 0x13
 1086 0166 00       		.byte	0
 1087 0167 00       		.byte	0
 1088 0168 00       		.byte	0
 1089              		.section	.debug_loc,"",%progbits
 1090              	.Ldebug_loc0:
 1091              	.LLST0:
 1092 0000 00000000 		.4byte	.LVL2
 1093 0004 08000000 		.4byte	.LVL4
 1094 0008 0100     		.2byte	0x1
 1095 000a 50       		.byte	0x50
 1096 000b 08000000 		.4byte	.LVL4
 1097 000f 4C000000 		.4byte	.LFE64
 1098 0013 0400     		.2byte	0x4
 1099 0015 F3       		.byte	0xf3
 1100 0016 01       		.uleb128 0x1
 1101 0017 50       		.byte	0x50
 1102 0018 9F       		.byte	0x9f
 1103 0019 00000000 		.4byte	0
 1104 001d 00000000 		.4byte	0
 1105              	.LLST1:
 1106 0021 04000000 		.4byte	.LVL3
 1107 0025 08000000 		.4byte	.LVL4
 1108 0029 0200     		.2byte	0x2
 1109 002b 30       		.byte	0x30
 1110 002c 9F       		.byte	0x9f
 1111 002d 08000000 		.4byte	.LVL4
 1112 0031 16000000 		.4byte	.LVL6
 1113 0035 0100     		.2byte	0x1
ARM GAS  C:\Users\PANXIA~1\AppData\Local\Temp\ccRgUOC3.s 			page 22


 1114 0037 54       		.byte	0x54
 1115 0038 18000000 		.4byte	.LVL7
 1116 003c 22000000 		.4byte	.LVL8
 1117 0040 0100     		.2byte	0x1
 1118 0042 54       		.byte	0x54
 1119 0043 22000000 		.4byte	.LVL8
 1120 0047 2C000000 		.4byte	.LVL10
 1121 004b 0100     		.2byte	0x1
 1122 004d 53       		.byte	0x53
 1123 004e 2E000000 		.4byte	.LVL11
 1124 0052 38000000 		.4byte	.LVL12
 1125 0056 0100     		.2byte	0x1
 1126 0058 53       		.byte	0x53
 1127 0059 00000000 		.4byte	0
 1128 005d 00000000 		.4byte	0
 1129              	.LLST2:
 1130 0061 04000000 		.4byte	.LVL3
 1131 0065 3E000000 		.4byte	.LVL14
 1132 0069 0200     		.2byte	0x2
 1133 006b 30       		.byte	0x30
 1134 006c 9F       		.byte	0x9f
 1135 006d 3E000000 		.4byte	.LVL14
 1136 0071 4C000000 		.4byte	.LFE64
 1137 0075 0100     		.2byte	0x1
 1138 0077 50       		.byte	0x50
 1139 0078 00000000 		.4byte	0
 1140 007c 00000000 		.4byte	0
 1141              	.LLST3:
 1142 0080 04000000 		.4byte	.LVL3
 1143 0084 22000000 		.4byte	.LVL8
 1144 0088 0200     		.2byte	0x2
 1145 008a 30       		.byte	0x30
 1146 008b 9F       		.byte	0x9f
 1147 008c 22000000 		.4byte	.LVL8
 1148 0090 3A000000 		.4byte	.LVL13
 1149 0094 0100     		.2byte	0x1
 1150 0096 52       		.byte	0x52
 1151 0097 00000000 		.4byte	0
 1152 009b 00000000 		.4byte	0
 1153              		.section	.debug_aranges,"",%progbits
 1154 0000 2C000000 		.4byte	0x2c
 1155 0004 0200     		.2byte	0x2
 1156 0006 00000000 		.4byte	.Ldebug_info0
 1157 000a 04       		.byte	0x4
 1158 000b 00       		.byte	0
 1159 000c 0000     		.2byte	0
 1160 000e 0000     		.2byte	0
 1161 0010 00000000 		.4byte	.LFB63
 1162 0014 0C000000 		.4byte	.LFE63-.LFB63
 1163 0018 00000000 		.4byte	.LFB64
 1164 001c 4C000000 		.4byte	.LFE64-.LFB64
 1165 0020 00000000 		.4byte	.LFB65
 1166 0024 84000000 		.4byte	.LFE65-.LFB65
 1167 0028 00000000 		.4byte	0
 1168 002c 00000000 		.4byte	0
 1169              		.section	.debug_ranges,"",%progbits
 1170              	.Ldebug_ranges0:
ARM GAS  C:\Users\PANXIA~1\AppData\Local\Temp\ccRgUOC3.s 			page 23


 1171 0000 00000000 		.4byte	.LFB63
 1172 0004 0C000000 		.4byte	.LFE63
 1173 0008 00000000 		.4byte	.LFB64
 1174 000c 4C000000 		.4byte	.LFE64
 1175 0010 00000000 		.4byte	.LFB65
 1176 0014 84000000 		.4byte	.LFE65
 1177 0018 00000000 		.4byte	0
 1178 001c 00000000 		.4byte	0
 1179              		.section	.debug_line,"",%progbits
 1180              	.Ldebug_line0:
 1181 0000 D3010000 		.section	.debug_str,"MS",%progbits,1
 1181      02006F01 
 1181      00000201 
 1181      FB0E0D00 
 1181      01010101 
 1182              	.LASF43:
 1183 0000 4C45445F 		.ascii	"LED_3_V\000"
 1183      335F5600 
 1184              	.LASF9:
 1185 0008 5F5F696E 		.ascii	"__int32_t\000"
 1185      7433325F 
 1185      7400
 1186              	.LASF46:
 1187 0012 675F436F 		.ascii	"g_Control\000"
 1187      6E74726F 
 1187      6C00
 1188              	.LASF27:
 1189 001c 72696768 		.ascii	"right_behind_wheel\000"
 1189      745F6265 
 1189      68696E64 
 1189      5F776865 
 1189      656C00
 1190              	.LASF3:
 1191 002f 73686F72 		.ascii	"short unsigned int\000"
 1191      7420756E 
 1191      7369676E 
 1191      65642069 
 1191      6E7400
 1192              	.LASF31:
 1193 0042 6A69616F 		.ascii	"jiaoju\000"
 1193      6A7500
 1194              	.LASF42:
 1195 0049 4C45445F 		.ascii	"LED_2_V\000"
 1195      325F5600 
 1196              	.LASF25:
 1197 0051 6C656674 		.ascii	"left_behind_wheel\000"
 1197      5F626568 
 1197      696E645F 
 1197      77686565 
 1197      6C00
 1198              	.LASF15:
 1199 0063 666C6F61 		.ascii	"float\000"
 1199      7400
 1200              	.LASF53:
 1201 0069 4765745F 		.ascii	"Get_Battery_ADvalue\000"
 1201      42617474 
 1201      6572795F 
ARM GAS  C:\Users\PANXIA~1\AppData\Local\Temp\ccRgUOC3.s 			page 24


 1201      41447661 
 1201      6C756500 
 1202              	.LASF0:
 1203 007d 7369676E 		.ascii	"signed char\000"
 1203      65642063 
 1203      68617200 
 1204              	.LASF39:
 1205 0089 50545A5F 		.ascii	"PTZ_X_V\000"
 1205      585F5600 
 1206              	.LASF33:
 1207 0091 72657476 		.ascii	"retval\000"
 1207      616C00
 1208              	.LASF49:
 1209 0098 4144435F 		.ascii	"ADC_StartConvert\000"
 1209      53746172 
 1209      74436F6E 
 1209      76657274 
 1209      00
 1210              	.LASF13:
 1211 00a9 696E7431 		.ascii	"int16\000"
 1211      3600
 1212              	.LASF23:
 1213 00af 7365745F 		.ascii	"set_car_speed\000"
 1213      6361725F 
 1213      73706565 
 1213      6400
 1214              	.LASF41:
 1215 00bd 4C45445F 		.ascii	"LED_1_V\000"
 1215      315F5600 
 1216              	.LASF14:
 1217 00c5 696E7433 		.ascii	"int32\000"
 1217      3200
 1218              	.LASF55:
 1219 00cb 4144435F 		.ascii	"ADC_GetResult16\000"
 1219      47657452 
 1219      6573756C 
 1219      74313600 
 1220              	.LASF52:
 1221 00db 463A5C70 		.ascii	"F:\\project\\robot\\T1\\FW\\trunk\\robot_control_C\\"
 1221      726F6A65 
 1221      63745C72 
 1221      6F626F74 
 1221      5C54315C 
 1222 0108 726F626F 		.ascii	"robot_control.cydsn\000"
 1222      745F636F 
 1222      6E74726F 
 1222      6C2E6379 
 1222      64736E00 
 1223              	.LASF36:
 1224 011c 49544D5F 		.ascii	"ITM_RxBuffer\000"
 1224      52784275 
 1224      66666572 
 1224      00
 1225              	.LASF1:
 1226 0129 756E7369 		.ascii	"unsigned char\000"
 1226      676E6564 
 1226      20636861 
ARM GAS  C:\Users\PANXIA~1\AppData\Local\Temp\ccRgUOC3.s 			page 25


 1226      7200
 1227              	.LASF5:
 1228 0137 6C6F6E67 		.ascii	"long unsigned int\000"
 1228      20756E73 
 1228      69676E65 
 1228      6420696E 
 1228      7400
 1229              	.LASF12:
 1230 0149 75696E74 		.ascii	"uint16\000"
 1230      313600
 1231              	.LASF28:
 1232 0150 535F4341 		.ascii	"S_CAR\000"
 1232      5200
 1233              	.LASF32:
 1234 0156 535F434F 		.ascii	"S_CONTROL\000"
 1234      4E54524F 
 1234      4C00
 1235              	.LASF47:
 1236 0160 72657441 		.ascii	"retADCValue\000"
 1236      44435661 
 1236      6C756500 
 1237              	.LASF50:
 1238 016c 474E5520 		.ascii	"GNU C 4.9.3 20150303 (release) [ARM/embedded-4_9-br"
 1238      4320342E 
 1238      392E3320 
 1238      32303135 
 1238      30333033 
 1239 019f 616E6368 		.ascii	"anch revision 221220] -mcpu=cortex-m3 -mthumb -g -O"
 1239      20726576 
 1239      6973696F 
 1239      6E203232 
 1239      31323230 
 1240 01d2 67202D66 		.ascii	"g -ffunction-sections -ffat-lto-objects\000"
 1240      66756E63 
 1240      74696F6E 
 1240      2D736563 
 1240      74696F6E 
 1241              	.LASF8:
 1242 01fa 756E7369 		.ascii	"unsigned int\000"
 1242      676E6564 
 1242      20696E74 
 1242      00
 1243              	.LASF37:
 1244 0207 4341525F 		.ascii	"CAR_X_V\000"
 1244      585F5600 
 1245              	.LASF7:
 1246 020f 6C6F6E67 		.ascii	"long long unsigned int\000"
 1246      206C6F6E 
 1246      6720756E 
 1246      7369676E 
 1246      65642069 
 1247              	.LASF38:
 1248 0226 4341525F 		.ascii	"CAR_Y_V\000"
 1248      595F5600 
 1249              	.LASF48:
 1250 022e 4144435F 		.ascii	"ADC_Start\000"
 1250      53746172 
ARM GAS  C:\Users\PANXIA~1\AppData\Local\Temp\ccRgUOC3.s 			page 26


 1250      7400
 1251              	.LASF24:
 1252 0238 6C656674 		.ascii	"left_front_wheel\000"
 1252      5F66726F 
 1252      6E745F77 
 1252      6865656C 
 1252      00
 1253              	.LASF40:
 1254 0249 50545A5F 		.ascii	"PTZ_Y_V\000"
 1254      595F5600 
 1255              	.LASF34:
 1256 0251 4D6F6E69 		.ascii	"Monitor_Battery_Init\000"
 1256      746F725F 
 1256      42617474 
 1256      6572795F 
 1256      496E6974 
 1257              	.LASF10:
 1258 0266 696E7433 		.ascii	"int32_t\000"
 1258      325F7400 
 1259              	.LASF20:
 1260 026e 4361725F 		.ascii	"Car_dir\000"
 1260      64697200 
 1261              	.LASF29:
 1262 0276 42617474 		.ascii	"Battery\000"
 1262      65727900 
 1263              	.LASF18:
 1264 027e 73697A65 		.ascii	"sizetype\000"
 1264      74797065 
 1264      00
 1265              	.LASF6:
 1266 0287 6C6F6E67 		.ascii	"long long int\000"
 1266      206C6F6E 
 1266      6720696E 
 1266      7400
 1267              	.LASF17:
 1268 0295 63686172 		.ascii	"char\000"
 1268      00
 1269              	.LASF22:
 1270 029a 4361725F 		.ascii	"Car_lock\000"
 1270      6C6F636B 
 1270      00
 1271              	.LASF45:
 1272 02a3 675F4361 		.ascii	"g_Car\000"
 1272      7200
 1273              	.LASF2:
 1274 02a9 73686F72 		.ascii	"short int\000"
 1274      7420696E 
 1274      7400
 1275              	.LASF35:
 1276 02b3 43616C5F 		.ascii	"Cal_Battery_loop\000"
 1276      42617474 
 1276      6572795F 
 1276      6C6F6F70 
 1276      00
 1277              	.LASF11:
 1278 02c4 75696E74 		.ascii	"uint8\000"
 1278      3800
ARM GAS  C:\Users\PANXIA~1\AppData\Local\Temp\ccRgUOC3.s 			page 27


 1279              	.LASF21:
 1280 02ca 50747A5F 		.ascii	"Ptz_dir\000"
 1280      64697200 
 1281              	.LASF4:
 1282 02d2 6C6F6E67 		.ascii	"long int\000"
 1282      20696E74 
 1282      00
 1283              	.LASF44:
 1284 02db 4341525F 		.ascii	"CAR_SPEED_V\000"
 1284      53504545 
 1284      445F5600 
 1285              	.LASF16:
 1286 02e7 646F7562 		.ascii	"double\000"
 1286      6C6500
 1287              	.LASF54:
 1288 02ee 6368616E 		.ascii	"channal\000"
 1288      6E616C00 
 1289              	.LASF26:
 1290 02f6 72696768 		.ascii	"right_front_wheel\000"
 1290      745F6672 
 1290      6F6E745F 
 1290      77686565 
 1290      6C00
 1291              	.LASF51:
 1292 0308 2E5C4144 		.ascii	".\\ADC_V.c\000"
 1292      435F562E 
 1292      6300
 1293              	.LASF19:
 1294 0312 535F5748 		.ascii	"S_WHEEL\000"
 1294      45454C00 
 1295              	.LASF30:
 1296 031a 6269616E 		.ascii	"bianbei\000"
 1296      62656900 
 1297              		.ident	"GCC: (GNU Tools for ARM Embedded Processors) 4.9.3 20150303 (release) [ARM/embedded-4_9-br
