ARM GAS  C:\Users\pxc\AppData\Local\Temp\cc2GRTtY.s 			page 1


   1              		.syntax unified
   2              		.cpu cortex-m3
   3              		.fpu softvfp
   4              		.eabi_attribute 20, 1
   5              		.eabi_attribute 21, 1
   6              		.eabi_attribute 23, 3
   7              		.eabi_attribute 24, 1
   8              		.eabi_attribute 25, 1
   9              		.eabi_attribute 26, 1
  10              		.eabi_attribute 30, 1
  11              		.eabi_attribute 34, 1
  12              		.eabi_attribute 18, 4
  13              		.thumb
  14              		.file	"buzzer.c"
  15              		.text
  16              	.Ltext0:
  17              		.cfi_sections	.debug_frame
  18              		.section	.text.cb_bzr_Main,"ax",%progbits
  19              		.align	2
  20              		.global	cb_bzr_Main
  21              		.thumb
  22              		.thumb_func
  23              		.type	cb_bzr_Main, %function
  24              	cb_bzr_Main:
  25              	.LFB63:
  26              		.file 1 ".\\buzzer.c"
   1:.\buzzer.c    **** 
   2:.\buzzer.c    **** #include "buzzer.h"
   3:.\buzzer.c    **** #define DISABLE 0
   4:.\buzzer.c    **** #define ENABLE  1
   5:.\buzzer.c    **** #define ON      1
   6:.\buzzer.c    **** #define OFF     0
   7:.\buzzer.c    **** /*  -----    ---         -----    ---
   8:.\buzzer.c    ****     |   |   |  |         |   |   |  |
   9:.\buzzer.c    ****     |   |t2 |  | t2+t3   |   |t2 |  |
  10:.\buzzer.c    **** ---- t1 ----   ---------
  11:.\buzzer.c    **** */
  12:.\buzzer.c    **** typedef struct 
  13:.\buzzer.c    **** {
  14:.\buzzer.c    ****     uint32_t ton;
  15:.\buzzer.c    ****     uint32_t toff;
  16:.\buzzer.c    ****     uint32_t t3;
  17:.\buzzer.c    ****     uint32_t cont;
  18:.\buzzer.c    ****     uint32_t cyc;
  19:.\buzzer.c    **** } bzr_SPL;
  20:.\buzzer.c    **** 
  21:.\buzzer.c    **** bzr_SPL Msc_Spl;
  22:.\buzzer.c    **** 
  23:.\buzzer.c    **** static uint8 msc_en = DISABLE;
  24:.\buzzer.c    **** 
  25:.\buzzer.c    **** static uint32_t  t_          = 0;
  26:.\buzzer.c    **** static uint8_t   s           = 0;
  27:.\buzzer.c    **** static uint32_t  c           = 0;
  28:.\buzzer.c    **** static uint32_t  cont_inside = 0;
  29:.\buzzer.c    **** 
  30:.\buzzer.c    **** 
  31:.\buzzer.c    **** void cb_bzr_Main(void)
ARM GAS  C:\Users\pxc\AppData\Local\Temp\cc2GRTtY.s 			page 2


  32:.\buzzer.c    **** {
  27              		.loc 1 32 0
  28              		.cfi_startproc
  29              		@ args = 0, pretend = 0, frame = 0
  30              		@ frame_needed = 0, uses_anonymous_args = 0
  31 0000 08B5     		push	{r3, lr}
  32              		.cfi_def_cfa_offset 8
  33              		.cfi_offset 3, -8
  34              		.cfi_offset 14, -4
  33:.\buzzer.c    ****     if(msc_en == ENABLE)
  35              		.loc 1 33 0
  36 0002 3E4B     		ldr	r3, .L14
  37 0004 1B78     		ldrb	r3, [r3]	@ zero_extendqisi2
  38 0006 012B     		cmp	r3, #1
  39 0008 77D1     		bne	.L1
  34:.\buzzer.c    ****     {
  35:.\buzzer.c    ****         switch(s)
  40              		.loc 1 35 0
  41 000a 3C4B     		ldr	r3, .L14
  42 000c 5B78     		ldrb	r3, [r3, #1]	@ zero_extendqisi2
  43 000e 032B     		cmp	r3, #3
  44 0010 6FD8     		bhi	.L3
  45 0012 DFE803F0 		tbb	[pc, r3]
  46              	.L5:
  47 0016 02       		.byte	(.L4-.L5)/2
  48 0017 0F       		.byte	(.L6-.L5)/2
  49 0018 1E       		.byte	(.L7-.L5)/2
  50 0019 52       		.byte	(.L8-.L5)/2
  51              		.p2align 1
  52              	.L4:
  36:.\buzzer.c    ****         {
  37:.\buzzer.c    ****             case 0:
  38:.\buzzer.c    ****                     if(Msc_Spl.ton)
  53              		.loc 1 38 0
  54 001a 394B     		ldr	r3, .L14+4
  55 001c 1B68     		ldr	r3, [r3]
  56 001e 002B     		cmp	r3, #0
  57 0020 67D0     		beq	.L3
  58              	.LBB2:
  39:.\buzzer.c    ****                     {
  40:.\buzzer.c    ****                         BUZZER_SET(ON);
  59              		.loc 1 40 0
  60 0022 0120     		movs	r0, #1
  61 0024 FFF7FEFF 		bl	Beep_Write
  62              	.LVL0:
  41:.\buzzer.c    ****                         t_ = 0;
  63              		.loc 1 41 0
  64 0028 344B     		ldr	r3, .L14
  65 002a 0022     		movs	r2, #0
  66 002c 5A60     		str	r2, [r3, #4]
  42:.\buzzer.c    ****                         s  = 1;
  67              		.loc 1 42 0
  68 002e 0122     		movs	r2, #1
  69 0030 5A70     		strb	r2, [r3, #1]
  70 0032 5EE0     		b	.L3
  71              	.L6:
  72              	.LBE2:
ARM GAS  C:\Users\pxc\AppData\Local\Temp\cc2GRTtY.s 			page 3


  43:.\buzzer.c    ****                     }
  44:.\buzzer.c    ****                     break;
  45:.\buzzer.c    ****             case 1:
  46:.\buzzer.c    ****                     if(t_ >= Msc_Spl.ton)
  73              		.loc 1 46 0
  74 0034 324B     		ldr	r3, .L14+4
  75 0036 1A68     		ldr	r2, [r3]
  76 0038 304B     		ldr	r3, .L14
  77 003a 5B68     		ldr	r3, [r3, #4]
  78 003c 9A42     		cmp	r2, r3
  79 003e 58D8     		bhi	.L3
  80              	.LBB3:
  47:.\buzzer.c    ****                     {
  48:.\buzzer.c    ****                         BUZZER_SET(OFF);
  81              		.loc 1 48 0
  82 0040 0020     		movs	r0, #0
  83 0042 FFF7FEFF 		bl	Beep_Write
  84              	.LVL1:
  49:.\buzzer.c    ****                         t_ = 0;
  85              		.loc 1 49 0
  86 0046 2D4B     		ldr	r3, .L14
  87 0048 0022     		movs	r2, #0
  88 004a 5A60     		str	r2, [r3, #4]
  50:.\buzzer.c    ****                         s  = 2;
  89              		.loc 1 50 0
  90 004c 0222     		movs	r2, #2
  91 004e 5A70     		strb	r2, [r3, #1]
  92 0050 4FE0     		b	.L3
  93              	.L7:
  94              	.LBE3:
  51:.\buzzer.c    ****                     }
  52:.\buzzer.c    ****                     break;
  53:.\buzzer.c    ****             case 2:
  54:.\buzzer.c    ****                     if(t_ >= Msc_Spl.toff)
  95              		.loc 1 54 0
  96 0052 2B4B     		ldr	r3, .L14+4
  97 0054 5A68     		ldr	r2, [r3, #4]
  98 0056 294B     		ldr	r3, .L14
  99 0058 5B68     		ldr	r3, [r3, #4]
 100 005a 9A42     		cmp	r2, r3
 101 005c 49D8     		bhi	.L3
  55:.\buzzer.c    ****                     {
  56:.\buzzer.c    ****                         if(Msc_Spl.cont > (++cont_inside))
 102              		.loc 1 56 0
 103 005e 284B     		ldr	r3, .L14+4
 104 0060 D968     		ldr	r1, [r3, #12]
 105 0062 264A     		ldr	r2, .L14
 106 0064 9368     		ldr	r3, [r2, #8]
 107 0066 0133     		adds	r3, r3, #1
 108 0068 9360     		str	r3, [r2, #8]
 109 006a 9942     		cmp	r1, r3
 110 006c 04D9     		bls	.L9
  57:.\buzzer.c    ****                         {
  58:.\buzzer.c    ****                             t_ = 0;
 111              		.loc 1 58 0
 112 006e 1346     		mov	r3, r2
 113 0070 0022     		movs	r2, #0
ARM GAS  C:\Users\pxc\AppData\Local\Temp\cc2GRTtY.s 			page 4


 114 0072 5A60     		str	r2, [r3, #4]
  59:.\buzzer.c    ****                             s  = 0;
 115              		.loc 1 59 0
 116 0074 5A70     		strb	r2, [r3, #1]
 117 0076 3CE0     		b	.L3
 118              	.L9:
  60:.\buzzer.c    ****                         }
  61:.\buzzer.c    ****                         else//
  62:.\buzzer.c    ****                         {
  63:.\buzzer.c    ****                             if((Msc_Spl.cont>1)&&(Msc_Spl.t3 > 0))//进入t3
 119              		.loc 1 63 0
 120 0078 0129     		cmp	r1, #1
 121 007a 08D9     		bls	.L10
 122              		.loc 1 63 0 is_stmt 0 discriminator 1
 123 007c 204B     		ldr	r3, .L14+4
 124 007e 9B68     		ldr	r3, [r3, #8]
 125 0080 2BB1     		cbz	r3, .L10
  64:.\buzzer.c    ****                             {
  65:.\buzzer.c    ****                                 t_ = 0;
 126              		.loc 1 65 0 is_stmt 1
 127 0082 1E4B     		ldr	r3, .L14
 128 0084 0022     		movs	r2, #0
 129 0086 5A60     		str	r2, [r3, #4]
  66:.\buzzer.c    ****                                 s  = 3;
 130              		.loc 1 66 0
 131 0088 0322     		movs	r2, #3
 132 008a 5A70     		strb	r2, [r3, #1]
 133 008c 31E0     		b	.L3
 134              	.L10:
  67:.\buzzer.c    ****                             }
  68:.\buzzer.c    ****                             else//进入下一个周期
  69:.\buzzer.c    ****                             {
  70:.\buzzer.c    ****                                 if((Msc_Spl.cyc) && ((++c) >= Msc_Spl.cyc))
 135              		.loc 1 70 0
 136 008e 1C4B     		ldr	r3, .L14+4
 137 0090 1A69     		ldr	r2, [r3, #16]
 138 0092 4AB1     		cbz	r2, .L11
 139              		.loc 1 70 0 is_stmt 0 discriminator 1
 140 0094 1949     		ldr	r1, .L14
 141 0096 CB68     		ldr	r3, [r1, #12]
 142 0098 0133     		adds	r3, r3, #1
 143 009a CB60     		str	r3, [r1, #12]
 144 009c 9A42     		cmp	r2, r3
 145 009e 03D8     		bhi	.L11
  71:.\buzzer.c    ****                                 {
  72:.\buzzer.c    ****                                     s = 0;
 146              		.loc 1 72 0 is_stmt 1
 147 00a0 0022     		movs	r2, #0
 148 00a2 4A70     		strb	r2, [r1, #1]
  73:.\buzzer.c    ****                                     msc_en = DISABLE;
 149              		.loc 1 73 0
 150 00a4 0A70     		strb	r2, [r1]
 151 00a6 24E0     		b	.L3
 152              	.L11:
 153              	.LBB4:
  74:.\buzzer.c    ****                                 }
  75:.\buzzer.c    ****                                 else
ARM GAS  C:\Users\pxc\AppData\Local\Temp\cc2GRTtY.s 			page 5


  76:.\buzzer.c    ****                                 {
  77:.\buzzer.c    ****                                     BUZZER_SET(ON);
 154              		.loc 1 77 0
 155 00a8 0120     		movs	r0, #1
 156 00aa FFF7FEFF 		bl	Beep_Write
 157              	.LVL2:
  78:.\buzzer.c    ****                                     s  = 1;
 158              		.loc 1 78 0
 159 00ae 134B     		ldr	r3, .L14
 160 00b0 0122     		movs	r2, #1
 161 00b2 5A70     		strb	r2, [r3, #1]
  79:.\buzzer.c    ****                                     t_ = 0;
 162              		.loc 1 79 0
 163 00b4 0022     		movs	r2, #0
 164 00b6 5A60     		str	r2, [r3, #4]
 165 00b8 1BE0     		b	.L3
 166              	.L8:
 167              	.LBE4:
  80:.\buzzer.c    ****                                 }
  81:.\buzzer.c    ****                             }		
  82:.\buzzer.c    ****                         }
  83:.\buzzer.c    ****                     }
  84:.\buzzer.c    ****                     break;
  85:.\buzzer.c    ****             case 3:
  86:.\buzzer.c    ****                     if(t_ >= Msc_Spl.t3)
 168              		.loc 1 86 0
 169 00ba 114B     		ldr	r3, .L14+4
 170 00bc 9A68     		ldr	r2, [r3, #8]
 171 00be 0F4B     		ldr	r3, .L14
 172 00c0 5B68     		ldr	r3, [r3, #4]
 173 00c2 9A42     		cmp	r2, r3
 174 00c4 15D8     		bhi	.L3
  87:.\buzzer.c    ****                     {
  88:.\buzzer.c    ****                         if((Msc_Spl.cyc) && ((++c) >= Msc_Spl.cyc))
 175              		.loc 1 88 0
 176 00c6 0E4B     		ldr	r3, .L14+4
 177 00c8 1A69     		ldr	r2, [r3, #16]
 178 00ca 4AB1     		cbz	r2, .L12
 179              		.loc 1 88 0 is_stmt 0 discriminator 1
 180 00cc 0B49     		ldr	r1, .L14
 181 00ce CB68     		ldr	r3, [r1, #12]
 182 00d0 0133     		adds	r3, r3, #1
 183 00d2 CB60     		str	r3, [r1, #12]
 184 00d4 9A42     		cmp	r2, r3
 185 00d6 03D8     		bhi	.L12
  89:.\buzzer.c    ****                         {
  90:.\buzzer.c    ****                             s = 0;
 186              		.loc 1 90 0 is_stmt 1
 187 00d8 0022     		movs	r2, #0
 188 00da 4A70     		strb	r2, [r1, #1]
  91:.\buzzer.c    ****                             msc_en = DISABLE;
 189              		.loc 1 91 0
 190 00dc 0A70     		strb	r2, [r1]
 191 00de 08E0     		b	.L3
 192              	.L12:
 193              	.LBB5:
  92:.\buzzer.c    ****                         }
ARM GAS  C:\Users\pxc\AppData\Local\Temp\cc2GRTtY.s 			page 6


  93:.\buzzer.c    ****                         else
  94:.\buzzer.c    ****                         {
  95:.\buzzer.c    ****                             BUZZER_SET(ON);
 194              		.loc 1 95 0
 195 00e0 0120     		movs	r0, #1
 196 00e2 FFF7FEFF 		bl	Beep_Write
 197              	.LVL3:
  96:.\buzzer.c    ****                             s  = 1;
 198              		.loc 1 96 0
 199 00e6 054B     		ldr	r3, .L14
 200 00e8 0122     		movs	r2, #1
 201 00ea 5A70     		strb	r2, [r3, #1]
  97:.\buzzer.c    ****                             t_ = 0;
 202              		.loc 1 97 0
 203 00ec 0022     		movs	r2, #0
 204 00ee 5A60     		str	r2, [r3, #4]
  98:.\buzzer.c    ****                             cont_inside = 0;
 205              		.loc 1 98 0
 206 00f0 9A60     		str	r2, [r3, #8]
 207              	.L3:
 208              	.LBE5:
  99:.\buzzer.c    ****                         }
 100:.\buzzer.c    ****                     }
 101:.\buzzer.c    ****                     break;
 102:.\buzzer.c    **** 
 103:.\buzzer.c    ****             default:
 104:.\buzzer.c    ****                     break;
 105:.\buzzer.c    ****         }
 106:.\buzzer.c    ****         t_ += BZR_TIME_STEP;
 209              		.loc 1 106 0
 210 00f2 024A     		ldr	r2, .L14
 211 00f4 5368     		ldr	r3, [r2, #4]
 212 00f6 3333     		adds	r3, r3, #51
 213 00f8 5360     		str	r3, [r2, #4]
 214              	.L1:
 215 00fa 08BD     		pop	{r3, pc}
 216              	.L15:
 217              		.align	2
 218              	.L14:
 219 00fc 00000000 		.word	.LANCHOR0
 220 0100 00000000 		.word	Msc_Spl
 221              		.cfi_endproc
 222              	.LFE63:
 223              		.size	cb_bzr_Main, .-cb_bzr_Main
 224              		.section	.text.bzr_Init,"ax",%progbits
 225              		.align	2
 226              		.global	bzr_Init
 227              		.thumb
 228              		.thumb_func
 229              		.type	bzr_Init, %function
 230              	bzr_Init:
 231              	.LFB64:
 107:.\buzzer.c    ****     }
 108:.\buzzer.c    **** }
 109:.\buzzer.c    **** 
 110:.\buzzer.c    **** void bzr_Init(void)
 111:.\buzzer.c    **** {
ARM GAS  C:\Users\pxc\AppData\Local\Temp\cc2GRTtY.s 			page 7


 232              		.loc 1 111 0
 233              		.cfi_startproc
 234              		@ args = 0, pretend = 0, frame = 0
 235              		@ frame_needed = 0, uses_anonymous_args = 0
 236 0000 08B5     		push	{r3, lr}
 237              		.cfi_def_cfa_offset 8
 238              		.cfi_offset 3, -8
 239              		.cfi_offset 14, -4
 112:.\buzzer.c    ****     Msc_Spl.ton  = 0;
 240              		.loc 1 112 0
 241 0002 084B     		ldr	r3, .L18
 242 0004 0020     		movs	r0, #0
 243 0006 1860     		str	r0, [r3]
 113:.\buzzer.c    ****     Msc_Spl.toff = 0;
 244              		.loc 1 113 0
 245 0008 5860     		str	r0, [r3, #4]
 114:.\buzzer.c    ****     Msc_Spl.t3   = 0;
 246              		.loc 1 114 0
 247 000a 9860     		str	r0, [r3, #8]
 115:.\buzzer.c    ****     Msc_Spl.cont = 0;
 248              		.loc 1 115 0
 249 000c D860     		str	r0, [r3, #12]
 116:.\buzzer.c    ****     Msc_Spl.cyc  = 0;
 250              		.loc 1 116 0
 251 000e 1861     		str	r0, [r3, #16]
 117:.\buzzer.c    ****     t_           = 0;
 252              		.loc 1 117 0
 253 0010 054B     		ldr	r3, .L18+4
 254 0012 5860     		str	r0, [r3, #4]
 118:.\buzzer.c    ****     s            = 0;
 255              		.loc 1 118 0
 256 0014 5870     		strb	r0, [r3, #1]
 119:.\buzzer.c    ****     c            = 0;
 257              		.loc 1 119 0
 258 0016 D860     		str	r0, [r3, #12]
 120:.\buzzer.c    ****     cont_inside  = 0;
 259              		.loc 1 120 0
 260 0018 9860     		str	r0, [r3, #8]
 121:.\buzzer.c    ****     msc_en       = DISABLE;
 261              		.loc 1 121 0
 262 001a 1870     		strb	r0, [r3]
 122:.\buzzer.c    ****     BUZZER_SET(OFF);
 263              		.loc 1 122 0
 264 001c FFF7FEFF 		bl	Beep_Write
 265              	.LVL4:
 266 0020 08BD     		pop	{r3, pc}
 267              	.L19:
 268 0022 00BF     		.align	2
 269              	.L18:
 270 0024 00000000 		.word	Msc_Spl
 271 0028 00000000 		.word	.LANCHOR0
 272              		.cfi_endproc
 273              	.LFE64:
 274              		.size	bzr_Init, .-bzr_Init
 275              		.section	.text.bzr_SetBell,"ax",%progbits
 276              		.align	2
 277              		.global	bzr_SetBell
ARM GAS  C:\Users\pxc\AppData\Local\Temp\cc2GRTtY.s 			page 8


 278              		.thumb
 279              		.thumb_func
 280              		.type	bzr_SetBell, %function
 281              	bzr_SetBell:
 282              	.LFB65:
 123:.\buzzer.c    **** }
 124:.\buzzer.c    **** 
 125:.\buzzer.c    **** void bzr_SetBell(uint32_t ton, uint32_t toff,uint32_t cont,uint32_t t3, uint32_t cyc)
 126:.\buzzer.c    **** {	
 283              		.loc 1 126 0
 284              		.cfi_startproc
 285              		@ args = 4, pretend = 0, frame = 0
 286              		@ frame_needed = 0, uses_anonymous_args = 0
 287              	.LVL5:
 288 0000 70B5     		push	{r4, r5, r6, lr}
 289              		.cfi_def_cfa_offset 16
 290              		.cfi_offset 4, -16
 291              		.cfi_offset 5, -12
 292              		.cfi_offset 6, -8
 293              		.cfi_offset 14, -4
 294 0002 049D     		ldr	r5, [sp, #16]
 127:.\buzzer.c    ****     if((Msc_Spl.ton == ton)&&
 295              		.loc 1 127 0
 296 0004 1C4C     		ldr	r4, .L26
 297 0006 2468     		ldr	r4, [r4]
 298 0008 8442     		cmp	r4, r0
 299 000a 13D1     		bne	.L21
 128:.\buzzer.c    ****       (Msc_Spl.toff == toff)&&
 300              		.loc 1 128 0 discriminator 1
 301 000c 1A4C     		ldr	r4, .L26
 302 000e 6468     		ldr	r4, [r4, #4]
 127:.\buzzer.c    ****     if((Msc_Spl.ton == ton)&&
 303              		.loc 1 127 0 discriminator 1
 304 0010 8C42     		cmp	r4, r1
 305 0012 0FD1     		bne	.L21
 129:.\buzzer.c    ****       (Msc_Spl.cyc == cyc)&&
 306              		.loc 1 129 0
 307 0014 184C     		ldr	r4, .L26
 308 0016 2469     		ldr	r4, [r4, #16]
 128:.\buzzer.c    ****       (Msc_Spl.toff == toff)&&
 309              		.loc 1 128 0
 310 0018 AC42     		cmp	r4, r5
 311 001a 0BD1     		bne	.L21
 130:.\buzzer.c    ****       (Msc_Spl.cont == cont)&&
 312              		.loc 1 130 0
 313 001c 164C     		ldr	r4, .L26
 314 001e E468     		ldr	r4, [r4, #12]
 129:.\buzzer.c    ****       (Msc_Spl.cyc == cyc)&&
 315              		.loc 1 129 0
 316 0020 9442     		cmp	r4, r2
 317 0022 07D1     		bne	.L21
 131:.\buzzer.c    ****       (Msc_Spl.t3 == t3)&&( msc_en == ENABLE))
 318              		.loc 1 131 0
 319 0024 144C     		ldr	r4, .L26
 320 0026 A468     		ldr	r4, [r4, #8]
 130:.\buzzer.c    ****       (Msc_Spl.cont == cont)&&
 321              		.loc 1 130 0
ARM GAS  C:\Users\pxc\AppData\Local\Temp\cc2GRTtY.s 			page 9


 322 0028 9C42     		cmp	r4, r3
 323 002a 03D1     		bne	.L21
 324              		.loc 1 131 0
 325 002c 134C     		ldr	r4, .L26+4
 326 002e 2478     		ldrb	r4, [r4]	@ zero_extendqisi2
 327 0030 012C     		cmp	r4, #1
 328 0032 20D0     		beq	.L20
 329              	.L21:
 132:.\buzzer.c    ****     {
 133:.\buzzer.c    ****         
 134:.\buzzer.c    ****     }
 135:.\buzzer.c    ****     else//参数发生改变
 136:.\buzzer.c    ****     {
 137:.\buzzer.c    ****         msc_en = DISABLE;
 330              		.loc 1 137 0
 331 0034 0026     		movs	r6, #0
 332 0036 114C     		ldr	r4, .L26+4
 333 0038 2670     		strb	r6, [r4]
 138:.\buzzer.c    ****         
 139:.\buzzer.c    ****         if( (!toff) && (ton) && (!cyc))
 334              		.loc 1 139 0
 335 003a 39B9     		cbnz	r1, .L23
 336              		.loc 1 139 0 is_stmt 0 discriminator 1
 337 003c 30B1     		cbz	r0, .L23
 338              		.loc 1 139 0 discriminator 2
 339 003e 2DB9     		cbnz	r5, .L23
 340              	.LBB6:
 140:.\buzzer.c    ****         {
 141:.\buzzer.c    ****             bzr_Init();
 341              		.loc 1 141 0 is_stmt 1
 342 0040 FFF7FEFF 		bl	bzr_Init
 343              	.LVL6:
 142:.\buzzer.c    ****             BUZZER_SET(ON);  //蜂鸣器保持鸣叫
 344              		.loc 1 142 0
 345 0044 0120     		movs	r0, #1
 346 0046 FFF7FEFF 		bl	Beep_Write
 347              	.LVL7:
 348              	.LBE6:
 140:.\buzzer.c    ****         {
 349              		.loc 1 140 0
 350 004a 70BD     		pop	{r4, r5, r6, pc}
 351              	.LVL8:
 352              	.L23:
 143:.\buzzer.c    ****         }
 144:.\buzzer.c    ****         else if(!ton)
 353              		.loc 1 144 0
 354 004c 28B9     		cbnz	r0, .L24
 355              	.LBB7:
 145:.\buzzer.c    ****         {
 146:.\buzzer.c    ****             bzr_Init();
 356              		.loc 1 146 0
 357 004e FFF7FEFF 		bl	bzr_Init
 358              	.LVL9:
 147:.\buzzer.c    ****             BUZZER_SET(OFF); //蜂鸣器保持关闭
 359              		.loc 1 147 0
 360 0052 0020     		movs	r0, #0
 361 0054 FFF7FEFF 		bl	Beep_Write
ARM GAS  C:\Users\pxc\AppData\Local\Temp\cc2GRTtY.s 			page 10


 362              	.LVL10:
 363              	.LBE7:
 364 0058 70BD     		pop	{r4, r5, r6, pc}
 365              	.LVL11:
 366              	.L24:
 148:.\buzzer.c    ****         }
 149:.\buzzer.c    ****         else
 150:.\buzzer.c    ****         {
 151:.\buzzer.c    ****             Msc_Spl.ton  = ton;
 367              		.loc 1 151 0
 368 005a 074C     		ldr	r4, .L26
 369 005c 2060     		str	r0, [r4]
 152:.\buzzer.c    ****             Msc_Spl.toff = toff;
 370              		.loc 1 152 0
 371 005e 6160     		str	r1, [r4, #4]
 153:.\buzzer.c    ****             Msc_Spl.cyc  = cyc;
 372              		.loc 1 153 0
 373 0060 2561     		str	r5, [r4, #16]
 154:.\buzzer.c    ****             Msc_Spl.cont = cont;
 374              		.loc 1 154 0
 375 0062 E260     		str	r2, [r4, #12]
 155:.\buzzer.c    ****             Msc_Spl.t3   = t3;
 376              		.loc 1 155 0
 377 0064 A360     		str	r3, [r4, #8]
 156:.\buzzer.c    ****             
 157:.\buzzer.c    ****             t_ = 0;
 378              		.loc 1 157 0
 379 0066 054B     		ldr	r3, .L26+4
 380              	.LVL12:
 381 0068 0022     		movs	r2, #0
 382              	.LVL13:
 383 006a 5A60     		str	r2, [r3, #4]
 158:.\buzzer.c    ****             s  = 0;
 384              		.loc 1 158 0
 385 006c 5A70     		strb	r2, [r3, #1]
 159:.\buzzer.c    ****             c  = 0;
 386              		.loc 1 159 0
 387 006e DA60     		str	r2, [r3, #12]
 160:.\buzzer.c    ****             cont_inside = 0;        
 388              		.loc 1 160 0
 389 0070 9A60     		str	r2, [r3, #8]
 161:.\buzzer.c    ****             msc_en = ENABLE;
 390              		.loc 1 161 0
 391 0072 0122     		movs	r2, #1
 392 0074 1A70     		strb	r2, [r3]
 393              	.LVL14:
 394              	.L20:
 395 0076 70BD     		pop	{r4, r5, r6, pc}
 396              	.LVL15:
 397              	.L27:
 398              		.align	2
 399              	.L26:
 400 0078 00000000 		.word	Msc_Spl
 401 007c 00000000 		.word	.LANCHOR0
 402              		.cfi_endproc
 403              	.LFE65:
 404              		.size	bzr_SetBell, .-bzr_SetBell
ARM GAS  C:\Users\pxc\AppData\Local\Temp\cc2GRTtY.s 			page 11


 405              		.section	.text.bzr_ifBusy,"ax",%progbits
 406              		.align	2
 407              		.global	bzr_ifBusy
 408              		.thumb
 409              		.thumb_func
 410              		.type	bzr_ifBusy, %function
 411              	bzr_ifBusy:
 412              	.LFB66:
 162:.\buzzer.c    ****         }       
 163:.\buzzer.c    ****     }	
 164:.\buzzer.c    **** }
 165:.\buzzer.c    **** 
 166:.\buzzer.c    **** uint8 bzr_ifBusy(void)
 167:.\buzzer.c    **** {
 413              		.loc 1 167 0
 414              		.cfi_startproc
 415              		@ args = 0, pretend = 0, frame = 0
 416              		@ frame_needed = 0, uses_anonymous_args = 0
 417              		@ link register save eliminated.
 168:.\buzzer.c    ****     if(msc_en != DISABLE)
 418              		.loc 1 168 0
 419 0000 024B     		ldr	r3, .L30
 420 0002 1878     		ldrb	r0, [r3]	@ zero_extendqisi2
 421 0004 00B1     		cbz	r0, .L29
 169:.\buzzer.c    ****     {
 170:.\buzzer.c    ****         return 1;
 422              		.loc 1 170 0
 423 0006 0120     		movs	r0, #1
 424              	.L29:
 171:.\buzzer.c    ****     }          
 172:.\buzzer.c    ****     else
 173:.\buzzer.c    ****     {
 174:.\buzzer.c    ****         return 0;
 175:.\buzzer.c    ****     }            
 176:.\buzzer.c    **** }...
 425              		.loc 1 176 0
 426 0008 7047     		bx	lr
 427              	.L31:
 428 000a 00BF     		.align	2
 429              	.L30:
 430 000c 00000000 		.word	.LANCHOR0
 431              		.cfi_endproc
 432              	.LFE66:
 433              		.size	bzr_ifBusy, .-bzr_ifBusy
 434              		.comm	Msc_Spl,20,4
 435              		.bss
 436              		.align	2
 437              		.set	.LANCHOR0,. + 0
 438              		.type	msc_en, %object
 439              		.size	msc_en, 1
 440              	msc_en:
 441 0000 00       		.space	1
 442              		.type	s, %object
 443              		.size	s, 1
 444              	s:
 445 0001 00       		.space	1
 446 0002 0000     		.space	2
ARM GAS  C:\Users\pxc\AppData\Local\Temp\cc2GRTtY.s 			page 12


 447              		.type	t_, %object
 448              		.size	t_, 4
 449              	t_:
 450 0004 00000000 		.space	4
 451              		.type	cont_inside, %object
 452              		.size	cont_inside, 4
 453              	cont_inside:
 454 0008 00000000 		.space	4
 455              		.type	c, %object
 456              		.size	c, 4
 457              	c:
 458 000c 00000000 		.space	4
 459              		.text
 460              	.Letext0:
 461              		.file 2 "c:\\program files (x86)\\cypress\\psoc creator\\3.3\\psoc creator\\import\\gnu\\arm\\4.9.
 462              		.file 3 "c:\\program files (x86)\\cypress\\psoc creator\\3.3\\psoc creator\\import\\gnu\\arm\\4.9.
 463              		.file 4 "Generated_Source\\PSoC5/cytypes.h"
 464              		.file 5 "Generated_Source\\PSoC5/core_cm3.h"
 465              		.section	.debug_info,"",%progbits
 466              	.Ldebug_info0:
 467 0000 7F030000 		.4byte	0x37f
 468 0004 0400     		.2byte	0x4
 469 0006 00000000 		.4byte	.Ldebug_abbrev0
 470 000a 04       		.byte	0x4
 471 000b 01       		.uleb128 0x1
 472 000c 8F000000 		.4byte	.LASF31
 473 0010 01       		.byte	0x1
 474 0011 7B010000 		.4byte	.LASF32
 475 0015 C5010000 		.4byte	.LASF33
 476 0019 00000000 		.4byte	.Ldebug_ranges0+0
 477 001d 00000000 		.4byte	0
 478 0021 00000000 		.4byte	.Ldebug_line0
 479 0025 02       		.uleb128 0x2
 480 0026 01       		.byte	0x1
 481 0027 06       		.byte	0x6
 482 0028 F4010000 		.4byte	.LASF0
 483 002c 03       		.uleb128 0x3
 484 002d 00000000 		.4byte	.LASF4
 485 0031 02       		.byte	0x2
 486 0032 1D       		.byte	0x1d
 487 0033 37000000 		.4byte	0x37
 488 0037 02       		.uleb128 0x2
 489 0038 01       		.byte	0x1
 490 0039 08       		.byte	0x8
 491 003a 31000000 		.4byte	.LASF1
 492 003e 02       		.uleb128 0x2
 493 003f 02       		.byte	0x2
 494 0040 05       		.byte	0x5
 495 0041 92010000 		.4byte	.LASF2
 496 0045 02       		.uleb128 0x2
 497 0046 02       		.byte	0x2
 498 0047 07       		.byte	0x7
 499 0048 52000000 		.4byte	.LASF3
 500 004c 03       		.uleb128 0x3
 501 004d 0F000000 		.4byte	.LASF5
 502 0051 02       		.byte	0x2
 503 0052 3F       		.byte	0x3f
ARM GAS  C:\Users\pxc\AppData\Local\Temp\cc2GRTtY.s 			page 13


 504 0053 57000000 		.4byte	0x57
 505 0057 02       		.uleb128 0x2
 506 0058 04       		.byte	0x4
 507 0059 05       		.byte	0x5
 508 005a B7010000 		.4byte	.LASF6
 509 005e 03       		.uleb128 0x3
 510 005f 84000000 		.4byte	.LASF7
 511 0063 02       		.byte	0x2
 512 0064 41       		.byte	0x41
 513 0065 69000000 		.4byte	0x69
 514 0069 02       		.uleb128 0x2
 515 006a 04       		.byte	0x4
 516 006b 07       		.byte	0x7
 517 006c 72000000 		.4byte	.LASF8
 518 0070 02       		.uleb128 0x2
 519 0071 08       		.byte	0x8
 520 0072 05       		.byte	0x5
 521 0073 6D010000 		.4byte	.LASF9
 522 0077 02       		.uleb128 0x2
 523 0078 08       		.byte	0x8
 524 0079 07       		.byte	0x7
 525 007a 2A010000 		.4byte	.LASF10
 526 007e 04       		.uleb128 0x4
 527 007f 04       		.byte	0x4
 528 0080 05       		.byte	0x5
 529 0081 696E7400 		.ascii	"int\000"
 530 0085 02       		.uleb128 0x2
 531 0086 04       		.byte	0x4
 532 0087 07       		.byte	0x7
 533 0088 1D010000 		.4byte	.LASF11
 534 008c 03       		.uleb128 0x3
 535 008d 41010000 		.4byte	.LASF12
 536 0091 03       		.byte	0x3
 537 0092 15       		.byte	0x15
 538 0093 2C000000 		.4byte	0x2c
 539 0097 03       		.uleb128 0x3
 540 0098 5C010000 		.4byte	.LASF13
 541 009c 03       		.byte	0x3
 542 009d 2C       		.byte	0x2c
 543 009e 4C000000 		.4byte	0x4c
 544 00a2 03       		.uleb128 0x3
 545 00a3 AE010000 		.4byte	.LASF14
 546 00a7 03       		.byte	0x3
 547 00a8 2D       		.byte	0x2d
 548 00a9 5E000000 		.4byte	0x5e
 549 00ad 03       		.uleb128 0x3
 550 00ae A8010000 		.4byte	.LASF15
 551 00b2 04       		.byte	0x4
 552 00b3 C2       		.byte	0xc2
 553 00b4 37000000 		.4byte	0x37
 554 00b8 02       		.uleb128 0x2
 555 00b9 04       		.byte	0x4
 556 00ba 04       		.byte	0x4
 557 00bb 2B000000 		.4byte	.LASF16
 558 00bf 02       		.uleb128 0x2
 559 00c0 08       		.byte	0x8
 560 00c1 04       		.byte	0x4
ARM GAS  C:\Users\pxc\AppData\Local\Temp\cc2GRTtY.s 			page 14


 561 00c2 19000000 		.4byte	.LASF17
 562 00c6 02       		.uleb128 0x2
 563 00c7 01       		.byte	0x1
 564 00c8 08       		.byte	0x8
 565 00c9 C0010000 		.4byte	.LASF18
 566 00cd 02       		.uleb128 0x2
 567 00ce 04       		.byte	0x4
 568 00cf 07       		.byte	0x7
 569 00d0 64010000 		.4byte	.LASF19
 570 00d4 05       		.uleb128 0x5
 571 00d5 14       		.byte	0x14
 572 00d6 01       		.byte	0x1
 573 00d7 0C       		.byte	0xc
 574 00d8 18010000 		.4byte	0x118
 575 00dc 06       		.uleb128 0x6
 576 00dd 746F6E00 		.ascii	"ton\000"
 577 00e1 01       		.byte	0x1
 578 00e2 0E       		.byte	0xe
 579 00e3 A2000000 		.4byte	0xa2
 580 00e7 00       		.byte	0
 581 00e8 07       		.uleb128 0x7
 582 00e9 0A000000 		.4byte	.LASF20
 583 00ed 01       		.byte	0x1
 584 00ee 0F       		.byte	0xf
 585 00ef A2000000 		.4byte	0xa2
 586 00f3 04       		.byte	0x4
 587 00f4 06       		.uleb128 0x6
 588 00f5 743300   		.ascii	"t3\000"
 589 00f8 01       		.byte	0x1
 590 00f9 10       		.byte	0x10
 591 00fa A2000000 		.4byte	0xa2
 592 00fe 08       		.byte	0x8
 593 00ff 07       		.uleb128 0x7
 594 0100 EF010000 		.4byte	.LASF21
 595 0104 01       		.byte	0x1
 596 0105 11       		.byte	0x11
 597 0106 A2000000 		.4byte	0xa2
 598 010a 0C       		.byte	0xc
 599 010b 06       		.uleb128 0x6
 600 010c 63796300 		.ascii	"cyc\000"
 601 0110 01       		.byte	0x1
 602 0111 12       		.byte	0x12
 603 0112 A2000000 		.4byte	0xa2
 604 0116 10       		.byte	0x10
 605 0117 00       		.byte	0
 606 0118 03       		.uleb128 0x3
 607 0119 09020000 		.4byte	.LASF22
 608 011d 01       		.byte	0x1
 609 011e 13       		.byte	0x13
 610 011f D4000000 		.4byte	0xd4
 611 0123 08       		.uleb128 0x8
 612 0124 49010000 		.4byte	.LASF24
 613 0128 01       		.byte	0x1
 614 0129 1F       		.byte	0x1f
 615 012a 00000000 		.4byte	.LFB63
 616 012e 04010000 		.4byte	.LFE63-.LFB63
 617 0132 01       		.uleb128 0x1
ARM GAS  C:\Users\pxc\AppData\Local\Temp\cc2GRTtY.s 			page 15


 618 0133 9C       		.byte	0x9c
 619 0134 ED010000 		.4byte	0x1ed
 620 0138 09       		.uleb128 0x9
 621 0139 22000000 		.4byte	.LBB2
 622 013d 12000000 		.4byte	.LBE2-.LBB2
 623 0141 66010000 		.4byte	0x166
 624 0145 0A       		.uleb128 0xa
 625 0146 3F000000 		.4byte	.LASF23
 626 014a 01       		.byte	0x1
 627 014b 28       		.byte	0x28
 628 014c 7E000000 		.4byte	0x7e
 629 0150 56010000 		.4byte	0x156
 630 0154 0B       		.uleb128 0xb
 631 0155 00       		.byte	0
 632 0156 0C       		.uleb128 0xc
 633 0157 28000000 		.4byte	.LVL0
 634 015b 75030000 		.4byte	0x375
 635 015f 0D       		.uleb128 0xd
 636 0160 01       		.uleb128 0x1
 637 0161 50       		.byte	0x50
 638 0162 01       		.uleb128 0x1
 639 0163 31       		.byte	0x31
 640 0164 00       		.byte	0
 641 0165 00       		.byte	0
 642 0166 09       		.uleb128 0x9
 643 0167 40000000 		.4byte	.LBB3
 644 016b 12000000 		.4byte	.LBE3-.LBB3
 645 016f 94010000 		.4byte	0x194
 646 0173 0A       		.uleb128 0xa
 647 0174 3F000000 		.4byte	.LASF23
 648 0178 01       		.byte	0x1
 649 0179 28       		.byte	0x28
 650 017a 7E000000 		.4byte	0x7e
 651 017e 84010000 		.4byte	0x184
 652 0182 0B       		.uleb128 0xb
 653 0183 00       		.byte	0
 654 0184 0C       		.uleb128 0xc
 655 0185 46000000 		.4byte	.LVL1
 656 0189 75030000 		.4byte	0x375
 657 018d 0D       		.uleb128 0xd
 658 018e 01       		.uleb128 0x1
 659 018f 50       		.byte	0x50
 660 0190 01       		.uleb128 0x1
 661 0191 30       		.byte	0x30
 662 0192 00       		.byte	0
 663 0193 00       		.byte	0
 664 0194 09       		.uleb128 0x9
 665 0195 A8000000 		.4byte	.LBB4
 666 0199 12000000 		.4byte	.LBE4-.LBB4
 667 019d C2010000 		.4byte	0x1c2
 668 01a1 0A       		.uleb128 0xa
 669 01a2 3F000000 		.4byte	.LASF23
 670 01a6 01       		.byte	0x1
 671 01a7 28       		.byte	0x28
 672 01a8 7E000000 		.4byte	0x7e
 673 01ac B2010000 		.4byte	0x1b2
 674 01b0 0B       		.uleb128 0xb
ARM GAS  C:\Users\pxc\AppData\Local\Temp\cc2GRTtY.s 			page 16


 675 01b1 00       		.byte	0
 676 01b2 0C       		.uleb128 0xc
 677 01b3 AE000000 		.4byte	.LVL2
 678 01b7 75030000 		.4byte	0x375
 679 01bb 0D       		.uleb128 0xd
 680 01bc 01       		.uleb128 0x1
 681 01bd 50       		.byte	0x50
 682 01be 01       		.uleb128 0x1
 683 01bf 31       		.byte	0x31
 684 01c0 00       		.byte	0
 685 01c1 00       		.byte	0
 686 01c2 0E       		.uleb128 0xe
 687 01c3 E0000000 		.4byte	.LBB5
 688 01c7 12000000 		.4byte	.LBE5-.LBB5
 689 01cb 0A       		.uleb128 0xa
 690 01cc 3F000000 		.4byte	.LASF23
 691 01d0 01       		.byte	0x1
 692 01d1 28       		.byte	0x28
 693 01d2 7E000000 		.4byte	0x7e
 694 01d6 DC010000 		.4byte	0x1dc
 695 01da 0B       		.uleb128 0xb
 696 01db 00       		.byte	0
 697 01dc 0C       		.uleb128 0xc
 698 01dd E6000000 		.4byte	.LVL3
 699 01e1 75030000 		.4byte	0x375
 700 01e5 0D       		.uleb128 0xd
 701 01e6 01       		.uleb128 0x1
 702 01e7 50       		.byte	0x50
 703 01e8 01       		.uleb128 0x1
 704 01e9 31       		.byte	0x31
 705 01ea 00       		.byte	0
 706 01eb 00       		.byte	0
 707 01ec 00       		.byte	0
 708 01ed 08       		.uleb128 0x8
 709 01ee 00020000 		.4byte	.LASF25
 710 01f2 01       		.byte	0x1
 711 01f3 6E       		.byte	0x6e
 712 01f4 00000000 		.4byte	.LFB64
 713 01f8 2C000000 		.4byte	.LFE64-.LFB64
 714 01fc 01       		.uleb128 0x1
 715 01fd 9C       		.byte	0x9c
 716 01fe 23020000 		.4byte	0x223
 717 0202 0A       		.uleb128 0xa
 718 0203 3F000000 		.4byte	.LASF23
 719 0207 01       		.byte	0x1
 720 0208 28       		.byte	0x28
 721 0209 7E000000 		.4byte	0x7e
 722 020d 13020000 		.4byte	0x213
 723 0211 0B       		.uleb128 0xb
 724 0212 00       		.byte	0
 725 0213 0C       		.uleb128 0xc
 726 0214 20000000 		.4byte	.LVL4
 727 0218 75030000 		.4byte	0x375
 728 021c 0D       		.uleb128 0xd
 729 021d 01       		.uleb128 0x1
 730 021e 50       		.byte	0x50
 731 021f 01       		.uleb128 0x1
ARM GAS  C:\Users\pxc\AppData\Local\Temp\cc2GRTtY.s 			page 17


 732 0220 30       		.byte	0x30
 733 0221 00       		.byte	0
 734 0222 00       		.byte	0
 735 0223 08       		.uleb128 0x8
 736 0224 86010000 		.4byte	.LASF26
 737 0228 01       		.byte	0x1
 738 0229 7D       		.byte	0x7d
 739 022a 00000000 		.4byte	.LFB65
 740 022e 80000000 		.4byte	.LFE65-.LFB65
 741 0232 01       		.uleb128 0x1
 742 0233 9C       		.byte	0x9c
 743 0234 EE020000 		.4byte	0x2ee
 744 0238 0F       		.uleb128 0xf
 745 0239 746F6E00 		.ascii	"ton\000"
 746 023d 01       		.byte	0x1
 747 023e 7D       		.byte	0x7d
 748 023f A2000000 		.4byte	0xa2
 749 0243 00000000 		.4byte	.LLST0
 750 0247 10       		.uleb128 0x10
 751 0248 0A000000 		.4byte	.LASF20
 752 024c 01       		.byte	0x1
 753 024d 7D       		.byte	0x7d
 754 024e A2000000 		.4byte	0xa2
 755 0252 45000000 		.4byte	.LLST1
 756 0256 10       		.uleb128 0x10
 757 0257 EF010000 		.4byte	.LASF21
 758 025b 01       		.byte	0x1
 759 025c 7D       		.byte	0x7d
 760 025d A2000000 		.4byte	0xa2
 761 0261 8A000000 		.4byte	.LLST2
 762 0265 0F       		.uleb128 0xf
 763 0266 743300   		.ascii	"t3\000"
 764 0269 01       		.byte	0x1
 765 026a 7D       		.byte	0x7d
 766 026b A2000000 		.4byte	0xa2
 767 026f EC000000 		.4byte	.LLST3
 768 0273 0F       		.uleb128 0xf
 769 0274 63796300 		.ascii	"cyc\000"
 770 0278 01       		.byte	0x1
 771 0279 7D       		.byte	0x7d
 772 027a A2000000 		.4byte	0xa2
 773 027e 4E010000 		.4byte	.LLST4
 774 0282 09       		.uleb128 0x9
 775 0283 40000000 		.4byte	.LBB6
 776 0287 0A000000 		.4byte	.LBE6-.LBB6
 777 028b B9020000 		.4byte	0x2b9
 778 028f 0A       		.uleb128 0xa
 779 0290 3F000000 		.4byte	.LASF23
 780 0294 01       		.byte	0x1
 781 0295 28       		.byte	0x28
 782 0296 7E000000 		.4byte	0x7e
 783 029a A0020000 		.4byte	0x2a0
 784 029e 0B       		.uleb128 0xb
 785 029f 00       		.byte	0
 786 02a0 11       		.uleb128 0x11
 787 02a1 44000000 		.4byte	.LVL6
 788 02a5 ED010000 		.4byte	0x1ed
ARM GAS  C:\Users\pxc\AppData\Local\Temp\cc2GRTtY.s 			page 18


 789 02a9 0C       		.uleb128 0xc
 790 02aa 4A000000 		.4byte	.LVL7
 791 02ae 75030000 		.4byte	0x375
 792 02b2 0D       		.uleb128 0xd
 793 02b3 01       		.uleb128 0x1
 794 02b4 50       		.byte	0x50
 795 02b5 01       		.uleb128 0x1
 796 02b6 31       		.byte	0x31
 797 02b7 00       		.byte	0
 798 02b8 00       		.byte	0
 799 02b9 0E       		.uleb128 0xe
 800 02ba 4E000000 		.4byte	.LBB7
 801 02be 0A000000 		.4byte	.LBE7-.LBB7
 802 02c2 0A       		.uleb128 0xa
 803 02c3 3F000000 		.4byte	.LASF23
 804 02c7 01       		.byte	0x1
 805 02c8 28       		.byte	0x28
 806 02c9 7E000000 		.4byte	0x7e
 807 02cd D3020000 		.4byte	0x2d3
 808 02d1 0B       		.uleb128 0xb
 809 02d2 00       		.byte	0
 810 02d3 11       		.uleb128 0x11
 811 02d4 52000000 		.4byte	.LVL9
 812 02d8 ED010000 		.4byte	0x1ed
 813 02dc 0C       		.uleb128 0xc
 814 02dd 58000000 		.4byte	.LVL10
 815 02e1 75030000 		.4byte	0x375
 816 02e5 0D       		.uleb128 0xd
 817 02e6 01       		.uleb128 0x1
 818 02e7 50       		.byte	0x50
 819 02e8 02       		.uleb128 0x2
 820 02e9 76       		.byte	0x76
 821 02ea 00       		.sleb128 0
 822 02eb 00       		.byte	0
 823 02ec 00       		.byte	0
 824 02ed 00       		.byte	0
 825 02ee 12       		.uleb128 0x12
 826 02ef 20000000 		.4byte	.LASF34
 827 02f3 01       		.byte	0x1
 828 02f4 A6       		.byte	0xa6
 829 02f5 AD000000 		.4byte	0xad
 830 02f9 00000000 		.4byte	.LFB66
 831 02fd 10000000 		.4byte	.LFE66-.LFB66
 832 0301 01       		.uleb128 0x1
 833 0302 9C       		.byte	0x9c
 834 0303 13       		.uleb128 0x13
 835 0304 55010000 		.4byte	.LASF27
 836 0308 01       		.byte	0x1
 837 0309 17       		.byte	0x17
 838 030a AD000000 		.4byte	0xad
 839 030e 05       		.uleb128 0x5
 840 030f 03       		.byte	0x3
 841 0310 00000000 		.4byte	msc_en
 842 0314 14       		.uleb128 0x14
 843 0315 745F00   		.ascii	"t_\000"
 844 0318 01       		.byte	0x1
 845 0319 19       		.byte	0x19
ARM GAS  C:\Users\pxc\AppData\Local\Temp\cc2GRTtY.s 			page 19


 846 031a A2000000 		.4byte	0xa2
 847 031e 05       		.uleb128 0x5
 848 031f 03       		.byte	0x3
 849 0320 04000000 		.4byte	t_
 850 0324 14       		.uleb128 0x14
 851 0325 7300     		.ascii	"s\000"
 852 0327 01       		.byte	0x1
 853 0328 1A       		.byte	0x1a
 854 0329 8C000000 		.4byte	0x8c
 855 032d 05       		.uleb128 0x5
 856 032e 03       		.byte	0x3
 857 032f 01000000 		.4byte	s
 858 0333 14       		.uleb128 0x14
 859 0334 6300     		.ascii	"c\000"
 860 0336 01       		.byte	0x1
 861 0337 1B       		.byte	0x1b
 862 0338 A2000000 		.4byte	0xa2
 863 033c 05       		.uleb128 0x5
 864 033d 03       		.byte	0x3
 865 033e 0C000000 		.4byte	c
 866 0342 13       		.uleb128 0x13
 867 0343 9C010000 		.4byte	.LASF28
 868 0347 01       		.byte	0x1
 869 0348 1C       		.byte	0x1c
 870 0349 A2000000 		.4byte	0xa2
 871 034d 05       		.uleb128 0x5
 872 034e 03       		.byte	0x3
 873 034f 08000000 		.4byte	cont_inside
 874 0353 15       		.uleb128 0x15
 875 0354 65000000 		.4byte	.LASF29
 876 0358 05       		.byte	0x5
 877 0359 2A06     		.2byte	0x62a
 878 035b 5F030000 		.4byte	0x35f
 879 035f 16       		.uleb128 0x16
 880 0360 97000000 		.4byte	0x97
 881 0364 17       		.uleb128 0x17
 882 0365 4A000000 		.4byte	.LASF30
 883 0369 01       		.byte	0x1
 884 036a 15       		.byte	0x15
 885 036b 18010000 		.4byte	0x118
 886 036f 05       		.uleb128 0x5
 887 0370 03       		.byte	0x3
 888 0371 00000000 		.4byte	Msc_Spl
 889 0375 18       		.uleb128 0x18
 890 0376 3F000000 		.4byte	.LASF23
 891 037a 01       		.byte	0x1
 892 037b 28       		.byte	0x28
 893 037c 7E000000 		.4byte	0x7e
 894 0380 0B       		.uleb128 0xb
 895 0381 00       		.byte	0
 896 0382 00       		.byte	0
 897              		.section	.debug_abbrev,"",%progbits
 898              	.Ldebug_abbrev0:
 899 0000 01       		.uleb128 0x1
 900 0001 11       		.uleb128 0x11
 901 0002 01       		.byte	0x1
 902 0003 25       		.uleb128 0x25
ARM GAS  C:\Users\pxc\AppData\Local\Temp\cc2GRTtY.s 			page 20


 903 0004 0E       		.uleb128 0xe
 904 0005 13       		.uleb128 0x13
 905 0006 0B       		.uleb128 0xb
 906 0007 03       		.uleb128 0x3
 907 0008 0E       		.uleb128 0xe
 908 0009 1B       		.uleb128 0x1b
 909 000a 0E       		.uleb128 0xe
 910 000b 55       		.uleb128 0x55
 911 000c 17       		.uleb128 0x17
 912 000d 11       		.uleb128 0x11
 913 000e 01       		.uleb128 0x1
 914 000f 10       		.uleb128 0x10
 915 0010 17       		.uleb128 0x17
 916 0011 00       		.byte	0
 917 0012 00       		.byte	0
 918 0013 02       		.uleb128 0x2
 919 0014 24       		.uleb128 0x24
 920 0015 00       		.byte	0
 921 0016 0B       		.uleb128 0xb
 922 0017 0B       		.uleb128 0xb
 923 0018 3E       		.uleb128 0x3e
 924 0019 0B       		.uleb128 0xb
 925 001a 03       		.uleb128 0x3
 926 001b 0E       		.uleb128 0xe
 927 001c 00       		.byte	0
 928 001d 00       		.byte	0
 929 001e 03       		.uleb128 0x3
 930 001f 16       		.uleb128 0x16
 931 0020 00       		.byte	0
 932 0021 03       		.uleb128 0x3
 933 0022 0E       		.uleb128 0xe
 934 0023 3A       		.uleb128 0x3a
 935 0024 0B       		.uleb128 0xb
 936 0025 3B       		.uleb128 0x3b
 937 0026 0B       		.uleb128 0xb
 938 0027 49       		.uleb128 0x49
 939 0028 13       		.uleb128 0x13
 940 0029 00       		.byte	0
 941 002a 00       		.byte	0
 942 002b 04       		.uleb128 0x4
 943 002c 24       		.uleb128 0x24
 944 002d 00       		.byte	0
 945 002e 0B       		.uleb128 0xb
 946 002f 0B       		.uleb128 0xb
 947 0030 3E       		.uleb128 0x3e
 948 0031 0B       		.uleb128 0xb
 949 0032 03       		.uleb128 0x3
 950 0033 08       		.uleb128 0x8
 951 0034 00       		.byte	0
 952 0035 00       		.byte	0
 953 0036 05       		.uleb128 0x5
 954 0037 13       		.uleb128 0x13
 955 0038 01       		.byte	0x1
 956 0039 0B       		.uleb128 0xb
 957 003a 0B       		.uleb128 0xb
 958 003b 3A       		.uleb128 0x3a
 959 003c 0B       		.uleb128 0xb
ARM GAS  C:\Users\pxc\AppData\Local\Temp\cc2GRTtY.s 			page 21


 960 003d 3B       		.uleb128 0x3b
 961 003e 0B       		.uleb128 0xb
 962 003f 01       		.uleb128 0x1
 963 0040 13       		.uleb128 0x13
 964 0041 00       		.byte	0
 965 0042 00       		.byte	0
 966 0043 06       		.uleb128 0x6
 967 0044 0D       		.uleb128 0xd
 968 0045 00       		.byte	0
 969 0046 03       		.uleb128 0x3
 970 0047 08       		.uleb128 0x8
 971 0048 3A       		.uleb128 0x3a
 972 0049 0B       		.uleb128 0xb
 973 004a 3B       		.uleb128 0x3b
 974 004b 0B       		.uleb128 0xb
 975 004c 49       		.uleb128 0x49
 976 004d 13       		.uleb128 0x13
 977 004e 38       		.uleb128 0x38
 978 004f 0B       		.uleb128 0xb
 979 0050 00       		.byte	0
 980 0051 00       		.byte	0
 981 0052 07       		.uleb128 0x7
 982 0053 0D       		.uleb128 0xd
 983 0054 00       		.byte	0
 984 0055 03       		.uleb128 0x3
 985 0056 0E       		.uleb128 0xe
 986 0057 3A       		.uleb128 0x3a
 987 0058 0B       		.uleb128 0xb
 988 0059 3B       		.uleb128 0x3b
 989 005a 0B       		.uleb128 0xb
 990 005b 49       		.uleb128 0x49
 991 005c 13       		.uleb128 0x13
 992 005d 38       		.uleb128 0x38
 993 005e 0B       		.uleb128 0xb
 994 005f 00       		.byte	0
 995 0060 00       		.byte	0
 996 0061 08       		.uleb128 0x8
 997 0062 2E       		.uleb128 0x2e
 998 0063 01       		.byte	0x1
 999 0064 3F       		.uleb128 0x3f
 1000 0065 19       		.uleb128 0x19
 1001 0066 03       		.uleb128 0x3
 1002 0067 0E       		.uleb128 0xe
 1003 0068 3A       		.uleb128 0x3a
 1004 0069 0B       		.uleb128 0xb
 1005 006a 3B       		.uleb128 0x3b
 1006 006b 0B       		.uleb128 0xb
 1007 006c 27       		.uleb128 0x27
 1008 006d 19       		.uleb128 0x19
 1009 006e 11       		.uleb128 0x11
 1010 006f 01       		.uleb128 0x1
 1011 0070 12       		.uleb128 0x12
 1012 0071 06       		.uleb128 0x6
 1013 0072 40       		.uleb128 0x40
 1014 0073 18       		.uleb128 0x18
 1015 0074 9742     		.uleb128 0x2117
 1016 0076 19       		.uleb128 0x19
ARM GAS  C:\Users\pxc\AppData\Local\Temp\cc2GRTtY.s 			page 22


 1017 0077 01       		.uleb128 0x1
 1018 0078 13       		.uleb128 0x13
 1019 0079 00       		.byte	0
 1020 007a 00       		.byte	0
 1021 007b 09       		.uleb128 0x9
 1022 007c 0B       		.uleb128 0xb
 1023 007d 01       		.byte	0x1
 1024 007e 11       		.uleb128 0x11
 1025 007f 01       		.uleb128 0x1
 1026 0080 12       		.uleb128 0x12
 1027 0081 06       		.uleb128 0x6
 1028 0082 01       		.uleb128 0x1
 1029 0083 13       		.uleb128 0x13
 1030 0084 00       		.byte	0
 1031 0085 00       		.byte	0
 1032 0086 0A       		.uleb128 0xa
 1033 0087 2E       		.uleb128 0x2e
 1034 0088 01       		.byte	0x1
 1035 0089 3F       		.uleb128 0x3f
 1036 008a 19       		.uleb128 0x19
 1037 008b 03       		.uleb128 0x3
 1038 008c 0E       		.uleb128 0xe
 1039 008d 3A       		.uleb128 0x3a
 1040 008e 0B       		.uleb128 0xb
 1041 008f 3B       		.uleb128 0x3b
 1042 0090 0B       		.uleb128 0xb
 1043 0091 49       		.uleb128 0x49
 1044 0092 13       		.uleb128 0x13
 1045 0093 3C       		.uleb128 0x3c
 1046 0094 19       		.uleb128 0x19
 1047 0095 01       		.uleb128 0x1
 1048 0096 13       		.uleb128 0x13
 1049 0097 00       		.byte	0
 1050 0098 00       		.byte	0
 1051 0099 0B       		.uleb128 0xb
 1052 009a 18       		.uleb128 0x18
 1053 009b 00       		.byte	0
 1054 009c 00       		.byte	0
 1055 009d 00       		.byte	0
 1056 009e 0C       		.uleb128 0xc
 1057 009f 898201   		.uleb128 0x4109
 1058 00a2 01       		.byte	0x1
 1059 00a3 11       		.uleb128 0x11
 1060 00a4 01       		.uleb128 0x1
 1061 00a5 31       		.uleb128 0x31
 1062 00a6 13       		.uleb128 0x13
 1063 00a7 00       		.byte	0
 1064 00a8 00       		.byte	0
 1065 00a9 0D       		.uleb128 0xd
 1066 00aa 8A8201   		.uleb128 0x410a
 1067 00ad 00       		.byte	0
 1068 00ae 02       		.uleb128 0x2
 1069 00af 18       		.uleb128 0x18
 1070 00b0 9142     		.uleb128 0x2111
 1071 00b2 18       		.uleb128 0x18
 1072 00b3 00       		.byte	0
 1073 00b4 00       		.byte	0
ARM GAS  C:\Users\pxc\AppData\Local\Temp\cc2GRTtY.s 			page 23


 1074 00b5 0E       		.uleb128 0xe
 1075 00b6 0B       		.uleb128 0xb
 1076 00b7 01       		.byte	0x1
 1077 00b8 11       		.uleb128 0x11
 1078 00b9 01       		.uleb128 0x1
 1079 00ba 12       		.uleb128 0x12
 1080 00bb 06       		.uleb128 0x6
 1081 00bc 00       		.byte	0
 1082 00bd 00       		.byte	0
 1083 00be 0F       		.uleb128 0xf
 1084 00bf 05       		.uleb128 0x5
 1085 00c0 00       		.byte	0
 1086 00c1 03       		.uleb128 0x3
 1087 00c2 08       		.uleb128 0x8
 1088 00c3 3A       		.uleb128 0x3a
 1089 00c4 0B       		.uleb128 0xb
 1090 00c5 3B       		.uleb128 0x3b
 1091 00c6 0B       		.uleb128 0xb
 1092 00c7 49       		.uleb128 0x49
 1093 00c8 13       		.uleb128 0x13
 1094 00c9 02       		.uleb128 0x2
 1095 00ca 17       		.uleb128 0x17
 1096 00cb 00       		.byte	0
 1097 00cc 00       		.byte	0
 1098 00cd 10       		.uleb128 0x10
 1099 00ce 05       		.uleb128 0x5
 1100 00cf 00       		.byte	0
 1101 00d0 03       		.uleb128 0x3
 1102 00d1 0E       		.uleb128 0xe
 1103 00d2 3A       		.uleb128 0x3a
 1104 00d3 0B       		.uleb128 0xb
 1105 00d4 3B       		.uleb128 0x3b
 1106 00d5 0B       		.uleb128 0xb
 1107 00d6 49       		.uleb128 0x49
 1108 00d7 13       		.uleb128 0x13
 1109 00d8 02       		.uleb128 0x2
 1110 00d9 17       		.uleb128 0x17
 1111 00da 00       		.byte	0
 1112 00db 00       		.byte	0
 1113 00dc 11       		.uleb128 0x11
 1114 00dd 898201   		.uleb128 0x4109
 1115 00e0 00       		.byte	0
 1116 00e1 11       		.uleb128 0x11
 1117 00e2 01       		.uleb128 0x1
 1118 00e3 31       		.uleb128 0x31
 1119 00e4 13       		.uleb128 0x13
 1120 00e5 00       		.byte	0
 1121 00e6 00       		.byte	0
 1122 00e7 12       		.uleb128 0x12
 1123 00e8 2E       		.uleb128 0x2e
 1124 00e9 00       		.byte	0
 1125 00ea 3F       		.uleb128 0x3f
 1126 00eb 19       		.uleb128 0x19
 1127 00ec 03       		.uleb128 0x3
 1128 00ed 0E       		.uleb128 0xe
 1129 00ee 3A       		.uleb128 0x3a
 1130 00ef 0B       		.uleb128 0xb
ARM GAS  C:\Users\pxc\AppData\Local\Temp\cc2GRTtY.s 			page 24


 1131 00f0 3B       		.uleb128 0x3b
 1132 00f1 0B       		.uleb128 0xb
 1133 00f2 27       		.uleb128 0x27
 1134 00f3 19       		.uleb128 0x19
 1135 00f4 49       		.uleb128 0x49
 1136 00f5 13       		.uleb128 0x13
 1137 00f6 11       		.uleb128 0x11
 1138 00f7 01       		.uleb128 0x1
 1139 00f8 12       		.uleb128 0x12
 1140 00f9 06       		.uleb128 0x6
 1141 00fa 40       		.uleb128 0x40
 1142 00fb 18       		.uleb128 0x18
 1143 00fc 9742     		.uleb128 0x2117
 1144 00fe 19       		.uleb128 0x19
 1145 00ff 00       		.byte	0
 1146 0100 00       		.byte	0
 1147 0101 13       		.uleb128 0x13
 1148 0102 34       		.uleb128 0x34
 1149 0103 00       		.byte	0
 1150 0104 03       		.uleb128 0x3
 1151 0105 0E       		.uleb128 0xe
 1152 0106 3A       		.uleb128 0x3a
 1153 0107 0B       		.uleb128 0xb
 1154 0108 3B       		.uleb128 0x3b
 1155 0109 0B       		.uleb128 0xb
 1156 010a 49       		.uleb128 0x49
 1157 010b 13       		.uleb128 0x13
 1158 010c 02       		.uleb128 0x2
 1159 010d 18       		.uleb128 0x18
 1160 010e 00       		.byte	0
 1161 010f 00       		.byte	0
 1162 0110 14       		.uleb128 0x14
 1163 0111 34       		.uleb128 0x34
 1164 0112 00       		.byte	0
 1165 0113 03       		.uleb128 0x3
 1166 0114 08       		.uleb128 0x8
 1167 0115 3A       		.uleb128 0x3a
 1168 0116 0B       		.uleb128 0xb
 1169 0117 3B       		.uleb128 0x3b
 1170 0118 0B       		.uleb128 0xb
 1171 0119 49       		.uleb128 0x49
 1172 011a 13       		.uleb128 0x13
 1173 011b 02       		.uleb128 0x2
 1174 011c 18       		.uleb128 0x18
 1175 011d 00       		.byte	0
 1176 011e 00       		.byte	0
 1177 011f 15       		.uleb128 0x15
 1178 0120 34       		.uleb128 0x34
 1179 0121 00       		.byte	0
 1180 0122 03       		.uleb128 0x3
 1181 0123 0E       		.uleb128 0xe
 1182 0124 3A       		.uleb128 0x3a
 1183 0125 0B       		.uleb128 0xb
 1184 0126 3B       		.uleb128 0x3b
 1185 0127 05       		.uleb128 0x5
 1186 0128 49       		.uleb128 0x49
 1187 0129 13       		.uleb128 0x13
ARM GAS  C:\Users\pxc\AppData\Local\Temp\cc2GRTtY.s 			page 25


 1188 012a 3F       		.uleb128 0x3f
 1189 012b 19       		.uleb128 0x19
 1190 012c 3C       		.uleb128 0x3c
 1191 012d 19       		.uleb128 0x19
 1192 012e 00       		.byte	0
 1193 012f 00       		.byte	0
 1194 0130 16       		.uleb128 0x16
 1195 0131 35       		.uleb128 0x35
 1196 0132 00       		.byte	0
 1197 0133 49       		.uleb128 0x49
 1198 0134 13       		.uleb128 0x13
 1199 0135 00       		.byte	0
 1200 0136 00       		.byte	0
 1201 0137 17       		.uleb128 0x17
 1202 0138 34       		.uleb128 0x34
 1203 0139 00       		.byte	0
 1204 013a 03       		.uleb128 0x3
 1205 013b 0E       		.uleb128 0xe
 1206 013c 3A       		.uleb128 0x3a
 1207 013d 0B       		.uleb128 0xb
 1208 013e 3B       		.uleb128 0x3b
 1209 013f 0B       		.uleb128 0xb
 1210 0140 49       		.uleb128 0x49
 1211 0141 13       		.uleb128 0x13
 1212 0142 3F       		.uleb128 0x3f
 1213 0143 19       		.uleb128 0x19
 1214 0144 02       		.uleb128 0x2
 1215 0145 18       		.uleb128 0x18
 1216 0146 00       		.byte	0
 1217 0147 00       		.byte	0
 1218 0148 18       		.uleb128 0x18
 1219 0149 2E       		.uleb128 0x2e
 1220 014a 01       		.byte	0x1
 1221 014b 3F       		.uleb128 0x3f
 1222 014c 19       		.uleb128 0x19
 1223 014d 03       		.uleb128 0x3
 1224 014e 0E       		.uleb128 0xe
 1225 014f 3A       		.uleb128 0x3a
 1226 0150 0B       		.uleb128 0xb
 1227 0151 3B       		.uleb128 0x3b
 1228 0152 0B       		.uleb128 0xb
 1229 0153 49       		.uleb128 0x49
 1230 0154 13       		.uleb128 0x13
 1231 0155 3C       		.uleb128 0x3c
 1232 0156 19       		.uleb128 0x19
 1233 0157 00       		.byte	0
 1234 0158 00       		.byte	0
 1235 0159 00       		.byte	0
 1236              		.section	.debug_loc,"",%progbits
 1237              	.Ldebug_loc0:
 1238              	.LLST0:
 1239 0000 00000000 		.4byte	.LVL5
 1240 0004 43000000 		.4byte	.LVL6-1
 1241 0008 0100     		.2byte	0x1
 1242 000a 50       		.byte	0x50
 1243 000b 43000000 		.4byte	.LVL6-1
 1244 000f 4C000000 		.4byte	.LVL8
ARM GAS  C:\Users\pxc\AppData\Local\Temp\cc2GRTtY.s 			page 26


 1245 0013 0400     		.2byte	0x4
 1246 0015 F3       		.byte	0xf3
 1247 0016 01       		.uleb128 0x1
 1248 0017 50       		.byte	0x50
 1249 0018 9F       		.byte	0x9f
 1250 0019 4C000000 		.4byte	.LVL8
 1251 001d 51000000 		.4byte	.LVL9-1
 1252 0021 0100     		.2byte	0x1
 1253 0023 50       		.byte	0x50
 1254 0024 51000000 		.4byte	.LVL9-1
 1255 0028 5A000000 		.4byte	.LVL11
 1256 002c 0400     		.2byte	0x4
 1257 002e F3       		.byte	0xf3
 1258 002f 01       		.uleb128 0x1
 1259 0030 50       		.byte	0x50
 1260 0031 9F       		.byte	0x9f
 1261 0032 5A000000 		.4byte	.LVL11
 1262 0036 80000000 		.4byte	.LFE65
 1263 003a 0100     		.2byte	0x1
 1264 003c 50       		.byte	0x50
 1265 003d 00000000 		.4byte	0
 1266 0041 00000000 		.4byte	0
 1267              	.LLST1:
 1268 0045 00000000 		.4byte	.LVL5
 1269 0049 43000000 		.4byte	.LVL6-1
 1270 004d 0100     		.2byte	0x1
 1271 004f 51       		.byte	0x51
 1272 0050 43000000 		.4byte	.LVL6-1
 1273 0054 4C000000 		.4byte	.LVL8
 1274 0058 0400     		.2byte	0x4
 1275 005a F3       		.byte	0xf3
 1276 005b 01       		.uleb128 0x1
 1277 005c 51       		.byte	0x51
 1278 005d 9F       		.byte	0x9f
 1279 005e 4C000000 		.4byte	.LVL8
 1280 0062 51000000 		.4byte	.LVL9-1
 1281 0066 0100     		.2byte	0x1
 1282 0068 51       		.byte	0x51
 1283 0069 51000000 		.4byte	.LVL9-1
 1284 006d 5A000000 		.4byte	.LVL11
 1285 0071 0400     		.2byte	0x4
 1286 0073 F3       		.byte	0xf3
 1287 0074 01       		.uleb128 0x1
 1288 0075 51       		.byte	0x51
 1289 0076 9F       		.byte	0x9f
 1290 0077 5A000000 		.4byte	.LVL11
 1291 007b 80000000 		.4byte	.LFE65
 1292 007f 0100     		.2byte	0x1
 1293 0081 51       		.byte	0x51
 1294 0082 00000000 		.4byte	0
 1295 0086 00000000 		.4byte	0
 1296              	.LLST2:
 1297 008a 00000000 		.4byte	.LVL5
 1298 008e 43000000 		.4byte	.LVL6-1
 1299 0092 0100     		.2byte	0x1
 1300 0094 52       		.byte	0x52
 1301 0095 43000000 		.4byte	.LVL6-1
ARM GAS  C:\Users\pxc\AppData\Local\Temp\cc2GRTtY.s 			page 27


 1302 0099 4C000000 		.4byte	.LVL8
 1303 009d 0400     		.2byte	0x4
 1304 009f F3       		.byte	0xf3
 1305 00a0 01       		.uleb128 0x1
 1306 00a1 52       		.byte	0x52
 1307 00a2 9F       		.byte	0x9f
 1308 00a3 4C000000 		.4byte	.LVL8
 1309 00a7 51000000 		.4byte	.LVL9-1
 1310 00ab 0100     		.2byte	0x1
 1311 00ad 52       		.byte	0x52
 1312 00ae 51000000 		.4byte	.LVL9-1
 1313 00b2 5A000000 		.4byte	.LVL11
 1314 00b6 0400     		.2byte	0x4
 1315 00b8 F3       		.byte	0xf3
 1316 00b9 01       		.uleb128 0x1
 1317 00ba 52       		.byte	0x52
 1318 00bb 9F       		.byte	0x9f
 1319 00bc 5A000000 		.4byte	.LVL11
 1320 00c0 6A000000 		.4byte	.LVL13
 1321 00c4 0100     		.2byte	0x1
 1322 00c6 52       		.byte	0x52
 1323 00c7 6A000000 		.4byte	.LVL13
 1324 00cb 76000000 		.4byte	.LVL14
 1325 00cf 0500     		.2byte	0x5
 1326 00d1 03       		.byte	0x3
 1327 00d2 0C000000 		.4byte	Msc_Spl+12
 1328 00d6 76000000 		.4byte	.LVL14
 1329 00da 80000000 		.4byte	.LFE65
 1330 00de 0400     		.2byte	0x4
 1331 00e0 F3       		.byte	0xf3
 1332 00e1 01       		.uleb128 0x1
 1333 00e2 52       		.byte	0x52
 1334 00e3 9F       		.byte	0x9f
 1335 00e4 00000000 		.4byte	0
 1336 00e8 00000000 		.4byte	0
 1337              	.LLST3:
 1338 00ec 00000000 		.4byte	.LVL5
 1339 00f0 43000000 		.4byte	.LVL6-1
 1340 00f4 0100     		.2byte	0x1
 1341 00f6 53       		.byte	0x53
 1342 00f7 43000000 		.4byte	.LVL6-1
 1343 00fb 4C000000 		.4byte	.LVL8
 1344 00ff 0400     		.2byte	0x4
 1345 0101 F3       		.byte	0xf3
 1346 0102 01       		.uleb128 0x1
 1347 0103 53       		.byte	0x53
 1348 0104 9F       		.byte	0x9f
 1349 0105 4C000000 		.4byte	.LVL8
 1350 0109 51000000 		.4byte	.LVL9-1
 1351 010d 0100     		.2byte	0x1
 1352 010f 53       		.byte	0x53
 1353 0110 51000000 		.4byte	.LVL9-1
 1354 0114 5A000000 		.4byte	.LVL11
 1355 0118 0400     		.2byte	0x4
 1356 011a F3       		.byte	0xf3
 1357 011b 01       		.uleb128 0x1
 1358 011c 53       		.byte	0x53
ARM GAS  C:\Users\pxc\AppData\Local\Temp\cc2GRTtY.s 			page 28


 1359 011d 9F       		.byte	0x9f
 1360 011e 5A000000 		.4byte	.LVL11
 1361 0122 68000000 		.4byte	.LVL12
 1362 0126 0100     		.2byte	0x1
 1363 0128 53       		.byte	0x53
 1364 0129 68000000 		.4byte	.LVL12
 1365 012d 76000000 		.4byte	.LVL14
 1366 0131 0500     		.2byte	0x5
 1367 0133 03       		.byte	0x3
 1368 0134 08000000 		.4byte	Msc_Spl+8
 1369 0138 76000000 		.4byte	.LVL14
 1370 013c 80000000 		.4byte	.LFE65
 1371 0140 0400     		.2byte	0x4
 1372 0142 F3       		.byte	0xf3
 1373 0143 01       		.uleb128 0x1
 1374 0144 53       		.byte	0x53
 1375 0145 9F       		.byte	0x9f
 1376 0146 00000000 		.4byte	0
 1377 014a 00000000 		.4byte	0
 1378              	.LLST4:
 1379 014e 00000000 		.4byte	.LVL5
 1380 0152 4C000000 		.4byte	.LVL8
 1381 0156 0200     		.2byte	0x2
 1382 0158 91       		.byte	0x91
 1383 0159 00       		.sleb128 0
 1384 015a 4C000000 		.4byte	.LVL8
 1385 015e 78000000 		.4byte	.LVL15
 1386 0162 0200     		.2byte	0x2
 1387 0164 91       		.byte	0x91
 1388 0165 00       		.sleb128 0
 1389 0166 78000000 		.4byte	.LVL15
 1390 016a 80000000 		.4byte	.LFE65
 1391 016e 0200     		.2byte	0x2
 1392 0170 7D       		.byte	0x7d
 1393 0171 00       		.sleb128 0
 1394 0172 00000000 		.4byte	0
 1395 0176 00000000 		.4byte	0
 1396              		.section	.debug_aranges,"",%progbits
 1397 0000 34000000 		.4byte	0x34
 1398 0004 0200     		.2byte	0x2
 1399 0006 00000000 		.4byte	.Ldebug_info0
 1400 000a 04       		.byte	0x4
 1401 000b 00       		.byte	0
 1402 000c 0000     		.2byte	0
 1403 000e 0000     		.2byte	0
 1404 0010 00000000 		.4byte	.LFB63
 1405 0014 04010000 		.4byte	.LFE63-.LFB63
 1406 0018 00000000 		.4byte	.LFB64
 1407 001c 2C000000 		.4byte	.LFE64-.LFB64
 1408 0020 00000000 		.4byte	.LFB65
 1409 0024 80000000 		.4byte	.LFE65-.LFB65
 1410 0028 00000000 		.4byte	.LFB66
 1411 002c 10000000 		.4byte	.LFE66-.LFB66
 1412 0030 00000000 		.4byte	0
 1413 0034 00000000 		.4byte	0
 1414              		.section	.debug_ranges,"",%progbits
 1415              	.Ldebug_ranges0:
ARM GAS  C:\Users\pxc\AppData\Local\Temp\cc2GRTtY.s 			page 29


 1416 0000 00000000 		.4byte	.LFB63
 1417 0004 04010000 		.4byte	.LFE63
 1418 0008 00000000 		.4byte	.LFB64
 1419 000c 2C000000 		.4byte	.LFE64
 1420 0010 00000000 		.4byte	.LFB65
 1421 0014 80000000 		.4byte	.LFE65
 1422 0018 00000000 		.4byte	.LFB66
 1423 001c 10000000 		.4byte	.LFE66
 1424 0020 00000000 		.4byte	0
 1425 0024 00000000 		.4byte	0
 1426              		.section	.debug_line,"",%progbits
 1427              	.Ldebug_line0:
 1428 0000 03020000 		.section	.debug_str,"MS",%progbits,1
 1428      02004B01 
 1428      00000201 
 1428      FB0E0D00 
 1428      01010101 
 1429              	.LASF4:
 1430 0000 5F5F7569 		.ascii	"__uint8_t\000"
 1430      6E74385F 
 1430      7400
 1431              	.LASF20:
 1432 000a 746F6666 		.ascii	"toff\000"
 1432      00
 1433              	.LASF5:
 1434 000f 5F5F696E 		.ascii	"__int32_t\000"
 1434      7433325F 
 1434      7400
 1435              	.LASF17:
 1436 0019 646F7562 		.ascii	"double\000"
 1436      6C6500
 1437              	.LASF34:
 1438 0020 627A725F 		.ascii	"bzr_ifBusy\000"
 1438      69664275 
 1438      737900
 1439              	.LASF16:
 1440 002b 666C6F61 		.ascii	"float\000"
 1440      7400
 1441              	.LASF1:
 1442 0031 756E7369 		.ascii	"unsigned char\000"
 1442      676E6564 
 1442      20636861 
 1442      7200
 1443              	.LASF23:
 1444 003f 42656570 		.ascii	"Beep_Write\000"
 1444      5F577269 
 1444      746500
 1445              	.LASF30:
 1446 004a 4D73635F 		.ascii	"Msc_Spl\000"
 1446      53706C00 
 1447              	.LASF3:
 1448 0052 73686F72 		.ascii	"short unsigned int\000"
 1448      7420756E 
 1448      7369676E 
 1448      65642069 
 1448      6E7400
 1449              	.LASF29:
ARM GAS  C:\Users\pxc\AppData\Local\Temp\cc2GRTtY.s 			page 30


 1450 0065 49544D5F 		.ascii	"ITM_RxBuffer\000"
 1450      52784275 
 1450      66666572 
 1450      00
 1451              	.LASF8:
 1452 0072 6C6F6E67 		.ascii	"long unsigned int\000"
 1452      20756E73 
 1452      69676E65 
 1452      6420696E 
 1452      7400
 1453              	.LASF7:
 1454 0084 5F5F7569 		.ascii	"__uint32_t\000"
 1454      6E743332 
 1454      5F7400
 1455              	.LASF31:
 1456 008f 474E5520 		.ascii	"GNU C 4.9.3 20150303 (release) [ARM/embedded-4_9-br"
 1456      4320342E 
 1456      392E3320 
 1456      32303135 
 1456      30333033 
 1457 00c2 616E6368 		.ascii	"anch revision 221220] -mcpu=cortex-m3 -mthumb -g -O"
 1457      20726576 
 1457      6973696F 
 1457      6E203232 
 1457      31323230 
 1458 00f5 67202D66 		.ascii	"g -ffunction-sections -ffat-lto-objects\000"
 1458      66756E63 
 1458      74696F6E 
 1458      2D736563 
 1458      74696F6E 
 1459              	.LASF11:
 1460 011d 756E7369 		.ascii	"unsigned int\000"
 1460      676E6564 
 1460      20696E74 
 1460      00
 1461              	.LASF10:
 1462 012a 6C6F6E67 		.ascii	"long long unsigned int\000"
 1462      206C6F6E 
 1462      6720756E 
 1462      7369676E 
 1462      65642069 
 1463              	.LASF12:
 1464 0141 75696E74 		.ascii	"uint8_t\000"
 1464      385F7400 
 1465              	.LASF24:
 1466 0149 63625F62 		.ascii	"cb_bzr_Main\000"
 1466      7A725F4D 
 1466      61696E00 
 1467              	.LASF27:
 1468 0155 6D73635F 		.ascii	"msc_en\000"
 1468      656E00
 1469              	.LASF13:
 1470 015c 696E7433 		.ascii	"int32_t\000"
 1470      325F7400 
 1471              	.LASF19:
 1472 0164 73697A65 		.ascii	"sizetype\000"
 1472      74797065 
ARM GAS  C:\Users\pxc\AppData\Local\Temp\cc2GRTtY.s 			page 31


 1472      00
 1473              	.LASF9:
 1474 016d 6C6F6E67 		.ascii	"long long int\000"
 1474      206C6F6E 
 1474      6720696E 
 1474      7400
 1475              	.LASF32:
 1476 017b 2E5C6275 		.ascii	".\\buzzer.c\000"
 1476      7A7A6572 
 1476      2E6300
 1477              	.LASF26:
 1478 0186 627A725F 		.ascii	"bzr_SetBell\000"
 1478      53657442 
 1478      656C6C00 
 1479              	.LASF2:
 1480 0192 73686F72 		.ascii	"short int\000"
 1480      7420696E 
 1480      7400
 1481              	.LASF28:
 1482 019c 636F6E74 		.ascii	"cont_inside\000"
 1482      5F696E73 
 1482      69646500 
 1483              	.LASF15:
 1484 01a8 75696E74 		.ascii	"uint8\000"
 1484      3800
 1485              	.LASF14:
 1486 01ae 75696E74 		.ascii	"uint32_t\000"
 1486      33325F74 
 1486      00
 1487              	.LASF6:
 1488 01b7 6C6F6E67 		.ascii	"long int\000"
 1488      20696E74 
 1488      00
 1489              	.LASF18:
 1490 01c0 63686172 		.ascii	"char\000"
 1490      00
 1491              	.LASF33:
 1492 01c5 443A5C72 		.ascii	"D:\\robot\\git_code\\robot_control\\car.cydsn\000"
 1492      6F626F74 
 1492      5C676974 
 1492      5F636F64 
 1492      655C726F 
 1493              	.LASF21:
 1494 01ef 636F6E74 		.ascii	"cont\000"
 1494      00
 1495              	.LASF0:
 1496 01f4 7369676E 		.ascii	"signed char\000"
 1496      65642063 
 1496      68617200 
 1497              	.LASF25:
 1498 0200 627A725F 		.ascii	"bzr_Init\000"
 1498      496E6974 
 1498      00
 1499              	.LASF22:
 1500 0209 627A725F 		.ascii	"bzr_SPL\000"
 1500      53504C00 
 1501              		.ident	"GCC: (GNU Tools for ARM Embedded Processors) 4.9.3 20150303 (release) [ARM/embedded-4_9-br
ARM GAS  C:\Users\pxc\AppData\Local\Temp\cc2GRTtY.s 			page 32


