ARM GAS  C:\Users\PANXIA~1\AppData\Local\Temp\ccoDQdER.s 			page 1


   1              		.syntax unified
   2              		.cpu cortex-m3
   3              		.fpu softvfp
   4              		.eabi_attribute 20, 1
   5              		.eabi_attribute 21, 1
   6              		.eabi_attribute 23, 3
   7              		.eabi_attribute 24, 1
   8              		.eabi_attribute 25, 1
   9              		.eabi_attribute 26, 1
  10              		.eabi_attribute 30, 1
  11              		.eabi_attribute 34, 1
  12              		.eabi_attribute 18, 4
  13              		.thumb
  14              		.file	"control.c"
  15              		.text
  16              	.Ltext0:
  17              		.cfi_sections	.debug_frame
  18              		.section	.text.Control_init,"ax",%progbits
  19              		.align	2
  20              		.global	Control_init
  21              		.thumb
  22              		.thumb_func
  23              		.type	Control_init, %function
  24              	Control_init:
  25              	.LFB63:
  26              		.file 1 ".\\control.c"
   1:.\control.c   **** /* ========================================
   2:.\control.c   ****  *
   3:.\control.c   ****  * Copyright YOUR COMPANY, THE YEAR
   4:.\control.c   ****  * All Rights Reserved
   5:.\control.c   ****  * UNPUBLISHED, LICENSED SOFTWARE.
   6:.\control.c   ****  *
   7:.\control.c   ****  * CONFIDENTIAL AND PROPRIETARY INFORMATION
   8:.\control.c   ****  * WHICH IS THE PROPERTY OF your company.
   9:.\control.c   ****  *
  10:.\control.c   ****  * ========================================
  11:.\control.c   **** */
  12:.\control.c   **** #include "control.h"
  13:.\control.c   **** #include "ADC_V.h"
  14:.\control.c   **** #include "Transfer.h"
  15:.\control.c   **** #include "key.h"
  16:.\control.c   **** void Control_init()
  17:.\control.c   **** {
  27              		.loc 1 17 0
  28              		.cfi_startproc
  29              		@ args = 0, pretend = 0, frame = 0
  30              		@ frame_needed = 0, uses_anonymous_args = 0
  31              		@ link register save eliminated.
  18:.\control.c   ****     g_Car.Car_dir[UP] = UP;
  32              		.loc 1 18 0
  33 0000 064B     		ldr	r3, .L2
  34 0002 0022     		movs	r2, #0
  35 0004 1A70     		strb	r2, [r3]
  19:.\control.c   ****     g_Car.Car_dir[DOWN] = DOWN;
  36              		.loc 1 19 0
  37 0006 0120     		movs	r0, #1
  38 0008 5870     		strb	r0, [r3, #1]
ARM GAS  C:\Users\PANXIA~1\AppData\Local\Temp\ccoDQdER.s 			page 2


  20:.\control.c   ****     g_Car.Car_dir[LEFT] = UP;
  39              		.loc 1 20 0
  40 000a 9A70     		strb	r2, [r3, #2]
  21:.\control.c   ****     g_Car.Car_dir[RIGHT] = RIGHT;
  41              		.loc 1 21 0
  42 000c 0321     		movs	r1, #3
  43 000e D970     		strb	r1, [r3, #3]
  22:.\control.c   ****     g_Car.Ptz_dir[UP] = UP;
  44              		.loc 1 22 0
  45 0010 5A72     		strb	r2, [r3, #9]
  23:.\control.c   ****     g_Car.Ptz_dir[DOWN] = DOWN;
  46              		.loc 1 23 0
  47 0012 9872     		strb	r0, [r3, #10]
  24:.\control.c   ****     g_Car.Ptz_dir[LEFT] = LEFT;
  48              		.loc 1 24 0
  49 0014 0222     		movs	r2, #2
  50 0016 DA72     		strb	r2, [r3, #11]
  25:.\control.c   ****     g_Car.Ptz_dir[RIGHT] = RIGHT;
  51              		.loc 1 25 0
  52 0018 1973     		strb	r1, [r3, #12]
  53 001a 7047     		bx	lr
  54              	.L3:
  55              		.align	2
  56              	.L2:
  57 001c 00000000 		.word	g_Car
  58              		.cfi_endproc
  59              	.LFE63:
  60              		.size	Control_init, .-Control_init
  61              		.section	.text.Cal_car_dir,"ax",%progbits
  62              		.align	2
  63              		.global	Cal_car_dir
  64              		.thumb
  65              		.thumb_func
  66              		.type	Cal_car_dir, %function
  67              	Cal_car_dir:
  68              	.LFB64:
  26:.\control.c   **** }
  27:.\control.c   **** void Cal_car_dir()
  28:.\control.c   **** {
  69              		.loc 1 28 0
  70              		.cfi_startproc
  71              		@ args = 0, pretend = 0, frame = 0
  72              		@ frame_needed = 0, uses_anonymous_args = 0
  73 0000 08B5     		push	{r3, lr}
  74              		.cfi_def_cfa_offset 8
  75              		.cfi_offset 3, -8
  76              		.cfi_offset 14, -4
  29:.\control.c   ****     static uint8 send_dir = STOP;
  30:.\control.c   ****     static uint8 pre_dir  = 0;
  31:.\control.c   ****    
  32:.\control.c   ****      
  33:.\control.c   ****         if(CAR_X_V < 500 &&CAR_Y_V <500)
  77              		.loc 1 33 0
  78 0002 344B     		ldr	r3, .L16
  79 0004 1B88     		ldrh	r3, [r3]
  80 0006 B3F5FA7F 		cmp	r3, #500
  81 000a 08D2     		bcs	.L5
ARM GAS  C:\Users\PANXIA~1\AppData\Local\Temp\ccoDQdER.s 			page 3


  82              		.loc 1 33 0 is_stmt 0 discriminator 1
  83 000c 324A     		ldr	r2, .L16+4
  84 000e 1288     		ldrh	r2, [r2]
  85 0010 B2F5FA7F 		cmp	r2, #500
  86 0014 03D2     		bcs	.L5
  34:.\control.c   ****         {
  35:.\control.c   ****             send_dir = DOWN_LEFT;
  87              		.loc 1 35 0 is_stmt 1
  88 0016 0622     		movs	r2, #6
  89 0018 304B     		ldr	r3, .L16+8
  90 001a 1A70     		strb	r2, [r3]
  91 001c 4AE0     		b	.L6
  92              	.L5:
  36:.\control.c   ****             
  37:.\control.c   ****             debug("CAR_DOWN_LEFT");
  38:.\control.c   ****             
  39:.\control.c   ****         }
  40:.\control.c   ****         else if(CAR_X_V < 500 && CAR_Y_V >3500)
  93              		.loc 1 40 0
  94 001e B3F5FA7F 		cmp	r3, #500
  95 0022 09D2     		bcs	.L7
  96              		.loc 1 40 0 is_stmt 0 discriminator 1
  97 0024 2C4A     		ldr	r2, .L16+4
  98 0026 1188     		ldrh	r1, [r2]
  99 0028 40F6AC52 		movw	r2, #3500
 100 002c 9142     		cmp	r1, r2
 101 002e 03D9     		bls	.L7
  41:.\control.c   ****         {
  42:.\control.c   ****             send_dir = UP_LEFT;
 102              		.loc 1 42 0 is_stmt 1
 103 0030 0422     		movs	r2, #4
 104 0032 2A4B     		ldr	r3, .L16+8
 105 0034 1A70     		strb	r2, [r3]
 106 0036 3DE0     		b	.L6
 107              	.L7:
  43:.\control.c   ****      
  44:.\control.c   ****             debug("CAR_UP_LEFT");
  45:.\control.c   ****         }
  46:.\control.c   ****         else if(CAR_X_V > 3500 && CAR_Y_V >3500)
 108              		.loc 1 46 0
 109 0038 40F6AC52 		movw	r2, #3500
 110 003c 9342     		cmp	r3, r2
 111 003e 09D9     		bls	.L8
 112              		.loc 1 46 0 is_stmt 0 discriminator 1
 113 0040 254A     		ldr	r2, .L16+4
 114 0042 1188     		ldrh	r1, [r2]
 115 0044 40F6AC52 		movw	r2, #3500
 116 0048 9142     		cmp	r1, r2
 117 004a 03D9     		bls	.L8
  47:.\control.c   ****         {
  48:.\control.c   ****             send_dir = UP_RIGHT;
 118              		.loc 1 48 0 is_stmt 1
 119 004c 0522     		movs	r2, #5
 120 004e 234B     		ldr	r3, .L16+8
 121 0050 1A70     		strb	r2, [r3]
 122 0052 2FE0     		b	.L6
 123              	.L8:
ARM GAS  C:\Users\PANXIA~1\AppData\Local\Temp\ccoDQdER.s 			page 4


  49:.\control.c   ****         
  50:.\control.c   ****             debug("CAR_UP_RIGHT");
  51:.\control.c   ****         }
  52:.\control.c   ****         else if(CAR_X_V > 3500 && CAR_Y_V < 500)
 124              		.loc 1 52 0
 125 0054 40F6AC52 		movw	r2, #3500
 126 0058 9342     		cmp	r3, r2
 127 005a 08D9     		bls	.L9
 128              		.loc 1 52 0 is_stmt 0 discriminator 1
 129 005c 1E4A     		ldr	r2, .L16+4
 130 005e 1288     		ldrh	r2, [r2]
 131 0060 B2F5FA7F 		cmp	r2, #500
 132 0064 03D2     		bcs	.L9
  53:.\control.c   ****         {
  54:.\control.c   ****             send_dir = DOWN_RIGHT;
 133              		.loc 1 54 0 is_stmt 1
 134 0066 0722     		movs	r2, #7
 135 0068 1C4B     		ldr	r3, .L16+8
 136 006a 1A70     		strb	r2, [r3]
 137 006c 22E0     		b	.L6
 138              	.L9:
  55:.\control.c   ****          
  56:.\control.c   ****             debug("CAR_DOWN_RIGHT");
  57:.\control.c   ****         }
  58:.\control.c   ****         else if(CAR_X_V < 500)
 139              		.loc 1 58 0
 140 006e B3F5FA7F 		cmp	r3, #500
 141 0072 03D2     		bcs	.L10
  59:.\control.c   ****         {
  60:.\control.c   ****             send_dir = RIGHT;
 142              		.loc 1 60 0
 143 0074 0322     		movs	r2, #3
 144 0076 194B     		ldr	r3, .L16+8
 145 0078 1A70     		strb	r2, [r3]
 146 007a 1BE0     		b	.L6
 147              	.L10:
  61:.\control.c   ****    
  62:.\control.c   ****             debug("CAR_RIGHT");
  63:.\control.c   ****         }
  64:.\control.c   ****         else if (CAR_Y_V <500)
 148              		.loc 1 64 0
 149 007c 164A     		ldr	r2, .L16+4
 150 007e 1288     		ldrh	r2, [r2]
 151 0080 B2F5FA7F 		cmp	r2, #500
 152 0084 03D2     		bcs	.L11
  65:.\control.c   ****         {
  66:.\control.c   ****             send_dir = UP;
 153              		.loc 1 66 0
 154 0086 0022     		movs	r2, #0
 155 0088 144B     		ldr	r3, .L16+8
 156 008a 1A70     		strb	r2, [r3]
 157 008c 12E0     		b	.L6
 158              	.L11:
  67:.\control.c   ****     
  68:.\control.c   ****             debug("CAR_UP");
  69:.\control.c   ****         }
  70:.\control.c   ****         else if(CAR_Y_V >3500)
ARM GAS  C:\Users\PANXIA~1\AppData\Local\Temp\ccoDQdER.s 			page 5


 159              		.loc 1 70 0
 160 008e 40F6AC51 		movw	r1, #3500
 161 0092 8A42     		cmp	r2, r1
 162 0094 03D9     		bls	.L12
  71:.\control.c   ****         {
  72:.\control.c   ****             send_dir = DOWN;
 163              		.loc 1 72 0
 164 0096 0122     		movs	r2, #1
 165 0098 104B     		ldr	r3, .L16+8
 166 009a 1A70     		strb	r2, [r3]
 167 009c 0AE0     		b	.L6
 168              	.L12:
  73:.\control.c   ****      
  74:.\control.c   ****             debug("CAR_DOWN");
  75:.\control.c   ****         }
  76:.\control.c   ****         else if(CAR_X_V > 3500)
 169              		.loc 1 76 0
 170 009e 40F6AC52 		movw	r2, #3500
 171 00a2 9342     		cmp	r3, r2
 172 00a4 03D9     		bls	.L13
  77:.\control.c   ****         {
  78:.\control.c   ****             send_dir = LEFT;
 173              		.loc 1 78 0
 174 00a6 0222     		movs	r2, #2
 175 00a8 0C4B     		ldr	r3, .L16+8
 176 00aa 1A70     		strb	r2, [r3]
 177 00ac 02E0     		b	.L6
 178              	.L13:
  79:.\control.c   ****    
  80:.\control.c   ****             debug("CAR_ LEFT");
  81:.\control.c   ****         }
  82:.\control.c   ****         else
  83:.\control.c   ****         {
  84:.\control.c   ****             send_dir = STOP;
 179              		.loc 1 84 0
 180 00ae 0822     		movs	r2, #8
 181 00b0 0A4B     		ldr	r3, .L16+8
 182 00b2 1A70     		strb	r2, [r3]
 183              	.L6:
  85:.\control.c   ****             
  86:.\control.c   ****         }
  87:.\control.c   ****     if(pre_dir != send_dir)
 184              		.loc 1 87 0
 185 00b4 0A4B     		ldr	r3, .L16+12
 186 00b6 1A78     		ldrb	r2, [r3]	@ zero_extendqisi2
 187 00b8 084B     		ldr	r3, .L16+8
 188 00ba 1B78     		ldrb	r3, [r3]	@ zero_extendqisi2
 189 00bc 9A42     		cmp	r2, r3
 190 00be 07D0     		beq	.L4
  88:.\control.c   ****     { 
  89:.\control.c   ****         
  90:.\control.c   ****        DT_Send_Command_Car(g_Car.Car_dir[send_dir]);
 191              		.loc 1 90 0
 192 00c0 084A     		ldr	r2, .L16+16
 193 00c2 D05C     		ldrb	r0, [r2, r3]	@ zero_extendqisi2
 194 00c4 FFF7FEFF 		bl	DT_Send_Command_Car
 195              	.LVL0:
ARM GAS  C:\Users\PANXIA~1\AppData\Local\Temp\ccoDQdER.s 			page 6


  91:.\control.c   ****        pre_dir = send_dir;
 196              		.loc 1 91 0
 197 00c8 044B     		ldr	r3, .L16+8
 198 00ca 1A78     		ldrb	r2, [r3]	@ zero_extendqisi2
 199 00cc 044B     		ldr	r3, .L16+12
 200 00ce 1A70     		strb	r2, [r3]
 201              	.L4:
 202 00d0 08BD     		pop	{r3, pc}
 203              	.L17:
 204 00d2 00BF     		.align	2
 205              	.L16:
 206 00d4 00000000 		.word	CAR_X_V
 207 00d8 00000000 		.word	CAR_Y_V
 208 00dc 00000000 		.word	.LANCHOR0
 209 00e0 00000000 		.word	.LANCHOR1
 210 00e4 00000000 		.word	g_Car
 211              		.cfi_endproc
 212              	.LFE64:
 213              		.size	Cal_car_dir, .-Cal_car_dir
 214              		.section	.text.Cal_ptz_dir,"ax",%progbits
 215              		.align	2
 216              		.global	Cal_ptz_dir
 217              		.thumb
 218              		.thumb_func
 219              		.type	Cal_ptz_dir, %function
 220              	Cal_ptz_dir:
 221              	.LFB65:
  92:.\control.c   ****     }
  93:.\control.c   **** }
  94:.\control.c   **** 
  95:.\control.c   **** void Cal_ptz_dir()
  96:.\control.c   **** {
 222              		.loc 1 96 0
 223              		.cfi_startproc
 224              		@ args = 0, pretend = 0, frame = 0
 225              		@ frame_needed = 0, uses_anonymous_args = 0
 226 0000 08B5     		push	{r3, lr}
 227              		.cfi_def_cfa_offset 8
 228              		.cfi_offset 3, -8
 229              		.cfi_offset 14, -4
  97:.\control.c   ****     static uint8 send_dir = STOP;
  98:.\control.c   ****     static uint8 pre_dir  = 0;
  99:.\control.c   ****    
 100:.\control.c   ****      
 101:.\control.c   ****     if(PTZ_X_V < 500 && PTZ_Y_V <500)
 230              		.loc 1 101 0
 231 0002 344B     		ldr	r3, .L30
 232 0004 1B88     		ldrh	r3, [r3]
 233 0006 B3F5FA7F 		cmp	r3, #500
 234 000a 08D2     		bcs	.L19
 235              		.loc 1 101 0 is_stmt 0 discriminator 1
 236 000c 324A     		ldr	r2, .L30+4
 237 000e 1288     		ldrh	r2, [r2]
 238 0010 B2F5FA7F 		cmp	r2, #500
 239 0014 03D2     		bcs	.L19
 102:.\control.c   ****     {
 103:.\control.c   ****         send_dir = DOWN_LEFT;
ARM GAS  C:\Users\PANXIA~1\AppData\Local\Temp\ccoDQdER.s 			page 7


 240              		.loc 1 103 0 is_stmt 1
 241 0016 0622     		movs	r2, #6
 242 0018 304B     		ldr	r3, .L30+8
 243 001a 5A70     		strb	r2, [r3, #1]
 244 001c 4AE0     		b	.L20
 245              	.L19:
 104:.\control.c   **** 
 105:.\control.c   ****         debug("PTZ_DOWN_LEFT");
 106:.\control.c   ****         
 107:.\control.c   ****     }
 108:.\control.c   ****     else if(PTZ_X_V < 500 && PTZ_Y_V >3500)
 246              		.loc 1 108 0
 247 001e B3F5FA7F 		cmp	r3, #500
 248 0022 09D2     		bcs	.L21
 249              		.loc 1 108 0 is_stmt 0 discriminator 1
 250 0024 2C4A     		ldr	r2, .L30+4
 251 0026 1188     		ldrh	r1, [r2]
 252 0028 40F6AC52 		movw	r2, #3500
 253 002c 9142     		cmp	r1, r2
 254 002e 03D9     		bls	.L21
 109:.\control.c   ****     {
 110:.\control.c   ****         send_dir = UP_LEFT;
 255              		.loc 1 110 0 is_stmt 1
 256 0030 0422     		movs	r2, #4
 257 0032 2A4B     		ldr	r3, .L30+8
 258 0034 5A70     		strb	r2, [r3, #1]
 259 0036 3DE0     		b	.L20
 260              	.L21:
 111:.\control.c   ****  
 112:.\control.c   ****       debug("PTZ_UP_LEFT");
 113:.\control.c   ****     }
 114:.\control.c   ****     else if(PTZ_X_V > 3500 && PTZ_Y_V >3500)
 261              		.loc 1 114 0
 262 0038 40F6AC52 		movw	r2, #3500
 263 003c 9342     		cmp	r3, r2
 264 003e 09D9     		bls	.L22
 265              		.loc 1 114 0 is_stmt 0 discriminator 1
 266 0040 254A     		ldr	r2, .L30+4
 267 0042 1188     		ldrh	r1, [r2]
 268 0044 40F6AC52 		movw	r2, #3500
 269 0048 9142     		cmp	r1, r2
 270 004a 03D9     		bls	.L22
 115:.\control.c   ****     {
 116:.\control.c   ****         send_dir = UP_RIGHT;
 271              		.loc 1 116 0 is_stmt 1
 272 004c 0522     		movs	r2, #5
 273 004e 234B     		ldr	r3, .L30+8
 274 0050 5A70     		strb	r2, [r3, #1]
 275 0052 2FE0     		b	.L20
 276              	.L22:
 117:.\control.c   ****     
 118:.\control.c   ****       debug("PTZ_UP_RIGHT");
 119:.\control.c   ****     }
 120:.\control.c   ****     else if(PTZ_X_V > 3500 && PTZ_Y_V < 500)
 277              		.loc 1 120 0
 278 0054 40F6AC52 		movw	r2, #3500
 279 0058 9342     		cmp	r3, r2
ARM GAS  C:\Users\PANXIA~1\AppData\Local\Temp\ccoDQdER.s 			page 8


 280 005a 08D9     		bls	.L23
 281              		.loc 1 120 0 is_stmt 0 discriminator 1
 282 005c 1E4A     		ldr	r2, .L30+4
 283 005e 1288     		ldrh	r2, [r2]
 284 0060 B2F5FA7F 		cmp	r2, #500
 285 0064 03D2     		bcs	.L23
 121:.\control.c   ****     {
 122:.\control.c   ****         send_dir = DOWN_RIGHT;
 286              		.loc 1 122 0 is_stmt 1
 287 0066 0722     		movs	r2, #7
 288 0068 1C4B     		ldr	r3, .L30+8
 289 006a 5A70     		strb	r2, [r3, #1]
 290 006c 22E0     		b	.L20
 291              	.L23:
 123:.\control.c   ****      
 124:.\control.c   ****          debug("PTZ_DOWN_RIGHT");
 125:.\control.c   ****     }
 126:.\control.c   ****     else if(PTZ_X_V < 500)
 292              		.loc 1 126 0
 293 006e B3F5FA7F 		cmp	r3, #500
 294 0072 03D2     		bcs	.L24
 127:.\control.c   ****     {
 128:.\control.c   ****       send_dir = LEFT;
 295              		.loc 1 128 0
 296 0074 0222     		movs	r2, #2
 297 0076 194B     		ldr	r3, .L30+8
 298 0078 5A70     		strb	r2, [r3, #1]
 299 007a 1BE0     		b	.L20
 300              	.L24:
 129:.\control.c   **** 
 130:.\control.c   ****       debug("PTZ_LEFT");
 131:.\control.c   ****     }
 132:.\control.c   ****     else if (PTZ_Y_V <500)
 301              		.loc 1 132 0
 302 007c 164A     		ldr	r2, .L30+4
 303 007e 1288     		ldrh	r2, [r2]
 304 0080 B2F5FA7F 		cmp	r2, #500
 305 0084 03D2     		bcs	.L25
 133:.\control.c   ****     {
 134:.\control.c   ****         send_dir = UP;
 306              		.loc 1 134 0
 307 0086 0022     		movs	r2, #0
 308 0088 144B     		ldr	r3, .L30+8
 309 008a 5A70     		strb	r2, [r3, #1]
 310 008c 12E0     		b	.L20
 311              	.L25:
 135:.\control.c   **** 
 136:.\control.c   ****       debug("PTZ_UP");
 137:.\control.c   ****     }
 138:.\control.c   ****     else if(PTZ_Y_V >3500)
 312              		.loc 1 138 0
 313 008e 40F6AC51 		movw	r1, #3500
 314 0092 8A42     		cmp	r2, r1
 315 0094 03D9     		bls	.L26
 139:.\control.c   ****     {
 140:.\control.c   ****         send_dir = DOWN;
 316              		.loc 1 140 0
ARM GAS  C:\Users\PANXIA~1\AppData\Local\Temp\ccoDQdER.s 			page 9


 317 0096 0122     		movs	r2, #1
 318 0098 104B     		ldr	r3, .L30+8
 319 009a 5A70     		strb	r2, [r3, #1]
 320 009c 0AE0     		b	.L20
 321              	.L26:
 141:.\control.c   ****  
 142:.\control.c   ****       debug("PTZ_DOWN");
 143:.\control.c   ****     }
 144:.\control.c   ****     else if(PTZ_X_V > 3500)
 322              		.loc 1 144 0
 323 009e 40F6AC52 		movw	r2, #3500
 324 00a2 9342     		cmp	r3, r2
 325 00a4 03D9     		bls	.L27
 145:.\control.c   ****     {
 146:.\control.c   ****         send_dir = RIGHT;
 326              		.loc 1 146 0
 327 00a6 0322     		movs	r2, #3
 328 00a8 0C4B     		ldr	r3, .L30+8
 329 00aa 5A70     		strb	r2, [r3, #1]
 330 00ac 02E0     		b	.L20
 331              	.L27:
 147:.\control.c   **** 
 148:.\control.c   ****       debug("PTZ_RIGHT");
 149:.\control.c   ****     }
 150:.\control.c   ****     else
 151:.\control.c   ****     {
 152:.\control.c   ****         send_dir = STOP;
 332              		.loc 1 152 0
 333 00ae 0822     		movs	r2, #8
 334 00b0 0A4B     		ldr	r3, .L30+8
 335 00b2 5A70     		strb	r2, [r3, #1]
 336              	.L20:
 153:.\control.c   ****         
 154:.\control.c   ****     }
 155:.\control.c   ****     if(pre_dir != send_dir)
 337              		.loc 1 155 0
 338 00b4 0A4B     		ldr	r3, .L30+12
 339 00b6 5A78     		ldrb	r2, [r3, #1]	@ zero_extendqisi2
 340 00b8 084B     		ldr	r3, .L30+8
 341 00ba 5B78     		ldrb	r3, [r3, #1]	@ zero_extendqisi2
 342 00bc 9A42     		cmp	r2, r3
 343 00be 08D0     		beq	.L18
 156:.\control.c   ****     { 
 157:.\control.c   ****        //  printf("--------------dir:%d-----------------",send_dir);
 158:.\control.c   ****        DT_Send_Command_Ptz(g_Car.Ptz_dir[send_dir]);
 344              		.loc 1 158 0
 345 00c0 084A     		ldr	r2, .L30+16
 346 00c2 1344     		add	r3, r3, r2
 347 00c4 587A     		ldrb	r0, [r3, #9]	@ zero_extendqisi2
 348 00c6 FFF7FEFF 		bl	DT_Send_Command_Ptz
 349              	.LVL1:
 159:.\control.c   ****        
 160:.\control.c   ****        pre_dir = send_dir;
 350              		.loc 1 160 0
 351 00ca 044B     		ldr	r3, .L30+8
 352 00cc 5A78     		ldrb	r2, [r3, #1]	@ zero_extendqisi2
 353 00ce 044B     		ldr	r3, .L30+12
ARM GAS  C:\Users\PANXIA~1\AppData\Local\Temp\ccoDQdER.s 			page 10


 354 00d0 5A70     		strb	r2, [r3, #1]
 355              	.L18:
 356 00d2 08BD     		pop	{r3, pc}
 357              	.L31:
 358              		.align	2
 359              	.L30:
 360 00d4 00000000 		.word	PTZ_X_V
 361 00d8 00000000 		.word	PTZ_Y_V
 362 00dc 00000000 		.word	.LANCHOR0
 363 00e0 00000000 		.word	.LANCHOR1
 364 00e4 00000000 		.word	g_Car
 365              		.cfi_endproc
 366              	.LFE65:
 367              		.size	Cal_ptz_dir, .-Cal_ptz_dir
 368              		.section	.text.Get_LED_Value,"ax",%progbits
 369              		.align	2
 370              		.global	Get_LED_Value
 371              		.thumb
 372              		.thumb_func
 373              		.type	Get_LED_Value, %function
 374              	Get_LED_Value:
 375              	.LFB66:
 161:.\control.c   ****     }
 162:.\control.c   **** }
 163:.\control.c   **** 
 164:.\control.c   **** uint8 Get_LED_Value(uint16 LED_VALUE)
 165:.\control.c   **** {
 376              		.loc 1 165 0
 377              		.cfi_startproc
 378              		@ args = 0, pretend = 0, frame = 0
 379              		@ frame_needed = 0, uses_anonymous_args = 0
 380              		@ link register save eliminated.
 381              	.LVL2:
 166:.\control.c   ****     if(0<= LED_VALUE && LED_VALUE<= 100)
 382              		.loc 1 166 0
 383 0000 6428     		cmp	r0, #100
 384 0002 37D9     		bls	.L34
 167:.\control.c   ****     {
 168:.\control.c   ****         return 0;
 169:.\control.c   ****     }
 170:.\control.c   ****     else if(100< LED_VALUE && LED_VALUE<= 500 )
 385              		.loc 1 170 0
 386 0004 A0F16503 		sub	r3, r0, #101
 387 0008 9BB2     		uxth	r3, r3
 388 000a B3F5C87F 		cmp	r3, #400
 389 000e 33D3     		bcc	.L35
 171:.\control.c   ****     {
 172:.\control.c   ****         return 20;
 173:.\control.c   ****     }
 174:.\control.c   ****     else if (500< LED_VALUE && LED_VALUE <= 1000)
 390              		.loc 1 174 0
 391 0010 A0F2F513 		subw	r3, r0, #501
 392 0014 9BB2     		uxth	r3, r3
 393 0016 B3F5FA7F 		cmp	r3, #500
 394 001a 2FD3     		bcc	.L36
 175:.\control.c   ****     {
 176:.\control.c   ****         return 30; 
ARM GAS  C:\Users\PANXIA~1\AppData\Local\Temp\ccoDQdER.s 			page 11


 177:.\control.c   ****     }
 178:.\control.c   ****     else if (1000< LED_VALUE && LED_VALUE<= 1500)
 395              		.loc 1 178 0
 396 001c A0F2E933 		subw	r3, r0, #1001
 397 0020 9BB2     		uxth	r3, r3
 398 0022 B3F5FA7F 		cmp	r3, #500
 399 0026 2BD3     		bcc	.L37
 179:.\control.c   ****     {
 180:.\control.c   ****         return 40; 
 181:.\control.c   ****     }
 182:.\control.c   ****     else if (1500< LED_VALUE && LED_VALUE<= 2000)
 400              		.loc 1 182 0
 401 0028 A0F2DD53 		subw	r3, r0, #1501
 402 002c 9BB2     		uxth	r3, r3
 403 002e B3F5FA7F 		cmp	r3, #500
 404 0032 27D3     		bcc	.L38
 183:.\control.c   ****     {
 184:.\control.c   ****          return 50; 
 185:.\control.c   ****     }
 186:.\control.c   ****     else if (2000< LED_VALUE && LED_VALUE<= 2500)
 405              		.loc 1 186 0
 406 0034 A0F2D173 		subw	r3, r0, #2001
 407 0038 9BB2     		uxth	r3, r3
 408 003a B3F5FA7F 		cmp	r3, #500
 409 003e 23D3     		bcc	.L39
 187:.\control.c   ****     {
 188:.\control.c   ****         return 60; 
 189:.\control.c   ****     }
 190:.\control.c   ****     else if (2500< LED_VALUE && LED_VALUE<= 3000)
 410              		.loc 1 190 0
 411 0040 A0F6C513 		subw	r3, r0, #2501
 412 0044 9BB2     		uxth	r3, r3
 413 0046 B3F5FA7F 		cmp	r3, #500
 414 004a 1FD3     		bcc	.L40
 191:.\control.c   ****     {
 192:.\control.c   ****         return 70;
 193:.\control.c   ****     }
 194:.\control.c   ****     else if (3000< LED_VALUE && LED_VALUE<= 3500)
 415              		.loc 1 194 0
 416 004c A0F6B933 		subw	r3, r0, #3001
 417 0050 9BB2     		uxth	r3, r3
 418 0052 B3F5FA7F 		cmp	r3, #500
 419 0056 1BD3     		bcc	.L41
 195:.\control.c   ****     {
 196:.\control.c   ****         return 80;
 197:.\control.c   ****     }
 198:.\control.c   ****     else if (3500< LED_VALUE && LED_VALUE<= 4000)
 420              		.loc 1 198 0
 421 0058 A0F6AD53 		subw	r3, r0, #3501
 422 005c 9BB2     		uxth	r3, r3
 423 005e B3F5FA7F 		cmp	r3, #500
 424 0062 17D3     		bcc	.L42
 199:.\control.c   ****     {
 200:.\control.c   ****         return 90;
 201:.\control.c   ****     }
 202:.\control.c   ****     else if (4000< LED_VALUE && LED_VALUE<= 4500)
 425              		.loc 1 202 0
ARM GAS  C:\Users\PANXIA~1\AppData\Local\Temp\ccoDQdER.s 			page 12


 426 0064 A0F6A173 		subw	r3, r0, #4001
 427 0068 9BB2     		uxth	r3, r3
 428 006a B3F5FA7F 		cmp	r3, #500
 429 006e 13D2     		bcs	.L43
 203:.\control.c   ****     {
 204:.\control.c   ****         return 100;
 430              		.loc 1 204 0
 431 0070 6420     		movs	r0, #100
 432              	.LVL3:
 433 0072 7047     		bx	lr
 434              	.LVL4:
 435              	.L34:
 168:.\control.c   ****     }
 436              		.loc 1 168 0
 437 0074 0020     		movs	r0, #0
 438              	.LVL5:
 439 0076 7047     		bx	lr
 440              	.LVL6:
 441              	.L35:
 172:.\control.c   ****     }
 442              		.loc 1 172 0
 443 0078 1420     		movs	r0, #20
 444              	.LVL7:
 445 007a 7047     		bx	lr
 446              	.LVL8:
 447              	.L36:
 176:.\control.c   ****     }
 448              		.loc 1 176 0
 449 007c 1E20     		movs	r0, #30
 450              	.LVL9:
 451 007e 7047     		bx	lr
 452              	.LVL10:
 453              	.L37:
 180:.\control.c   ****     }
 454              		.loc 1 180 0
 455 0080 2820     		movs	r0, #40
 456              	.LVL11:
 457 0082 7047     		bx	lr
 458              	.LVL12:
 459              	.L38:
 184:.\control.c   ****     }
 460              		.loc 1 184 0
 461 0084 3220     		movs	r0, #50
 462              	.LVL13:
 463 0086 7047     		bx	lr
 464              	.LVL14:
 465              	.L39:
 188:.\control.c   ****     }
 466              		.loc 1 188 0
 467 0088 3C20     		movs	r0, #60
 468              	.LVL15:
 469 008a 7047     		bx	lr
 470              	.LVL16:
 471              	.L40:
 192:.\control.c   ****     }
 472              		.loc 1 192 0
 473 008c 4620     		movs	r0, #70
ARM GAS  C:\Users\PANXIA~1\AppData\Local\Temp\ccoDQdER.s 			page 13


 474              	.LVL17:
 475 008e 7047     		bx	lr
 476              	.LVL18:
 477              	.L41:
 196:.\control.c   ****     }
 478              		.loc 1 196 0
 479 0090 5020     		movs	r0, #80
 480              	.LVL19:
 481 0092 7047     		bx	lr
 482              	.LVL20:
 483              	.L42:
 200:.\control.c   ****     }
 484              		.loc 1 200 0
 485 0094 5A20     		movs	r0, #90
 486              	.LVL21:
 487 0096 7047     		bx	lr
 488              	.LVL22:
 489              	.L43:
 205:.\control.c   ****     }
 206:.\control.c   ****     else
 207:.\control.c   ****         return 0;
 490              		.loc 1 207 0
 491 0098 0020     		movs	r0, #0
 492              	.LVL23:
 208:.\control.c   ****     
 209:.\control.c   **** }
 493              		.loc 1 209 0
 494 009a 7047     		bx	lr
 495              		.cfi_endproc
 496              	.LFE66:
 497              		.size	Get_LED_Value, .-Get_LED_Value
 498              		.section	.text.Cal_LED_value,"ax",%progbits
 499              		.align	2
 500              		.global	Cal_LED_value
 501              		.thumb
 502              		.thumb_func
 503              		.type	Cal_LED_value, %function
 504              	Cal_LED_value:
 505              	.LFB67:
 210:.\control.c   **** void Cal_LED_value()
 211:.\control.c   **** {
 506              		.loc 1 211 0
 507              		.cfi_startproc
 508              		@ args = 0, pretend = 0, frame = 0
 509              		@ frame_needed = 0, uses_anonymous_args = 0
 510 0000 38B5     		push	{r3, r4, r5, lr}
 511              		.cfi_def_cfa_offset 16
 512              		.cfi_offset 3, -16
 513              		.cfi_offset 4, -12
 514              		.cfi_offset 5, -8
 515              		.cfi_offset 14, -4
 212:.\control.c   ****     static uint8 cur_value[4];
 213:.\control.c   ****     static uint8 pre_value[4];
 214:.\control.c   ****     uint8 i;
 215:.\control.c   ****     cur_value[0] = Get_LED_Value(LED_1_V);
 516              		.loc 1 215 0
 517 0002 124B     		ldr	r3, .L49
ARM GAS  C:\Users\PANXIA~1\AppData\Local\Temp\ccoDQdER.s 			page 14


 518 0004 1888     		ldrh	r0, [r3]
 519 0006 FFF7FEFF 		bl	Get_LED_Value
 520              	.LVL24:
 521 000a 114C     		ldr	r4, .L49+4
 522 000c 2071     		strb	r0, [r4, #4]
 216:.\control.c   ****     cur_value[1] = Get_LED_Value(LED_2_V);
 523              		.loc 1 216 0
 524 000e 114B     		ldr	r3, .L49+8
 525 0010 1888     		ldrh	r0, [r3]
 526 0012 FFF7FEFF 		bl	Get_LED_Value
 527              	.LVL25:
 528 0016 6071     		strb	r0, [r4, #5]
 217:.\control.c   ****     cur_value[2] = Get_LED_Value(LED_3_V);
 529              		.loc 1 217 0
 530 0018 0F4B     		ldr	r3, .L49+12
 531 001a 1888     		ldrh	r0, [r3]
 532 001c FFF7FEFF 		bl	Get_LED_Value
 533              	.LVL26:
 534 0020 A071     		strb	r0, [r4, #6]
 535              	.LVL27:
 218:.\control.c   ****     
 219:.\control.c   ****     for(i =0 ;i <4 ; i++)
 536              		.loc 1 219 0
 537 0022 0024     		movs	r4, #0
 538 0024 0EE0     		b	.L45
 539              	.LVL28:
 540              	.L47:
 220:.\control.c   ****     {
 221:.\control.c   ****         if(pre_value[i] != cur_value [i])
 541              		.loc 1 221 0
 542 0026 0A4B     		ldr	r3, .L49+4
 543 0028 2344     		add	r3, r3, r4
 544 002a 1A7A     		ldrb	r2, [r3, #8]	@ zero_extendqisi2
 545 002c 1B79     		ldrb	r3, [r3, #4]	@ zero_extendqisi2
 546 002e 9A42     		cmp	r2, r3
 547 0030 06D0     		beq	.L46
 222:.\control.c   ****         {
 223:.\control.c   ****            DT_Send_Command_Led(cur_value); 
 548              		.loc 1 223 0
 549 0032 074D     		ldr	r5, .L49+4
 550 0034 281D     		adds	r0, r5, #4
 551 0036 FFF7FEFF 		bl	DT_Send_Command_Led
 552              	.LVL29:
 224:.\control.c   ****           // printf("LED-[%d]:%d\r\n", i,cur_value[i]);
 225:.\control.c   ****            
 226:.\control.c   ****            pre_value[i] = cur_value[i];
 553              		.loc 1 226 0
 554 003a 2544     		add	r5, r5, r4
 555 003c 2B79     		ldrb	r3, [r5, #4]	@ zero_extendqisi2
 556 003e 2B72     		strb	r3, [r5, #8]
 557              	.L46:
 219:.\control.c   ****     {
 558              		.loc 1 219 0 discriminator 2
 559 0040 0134     		adds	r4, r4, #1
 560              	.LVL30:
 561 0042 E4B2     		uxtb	r4, r4
 562              	.LVL31:
ARM GAS  C:\Users\PANXIA~1\AppData\Local\Temp\ccoDQdER.s 			page 15


 563              	.L45:
 219:.\control.c   ****     {
 564              		.loc 1 219 0 is_stmt 0 discriminator 1
 565 0044 032C     		cmp	r4, #3
 566 0046 EED9     		bls	.L47
 227:.\control.c   ****          
 228:.\control.c   ****         }
 229:.\control.c   ****     }
 230:.\control.c   ****     
 231:.\control.c   **** }
 567              		.loc 1 231 0 is_stmt 1
 568 0048 38BD     		pop	{r3, r4, r5, pc}
 569              	.LVL32:
 570              	.L50:
 571 004a 00BF     		.align	2
 572              	.L49:
 573 004c 00000000 		.word	LED_1_V
 574 0050 00000000 		.word	.LANCHOR1
 575 0054 00000000 		.word	LED_2_V
 576 0058 00000000 		.word	LED_3_V
 577              		.cfi_endproc
 578              	.LFE67:
 579              		.size	Cal_LED_value, .-Cal_LED_value
 580              		.section	.text.Get_Speed_Value,"ax",%progbits
 581              		.align	2
 582              		.global	Get_Speed_Value
 583              		.thumb
 584              		.thumb_func
 585              		.type	Get_Speed_Value, %function
 586              	Get_Speed_Value:
 587              	.LFB68:
 232:.\control.c   **** 
 233:.\control.c   **** uint16 Get_Speed_Value(uint16 speed_value)
 234:.\control.c   **** {
 588              		.loc 1 234 0
 589              		.cfi_startproc
 590              		@ args = 0, pretend = 0, frame = 0
 591              		@ frame_needed = 0, uses_anonymous_args = 0
 592              		@ link register save eliminated.
 593              	.LVL33:
 235:.\control.c   ****     if(0<= speed_value && speed_value<= 100)
 594              		.loc 1 235 0
 595 0000 6428     		cmp	r0, #100
 596 0002 38D9     		bls	.L53
 236:.\control.c   ****     {
 237:.\control.c   ****         return 6000;
 238:.\control.c   ****     }
 239:.\control.c   ****     else if(100< speed_value && speed_value<= 500 )
 597              		.loc 1 239 0
 598 0004 A0F16503 		sub	r3, r0, #101
 599 0008 9BB2     		uxth	r3, r3
 600 000a B3F5C87F 		cmp	r3, #400
 601 000e 35D3     		bcc	.L54
 240:.\control.c   ****     {
 241:.\control.c   ****         return 8000;
 242:.\control.c   ****     }
 243:.\control.c   ****     else if (500< speed_value && speed_value <= 1000)
ARM GAS  C:\Users\PANXIA~1\AppData\Local\Temp\ccoDQdER.s 			page 16


 602              		.loc 1 243 0
 603 0010 A0F2F513 		subw	r3, r0, #501
 604 0014 9BB2     		uxth	r3, r3
 605 0016 B3F5FA7F 		cmp	r3, #500
 606 001a 32D3     		bcc	.L55
 244:.\control.c   ****     {
 245:.\control.c   ****         return 10000; 
 246:.\control.c   ****     }
 247:.\control.c   ****     else if (1000< speed_value && speed_value<= 1500)
 607              		.loc 1 247 0
 608 001c A0F2E933 		subw	r3, r0, #1001
 609 0020 9BB2     		uxth	r3, r3
 610 0022 B3F5FA7F 		cmp	r3, #500
 611 0026 2FD3     		bcc	.L56
 248:.\control.c   ****     {
 249:.\control.c   ****         return 13000; 
 250:.\control.c   ****     }
 251:.\control.c   ****     else if (1500< speed_value && speed_value<= 2000)
 612              		.loc 1 251 0
 613 0028 A0F2DD53 		subw	r3, r0, #1501
 614 002c 9BB2     		uxth	r3, r3
 615 002e B3F5FA7F 		cmp	r3, #500
 616 0032 2CD3     		bcc	.L57
 252:.\control.c   ****     {
 253:.\control.c   ****          return 15000; 
 254:.\control.c   ****     }
 255:.\control.c   ****     else if (2000< speed_value && speed_value<= 2500)
 617              		.loc 1 255 0
 618 0034 A0F2D173 		subw	r3, r0, #2001
 619 0038 9BB2     		uxth	r3, r3
 620 003a B3F5FA7F 		cmp	r3, #500
 621 003e 29D3     		bcc	.L58
 256:.\control.c   ****     {
 257:.\control.c   ****         return 16000; 
 258:.\control.c   ****     }
 259:.\control.c   ****     else if (2500< speed_value && speed_value<= 3000)
 622              		.loc 1 259 0
 623 0040 A0F6C513 		subw	r3, r0, #2501
 624 0044 9BB2     		uxth	r3, r3
 625 0046 B3F5FA7F 		cmp	r3, #500
 626 004a 26D3     		bcc	.L59
 260:.\control.c   ****     {
 261:.\control.c   ****         return 17000;
 262:.\control.c   ****     }
 263:.\control.c   ****     else if (3000< speed_value && speed_value<= 3500)
 627              		.loc 1 263 0
 628 004c A0F6B933 		subw	r3, r0, #3001
 629 0050 9BB2     		uxth	r3, r3
 630 0052 B3F5FA7F 		cmp	r3, #500
 631 0056 23D3     		bcc	.L60
 264:.\control.c   ****     {
 265:.\control.c   ****         return 18000;
 266:.\control.c   ****     }
 267:.\control.c   ****     else if (3500< speed_value && speed_value<= 4000)
 632              		.loc 1 267 0
 633 0058 A0F6AD53 		subw	r3, r0, #3501
 634 005c 9BB2     		uxth	r3, r3
ARM GAS  C:\Users\PANXIA~1\AppData\Local\Temp\ccoDQdER.s 			page 17


 635 005e B3F5FA7F 		cmp	r3, #500
 636 0062 20D3     		bcc	.L61
 268:.\control.c   ****     {
 269:.\control.c   ****         return 19000;
 270:.\control.c   ****     }
 271:.\control.c   ****     else if (4000< speed_value && speed_value<= 4500)
 637              		.loc 1 271 0
 638 0064 A0F6A173 		subw	r3, r0, #4001
 639 0068 9BB2     		uxth	r3, r3
 640 006a B3F5FA7F 		cmp	r3, #500
 641 006e 1DD2     		bcs	.L62
 272:.\control.c   ****     {
 273:.\control.c   ****         return 20000;
 642              		.loc 1 273 0
 643 0070 44F62060 		movw	r0, #20000
 644              	.LVL34:
 645 0074 7047     		bx	lr
 646              	.LVL35:
 647              	.L53:
 237:.\control.c   ****     }
 648              		.loc 1 237 0
 649 0076 41F27070 		movw	r0, #6000
 650              	.LVL36:
 651 007a 7047     		bx	lr
 652              	.LVL37:
 653              	.L54:
 241:.\control.c   ****     }
 654              		.loc 1 241 0
 655 007c 4FF4FA50 		mov	r0, #8000
 656              	.LVL38:
 657 0080 7047     		bx	lr
 658              	.LVL39:
 659              	.L55:
 245:.\control.c   ****     }
 660              		.loc 1 245 0
 661 0082 42F21070 		movw	r0, #10000
 662              	.LVL40:
 663 0086 7047     		bx	lr
 664              	.LVL41:
 665              	.L56:
 249:.\control.c   ****     }
 666              		.loc 1 249 0
 667 0088 43F2C820 		movw	r0, #13000
 668              	.LVL42:
 669 008c 7047     		bx	lr
 670              	.LVL43:
 671              	.L57:
 253:.\control.c   ****     }
 672              		.loc 1 253 0
 673 008e 43F69820 		movw	r0, #15000
 674              	.LVL44:
 675 0092 7047     		bx	lr
 676              	.LVL45:
 677              	.L58:
 257:.\control.c   ****     }
 678              		.loc 1 257 0
 679 0094 4FF47A50 		mov	r0, #16000
ARM GAS  C:\Users\PANXIA~1\AppData\Local\Temp\ccoDQdER.s 			page 18


 680              	.LVL46:
 681 0098 7047     		bx	lr
 682              	.LVL47:
 683              	.L59:
 261:.\control.c   ****     }
 684              		.loc 1 261 0
 685 009a 44F26820 		movw	r0, #17000
 686              	.LVL48:
 687 009e 7047     		bx	lr
 688              	.LVL49:
 689              	.L60:
 265:.\control.c   ****     }
 690              		.loc 1 265 0
 691 00a0 44F25060 		movw	r0, #18000
 692              	.LVL50:
 693 00a4 7047     		bx	lr
 694              	.LVL51:
 695              	.L61:
 269:.\control.c   ****     }
 696              		.loc 1 269 0
 697 00a6 44F63820 		movw	r0, #19000
 698              	.LVL52:
 699 00aa 7047     		bx	lr
 700              	.LVL53:
 701              	.L62:
 274:.\control.c   ****     }
 275:.\control.c   ****     else
 276:.\control.c   ****         return 14000;
 702              		.loc 1 276 0
 703 00ac 43F2B060 		movw	r0, #14000
 704              	.LVL54:
 277:.\control.c   **** }
 705              		.loc 1 277 0
 706 00b0 7047     		bx	lr
 707              		.cfi_endproc
 708              	.LFE68:
 709              		.size	Get_Speed_Value, .-Get_Speed_Value
 710 00b2 00BF     		.section	.text.Cal_Speed_value,"ax",%progbits
 711              		.align	2
 712              		.global	Cal_Speed_value
 713              		.thumb
 714              		.thumb_func
 715              		.type	Cal_Speed_value, %function
 716              	Cal_Speed_value:
 717              	.LFB69:
 278:.\control.c   **** void Cal_Speed_value()
 279:.\control.c   **** {
 718              		.loc 1 279 0
 719              		.cfi_startproc
 720              		@ args = 0, pretend = 0, frame = 0
 721              		@ frame_needed = 0, uses_anonymous_args = 0
 722 0000 10B5     		push	{r4, lr}
 723              		.cfi_def_cfa_offset 8
 724              		.cfi_offset 4, -8
 725              		.cfi_offset 14, -4
 280:.\control.c   ****      static uint16 cur_value;
 281:.\control.c   ****      static uint16 pre_value;
ARM GAS  C:\Users\PANXIA~1\AppData\Local\Temp\ccoDQdER.s 			page 19


 282:.\control.c   ****      cur_value = Get_Speed_Value(CAR_SPEED_V);
 726              		.loc 1 282 0
 727 0002 094B     		ldr	r3, .L66
 728 0004 1888     		ldrh	r0, [r3]
 729 0006 FFF7FEFF 		bl	Get_Speed_Value
 730              	.LVL55:
 731 000a 084B     		ldr	r3, .L66+4
 732 000c 9881     		strh	r0, [r3, #12]	@ movhi
 283:.\control.c   ****      if(pre_value != cur_value )
 733              		.loc 1 283 0
 734 000e DB89     		ldrh	r3, [r3, #14]
 735 0010 9842     		cmp	r0, r3
 736 0012 08D0     		beq	.L63
 737              	.LBB2:
 284:.\control.c   ****     {
 285:.\control.c   ****         DT_Send_Command_Speed(cur_value);
 738              		.loc 1 285 0
 739 0014 FFF7FEFF 		bl	DT_Send_Command_Speed
 740              	.LVL56:
 286:.\control.c   ****         printf("Speed:%d \r\n",cur_value);
 741              		.loc 1 286 0
 742 0018 044C     		ldr	r4, .L66+4
 743 001a 0548     		ldr	r0, .L66+8
 744 001c A189     		ldrh	r1, [r4, #12]
 745 001e FFF7FEFF 		bl	printf
 746              	.LVL57:
 287:.\control.c   ****         pre_value = cur_value;
 747              		.loc 1 287 0
 748 0022 A389     		ldrh	r3, [r4, #12]
 749 0024 E381     		strh	r3, [r4, #14]	@ movhi
 750              	.L63:
 751 0026 10BD     		pop	{r4, pc}
 752              	.L67:
 753              		.align	2
 754              	.L66:
 755 0028 00000000 		.word	CAR_SPEED_V
 756 002c 00000000 		.word	.LANCHOR1
 757 0030 00000000 		.word	.LC0
 758              	.LBE2:
 759              		.cfi_endproc
 760              	.LFE69:
 761              		.size	Cal_Speed_value, .-Cal_Speed_value
 762              		.comm	CAR_SPEED_V,2,2
 763              		.comm	LED_3_V,2,2
 764              		.comm	LED_2_V,2,2
 765              		.comm	LED_1_V,2,2
 766              		.comm	PTZ_Y_V,2,2
 767              		.comm	PTZ_X_V,2,2
 768              		.comm	CAR_Y_V,2,2
 769              		.comm	CAR_X_V,2,2
 770              		.comm	B_V,2,2
 771              		.comm	g_Control,4,4
 772              		.comm	g_Car,30,4
 773              		.data
 774              		.set	.LANCHOR0,. + 0
 775              		.type	send_dir.6092, %object
 776              		.size	send_dir.6092, 1
ARM GAS  C:\Users\PANXIA~1\AppData\Local\Temp\ccoDQdER.s 			page 20


 777              	send_dir.6092:
 778 0000 08       		.byte	8
 779              		.type	send_dir.6096, %object
 780              		.size	send_dir.6096, 1
 781              	send_dir.6096:
 782 0001 08       		.byte	8
 783              		.section	.rodata.str1.4,"aMS",%progbits,1
 784              		.align	2
 785              	.LC0:
 786 0000 53706565 		.ascii	"Speed:%d \015\012\000"
 786      643A2564 
 786      200D0A00 
 787              		.bss
 788              		.align	2
 789              		.set	.LANCHOR1,. + 0
 790              		.type	pre_dir.6093, %object
 791              		.size	pre_dir.6093, 1
 792              	pre_dir.6093:
 793 0000 00       		.space	1
 794              		.type	pre_dir.6097, %object
 795              		.size	pre_dir.6097, 1
 796              	pre_dir.6097:
 797 0001 00       		.space	1
 798 0002 0000     		.space	2
 799              		.type	cur_value.6103, %object
 800              		.size	cur_value.6103, 4
 801              	cur_value.6103:
 802 0004 00000000 		.space	4
 803              		.type	pre_value.6104, %object
 804              		.size	pre_value.6104, 4
 805              	pre_value.6104:
 806 0008 00000000 		.space	4
 807              		.type	cur_value.6114, %object
 808              		.size	cur_value.6114, 2
 809              	cur_value.6114:
 810 000c 0000     		.space	2
 811              		.type	pre_value.6115, %object
 812              		.size	pre_value.6115, 2
 813              	pre_value.6115:
 814 000e 0000     		.space	2
 815              		.text
 816              	.Letext0:
 817              		.file 2 "d:\\program files (x86)\\cypress\\psoc creator\\3.3\\psoc creator\\import\\gnu\\arm\\4.9.
 818              		.file 3 "d:\\program files (x86)\\cypress\\psoc creator\\3.3\\psoc creator\\import\\gnu\\arm\\4.9.
 819              		.file 4 "Generated_Source\\PSoC5/cytypes.h"
 820              		.file 5 ".\\control.h"
 821              		.file 6 "Generated_Source\\PSoC5/core_cm3.h"
 822              		.file 7 ".\\ADC_V.h"
 823              		.file 8 ".\\Transfer.h"
 824              		.file 9 "<built-in>"
 825              		.section	.debug_info,"",%progbits
 826              	.Ldebug_info0:
 827 0000 A8040000 		.4byte	0x4a8
 828 0004 0400     		.2byte	0x4
 829 0006 00000000 		.4byte	.Ldebug_abbrev0
 830 000a 04       		.byte	0x4
 831 000b 01       		.uleb128 0x1
ARM GAS  C:\Users\PANXIA~1\AppData\Local\Temp\ccoDQdER.s 			page 21


 832 000c BF020000 		.4byte	.LASF59
 833 0010 01       		.byte	0x1
 834 0011 43020000 		.4byte	.LASF60
 835 0015 49000000 		.4byte	.LASF61
 836 0019 00000000 		.4byte	.Ldebug_ranges0+0
 837 001d 00000000 		.4byte	0
 838 0021 00000000 		.4byte	.Ldebug_line0
 839 0025 02       		.uleb128 0x2
 840 0026 01       		.byte	0x1
 841 0027 06       		.byte	0x6
 842 0028 90010000 		.4byte	.LASF0
 843 002c 02       		.uleb128 0x2
 844 002d 01       		.byte	0x1
 845 002e 08       		.byte	0x8
 846 002f 82010000 		.4byte	.LASF1
 847 0033 02       		.uleb128 0x2
 848 0034 02       		.byte	0x2
 849 0035 05       		.byte	0x5
 850 0036 22000000 		.4byte	.LASF2
 851 003a 02       		.uleb128 0x2
 852 003b 02       		.byte	0x2
 853 003c 07       		.byte	0x7
 854 003d 08020000 		.4byte	.LASF3
 855 0041 03       		.uleb128 0x3
 856 0042 B5020000 		.4byte	.LASF9
 857 0046 02       		.byte	0x2
 858 0047 3F       		.byte	0x3f
 859 0048 4C000000 		.4byte	0x4c
 860 004c 02       		.uleb128 0x2
 861 004d 04       		.byte	0x4
 862 004e 05       		.byte	0x5
 863 004f 2A020000 		.4byte	.LASF4
 864 0053 02       		.uleb128 0x2
 865 0054 04       		.byte	0x4
 866 0055 07       		.byte	0x7
 867 0056 78020000 		.4byte	.LASF5
 868 005a 02       		.uleb128 0x2
 869 005b 08       		.byte	0x8
 870 005c 05       		.byte	0x5
 871 005d FB000000 		.4byte	.LASF6
 872 0061 02       		.uleb128 0x2
 873 0062 08       		.byte	0x8
 874 0063 07       		.byte	0x7
 875 0064 9C010000 		.4byte	.LASF7
 876 0068 04       		.uleb128 0x4
 877 0069 04       		.byte	0x4
 878 006a 05       		.byte	0x5
 879 006b 696E7400 		.ascii	"int\000"
 880 006f 02       		.uleb128 0x2
 881 0070 04       		.byte	0x4
 882 0071 07       		.byte	0x7
 883 0072 CF010000 		.4byte	.LASF8
 884 0076 03       		.uleb128 0x3
 885 0077 3B020000 		.4byte	.LASF10
 886 007b 03       		.byte	0x3
 887 007c 2C       		.byte	0x2c
 888 007d 41000000 		.4byte	0x41
ARM GAS  C:\Users\PANXIA~1\AppData\Local\Temp\ccoDQdER.s 			page 22


 889 0081 03       		.uleb128 0x3
 890 0082 75010000 		.4byte	.LASF11
 891 0086 04       		.byte	0x4
 892 0087 C2       		.byte	0xc2
 893 0088 2C000000 		.4byte	0x2c
 894 008c 03       		.uleb128 0x3
 895 008d BE000000 		.4byte	.LASF12
 896 0091 04       		.byte	0x4
 897 0092 C3       		.byte	0xc3
 898 0093 3A000000 		.4byte	0x3a
 899 0097 02       		.uleb128 0x2
 900 0098 04       		.byte	0x4
 901 0099 04       		.byte	0x4
 902 009a F5000000 		.4byte	.LASF13
 903 009e 02       		.uleb128 0x2
 904 009f 08       		.byte	0x8
 905 00a0 04       		.byte	0x4
 906 00a1 5B030000 		.4byte	.LASF14
 907 00a5 02       		.uleb128 0x2
 908 00a6 01       		.byte	0x1
 909 00a7 08       		.byte	0x8
 910 00a8 25020000 		.4byte	.LASF15
 911 00ac 02       		.uleb128 0x2
 912 00ad 04       		.byte	0x4
 913 00ae 07       		.byte	0x7
 914 00af 2C000000 		.4byte	.LASF16
 915 00b3 05       		.uleb128 0x5
 916 00b4 04       		.byte	0x4
 917 00b5 B9000000 		.4byte	0xb9
 918 00b9 06       		.uleb128 0x6
 919 00ba A5000000 		.4byte	0xa5
 920 00be 07       		.uleb128 0x7
 921 00bf 81000000 		.4byte	0x81
 922 00c3 CE000000 		.4byte	0xce
 923 00c7 08       		.uleb128 0x8
 924 00c8 AC000000 		.4byte	0xac
 925 00cc 03       		.byte	0x3
 926 00cd 00       		.byte	0
 927 00ce 09       		.uleb128 0x9
 928 00cf 02       		.byte	0x2
 929 00d0 05       		.byte	0x5
 930 00d1 1D       		.byte	0x1d
 931 00d2 E3000000 		.4byte	0xe3
 932 00d6 0A       		.uleb128 0xa
 933 00d7 70776D00 		.ascii	"pwm\000"
 934 00db 05       		.byte	0x5
 935 00dc 1F       		.byte	0x1f
 936 00dd 8C000000 		.4byte	0x8c
 937 00e1 00       		.byte	0
 938 00e2 00       		.byte	0
 939 00e3 03       		.uleb128 0x3
 940 00e4 E3000000 		.4byte	.LASF17
 941 00e8 05       		.byte	0x5
 942 00e9 21       		.byte	0x21
 943 00ea CE000000 		.4byte	0xce
 944 00ee 09       		.uleb128 0x9
 945 00ef 1E       		.byte	0x1e
ARM GAS  C:\Users\PANXIA~1\AppData\Local\Temp\ccoDQdER.s 			page 23


 946 00f0 05       		.byte	0x5
 947 00f1 22       		.byte	0x22
 948 00f2 57010000 		.4byte	0x157
 949 00f6 0B       		.uleb128 0xb
 950 00f7 B6000000 		.4byte	.LASF18
 951 00fb 05       		.byte	0x5
 952 00fc 24       		.byte	0x24
 953 00fd 57010000 		.4byte	0x157
 954 0101 00       		.byte	0
 955 0102 0B       		.uleb128 0xb
 956 0103 65010000 		.4byte	.LASF19
 957 0107 05       		.byte	0x5
 958 0108 25       		.byte	0x25
 959 0109 57010000 		.4byte	0x157
 960 010d 09       		.byte	0x9
 961 010e 0B       		.uleb128 0xb
 962 010f CE000000 		.4byte	.LASF20
 963 0113 05       		.byte	0x5
 964 0114 26       		.byte	0x26
 965 0115 81000000 		.4byte	0x81
 966 0119 12       		.byte	0x12
 967 011a 0B       		.uleb128 0xb
 968 011b 4D030000 		.4byte	.LASF21
 969 011f 05       		.byte	0x5
 970 0120 29       		.byte	0x29
 971 0121 8C000000 		.4byte	0x8c
 972 0125 14       		.byte	0x14
 973 0126 0B       		.uleb128 0xb
 974 0127 A4020000 		.4byte	.LASF22
 975 012b 05       		.byte	0x5
 976 012c 2A       		.byte	0x2a
 977 012d E3000000 		.4byte	0xe3
 978 0131 16       		.byte	0x16
 979 0132 0B       		.uleb128 0xb
 980 0133 00000000 		.4byte	.LASF23
 981 0137 05       		.byte	0x5
 982 0138 2B       		.byte	0x2b
 983 0139 E3000000 		.4byte	0xe3
 984 013d 18       		.byte	0x18
 985 013e 0B       		.uleb128 0xb
 986 013f 92020000 		.4byte	.LASF24
 987 0143 05       		.byte	0x5
 988 0144 2C       		.byte	0x2c
 989 0145 E3000000 		.4byte	0xe3
 990 0149 1A       		.byte	0x1a
 991 014a 0B       		.uleb128 0xb
 992 014b 2E010000 		.4byte	.LASF25
 993 014f 05       		.byte	0x5
 994 0150 2D       		.byte	0x2d
 995 0151 E3000000 		.4byte	0xe3
 996 0155 1C       		.byte	0x1c
 997 0156 00       		.byte	0
 998 0157 07       		.uleb128 0x7
 999 0158 81000000 		.4byte	0x81
 1000 015c 67010000 		.4byte	0x167
 1001 0160 08       		.uleb128 0x8
 1002 0161 AC000000 		.4byte	0xac
ARM GAS  C:\Users\PANXIA~1\AppData\Local\Temp\ccoDQdER.s 			page 24


 1003 0165 08       		.byte	0x8
 1004 0166 00       		.byte	0
 1005 0167 03       		.uleb128 0x3
 1006 0168 5C020000 		.4byte	.LASF26
 1007 016c 05       		.byte	0x5
 1008 016d 2E       		.byte	0x2e
 1009 016e EE000000 		.4byte	0xee
 1010 0172 09       		.uleb128 0x9
 1011 0173 04       		.byte	0x4
 1012 0174 05       		.byte	0x5
 1013 0175 30       		.byte	0x30
 1014 0176 9F010000 		.4byte	0x19f
 1015 017a 0B       		.uleb128 0xb
 1016 017b 41000000 		.4byte	.LASF27
 1017 017f 05       		.byte	0x5
 1018 0180 32       		.byte	0x32
 1019 0181 8C000000 		.4byte	0x8c
 1020 0185 00       		.byte	0
 1021 0186 0B       		.uleb128 0xb
 1022 0187 12000000 		.4byte	.LASF28
 1023 018b 05       		.byte	0x5
 1024 018c 33       		.byte	0x33
 1025 018d 81000000 		.4byte	0x81
 1026 0191 02       		.byte	0x2
 1027 0192 0B       		.uleb128 0xb
 1028 0193 7B010000 		.4byte	.LASF29
 1029 0197 05       		.byte	0x5
 1030 0198 34       		.byte	0x34
 1031 0199 81000000 		.4byte	0x81
 1032 019d 03       		.byte	0x3
 1033 019e 00       		.byte	0
 1034 019f 03       		.uleb128 0x3
 1035 01a0 FE010000 		.4byte	.LASF30
 1036 01a4 05       		.byte	0x5
 1037 01a5 36       		.byte	0x36
 1038 01a6 72010000 		.4byte	0x172
 1039 01aa 0C       		.uleb128 0xc
 1040 01ab 4F020000 		.4byte	.LASF62
 1041 01af 01       		.byte	0x1
 1042 01b0 10       		.byte	0x10
 1043 01b1 00000000 		.4byte	.LFB63
 1044 01b5 20000000 		.4byte	.LFE63-.LFB63
 1045 01b9 01       		.uleb128 0x1
 1046 01ba 9C       		.byte	0x9c
 1047 01bb 0D       		.uleb128 0xd
 1048 01bc 62020000 		.4byte	.LASF33
 1049 01c0 01       		.byte	0x1
 1050 01c1 1B       		.byte	0x1b
 1051 01c2 00000000 		.4byte	.LFB64
 1052 01c6 E8000000 		.4byte	.LFE64-.LFB64
 1053 01ca 01       		.uleb128 0x1
 1054 01cb 9C       		.byte	0x9c
 1055 01cc FC010000 		.4byte	0x1fc
 1056 01d0 0E       		.uleb128 0xe
 1057 01d1 C5000000 		.4byte	.LASF31
 1058 01d5 01       		.byte	0x1
 1059 01d6 1D       		.byte	0x1d
ARM GAS  C:\Users\PANXIA~1\AppData\Local\Temp\ccoDQdER.s 			page 25


 1060 01d7 81000000 		.4byte	0x81
 1061 01db 05       		.uleb128 0x5
 1062 01dc 03       		.byte	0x3
 1063 01dd 00000000 		.4byte	send_dir.6092
 1064 01e1 0E       		.uleb128 0xe
 1065 01e2 6D010000 		.4byte	.LASF32
 1066 01e6 01       		.byte	0x1
 1067 01e7 1E       		.byte	0x1e
 1068 01e8 81000000 		.4byte	0x81
 1069 01ec 05       		.uleb128 0x5
 1070 01ed 03       		.byte	0x3
 1071 01ee 00000000 		.4byte	pre_dir.6093
 1072 01f2 0F       		.uleb128 0xf
 1073 01f3 C8000000 		.4byte	.LVL0
 1074 01f7 4F040000 		.4byte	0x44f
 1075 01fb 00       		.byte	0
 1076 01fc 0D       		.uleb128 0xd
 1077 01fd 77030000 		.4byte	.LASF34
 1078 0201 01       		.byte	0x1
 1079 0202 5F       		.byte	0x5f
 1080 0203 00000000 		.4byte	.LFB65
 1081 0207 E8000000 		.4byte	.LFE65-.LFB65
 1082 020b 01       		.uleb128 0x1
 1083 020c 9C       		.byte	0x9c
 1084 020d 3D020000 		.4byte	0x23d
 1085 0211 0E       		.uleb128 0xe
 1086 0212 C5000000 		.4byte	.LASF31
 1087 0216 01       		.byte	0x1
 1088 0217 61       		.byte	0x61
 1089 0218 81000000 		.4byte	0x81
 1090 021c 05       		.uleb128 0x5
 1091 021d 03       		.byte	0x3
 1092 021e 01000000 		.4byte	send_dir.6096
 1093 0222 0E       		.uleb128 0xe
 1094 0223 6D010000 		.4byte	.LASF32
 1095 0227 01       		.byte	0x1
 1096 0228 62       		.byte	0x62
 1097 0229 81000000 		.4byte	0x81
 1098 022d 05       		.uleb128 0x5
 1099 022e 03       		.byte	0x3
 1100 022f 01000000 		.4byte	pre_dir.6097
 1101 0233 0F       		.uleb128 0xf
 1102 0234 CA000000 		.4byte	.LVL1
 1103 0238 60040000 		.4byte	0x460
 1104 023c 00       		.byte	0
 1105 023d 10       		.uleb128 0x10
 1106 023e F0010000 		.4byte	.LASF38
 1107 0242 01       		.byte	0x1
 1108 0243 A4       		.byte	0xa4
 1109 0244 81000000 		.4byte	0x81
 1110 0248 00000000 		.4byte	.LFB66
 1111 024c 9C000000 		.4byte	.LFE66-.LFB66
 1112 0250 01       		.uleb128 0x1
 1113 0251 9C       		.byte	0x9c
 1114 0252 66020000 		.4byte	0x266
 1115 0256 11       		.uleb128 0x11
 1116 0257 83030000 		.4byte	.LASF40
ARM GAS  C:\Users\PANXIA~1\AppData\Local\Temp\ccoDQdER.s 			page 26


 1117 025b 01       		.byte	0x1
 1118 025c A4       		.byte	0xa4
 1119 025d 8C000000 		.4byte	0x8c
 1120 0261 00000000 		.4byte	.LLST0
 1121 0265 00       		.byte	0
 1122 0266 0D       		.uleb128 0xd
 1123 0267 41010000 		.4byte	.LASF35
 1124 026b 01       		.byte	0x1
 1125 026c D2       		.byte	0xd2
 1126 026d 00000000 		.4byte	.LFB67
 1127 0271 5C000000 		.4byte	.LFE67-.LFB67
 1128 0275 01       		.uleb128 0x1
 1129 0276 9C       		.byte	0x9c
 1130 0277 D6020000 		.4byte	0x2d6
 1131 027b 0E       		.uleb128 0xe
 1132 027c 6E020000 		.4byte	.LASF36
 1133 0280 01       		.byte	0x1
 1134 0281 D4       		.byte	0xd4
 1135 0282 BE000000 		.4byte	0xbe
 1136 0286 05       		.uleb128 0x5
 1137 0287 03       		.byte	0x3
 1138 0288 04000000 		.4byte	cur_value.6103
 1139 028c 0E       		.uleb128 0xe
 1140 028d 1B020000 		.4byte	.LASF37
 1141 0291 01       		.byte	0x1
 1142 0292 D5       		.byte	0xd5
 1143 0293 BE000000 		.4byte	0xbe
 1144 0297 05       		.uleb128 0x5
 1145 0298 03       		.byte	0x3
 1146 0299 08000000 		.4byte	pre_value.6104
 1147 029d 12       		.uleb128 0x12
 1148 029e 6900     		.ascii	"i\000"
 1149 02a0 01       		.byte	0x1
 1150 02a1 D6       		.byte	0xd6
 1151 02a2 81000000 		.4byte	0x81
 1152 02a6 1B010000 		.4byte	.LLST1
 1153 02aa 0F       		.uleb128 0xf
 1154 02ab 0A000000 		.4byte	.LVL24
 1155 02af 3D020000 		.4byte	0x23d
 1156 02b3 0F       		.uleb128 0xf
 1157 02b4 16000000 		.4byte	.LVL25
 1158 02b8 3D020000 		.4byte	0x23d
 1159 02bc 0F       		.uleb128 0xf
 1160 02bd 20000000 		.4byte	.LVL26
 1161 02c1 3D020000 		.4byte	0x23d
 1162 02c5 13       		.uleb128 0x13
 1163 02c6 3A000000 		.4byte	.LVL29
 1164 02ca 71040000 		.4byte	0x471
 1165 02ce 14       		.uleb128 0x14
 1166 02cf 01       		.uleb128 0x1
 1167 02d0 50       		.byte	0x50
 1168 02d1 02       		.uleb128 0x2
 1169 02d2 75       		.byte	0x75
 1170 02d3 04       		.sleb128 4
 1171 02d4 00       		.byte	0
 1172 02d5 00       		.byte	0
 1173 02d6 10       		.uleb128 0x10
ARM GAS  C:\Users\PANXIA~1\AppData\Local\Temp\ccoDQdER.s 			page 27


 1174 02d7 A6000000 		.4byte	.LASF39
 1175 02db 01       		.byte	0x1
 1176 02dc E9       		.byte	0xe9
 1177 02dd 8C000000 		.4byte	0x8c
 1178 02e1 00000000 		.4byte	.LFB68
 1179 02e5 B2000000 		.4byte	.LFE68-.LFB68
 1180 02e9 01       		.uleb128 0x1
 1181 02ea 9C       		.byte	0x9c
 1182 02eb FF020000 		.4byte	0x2ff
 1183 02ef 11       		.uleb128 0x11
 1184 02f0 35000000 		.4byte	.LASF41
 1185 02f4 01       		.byte	0x1
 1186 02f5 E9       		.byte	0xe9
 1187 02f6 8C000000 		.4byte	0x8c
 1188 02fa 45010000 		.4byte	.LLST2
 1189 02fe 00       		.byte	0
 1190 02ff 15       		.uleb128 0x15
 1191 0300 11010000 		.4byte	.LASF42
 1192 0304 01       		.byte	0x1
 1193 0305 1601     		.2byte	0x116
 1194 0307 00000000 		.4byte	.LFB69
 1195 030b 34000000 		.4byte	.LFE69-.LFB69
 1196 030f 01       		.uleb128 0x1
 1197 0310 9C       		.byte	0x9c
 1198 0311 83030000 		.4byte	0x383
 1199 0315 16       		.uleb128 0x16
 1200 0316 6E020000 		.4byte	.LASF36
 1201 031a 01       		.byte	0x1
 1202 031b 1801     		.2byte	0x118
 1203 031d 8C000000 		.4byte	0x8c
 1204 0321 05       		.uleb128 0x5
 1205 0322 03       		.byte	0x3
 1206 0323 0C000000 		.4byte	cur_value.6114
 1207 0327 16       		.uleb128 0x16
 1208 0328 1B020000 		.4byte	.LASF37
 1209 032c 01       		.byte	0x1
 1210 032d 1901     		.2byte	0x119
 1211 032f 8C000000 		.4byte	0x8c
 1212 0333 05       		.uleb128 0x5
 1213 0334 03       		.byte	0x3
 1214 0335 0E000000 		.4byte	pre_value.6115
 1215 0339 17       		.uleb128 0x17
 1216 033a 14000000 		.4byte	.LBB2
 1217 033e 20000000 		.4byte	.LBE2-.LBB2
 1218 0342 79030000 		.4byte	0x379
 1219 0346 18       		.uleb128 0x18
 1220 0347 27010000 		.4byte	.LASF58
 1221 034b 09       		.byte	0x9
 1222 034c 00       		.byte	0
 1223 034d 68000000 		.4byte	0x68
 1224 0351 5C030000 		.4byte	0x35c
 1225 0355 19       		.uleb128 0x19
 1226 0356 B3000000 		.4byte	0xb3
 1227 035a 1A       		.uleb128 0x1a
 1228 035b 00       		.byte	0
 1229 035c 0F       		.uleb128 0xf
 1230 035d 18000000 		.4byte	.LVL56
ARM GAS  C:\Users\PANXIA~1\AppData\Local\Temp\ccoDQdER.s 			page 28


 1231 0361 88040000 		.4byte	0x488
 1232 0365 13       		.uleb128 0x13
 1233 0366 22000000 		.4byte	.LVL57
 1234 036a 99040000 		.4byte	0x499
 1235 036e 14       		.uleb128 0x14
 1236 036f 01       		.uleb128 0x1
 1237 0370 50       		.byte	0x50
 1238 0371 05       		.uleb128 0x5
 1239 0372 03       		.byte	0x3
 1240 0373 00000000 		.4byte	.LC0
 1241 0377 00       		.byte	0
 1242 0378 00       		.byte	0
 1243 0379 0F       		.uleb128 0xf
 1244 037a 0A000000 		.4byte	.LVL55
 1245 037e D6020000 		.4byte	0x2d6
 1246 0382 00       		.byte	0
 1247 0383 1B       		.uleb128 0x1b
 1248 0384 6A030000 		.4byte	.LASF43
 1249 0388 06       		.byte	0x6
 1250 0389 2A06     		.2byte	0x62a
 1251 038b 8F030000 		.4byte	0x38f
 1252 038f 1C       		.uleb128 0x1c
 1253 0390 76000000 		.4byte	0x76
 1254 0394 1D       		.uleb128 0x1d
 1255 0395 21010000 		.4byte	.LASF44
 1256 0399 05       		.byte	0x5
 1257 039a 2F       		.byte	0x2f
 1258 039b 67010000 		.4byte	0x167
 1259 039f 05       		.uleb128 0x5
 1260 03a0 03       		.byte	0x3
 1261 03a1 00000000 		.4byte	g_Car
 1262 03a5 1D       		.uleb128 0x1d
 1263 03a6 EB000000 		.4byte	.LASF45
 1264 03aa 05       		.byte	0x5
 1265 03ab 37       		.byte	0x37
 1266 03ac 9F010000 		.4byte	0x19f
 1267 03b0 05       		.uleb128 0x5
 1268 03b1 03       		.byte	0x3
 1269 03b2 00000000 		.4byte	g_Control
 1270 03b6 1E       		.uleb128 0x1e
 1271 03b7 425F5600 		.ascii	"B_V\000"
 1272 03bb 07       		.byte	0x7
 1273 03bc 1B       		.byte	0x1b
 1274 03bd 8C000000 		.4byte	0x8c
 1275 03c1 05       		.uleb128 0x5
 1276 03c2 03       		.byte	0x3
 1277 03c3 00000000 		.4byte	B_V
 1278 03c7 1D       		.uleb128 0x1d
 1279 03c8 09010000 		.4byte	.LASF46
 1280 03cc 07       		.byte	0x7
 1281 03cd 1C       		.byte	0x1c
 1282 03ce 8C000000 		.4byte	0x8c
 1283 03d2 05       		.uleb128 0x5
 1284 03d3 03       		.byte	0x3
 1285 03d4 00000000 		.4byte	CAR_X_V
 1286 03d8 1D       		.uleb128 0x1d
 1287 03d9 9E000000 		.4byte	.LASF47
ARM GAS  C:\Users\PANXIA~1\AppData\Local\Temp\ccoDQdER.s 			page 29


 1288 03dd 07       		.byte	0x7
 1289 03de 1D       		.byte	0x1d
 1290 03df 8C000000 		.4byte	0x8c
 1291 03e3 05       		.uleb128 0x5
 1292 03e4 03       		.byte	0x3
 1293 03e5 00000000 		.4byte	CAR_Y_V
 1294 03e9 1D       		.uleb128 0x1d
 1295 03ea 1A000000 		.4byte	.LASF48
 1296 03ee 07       		.byte	0x7
 1297 03ef 1E       		.byte	0x1e
 1298 03f0 8C000000 		.4byte	0x8c
 1299 03f4 05       		.uleb128 0x5
 1300 03f5 03       		.byte	0x3
 1301 03f6 00000000 		.4byte	PTZ_X_V
 1302 03fa 1D       		.uleb128 0x1d
 1303 03fb 62030000 		.4byte	.LASF49
 1304 03ff 07       		.byte	0x7
 1305 0400 20       		.byte	0x20
 1306 0401 8C000000 		.4byte	0x8c
 1307 0405 05       		.uleb128 0x5
 1308 0406 03       		.byte	0x3
 1309 0407 00000000 		.4byte	PTZ_Y_V
 1310 040b 1D       		.uleb128 0x1d
 1311 040c 8A020000 		.4byte	.LASF50
 1312 0410 07       		.byte	0x7
 1313 0411 21       		.byte	0x21
 1314 0412 8C000000 		.4byte	0x8c
 1315 0416 05       		.uleb128 0x5
 1316 0417 03       		.byte	0x3
 1317 0418 00000000 		.4byte	LED_1_V
 1318 041c 1D       		.uleb128 0x1d
 1319 041d 33020000 		.4byte	.LASF51
 1320 0421 07       		.byte	0x7
 1321 0422 22       		.byte	0x22
 1322 0423 8C000000 		.4byte	0x8c
 1323 0427 05       		.uleb128 0x5
 1324 0428 03       		.byte	0x3
 1325 0429 00000000 		.4byte	LED_2_V
 1326 042d 1D       		.uleb128 0x1d
 1327 042e B3010000 		.4byte	.LASF52
 1328 0432 07       		.byte	0x7
 1329 0433 23       		.byte	0x23
 1330 0434 8C000000 		.4byte	0x8c
 1331 0438 05       		.uleb128 0x5
 1332 0439 03       		.byte	0x3
 1333 043a 00000000 		.4byte	LED_3_V
 1334 043e 1D       		.uleb128 0x1d
 1335 043f D7000000 		.4byte	.LASF53
 1336 0443 07       		.byte	0x7
 1337 0444 24       		.byte	0x24
 1338 0445 8C000000 		.4byte	0x8c
 1339 0449 05       		.uleb128 0x5
 1340 044a 03       		.byte	0x3
 1341 044b 00000000 		.4byte	CAR_SPEED_V
 1342 044f 1F       		.uleb128 0x1f
 1343 0450 DC010000 		.4byte	.LASF54
 1344 0454 08       		.byte	0x8
ARM GAS  C:\Users\PANXIA~1\AppData\Local\Temp\ccoDQdER.s 			page 30


 1345 0455 28       		.byte	0x28
 1346 0456 60040000 		.4byte	0x460
 1347 045a 19       		.uleb128 0x19
 1348 045b 81000000 		.4byte	0x81
 1349 045f 00       		.byte	0
 1350 0460 1F       		.uleb128 0x1f
 1351 0461 8A000000 		.4byte	.LASF55
 1352 0465 08       		.byte	0x8
 1353 0466 29       		.byte	0x29
 1354 0467 71040000 		.4byte	0x471
 1355 046b 19       		.uleb128 0x19
 1356 046c 81000000 		.4byte	0x81
 1357 0470 00       		.byte	0
 1358 0471 1F       		.uleb128 0x1f
 1359 0472 BB010000 		.4byte	.LASF56
 1360 0476 08       		.byte	0x8
 1361 0477 24       		.byte	0x24
 1362 0478 82040000 		.4byte	0x482
 1363 047c 19       		.uleb128 0x19
 1364 047d 82040000 		.4byte	0x482
 1365 0481 00       		.byte	0
 1366 0482 05       		.uleb128 0x5
 1367 0483 04       		.byte	0x4
 1368 0484 81000000 		.4byte	0x81
 1369 0488 1F       		.uleb128 0x1f
 1370 0489 4F010000 		.4byte	.LASF57
 1371 048d 08       		.byte	0x8
 1372 048e 2A       		.byte	0x2a
 1373 048f 99040000 		.4byte	0x499
 1374 0493 19       		.uleb128 0x19
 1375 0494 8C000000 		.4byte	0x8c
 1376 0498 00       		.byte	0
 1377 0499 20       		.uleb128 0x20
 1378 049a 27010000 		.4byte	.LASF58
 1379 049e 09       		.byte	0x9
 1380 049f 00       		.byte	0
 1381 04a0 68000000 		.4byte	0x68
 1382 04a4 19       		.uleb128 0x19
 1383 04a5 B3000000 		.4byte	0xb3
 1384 04a9 1A       		.uleb128 0x1a
 1385 04aa 00       		.byte	0
 1386 04ab 00       		.byte	0
 1387              		.section	.debug_abbrev,"",%progbits
 1388              	.Ldebug_abbrev0:
 1389 0000 01       		.uleb128 0x1
 1390 0001 11       		.uleb128 0x11
 1391 0002 01       		.byte	0x1
 1392 0003 25       		.uleb128 0x25
 1393 0004 0E       		.uleb128 0xe
 1394 0005 13       		.uleb128 0x13
 1395 0006 0B       		.uleb128 0xb
 1396 0007 03       		.uleb128 0x3
 1397 0008 0E       		.uleb128 0xe
 1398 0009 1B       		.uleb128 0x1b
 1399 000a 0E       		.uleb128 0xe
 1400 000b 55       		.uleb128 0x55
 1401 000c 17       		.uleb128 0x17
ARM GAS  C:\Users\PANXIA~1\AppData\Local\Temp\ccoDQdER.s 			page 31


 1402 000d 11       		.uleb128 0x11
 1403 000e 01       		.uleb128 0x1
 1404 000f 10       		.uleb128 0x10
 1405 0010 17       		.uleb128 0x17
 1406 0011 00       		.byte	0
 1407 0012 00       		.byte	0
 1408 0013 02       		.uleb128 0x2
 1409 0014 24       		.uleb128 0x24
 1410 0015 00       		.byte	0
 1411 0016 0B       		.uleb128 0xb
 1412 0017 0B       		.uleb128 0xb
 1413 0018 3E       		.uleb128 0x3e
 1414 0019 0B       		.uleb128 0xb
 1415 001a 03       		.uleb128 0x3
 1416 001b 0E       		.uleb128 0xe
 1417 001c 00       		.byte	0
 1418 001d 00       		.byte	0
 1419 001e 03       		.uleb128 0x3
 1420 001f 16       		.uleb128 0x16
 1421 0020 00       		.byte	0
 1422 0021 03       		.uleb128 0x3
 1423 0022 0E       		.uleb128 0xe
 1424 0023 3A       		.uleb128 0x3a
 1425 0024 0B       		.uleb128 0xb
 1426 0025 3B       		.uleb128 0x3b
 1427 0026 0B       		.uleb128 0xb
 1428 0027 49       		.uleb128 0x49
 1429 0028 13       		.uleb128 0x13
 1430 0029 00       		.byte	0
 1431 002a 00       		.byte	0
 1432 002b 04       		.uleb128 0x4
 1433 002c 24       		.uleb128 0x24
 1434 002d 00       		.byte	0
 1435 002e 0B       		.uleb128 0xb
 1436 002f 0B       		.uleb128 0xb
 1437 0030 3E       		.uleb128 0x3e
 1438 0031 0B       		.uleb128 0xb
 1439 0032 03       		.uleb128 0x3
 1440 0033 08       		.uleb128 0x8
 1441 0034 00       		.byte	0
 1442 0035 00       		.byte	0
 1443 0036 05       		.uleb128 0x5
 1444 0037 0F       		.uleb128 0xf
 1445 0038 00       		.byte	0
 1446 0039 0B       		.uleb128 0xb
 1447 003a 0B       		.uleb128 0xb
 1448 003b 49       		.uleb128 0x49
 1449 003c 13       		.uleb128 0x13
 1450 003d 00       		.byte	0
 1451 003e 00       		.byte	0
 1452 003f 06       		.uleb128 0x6
 1453 0040 26       		.uleb128 0x26
 1454 0041 00       		.byte	0
 1455 0042 49       		.uleb128 0x49
 1456 0043 13       		.uleb128 0x13
 1457 0044 00       		.byte	0
 1458 0045 00       		.byte	0
ARM GAS  C:\Users\PANXIA~1\AppData\Local\Temp\ccoDQdER.s 			page 32


 1459 0046 07       		.uleb128 0x7
 1460 0047 01       		.uleb128 0x1
 1461 0048 01       		.byte	0x1
 1462 0049 49       		.uleb128 0x49
 1463 004a 13       		.uleb128 0x13
 1464 004b 01       		.uleb128 0x1
 1465 004c 13       		.uleb128 0x13
 1466 004d 00       		.byte	0
 1467 004e 00       		.byte	0
 1468 004f 08       		.uleb128 0x8
 1469 0050 21       		.uleb128 0x21
 1470 0051 00       		.byte	0
 1471 0052 49       		.uleb128 0x49
 1472 0053 13       		.uleb128 0x13
 1473 0054 2F       		.uleb128 0x2f
 1474 0055 0B       		.uleb128 0xb
 1475 0056 00       		.byte	0
 1476 0057 00       		.byte	0
 1477 0058 09       		.uleb128 0x9
 1478 0059 13       		.uleb128 0x13
 1479 005a 01       		.byte	0x1
 1480 005b 0B       		.uleb128 0xb
 1481 005c 0B       		.uleb128 0xb
 1482 005d 3A       		.uleb128 0x3a
 1483 005e 0B       		.uleb128 0xb
 1484 005f 3B       		.uleb128 0x3b
 1485 0060 0B       		.uleb128 0xb
 1486 0061 01       		.uleb128 0x1
 1487 0062 13       		.uleb128 0x13
 1488 0063 00       		.byte	0
 1489 0064 00       		.byte	0
 1490 0065 0A       		.uleb128 0xa
 1491 0066 0D       		.uleb128 0xd
 1492 0067 00       		.byte	0
 1493 0068 03       		.uleb128 0x3
 1494 0069 08       		.uleb128 0x8
 1495 006a 3A       		.uleb128 0x3a
 1496 006b 0B       		.uleb128 0xb
 1497 006c 3B       		.uleb128 0x3b
 1498 006d 0B       		.uleb128 0xb
 1499 006e 49       		.uleb128 0x49
 1500 006f 13       		.uleb128 0x13
 1501 0070 38       		.uleb128 0x38
 1502 0071 0B       		.uleb128 0xb
 1503 0072 00       		.byte	0
 1504 0073 00       		.byte	0
 1505 0074 0B       		.uleb128 0xb
 1506 0075 0D       		.uleb128 0xd
 1507 0076 00       		.byte	0
 1508 0077 03       		.uleb128 0x3
 1509 0078 0E       		.uleb128 0xe
 1510 0079 3A       		.uleb128 0x3a
 1511 007a 0B       		.uleb128 0xb
 1512 007b 3B       		.uleb128 0x3b
 1513 007c 0B       		.uleb128 0xb
 1514 007d 49       		.uleb128 0x49
 1515 007e 13       		.uleb128 0x13
ARM GAS  C:\Users\PANXIA~1\AppData\Local\Temp\ccoDQdER.s 			page 33


 1516 007f 38       		.uleb128 0x38
 1517 0080 0B       		.uleb128 0xb
 1518 0081 00       		.byte	0
 1519 0082 00       		.byte	0
 1520 0083 0C       		.uleb128 0xc
 1521 0084 2E       		.uleb128 0x2e
 1522 0085 00       		.byte	0
 1523 0086 3F       		.uleb128 0x3f
 1524 0087 19       		.uleb128 0x19
 1525 0088 03       		.uleb128 0x3
 1526 0089 0E       		.uleb128 0xe
 1527 008a 3A       		.uleb128 0x3a
 1528 008b 0B       		.uleb128 0xb
 1529 008c 3B       		.uleb128 0x3b
 1530 008d 0B       		.uleb128 0xb
 1531 008e 11       		.uleb128 0x11
 1532 008f 01       		.uleb128 0x1
 1533 0090 12       		.uleb128 0x12
 1534 0091 06       		.uleb128 0x6
 1535 0092 40       		.uleb128 0x40
 1536 0093 18       		.uleb128 0x18
 1537 0094 9742     		.uleb128 0x2117
 1538 0096 19       		.uleb128 0x19
 1539 0097 00       		.byte	0
 1540 0098 00       		.byte	0
 1541 0099 0D       		.uleb128 0xd
 1542 009a 2E       		.uleb128 0x2e
 1543 009b 01       		.byte	0x1
 1544 009c 3F       		.uleb128 0x3f
 1545 009d 19       		.uleb128 0x19
 1546 009e 03       		.uleb128 0x3
 1547 009f 0E       		.uleb128 0xe
 1548 00a0 3A       		.uleb128 0x3a
 1549 00a1 0B       		.uleb128 0xb
 1550 00a2 3B       		.uleb128 0x3b
 1551 00a3 0B       		.uleb128 0xb
 1552 00a4 11       		.uleb128 0x11
 1553 00a5 01       		.uleb128 0x1
 1554 00a6 12       		.uleb128 0x12
 1555 00a7 06       		.uleb128 0x6
 1556 00a8 40       		.uleb128 0x40
 1557 00a9 18       		.uleb128 0x18
 1558 00aa 9742     		.uleb128 0x2117
 1559 00ac 19       		.uleb128 0x19
 1560 00ad 01       		.uleb128 0x1
 1561 00ae 13       		.uleb128 0x13
 1562 00af 00       		.byte	0
 1563 00b0 00       		.byte	0
 1564 00b1 0E       		.uleb128 0xe
 1565 00b2 34       		.uleb128 0x34
 1566 00b3 00       		.byte	0
 1567 00b4 03       		.uleb128 0x3
 1568 00b5 0E       		.uleb128 0xe
 1569 00b6 3A       		.uleb128 0x3a
 1570 00b7 0B       		.uleb128 0xb
 1571 00b8 3B       		.uleb128 0x3b
 1572 00b9 0B       		.uleb128 0xb
ARM GAS  C:\Users\PANXIA~1\AppData\Local\Temp\ccoDQdER.s 			page 34


 1573 00ba 49       		.uleb128 0x49
 1574 00bb 13       		.uleb128 0x13
 1575 00bc 02       		.uleb128 0x2
 1576 00bd 18       		.uleb128 0x18
 1577 00be 00       		.byte	0
 1578 00bf 00       		.byte	0
 1579 00c0 0F       		.uleb128 0xf
 1580 00c1 898201   		.uleb128 0x4109
 1581 00c4 00       		.byte	0
 1582 00c5 11       		.uleb128 0x11
 1583 00c6 01       		.uleb128 0x1
 1584 00c7 31       		.uleb128 0x31
 1585 00c8 13       		.uleb128 0x13
 1586 00c9 00       		.byte	0
 1587 00ca 00       		.byte	0
 1588 00cb 10       		.uleb128 0x10
 1589 00cc 2E       		.uleb128 0x2e
 1590 00cd 01       		.byte	0x1
 1591 00ce 3F       		.uleb128 0x3f
 1592 00cf 19       		.uleb128 0x19
 1593 00d0 03       		.uleb128 0x3
 1594 00d1 0E       		.uleb128 0xe
 1595 00d2 3A       		.uleb128 0x3a
 1596 00d3 0B       		.uleb128 0xb
 1597 00d4 3B       		.uleb128 0x3b
 1598 00d5 0B       		.uleb128 0xb
 1599 00d6 27       		.uleb128 0x27
 1600 00d7 19       		.uleb128 0x19
 1601 00d8 49       		.uleb128 0x49
 1602 00d9 13       		.uleb128 0x13
 1603 00da 11       		.uleb128 0x11
 1604 00db 01       		.uleb128 0x1
 1605 00dc 12       		.uleb128 0x12
 1606 00dd 06       		.uleb128 0x6
 1607 00de 40       		.uleb128 0x40
 1608 00df 18       		.uleb128 0x18
 1609 00e0 9742     		.uleb128 0x2117
 1610 00e2 19       		.uleb128 0x19
 1611 00e3 01       		.uleb128 0x1
 1612 00e4 13       		.uleb128 0x13
 1613 00e5 00       		.byte	0
 1614 00e6 00       		.byte	0
 1615 00e7 11       		.uleb128 0x11
 1616 00e8 05       		.uleb128 0x5
 1617 00e9 00       		.byte	0
 1618 00ea 03       		.uleb128 0x3
 1619 00eb 0E       		.uleb128 0xe
 1620 00ec 3A       		.uleb128 0x3a
 1621 00ed 0B       		.uleb128 0xb
 1622 00ee 3B       		.uleb128 0x3b
 1623 00ef 0B       		.uleb128 0xb
 1624 00f0 49       		.uleb128 0x49
 1625 00f1 13       		.uleb128 0x13
 1626 00f2 02       		.uleb128 0x2
 1627 00f3 17       		.uleb128 0x17
 1628 00f4 00       		.byte	0
 1629 00f5 00       		.byte	0
ARM GAS  C:\Users\PANXIA~1\AppData\Local\Temp\ccoDQdER.s 			page 35


 1630 00f6 12       		.uleb128 0x12
 1631 00f7 34       		.uleb128 0x34
 1632 00f8 00       		.byte	0
 1633 00f9 03       		.uleb128 0x3
 1634 00fa 08       		.uleb128 0x8
 1635 00fb 3A       		.uleb128 0x3a
 1636 00fc 0B       		.uleb128 0xb
 1637 00fd 3B       		.uleb128 0x3b
 1638 00fe 0B       		.uleb128 0xb
 1639 00ff 49       		.uleb128 0x49
 1640 0100 13       		.uleb128 0x13
 1641 0101 02       		.uleb128 0x2
 1642 0102 17       		.uleb128 0x17
 1643 0103 00       		.byte	0
 1644 0104 00       		.byte	0
 1645 0105 13       		.uleb128 0x13
 1646 0106 898201   		.uleb128 0x4109
 1647 0109 01       		.byte	0x1
 1648 010a 11       		.uleb128 0x11
 1649 010b 01       		.uleb128 0x1
 1650 010c 31       		.uleb128 0x31
 1651 010d 13       		.uleb128 0x13
 1652 010e 00       		.byte	0
 1653 010f 00       		.byte	0
 1654 0110 14       		.uleb128 0x14
 1655 0111 8A8201   		.uleb128 0x410a
 1656 0114 00       		.byte	0
 1657 0115 02       		.uleb128 0x2
 1658 0116 18       		.uleb128 0x18
 1659 0117 9142     		.uleb128 0x2111
 1660 0119 18       		.uleb128 0x18
 1661 011a 00       		.byte	0
 1662 011b 00       		.byte	0
 1663 011c 15       		.uleb128 0x15
 1664 011d 2E       		.uleb128 0x2e
 1665 011e 01       		.byte	0x1
 1666 011f 3F       		.uleb128 0x3f
 1667 0120 19       		.uleb128 0x19
 1668 0121 03       		.uleb128 0x3
 1669 0122 0E       		.uleb128 0xe
 1670 0123 3A       		.uleb128 0x3a
 1671 0124 0B       		.uleb128 0xb
 1672 0125 3B       		.uleb128 0x3b
 1673 0126 05       		.uleb128 0x5
 1674 0127 11       		.uleb128 0x11
 1675 0128 01       		.uleb128 0x1
 1676 0129 12       		.uleb128 0x12
 1677 012a 06       		.uleb128 0x6
 1678 012b 40       		.uleb128 0x40
 1679 012c 18       		.uleb128 0x18
 1680 012d 9742     		.uleb128 0x2117
 1681 012f 19       		.uleb128 0x19
 1682 0130 01       		.uleb128 0x1
 1683 0131 13       		.uleb128 0x13
 1684 0132 00       		.byte	0
 1685 0133 00       		.byte	0
 1686 0134 16       		.uleb128 0x16
ARM GAS  C:\Users\PANXIA~1\AppData\Local\Temp\ccoDQdER.s 			page 36


 1687 0135 34       		.uleb128 0x34
 1688 0136 00       		.byte	0
 1689 0137 03       		.uleb128 0x3
 1690 0138 0E       		.uleb128 0xe
 1691 0139 3A       		.uleb128 0x3a
 1692 013a 0B       		.uleb128 0xb
 1693 013b 3B       		.uleb128 0x3b
 1694 013c 05       		.uleb128 0x5
 1695 013d 49       		.uleb128 0x49
 1696 013e 13       		.uleb128 0x13
 1697 013f 02       		.uleb128 0x2
 1698 0140 18       		.uleb128 0x18
 1699 0141 00       		.byte	0
 1700 0142 00       		.byte	0
 1701 0143 17       		.uleb128 0x17
 1702 0144 0B       		.uleb128 0xb
 1703 0145 01       		.byte	0x1
 1704 0146 11       		.uleb128 0x11
 1705 0147 01       		.uleb128 0x1
 1706 0148 12       		.uleb128 0x12
 1707 0149 06       		.uleb128 0x6
 1708 014a 01       		.uleb128 0x1
 1709 014b 13       		.uleb128 0x13
 1710 014c 00       		.byte	0
 1711 014d 00       		.byte	0
 1712 014e 18       		.uleb128 0x18
 1713 014f 2E       		.uleb128 0x2e
 1714 0150 01       		.byte	0x1
 1715 0151 3F       		.uleb128 0x3f
 1716 0152 19       		.uleb128 0x19
 1717 0153 03       		.uleb128 0x3
 1718 0154 0E       		.uleb128 0xe
 1719 0155 3A       		.uleb128 0x3a
 1720 0156 0B       		.uleb128 0xb
 1721 0157 3B       		.uleb128 0x3b
 1722 0158 0B       		.uleb128 0xb
 1723 0159 27       		.uleb128 0x27
 1724 015a 19       		.uleb128 0x19
 1725 015b 49       		.uleb128 0x49
 1726 015c 13       		.uleb128 0x13
 1727 015d 3C       		.uleb128 0x3c
 1728 015e 19       		.uleb128 0x19
 1729 015f 01       		.uleb128 0x1
 1730 0160 13       		.uleb128 0x13
 1731 0161 00       		.byte	0
 1732 0162 00       		.byte	0
 1733 0163 19       		.uleb128 0x19
 1734 0164 05       		.uleb128 0x5
 1735 0165 00       		.byte	0
 1736 0166 49       		.uleb128 0x49
 1737 0167 13       		.uleb128 0x13
 1738 0168 00       		.byte	0
 1739 0169 00       		.byte	0
 1740 016a 1A       		.uleb128 0x1a
 1741 016b 18       		.uleb128 0x18
 1742 016c 00       		.byte	0
 1743 016d 00       		.byte	0
ARM GAS  C:\Users\PANXIA~1\AppData\Local\Temp\ccoDQdER.s 			page 37


 1744 016e 00       		.byte	0
 1745 016f 1B       		.uleb128 0x1b
 1746 0170 34       		.uleb128 0x34
 1747 0171 00       		.byte	0
 1748 0172 03       		.uleb128 0x3
 1749 0173 0E       		.uleb128 0xe
 1750 0174 3A       		.uleb128 0x3a
 1751 0175 0B       		.uleb128 0xb
 1752 0176 3B       		.uleb128 0x3b
 1753 0177 05       		.uleb128 0x5
 1754 0178 49       		.uleb128 0x49
 1755 0179 13       		.uleb128 0x13
 1756 017a 3F       		.uleb128 0x3f
 1757 017b 19       		.uleb128 0x19
 1758 017c 3C       		.uleb128 0x3c
 1759 017d 19       		.uleb128 0x19
 1760 017e 00       		.byte	0
 1761 017f 00       		.byte	0
 1762 0180 1C       		.uleb128 0x1c
 1763 0181 35       		.uleb128 0x35
 1764 0182 00       		.byte	0
 1765 0183 49       		.uleb128 0x49
 1766 0184 13       		.uleb128 0x13
 1767 0185 00       		.byte	0
 1768 0186 00       		.byte	0
 1769 0187 1D       		.uleb128 0x1d
 1770 0188 34       		.uleb128 0x34
 1771 0189 00       		.byte	0
 1772 018a 03       		.uleb128 0x3
 1773 018b 0E       		.uleb128 0xe
 1774 018c 3A       		.uleb128 0x3a
 1775 018d 0B       		.uleb128 0xb
 1776 018e 3B       		.uleb128 0x3b
 1777 018f 0B       		.uleb128 0xb
 1778 0190 49       		.uleb128 0x49
 1779 0191 13       		.uleb128 0x13
 1780 0192 3F       		.uleb128 0x3f
 1781 0193 19       		.uleb128 0x19
 1782 0194 02       		.uleb128 0x2
 1783 0195 18       		.uleb128 0x18
 1784 0196 00       		.byte	0
 1785 0197 00       		.byte	0
 1786 0198 1E       		.uleb128 0x1e
 1787 0199 34       		.uleb128 0x34
 1788 019a 00       		.byte	0
 1789 019b 03       		.uleb128 0x3
 1790 019c 08       		.uleb128 0x8
 1791 019d 3A       		.uleb128 0x3a
 1792 019e 0B       		.uleb128 0xb
 1793 019f 3B       		.uleb128 0x3b
 1794 01a0 0B       		.uleb128 0xb
 1795 01a1 49       		.uleb128 0x49
 1796 01a2 13       		.uleb128 0x13
 1797 01a3 3F       		.uleb128 0x3f
 1798 01a4 19       		.uleb128 0x19
 1799 01a5 02       		.uleb128 0x2
 1800 01a6 18       		.uleb128 0x18
ARM GAS  C:\Users\PANXIA~1\AppData\Local\Temp\ccoDQdER.s 			page 38


 1801 01a7 00       		.byte	0
 1802 01a8 00       		.byte	0
 1803 01a9 1F       		.uleb128 0x1f
 1804 01aa 2E       		.uleb128 0x2e
 1805 01ab 01       		.byte	0x1
 1806 01ac 3F       		.uleb128 0x3f
 1807 01ad 19       		.uleb128 0x19
 1808 01ae 03       		.uleb128 0x3
 1809 01af 0E       		.uleb128 0xe
 1810 01b0 3A       		.uleb128 0x3a
 1811 01b1 0B       		.uleb128 0xb
 1812 01b2 3B       		.uleb128 0x3b
 1813 01b3 0B       		.uleb128 0xb
 1814 01b4 27       		.uleb128 0x27
 1815 01b5 19       		.uleb128 0x19
 1816 01b6 3C       		.uleb128 0x3c
 1817 01b7 19       		.uleb128 0x19
 1818 01b8 01       		.uleb128 0x1
 1819 01b9 13       		.uleb128 0x13
 1820 01ba 00       		.byte	0
 1821 01bb 00       		.byte	0
 1822 01bc 20       		.uleb128 0x20
 1823 01bd 2E       		.uleb128 0x2e
 1824 01be 01       		.byte	0x1
 1825 01bf 3F       		.uleb128 0x3f
 1826 01c0 19       		.uleb128 0x19
 1827 01c1 03       		.uleb128 0x3
 1828 01c2 0E       		.uleb128 0xe
 1829 01c3 3A       		.uleb128 0x3a
 1830 01c4 0B       		.uleb128 0xb
 1831 01c5 3B       		.uleb128 0x3b
 1832 01c6 0B       		.uleb128 0xb
 1833 01c7 27       		.uleb128 0x27
 1834 01c8 19       		.uleb128 0x19
 1835 01c9 49       		.uleb128 0x49
 1836 01ca 13       		.uleb128 0x13
 1837 01cb 3C       		.uleb128 0x3c
 1838 01cc 19       		.uleb128 0x19
 1839 01cd 00       		.byte	0
 1840 01ce 00       		.byte	0
 1841 01cf 00       		.byte	0
 1842              		.section	.debug_loc,"",%progbits
 1843              	.Ldebug_loc0:
 1844              	.LLST0:
 1845 0000 00000000 		.4byte	.LVL2
 1846 0004 72000000 		.4byte	.LVL3
 1847 0008 0100     		.2byte	0x1
 1848 000a 50       		.byte	0x50
 1849 000b 72000000 		.4byte	.LVL3
 1850 000f 74000000 		.4byte	.LVL4
 1851 0013 0400     		.2byte	0x4
 1852 0015 F3       		.byte	0xf3
 1853 0016 01       		.uleb128 0x1
 1854 0017 50       		.byte	0x50
 1855 0018 9F       		.byte	0x9f
 1856 0019 74000000 		.4byte	.LVL4
 1857 001d 76000000 		.4byte	.LVL5
ARM GAS  C:\Users\PANXIA~1\AppData\Local\Temp\ccoDQdER.s 			page 39


 1858 0021 0100     		.2byte	0x1
 1859 0023 50       		.byte	0x50
 1860 0024 76000000 		.4byte	.LVL5
 1861 0028 78000000 		.4byte	.LVL6
 1862 002c 0400     		.2byte	0x4
 1863 002e F3       		.byte	0xf3
 1864 002f 01       		.uleb128 0x1
 1865 0030 50       		.byte	0x50
 1866 0031 9F       		.byte	0x9f
 1867 0032 78000000 		.4byte	.LVL6
 1868 0036 7A000000 		.4byte	.LVL7
 1869 003a 0100     		.2byte	0x1
 1870 003c 50       		.byte	0x50
 1871 003d 7A000000 		.4byte	.LVL7
 1872 0041 7C000000 		.4byte	.LVL8
 1873 0045 0400     		.2byte	0x4
 1874 0047 F3       		.byte	0xf3
 1875 0048 01       		.uleb128 0x1
 1876 0049 50       		.byte	0x50
 1877 004a 9F       		.byte	0x9f
 1878 004b 7C000000 		.4byte	.LVL8
 1879 004f 7E000000 		.4byte	.LVL9
 1880 0053 0100     		.2byte	0x1
 1881 0055 50       		.byte	0x50
 1882 0056 7E000000 		.4byte	.LVL9
 1883 005a 80000000 		.4byte	.LVL10
 1884 005e 0400     		.2byte	0x4
 1885 0060 F3       		.byte	0xf3
 1886 0061 01       		.uleb128 0x1
 1887 0062 50       		.byte	0x50
 1888 0063 9F       		.byte	0x9f
 1889 0064 80000000 		.4byte	.LVL10
 1890 0068 82000000 		.4byte	.LVL11
 1891 006c 0100     		.2byte	0x1
 1892 006e 50       		.byte	0x50
 1893 006f 82000000 		.4byte	.LVL11
 1894 0073 84000000 		.4byte	.LVL12
 1895 0077 0400     		.2byte	0x4
 1896 0079 F3       		.byte	0xf3
 1897 007a 01       		.uleb128 0x1
 1898 007b 50       		.byte	0x50
 1899 007c 9F       		.byte	0x9f
 1900 007d 84000000 		.4byte	.LVL12
 1901 0081 86000000 		.4byte	.LVL13
 1902 0085 0100     		.2byte	0x1
 1903 0087 50       		.byte	0x50
 1904 0088 86000000 		.4byte	.LVL13
 1905 008c 88000000 		.4byte	.LVL14
 1906 0090 0400     		.2byte	0x4
 1907 0092 F3       		.byte	0xf3
 1908 0093 01       		.uleb128 0x1
 1909 0094 50       		.byte	0x50
 1910 0095 9F       		.byte	0x9f
 1911 0096 88000000 		.4byte	.LVL14
 1912 009a 8A000000 		.4byte	.LVL15
 1913 009e 0100     		.2byte	0x1
 1914 00a0 50       		.byte	0x50
ARM GAS  C:\Users\PANXIA~1\AppData\Local\Temp\ccoDQdER.s 			page 40


 1915 00a1 8A000000 		.4byte	.LVL15
 1916 00a5 8C000000 		.4byte	.LVL16
 1917 00a9 0400     		.2byte	0x4
 1918 00ab F3       		.byte	0xf3
 1919 00ac 01       		.uleb128 0x1
 1920 00ad 50       		.byte	0x50
 1921 00ae 9F       		.byte	0x9f
 1922 00af 8C000000 		.4byte	.LVL16
 1923 00b3 8E000000 		.4byte	.LVL17
 1924 00b7 0100     		.2byte	0x1
 1925 00b9 50       		.byte	0x50
 1926 00ba 8E000000 		.4byte	.LVL17
 1927 00be 90000000 		.4byte	.LVL18
 1928 00c2 0400     		.2byte	0x4
 1929 00c4 F3       		.byte	0xf3
 1930 00c5 01       		.uleb128 0x1
 1931 00c6 50       		.byte	0x50
 1932 00c7 9F       		.byte	0x9f
 1933 00c8 90000000 		.4byte	.LVL18
 1934 00cc 92000000 		.4byte	.LVL19
 1935 00d0 0100     		.2byte	0x1
 1936 00d2 50       		.byte	0x50
 1937 00d3 92000000 		.4byte	.LVL19
 1938 00d7 94000000 		.4byte	.LVL20
 1939 00db 0400     		.2byte	0x4
 1940 00dd F3       		.byte	0xf3
 1941 00de 01       		.uleb128 0x1
 1942 00df 50       		.byte	0x50
 1943 00e0 9F       		.byte	0x9f
 1944 00e1 94000000 		.4byte	.LVL20
 1945 00e5 96000000 		.4byte	.LVL21
 1946 00e9 0100     		.2byte	0x1
 1947 00eb 50       		.byte	0x50
 1948 00ec 96000000 		.4byte	.LVL21
 1949 00f0 98000000 		.4byte	.LVL22
 1950 00f4 0400     		.2byte	0x4
 1951 00f6 F3       		.byte	0xf3
 1952 00f7 01       		.uleb128 0x1
 1953 00f8 50       		.byte	0x50
 1954 00f9 9F       		.byte	0x9f
 1955 00fa 98000000 		.4byte	.LVL22
 1956 00fe 9A000000 		.4byte	.LVL23
 1957 0102 0100     		.2byte	0x1
 1958 0104 50       		.byte	0x50
 1959 0105 9A000000 		.4byte	.LVL23
 1960 0109 9C000000 		.4byte	.LFE66
 1961 010d 0400     		.2byte	0x4
 1962 010f F3       		.byte	0xf3
 1963 0110 01       		.uleb128 0x1
 1964 0111 50       		.byte	0x50
 1965 0112 9F       		.byte	0x9f
 1966 0113 00000000 		.4byte	0
 1967 0117 00000000 		.4byte	0
 1968              	.LLST1:
 1969 011b 22000000 		.4byte	.LVL27
 1970 011f 26000000 		.4byte	.LVL28
 1971 0123 0200     		.2byte	0x2
ARM GAS  C:\Users\PANXIA~1\AppData\Local\Temp\ccoDQdER.s 			page 41


 1972 0125 30       		.byte	0x30
 1973 0126 9F       		.byte	0x9f
 1974 0127 26000000 		.4byte	.LVL28
 1975 012b 42000000 		.4byte	.LVL30
 1976 012f 0100     		.2byte	0x1
 1977 0131 54       		.byte	0x54
 1978 0132 44000000 		.4byte	.LVL31
 1979 0136 4A000000 		.4byte	.LVL32
 1980 013a 0100     		.2byte	0x1
 1981 013c 54       		.byte	0x54
 1982 013d 00000000 		.4byte	0
 1983 0141 00000000 		.4byte	0
 1984              	.LLST2:
 1985 0145 00000000 		.4byte	.LVL33
 1986 0149 74000000 		.4byte	.LVL34
 1987 014d 0100     		.2byte	0x1
 1988 014f 50       		.byte	0x50
 1989 0150 74000000 		.4byte	.LVL34
 1990 0154 76000000 		.4byte	.LVL35
 1991 0158 0400     		.2byte	0x4
 1992 015a F3       		.byte	0xf3
 1993 015b 01       		.uleb128 0x1
 1994 015c 50       		.byte	0x50
 1995 015d 9F       		.byte	0x9f
 1996 015e 76000000 		.4byte	.LVL35
 1997 0162 7A000000 		.4byte	.LVL36
 1998 0166 0100     		.2byte	0x1
 1999 0168 50       		.byte	0x50
 2000 0169 7A000000 		.4byte	.LVL36
 2001 016d 7C000000 		.4byte	.LVL37
 2002 0171 0400     		.2byte	0x4
 2003 0173 F3       		.byte	0xf3
 2004 0174 01       		.uleb128 0x1
 2005 0175 50       		.byte	0x50
 2006 0176 9F       		.byte	0x9f
 2007 0177 7C000000 		.4byte	.LVL37
 2008 017b 80000000 		.4byte	.LVL38
 2009 017f 0100     		.2byte	0x1
 2010 0181 50       		.byte	0x50
 2011 0182 80000000 		.4byte	.LVL38
 2012 0186 82000000 		.4byte	.LVL39
 2013 018a 0400     		.2byte	0x4
 2014 018c F3       		.byte	0xf3
 2015 018d 01       		.uleb128 0x1
 2016 018e 50       		.byte	0x50
 2017 018f 9F       		.byte	0x9f
 2018 0190 82000000 		.4byte	.LVL39
 2019 0194 86000000 		.4byte	.LVL40
 2020 0198 0100     		.2byte	0x1
 2021 019a 50       		.byte	0x50
 2022 019b 86000000 		.4byte	.LVL40
 2023 019f 88000000 		.4byte	.LVL41
 2024 01a3 0400     		.2byte	0x4
 2025 01a5 F3       		.byte	0xf3
 2026 01a6 01       		.uleb128 0x1
 2027 01a7 50       		.byte	0x50
 2028 01a8 9F       		.byte	0x9f
ARM GAS  C:\Users\PANXIA~1\AppData\Local\Temp\ccoDQdER.s 			page 42


 2029 01a9 88000000 		.4byte	.LVL41
 2030 01ad 8C000000 		.4byte	.LVL42
 2031 01b1 0100     		.2byte	0x1
 2032 01b3 50       		.byte	0x50
 2033 01b4 8C000000 		.4byte	.LVL42
 2034 01b8 8E000000 		.4byte	.LVL43
 2035 01bc 0400     		.2byte	0x4
 2036 01be F3       		.byte	0xf3
 2037 01bf 01       		.uleb128 0x1
 2038 01c0 50       		.byte	0x50
 2039 01c1 9F       		.byte	0x9f
 2040 01c2 8E000000 		.4byte	.LVL43
 2041 01c6 92000000 		.4byte	.LVL44
 2042 01ca 0100     		.2byte	0x1
 2043 01cc 50       		.byte	0x50
 2044 01cd 92000000 		.4byte	.LVL44
 2045 01d1 94000000 		.4byte	.LVL45
 2046 01d5 0400     		.2byte	0x4
 2047 01d7 F3       		.byte	0xf3
 2048 01d8 01       		.uleb128 0x1
 2049 01d9 50       		.byte	0x50
 2050 01da 9F       		.byte	0x9f
 2051 01db 94000000 		.4byte	.LVL45
 2052 01df 98000000 		.4byte	.LVL46
 2053 01e3 0100     		.2byte	0x1
 2054 01e5 50       		.byte	0x50
 2055 01e6 98000000 		.4byte	.LVL46
 2056 01ea 9A000000 		.4byte	.LVL47
 2057 01ee 0400     		.2byte	0x4
 2058 01f0 F3       		.byte	0xf3
 2059 01f1 01       		.uleb128 0x1
 2060 01f2 50       		.byte	0x50
 2061 01f3 9F       		.byte	0x9f
 2062 01f4 9A000000 		.4byte	.LVL47
 2063 01f8 9E000000 		.4byte	.LVL48
 2064 01fc 0100     		.2byte	0x1
 2065 01fe 50       		.byte	0x50
 2066 01ff 9E000000 		.4byte	.LVL48
 2067 0203 A0000000 		.4byte	.LVL49
 2068 0207 0400     		.2byte	0x4
 2069 0209 F3       		.byte	0xf3
 2070 020a 01       		.uleb128 0x1
 2071 020b 50       		.byte	0x50
 2072 020c 9F       		.byte	0x9f
 2073 020d A0000000 		.4byte	.LVL49
 2074 0211 A4000000 		.4byte	.LVL50
 2075 0215 0100     		.2byte	0x1
 2076 0217 50       		.byte	0x50
 2077 0218 A4000000 		.4byte	.LVL50
 2078 021c A6000000 		.4byte	.LVL51
 2079 0220 0400     		.2byte	0x4
 2080 0222 F3       		.byte	0xf3
 2081 0223 01       		.uleb128 0x1
 2082 0224 50       		.byte	0x50
 2083 0225 9F       		.byte	0x9f
 2084 0226 A6000000 		.4byte	.LVL51
 2085 022a AA000000 		.4byte	.LVL52
ARM GAS  C:\Users\PANXIA~1\AppData\Local\Temp\ccoDQdER.s 			page 43


 2086 022e 0100     		.2byte	0x1
 2087 0230 50       		.byte	0x50
 2088 0231 AA000000 		.4byte	.LVL52
 2089 0235 AC000000 		.4byte	.LVL53
 2090 0239 0400     		.2byte	0x4
 2091 023b F3       		.byte	0xf3
 2092 023c 01       		.uleb128 0x1
 2093 023d 50       		.byte	0x50
 2094 023e 9F       		.byte	0x9f
 2095 023f AC000000 		.4byte	.LVL53
 2096 0243 B0000000 		.4byte	.LVL54
 2097 0247 0100     		.2byte	0x1
 2098 0249 50       		.byte	0x50
 2099 024a B0000000 		.4byte	.LVL54
 2100 024e B2000000 		.4byte	.LFE68
 2101 0252 0400     		.2byte	0x4
 2102 0254 F3       		.byte	0xf3
 2103 0255 01       		.uleb128 0x1
 2104 0256 50       		.byte	0x50
 2105 0257 9F       		.byte	0x9f
 2106 0258 00000000 		.4byte	0
 2107 025c 00000000 		.4byte	0
 2108              		.section	.debug_aranges,"",%progbits
 2109 0000 4C000000 		.4byte	0x4c
 2110 0004 0200     		.2byte	0x2
 2111 0006 00000000 		.4byte	.Ldebug_info0
 2112 000a 04       		.byte	0x4
 2113 000b 00       		.byte	0
 2114 000c 0000     		.2byte	0
 2115 000e 0000     		.2byte	0
 2116 0010 00000000 		.4byte	.LFB63
 2117 0014 20000000 		.4byte	.LFE63-.LFB63
 2118 0018 00000000 		.4byte	.LFB64
 2119 001c E8000000 		.4byte	.LFE64-.LFB64
 2120 0020 00000000 		.4byte	.LFB65
 2121 0024 E8000000 		.4byte	.LFE65-.LFB65
 2122 0028 00000000 		.4byte	.LFB66
 2123 002c 9C000000 		.4byte	.LFE66-.LFB66
 2124 0030 00000000 		.4byte	.LFB67
 2125 0034 5C000000 		.4byte	.LFE67-.LFB67
 2126 0038 00000000 		.4byte	.LFB68
 2127 003c B2000000 		.4byte	.LFE68-.LFB68
 2128 0040 00000000 		.4byte	.LFB69
 2129 0044 34000000 		.4byte	.LFE69-.LFB69
 2130 0048 00000000 		.4byte	0
 2131 004c 00000000 		.4byte	0
 2132              		.section	.debug_ranges,"",%progbits
 2133              	.Ldebug_ranges0:
 2134 0000 00000000 		.4byte	.LFB63
 2135 0004 20000000 		.4byte	.LFE63
 2136 0008 00000000 		.4byte	.LFB64
 2137 000c E8000000 		.4byte	.LFE64
 2138 0010 00000000 		.4byte	.LFB65
 2139 0014 E8000000 		.4byte	.LFE65
 2140 0018 00000000 		.4byte	.LFB66
 2141 001c 9C000000 		.4byte	.LFE66
 2142 0020 00000000 		.4byte	.LFB67
ARM GAS  C:\Users\PANXIA~1\AppData\Local\Temp\ccoDQdER.s 			page 44


 2143 0024 5C000000 		.4byte	.LFE67
 2144 0028 00000000 		.4byte	.LFB68
 2145 002c B2000000 		.4byte	.LFE68
 2146 0030 00000000 		.4byte	.LFB69
 2147 0034 34000000 		.4byte	.LFE69
 2148 0038 00000000 		.4byte	0
 2149 003c 00000000 		.4byte	0
 2150              		.section	.debug_line,"",%progbits
 2151              	.Ldebug_line0:
 2152 0000 AF020000 		.section	.debug_str,"MS",%progbits,1
 2152      02008601 
 2152      00000201 
 2152      FB0E0D00 
 2152      01010101 
 2153              	.LASF23:
 2154 0000 6C656674 		.ascii	"left_behind_wheel\000"
 2154      5F626568 
 2154      696E645F 
 2154      77686565 
 2154      6C00
 2155              	.LASF28:
 2156 0012 6269616E 		.ascii	"bianbei\000"
 2156      62656900 
 2157              	.LASF48:
 2158 001a 50545A5F 		.ascii	"PTZ_X_V\000"
 2158      585F5600 
 2159              	.LASF2:
 2160 0022 73686F72 		.ascii	"short int\000"
 2160      7420696E 
 2160      7400
 2161              	.LASF16:
 2162 002c 73697A65 		.ascii	"sizetype\000"
 2162      74797065 
 2162      00
 2163              	.LASF41:
 2164 0035 73706565 		.ascii	"speed_value\000"
 2164      645F7661 
 2164      6C756500 
 2165              	.LASF27:
 2166 0041 42617474 		.ascii	"Battery\000"
 2166      65727900 
 2167              	.LASF61:
 2168 0049 463A5C70 		.ascii	"F:\\project\\robot\\T1\\FW\\trunk\\robot_control_C\\"
 2168      726F6A65 
 2168      63745C72 
 2168      6F626F74 
 2168      5C54315C 
 2169 0076 726F626F 		.ascii	"robot_control.cydsn\000"
 2169      745F636F 
 2169      6E74726F 
 2169      6C2E6379 
 2169      64736E00 
 2170              	.LASF55:
 2171 008a 44545F53 		.ascii	"DT_Send_Command_Ptz\000"
 2171      656E645F 
 2171      436F6D6D 
 2171      616E645F 
ARM GAS  C:\Users\PANXIA~1\AppData\Local\Temp\ccoDQdER.s 			page 45


 2171      50747A00 
 2172              	.LASF47:
 2173 009e 4341525F 		.ascii	"CAR_Y_V\000"
 2173      595F5600 
 2174              	.LASF39:
 2175 00a6 4765745F 		.ascii	"Get_Speed_Value\000"
 2175      53706565 
 2175      645F5661 
 2175      6C756500 
 2176              	.LASF18:
 2177 00b6 4361725F 		.ascii	"Car_dir\000"
 2177      64697200 
 2178              	.LASF12:
 2179 00be 75696E74 		.ascii	"uint16\000"
 2179      313600
 2180              	.LASF31:
 2181 00c5 73656E64 		.ascii	"send_dir\000"
 2181      5F646972 
 2181      00
 2182              	.LASF20:
 2183 00ce 4361725F 		.ascii	"Car_lock\000"
 2183      6C6F636B 
 2183      00
 2184              	.LASF53:
 2185 00d7 4341525F 		.ascii	"CAR_SPEED_V\000"
 2185      53504545 
 2185      445F5600 
 2186              	.LASF17:
 2187 00e3 535F5748 		.ascii	"S_WHEEL\000"
 2187      45454C00 
 2188              	.LASF45:
 2189 00eb 675F436F 		.ascii	"g_Control\000"
 2189      6E74726F 
 2189      6C00
 2190              	.LASF13:
 2191 00f5 666C6F61 		.ascii	"float\000"
 2191      7400
 2192              	.LASF6:
 2193 00fb 6C6F6E67 		.ascii	"long long int\000"
 2193      206C6F6E 
 2193      6720696E 
 2193      7400
 2194              	.LASF46:
 2195 0109 4341525F 		.ascii	"CAR_X_V\000"
 2195      585F5600 
 2196              	.LASF42:
 2197 0111 43616C5F 		.ascii	"Cal_Speed_value\000"
 2197      53706565 
 2197      645F7661 
 2197      6C756500 
 2198              	.LASF44:
 2199 0121 675F4361 		.ascii	"g_Car\000"
 2199      7200
 2200              	.LASF58:
 2201 0127 7072696E 		.ascii	"printf\000"
 2201      746600
 2202              	.LASF25:
ARM GAS  C:\Users\PANXIA~1\AppData\Local\Temp\ccoDQdER.s 			page 46


 2203 012e 72696768 		.ascii	"right_behind_wheel\000"
 2203      745F6265 
 2203      68696E64 
 2203      5F776865 
 2203      656C00
 2204              	.LASF35:
 2205 0141 43616C5F 		.ascii	"Cal_LED_value\000"
 2205      4C45445F 
 2205      76616C75 
 2205      6500
 2206              	.LASF57:
 2207 014f 44545F53 		.ascii	"DT_Send_Command_Speed\000"
 2207      656E645F 
 2207      436F6D6D 
 2207      616E645F 
 2207      53706565 
 2208              	.LASF19:
 2209 0165 50747A5F 		.ascii	"Ptz_dir\000"
 2209      64697200 
 2210              	.LASF32:
 2211 016d 7072655F 		.ascii	"pre_dir\000"
 2211      64697200 
 2212              	.LASF11:
 2213 0175 75696E74 		.ascii	"uint8\000"
 2213      3800
 2214              	.LASF29:
 2215 017b 6A69616F 		.ascii	"jiaoju\000"
 2215      6A7500
 2216              	.LASF1:
 2217 0182 756E7369 		.ascii	"unsigned char\000"
 2217      676E6564 
 2217      20636861 
 2217      7200
 2218              	.LASF0:
 2219 0190 7369676E 		.ascii	"signed char\000"
 2219      65642063 
 2219      68617200 
 2220              	.LASF7:
 2221 019c 6C6F6E67 		.ascii	"long long unsigned int\000"
 2221      206C6F6E 
 2221      6720756E 
 2221      7369676E 
 2221      65642069 
 2222              	.LASF52:
 2223 01b3 4C45445F 		.ascii	"LED_3_V\000"
 2223      335F5600 
 2224              	.LASF56:
 2225 01bb 44545F53 		.ascii	"DT_Send_Command_Led\000"
 2225      656E645F 
 2225      436F6D6D 
 2225      616E645F 
 2225      4C656400 
 2226              	.LASF8:
 2227 01cf 756E7369 		.ascii	"unsigned int\000"
 2227      676E6564 
 2227      20696E74 
 2227      00
ARM GAS  C:\Users\PANXIA~1\AppData\Local\Temp\ccoDQdER.s 			page 47


 2228              	.LASF54:
 2229 01dc 44545F53 		.ascii	"DT_Send_Command_Car\000"
 2229      656E645F 
 2229      436F6D6D 
 2229      616E645F 
 2229      43617200 
 2230              	.LASF38:
 2231 01f0 4765745F 		.ascii	"Get_LED_Value\000"
 2231      4C45445F 
 2231      56616C75 
 2231      6500
 2232              	.LASF30:
 2233 01fe 535F434F 		.ascii	"S_CONTROL\000"
 2233      4E54524F 
 2233      4C00
 2234              	.LASF3:
 2235 0208 73686F72 		.ascii	"short unsigned int\000"
 2235      7420756E 
 2235      7369676E 
 2235      65642069 
 2235      6E7400
 2236              	.LASF37:
 2237 021b 7072655F 		.ascii	"pre_value\000"
 2237      76616C75 
 2237      6500
 2238              	.LASF15:
 2239 0225 63686172 		.ascii	"char\000"
 2239      00
 2240              	.LASF4:
 2241 022a 6C6F6E67 		.ascii	"long int\000"
 2241      20696E74 
 2241      00
 2242              	.LASF51:
 2243 0233 4C45445F 		.ascii	"LED_2_V\000"
 2243      325F5600 
 2244              	.LASF10:
 2245 023b 696E7433 		.ascii	"int32_t\000"
 2245      325F7400 
 2246              	.LASF60:
 2247 0243 2E5C636F 		.ascii	".\\control.c\000"
 2247      6E74726F 
 2247      6C2E6300 
 2248              	.LASF62:
 2249 024f 436F6E74 		.ascii	"Control_init\000"
 2249      726F6C5F 
 2249      696E6974 
 2249      00
 2250              	.LASF26:
 2251 025c 535F4341 		.ascii	"S_CAR\000"
 2251      5200
 2252              	.LASF33:
 2253 0262 43616C5F 		.ascii	"Cal_car_dir\000"
 2253      6361725F 
 2253      64697200 
 2254              	.LASF36:
 2255 026e 6375725F 		.ascii	"cur_value\000"
 2255      76616C75 
ARM GAS  C:\Users\PANXIA~1\AppData\Local\Temp\ccoDQdER.s 			page 48


 2255      6500
 2256              	.LASF5:
 2257 0278 6C6F6E67 		.ascii	"long unsigned int\000"
 2257      20756E73 
 2257      69676E65 
 2257      6420696E 
 2257      7400
 2258              	.LASF50:
 2259 028a 4C45445F 		.ascii	"LED_1_V\000"
 2259      315F5600 
 2260              	.LASF24:
 2261 0292 72696768 		.ascii	"right_front_wheel\000"
 2261      745F6672 
 2261      6F6E745F 
 2261      77686565 
 2261      6C00
 2262              	.LASF22:
 2263 02a4 6C656674 		.ascii	"left_front_wheel\000"
 2263      5F66726F 
 2263      6E745F77 
 2263      6865656C 
 2263      00
 2264              	.LASF9:
 2265 02b5 5F5F696E 		.ascii	"__int32_t\000"
 2265      7433325F 
 2265      7400
 2266              	.LASF59:
 2267 02bf 474E5520 		.ascii	"GNU C 4.9.3 20150303 (release) [ARM/embedded-4_9-br"
 2267      4320342E 
 2267      392E3320 
 2267      32303135 
 2267      30333033 
 2268 02f2 616E6368 		.ascii	"anch revision 221220] -mcpu=cortex-m3 -mthumb -g -O"
 2268      20726576 
 2268      6973696F 
 2268      6E203232 
 2268      31323230 
 2269 0325 67202D66 		.ascii	"g -ffunction-sections -ffat-lto-objects\000"
 2269      66756E63 
 2269      74696F6E 
 2269      2D736563 
 2269      74696F6E 
 2270              	.LASF21:
 2271 034d 7365745F 		.ascii	"set_car_speed\000"
 2271      6361725F 
 2271      73706565 
 2271      6400
 2272              	.LASF14:
 2273 035b 646F7562 		.ascii	"double\000"
 2273      6C6500
 2274              	.LASF49:
 2275 0362 50545A5F 		.ascii	"PTZ_Y_V\000"
 2275      595F5600 
 2276              	.LASF43:
 2277 036a 49544D5F 		.ascii	"ITM_RxBuffer\000"
 2277      52784275 
 2277      66666572 
ARM GAS  C:\Users\PANXIA~1\AppData\Local\Temp\ccoDQdER.s 			page 49


 2277      00
 2278              	.LASF34:
 2279 0377 43616C5F 		.ascii	"Cal_ptz_dir\000"
 2279      70747A5F 
 2279      64697200 
 2280              	.LASF40:
 2281 0383 4C45445F 		.ascii	"LED_VALUE\000"
 2281      56414C55 
 2281      4500
 2282              		.ident	"GCC: (GNU Tools for ARM Embedded Processors) 4.9.3 20150303 (release) [ARM/embedded-4_9-br
