ARM GAS  C:\Users\PANXIA~1\AppData\Local\Temp\ccmZtH5e.s 			page 1


   1              		.syntax unified
   2              		.cpu cortex-m3
   3              		.fpu softvfp
   4              		.eabi_attribute 20, 1
   5              		.eabi_attribute 21, 1
   6              		.eabi_attribute 23, 3
   7              		.eabi_attribute 24, 1
   8              		.eabi_attribute 25, 1
   9              		.eabi_attribute 26, 1
  10              		.eabi_attribute 30, 1
  11              		.eabi_attribute 34, 1
  12              		.eabi_attribute 18, 4
  13              		.thumb
  14              		.file	"cymetadata.c"
  15              		.text
  16              	.Ltext0:
  17              		.cfi_sections	.debug_frame
  18              		.global	cy_metadata
  19              		.global	cy_meta_flashprotect
  20              		.global	cy_meta_wonvl
  21              		.global	cy_meta_custnvl
  22              		.global	cy_meta_configecc
  23              		.section	.cyconfigecc,"a",%progbits
  24              		.align	2
  25              		.type	cy_meta_configecc, %object
  26              		.size	cy_meta_configecc, 2120
  27              	cy_meta_configecc:
  28 0000 02       		.byte	2
  29 0001 4F       		.byte	79
  30 0002 00       		.byte	0
  31 0003 40       		.byte	64
  32 0004 08       		.byte	8
  33 0005 52       		.byte	82
  34 0006 00       		.byte	0
  35 0007 40       		.byte	64
  36 0008 01       		.byte	1
  37 0009 5B       		.byte	91
  38 000a 00       		.byte	0
  39 000b 40       		.byte	64
  40 000c 02       		.byte	2
  41 000d 64       		.byte	100
  42 000e 00       		.byte	0
  43 000f 40       		.byte	64
  44 0010 02       		.byte	2
  45 0011 65       		.byte	101
  46 0012 00       		.byte	0
  47 0013 40       		.byte	64
  48 0014 2D       		.byte	45
  49 0015 00       		.byte	0
  50 0016 01       		.byte	1
  51 0017 40       		.byte	64
  52 0018 31       		.byte	49
  53 0019 01       		.byte	1
  54 001a 01       		.byte	1
  55 001b 40       		.byte	64
  56 001c 5A       		.byte	90
  57 001d 02       		.byte	2
ARM GAS  C:\Users\PANXIA~1\AppData\Local\Temp\ccmZtH5e.s 			page 2


  58 001e 01       		.byte	1
  59 001f 40       		.byte	64
  60 0020 41       		.byte	65
  61 0021 03       		.byte	3
  62 0022 01       		.byte	1
  63 0023 40       		.byte	64
  64 0024 20       		.byte	32
  65 0025 04       		.byte	4
  66 0026 01       		.byte	1
  67 0027 40       		.byte	64
  68 0028 42       		.byte	66
  69 0029 05       		.byte	5
  70 002a 01       		.byte	1
  71 002b 40       		.byte	64
  72 002c 43       		.byte	67
  73 002d 06       		.byte	6
  74 002e 01       		.byte	1
  75 002f 40       		.byte	64
  76 0030 45       		.byte	69
  77 0031 07       		.byte	7
  78 0032 01       		.byte	1
  79 0033 40       		.byte	64
  80 0034 04       		.byte	4
  81 0035 08       		.byte	8
  82 0036 01       		.byte	1
  83 0037 40       		.byte	64
  84 0038 03       		.byte	3
  85 0039 09       		.byte	9
  86 003a 01       		.byte	1
  87 003b 40       		.byte	64
  88 003c 01       		.byte	1
  89 003d 0B       		.byte	11
  90 003e 01       		.byte	1
  91 003f 40       		.byte	64
  92 0040 2D       		.byte	45
  93 0041 14       		.byte	20
  94 0042 01       		.byte	1
  95 0043 40       		.byte	64
  96 0044 4B       		.byte	75
  97 0045 15       		.byte	21
  98 0046 01       		.byte	1
  99 0047 40       		.byte	64
 100 0048 40       		.byte	64
 101 0049 16       		.byte	22
 102 004a 01       		.byte	1
 103 004b 40       		.byte	64
 104 004c 54       		.byte	84
 105 004d 17       		.byte	23
 106 004e 01       		.byte	1
 107 004f 40       		.byte	64
 108 0050 18       		.byte	24
 109 0051 18       		.byte	24
 110 0052 01       		.byte	1
 111 0053 40       		.byte	64
 112 0054 2F       		.byte	47
 113 0055 19       		.byte	25
 114 0056 01       		.byte	1
ARM GAS  C:\Users\PANXIA~1\AppData\Local\Temp\ccmZtH5e.s 			page 3


 115 0057 40       		.byte	64
 116 0058 0A       		.byte	10
 117 0059 1B       		.byte	27
 118 005a 01       		.byte	1
 119 005b 40       		.byte	64
 120 005c 12       		.byte	18
 121 005d 40       		.byte	64
 122 005e 01       		.byte	1
 123 005f 40       		.byte	64
 124 0060 14       		.byte	20
 125 0061 41       		.byte	65
 126 0062 01       		.byte	1
 127 0063 40       		.byte	64
 128 0064 09       		.byte	9
 129 0065 42       		.byte	66
 130 0066 01       		.byte	1
 131 0067 40       		.byte	64
 132 0068 0B       		.byte	11
 133 0069 43       		.byte	67
 134 006a 01       		.byte	1
 135 006b 40       		.byte	64
 136 006c 06       		.byte	6
 137 006d 46       		.byte	70
 138 006e 01       		.byte	1
 139 006f 40       		.byte	64
 140 0070 03       		.byte	3
 141 0071 47       		.byte	71
 142 0072 01       		.byte	1
 143 0073 40       		.byte	64
 144 0074 0A       		.byte	10
 145 0075 48       		.byte	72
 146 0076 01       		.byte	1
 147 0077 40       		.byte	64
 148 0078 08       		.byte	8
 149 0079 49       		.byte	73
 150 007a 01       		.byte	1
 151 007b 40       		.byte	64
 152 007c 03       		.byte	3
 153 007d 4C       		.byte	76
 154 007e 01       		.byte	1
 155 007f 40       		.byte	64
 156 0080 03       		.byte	3
 157 0081 4D       		.byte	77
 158 0082 01       		.byte	1
 159 0083 40       		.byte	64
 160 0084 09       		.byte	9
 161 0085 50       		.byte	80
 162 0086 01       		.byte	1
 163 0087 40       		.byte	64
 164 0088 02       		.byte	2
 165 0089 51       		.byte	81
 166 008a 01       		.byte	1
 167 008b 40       		.byte	64
 168 008c 01       		.byte	1
 169 008d 80       		.byte	-128
 170 008e 0A       		.byte	10
 171 008f 1B       		.byte	27
ARM GAS  C:\Users\PANXIA~1\AppData\Local\Temp\ccmZtH5e.s 			page 4


 172 0090 00       		.byte	0
 173 0091 13       		.byte	19
 174 0092 01       		.byte	1
 175 0093 36       		.byte	54
 176 0094 04       		.byte	4
 177 0095 C0       		.byte	-64
 178 0096 1C       		.byte	28
 179 0097 04       		.byte	4
 180 0098 20       		.byte	32
 181 0099 03       		.byte	3
 182 009a 21       		.byte	33
 183 009b 01       		.byte	1
 184 009c 24       		.byte	36
 185 009d FC       		.byte	-4
 186 009e 79       		.byte	121
 187 009f 08       		.byte	8
 188 00a0 27       		.byte	39
 189 00a1 84       		.byte	-124
 190 00a2 81       		.byte	-127
 191 00a3 0F       		.byte	15
 192 00a4 84       		.byte	-124
 193 00a5 08       		.byte	8
 194 00a6 85       		.byte	-123
 195 00a7 72       		.byte	114
 196 00a8 86       		.byte	-122
 197 00a9 38       		.byte	56
 198 00aa 09       		.byte	9
 199 00ab 02       		.byte	2
 200 00ac 0D       		.byte	13
 201 00ad 03       		.byte	3
 202 00ae 1B       		.byte	27
 203 00af 01       		.byte	1
 204 00b0 1D       		.byte	29
 205 00b1 03       		.byte	3
 206 00b2 35       		.byte	53
 207 00b3 03       		.byte	3
 208 00b4 39       		.byte	57
 209 00b5 20       		.byte	32
 210 00b6 3F       		.byte	63
 211 00b7 10       		.byte	16
 212 00b8 58       		.byte	88
 213 00b9 04       		.byte	4
 214 00ba 59       		.byte	89
 215 00bb 04       		.byte	4
 216 00bc 5F       		.byte	95
 217 00bd 01       		.byte	1
 218 00be 81       		.byte	-127
 219 00bf 03       		.byte	3
 220 00c0 85       		.byte	-123
 221 00c1 03       		.byte	3
 222 00c2 88       		.byte	-120
 223 00c3 03       		.byte	3
 224 00c4 8B       		.byte	-117
 225 00c5 03       		.byte	3
 226 00c6 8D       		.byte	-115
 227 00c7 01       		.byte	1
 228 00c8 8E       		.byte	-114
ARM GAS  C:\Users\PANXIA~1\AppData\Local\Temp\ccmZtH5e.s 			page 5


 229 00c9 03       		.byte	3
 230 00ca 8F       		.byte	-113
 231 00cb 02       		.byte	2
 232 00cc 91       		.byte	-111
 233 00cd 04       		.byte	4
 234 00ce 95       		.byte	-107
 235 00cf 03       		.byte	3
 236 00d0 98       		.byte	-104
 237 00d1 01       		.byte	1
 238 00d2 99       		.byte	-103
 239 00d3 01       		.byte	1
 240 00d4 9A       		.byte	-102
 241 00d5 02       		.byte	2
 242 00d6 9B       		.byte	-101
 243 00d7 02       		.byte	2
 244 00d8 9D       		.byte	-99
 245 00d9 04       		.byte	4
 246 00da A0       		.byte	-96
 247 00db 03       		.byte	3
 248 00dc A3       		.byte	-93
 249 00dd 04       		.byte	4
 250 00de A4       		.byte	-92
 251 00df 03       		.byte	3
 252 00e0 A7       		.byte	-89
 253 00e1 04       		.byte	4
 254 00e2 A8       		.byte	-88
 255 00e3 03       		.byte	3
 256 00e4 AB       		.byte	-85
 257 00e5 04       		.byte	4
 258 00e6 AE       		.byte	-82
 259 00e7 03       		.byte	3
 260 00e8 AF       		.byte	-81
 261 00e9 03       		.byte	3
 262 00ea B2       		.byte	-78
 263 00eb 01       		.byte	1
 264 00ec B3       		.byte	-77
 265 00ed 02       		.byte	2
 266 00ee B4       		.byte	-76
 267 00ef 02       		.byte	2
 268 00f0 B5       		.byte	-75
 269 00f1 01       		.byte	1
 270 00f2 B7       		.byte	-73
 271 00f3 04       		.byte	4
 272 00f4 BF       		.byte	-65
 273 00f5 40       		.byte	64
 274 00f6 D4       		.byte	-44
 275 00f7 01       		.byte	1
 276 00f8 D6       		.byte	-42
 277 00f9 04       		.byte	4
 278 00fa D8       		.byte	-40
 279 00fb 04       		.byte	4
 280 00fc D9       		.byte	-39
 281 00fd 04       		.byte	4
 282 00fe DB       		.byte	-37
 283 00ff 04       		.byte	4
 284 0100 DD       		.byte	-35
 285 0101 10       		.byte	16
ARM GAS  C:\Users\PANXIA~1\AppData\Local\Temp\ccmZtH5e.s 			page 6


 286 0102 DF       		.byte	-33
 287 0103 01       		.byte	1
 288 0104 00       		.byte	0
 289 0105 10       		.byte	16
 290 0106 01       		.byte	1
 291 0107 80       		.byte	-128
 292 0108 02       		.byte	2
 293 0109 20       		.byte	32
 294 010a 03       		.byte	3
 295 010b 08       		.byte	8
 296 010c 04       		.byte	4
 297 010d 10       		.byte	16
 298 010e 05       		.byte	5
 299 010f 80       		.byte	-128
 300 0110 08       		.byte	8
 301 0111 08       		.byte	8
 302 0112 0C       		.byte	12
 303 0113 10       		.byte	16
 304 0114 11       		.byte	17
 305 0115 05       		.byte	5
 306 0116 12       		.byte	18
 307 0117 01       		.byte	1
 308 0118 14       		.byte	20
 309 0119 08       		.byte	8
 310 011a 15       		.byte	21
 311 011b 05       		.byte	5
 312 011c 16       		.byte	22
 313 011d 01       		.byte	1
 314 011e 1C       		.byte	28
 315 011f 20       		.byte	32
 316 0120 1D       		.byte	29
 317 0121 20       		.byte	32
 318 0122 20       		.byte	32
 319 0123 08       		.byte	8
 320 0124 26       		.byte	38
 321 0125 40       		.byte	64
 322 0126 27       		.byte	39
 323 0127 24       		.byte	36
 324 0128 28       		.byte	40
 325 0129 10       		.byte	16
 326 012a 29       		.byte	41
 327 012b 82       		.byte	-126
 328 012c 2A       		.byte	42
 329 012d 01       		.byte	1
 330 012e 2B       		.byte	43
 331 012f 48       		.byte	72
 332 0130 2C       		.byte	44
 333 0131 A0       		.byte	-96
 334 0132 2D       		.byte	45
 335 0133 80       		.byte	-128
 336 0134 2E       		.byte	46
 337 0135 20       		.byte	32
 338 0136 30       		.byte	48
 339 0137 24       		.byte	36
 340 0138 32       		.byte	50
 341 0139 80       		.byte	-128
 342 013a 34       		.byte	52
ARM GAS  C:\Users\PANXIA~1\AppData\Local\Temp\ccmZtH5e.s 			page 7


 343 013b 1C       		.byte	28
 344 013c 36       		.byte	54
 345 013d A1       		.byte	-95
 346 013e 38       		.byte	56
 347 013f A0       		.byte	-96
 348 0140 39       		.byte	57
 349 0141 05       		.byte	5
 350 0142 3A       		.byte	58
 351 0143 20       		.byte	32
 352 0144 3C       		.byte	60
 353 0145 10       		.byte	16
 354 0146 3D       		.byte	61
 355 0147 05       		.byte	5
 356 0148 3F       		.byte	63
 357 0149 80       		.byte	-128
 358 014a 5E       		.byte	94
 359 014b 80       		.byte	-128
 360 014c 5F       		.byte	95
 361 014d 1A       		.byte	26
 362 014e 67       		.byte	103
 363 014f 40       		.byte	64
 364 0150 83       		.byte	-125
 365 0151 04       		.byte	4
 366 0152 84       		.byte	-124
 367 0153 80       		.byte	-128
 368 0154 87       		.byte	-121
 369 0155 50       		.byte	80
 370 0156 C0       		.byte	-64
 371 0157 C7       		.byte	-57
 372 0158 C2       		.byte	-62
 373 0159 44       		.byte	68
 374 015a C4       		.byte	-60
 375 015b FD       		.byte	-3
 376 015c CA       		.byte	-54
 377 015d FF       		.byte	-1
 378 015e CC       		.byte	-52
 379 015f FE       		.byte	-2
 380 0160 CE       		.byte	-50
 381 0161 FF       		.byte	-1
 382 0162 D6       		.byte	-42
 383 0163 F0       		.byte	-16
 384 0164 D8       		.byte	-40
 385 0165 80       		.byte	-128
 386 0166 00       		.byte	0
 387 0167 2C       		.byte	44
 388 0168 02       		.byte	2
 389 0169 11       		.byte	17
 390 016a 04       		.byte	4
 391 016b 1C       		.byte	28
 392 016c 06       		.byte	6
 393 016d 22       		.byte	34
 394 016e 08       		.byte	8
 395 016f 40       		.byte	64
 396 0170 09       		.byte	9
 397 0171 40       		.byte	64
 398 0172 0C       		.byte	12
 399 0173 30       		.byte	48
ARM GAS  C:\Users\PANXIA~1\AppData\Local\Temp\ccmZtH5e.s 			page 8


 400 0174 0E       		.byte	14
 401 0175 0C       		.byte	12
 402 0176 11       		.byte	17
 403 0177 03       		.byte	3
 404 0178 13       		.byte	19
 405 0179 1C       		.byte	28
 406 017a 14       		.byte	20
 407 017b 09       		.byte	9
 408 017c 15       		.byte	21
 409 017d 2A       		.byte	42
 410 017e 16       		.byte	22
 411 017f 10       		.byte	16
 412 0180 17       		.byte	23
 413 0181 14       		.byte	20
 414 0182 18       		.byte	24
 415 0183 14       		.byte	20
 416 0184 1B       		.byte	27
 417 0185 28       		.byte	40
 418 0186 1D       		.byte	29
 419 0187 03       		.byte	3
 420 0188 1E       		.byte	30
 421 0189 03       		.byte	3
 422 018a 1F       		.byte	31
 423 018b 34       		.byte	52
 424 018c 21       		.byte	33
 425 018d 03       		.byte	3
 426 018e 23       		.byte	35
 427 018f 04       		.byte	4
 428 0190 24       		.byte	36
 429 0191 10       		.byte	16
 430 0192 27       		.byte	39
 431 0193 15       		.byte	21
 432 0194 2B       		.byte	43
 433 0195 20       		.byte	32
 434 0196 31       		.byte	49
 435 0197 0F       		.byte	15
 436 0198 32       		.byte	50
 437 0199 60       		.byte	96
 438 019a 35       		.byte	53
 439 019b 40       		.byte	64
 440 019c 36       		.byte	54
 441 019d 1F       		.byte	31
 442 019e 37       		.byte	55
 443 019f 38       		.byte	56
 444 01a0 38       		.byte	56
 445 01a1 08       		.byte	8
 446 01a2 3B       		.byte	59
 447 01a3 82       		.byte	-126
 448 01a4 3F       		.byte	63
 449 01a5 10       		.byte	16
 450 01a6 40       		.byte	64
 451 01a7 52       		.byte	82
 452 01a8 41       		.byte	65
 453 01a9 01       		.byte	1
 454 01aa 45       		.byte	69
 455 01ab CB       		.byte	-53
 456 01ac 46       		.byte	70
ARM GAS  C:\Users\PANXIA~1\AppData\Local\Temp\ccmZtH5e.s 			page 9


 457 01ad E0       		.byte	-32
 458 01ae 48       		.byte	72
 459 01af 0B       		.byte	11
 460 01b0 49       		.byte	73
 461 01b1 FF       		.byte	-1
 462 01b2 4A       		.byte	74
 463 01b3 FF       		.byte	-1
 464 01b4 4B       		.byte	75
 465 01b5 FF       		.byte	-1
 466 01b6 4E       		.byte	78
 467 01b7 F0       		.byte	-16
 468 01b8 4F       		.byte	79
 469 01b9 44       		.byte	68
 470 01ba 50       		.byte	80
 471 01bb 0C       		.byte	12
 472 01bc 56       		.byte	86
 473 01bd 08       		.byte	8
 474 01be 58       		.byte	88
 475 01bf 04       		.byte	4
 476 01c0 59       		.byte	89
 477 01c1 04       		.byte	4
 478 01c2 5A       		.byte	90
 479 01c3 04       		.byte	4
 480 01c4 5B       		.byte	91
 481 01c5 04       		.byte	4
 482 01c6 5C       		.byte	92
 483 01c7 11       		.byte	17
 484 01c8 5D       		.byte	93
 485 01c9 91       		.byte	-111
 486 01ca 5F       		.byte	95
 487 01cb 01       		.byte	1
 488 01cc 66       		.byte	102
 489 01cd C0       		.byte	-64
 490 01ce 6A       		.byte	106
 491 01cf 40       		.byte	64
 492 01d0 6B       		.byte	107
 493 01d1 02       		.byte	2
 494 01d2 80       		.byte	-128
 495 01d3 10       		.byte	16
 496 01d4 84       		.byte	-124
 497 01d5 0C       		.byte	12
 498 01d6 86       		.byte	-122
 499 01d7 03       		.byte	3
 500 01d8 94       		.byte	-108
 501 01d9 10       		.byte	16
 502 01da 9A       		.byte	-102
 503 01db 0C       		.byte	12
 504 01dc A0       		.byte	-96
 505 01dd 01       		.byte	1
 506 01de A2       		.byte	-94
 507 01df 0E       		.byte	14
 508 01e0 A6       		.byte	-90
 509 01e1 03       		.byte	3
 510 01e2 AA       		.byte	-86
 511 01e3 08       		.byte	8
 512 01e4 AC       		.byte	-84
 513 01e5 01       		.byte	1
ARM GAS  C:\Users\PANXIA~1\AppData\Local\Temp\ccmZtH5e.s 			page 10


 514 01e6 AE       		.byte	-82
 515 01e7 06       		.byte	6
 516 01e8 B0       		.byte	-80
 517 01e9 10       		.byte	16
 518 01ea B2       		.byte	-78
 519 01eb 0F       		.byte	15
 520 01ec B8       		.byte	-72
 521 01ed 02       		.byte	2
 522 01ee BA       		.byte	-70
 523 01ef 08       		.byte	8
 524 01f0 BE       		.byte	-66
 525 01f1 01       		.byte	1
 526 01f2 C0       		.byte	-64
 527 01f3 06       		.byte	6
 528 01f4 C7       		.byte	-57
 529 01f5 04       		.byte	4
 530 01f6 C9       		.byte	-55
 531 01f7 FF       		.byte	-1
 532 01f8 CA       		.byte	-54
 533 01f9 07       		.byte	7
 534 01fa CB       		.byte	-53
 535 01fb FF       		.byte	-1
 536 01fc CC       		.byte	-52
 537 01fd 40       		.byte	64
 538 01fe CD       		.byte	-51
 539 01ff 20       		.byte	32
 540 0200 CE       		.byte	-50
 541 0201 F0       		.byte	-16
 542 0202 CF       		.byte	-49
 543 0203 05       		.byte	5
 544 0204 D0       		.byte	-48
 545 0205 08       		.byte	8
 546 0206 D8       		.byte	-40
 547 0207 04       		.byte	4
 548 0208 D9       		.byte	-39
 549 0209 04       		.byte	4
 550 020a DA       		.byte	-38
 551 020b 04       		.byte	4
 552 020c DC       		.byte	-36
 553 020d 01       		.byte	1
 554 020e DD       		.byte	-35
 555 020f 01       		.byte	1
 556 0210 DF       		.byte	-33
 557 0211 01       		.byte	1
 558 0212 E0       		.byte	-32
 559 0213 40       		.byte	64
 560 0214 E1       		.byte	-31
 561 0215 A8       		.byte	-88
 562 0216 E2       		.byte	-30
 563 0217 40       		.byte	64
 564 0218 E3       		.byte	-29
 565 0219 20       		.byte	32
 566 021a 01       		.byte	1
 567 021b 08       		.byte	8
 568 021c 03       		.byte	3
 569 021d 40       		.byte	64
 570 021e 04       		.byte	4
ARM GAS  C:\Users\PANXIA~1\AppData\Local\Temp\ccmZtH5e.s 			page 11


 571 021f 82       		.byte	-126
 572 0220 05       		.byte	5
 573 0221 08       		.byte	8
 574 0222 06       		.byte	6
 575 0223 08       		.byte	8
 576 0224 0A       		.byte	10
 577 0225 10       		.byte	16
 578 0226 0B       		.byte	11
 579 0227 08       		.byte	8
 580 0228 0C       		.byte	12
 581 0229 40       		.byte	64
 582 022a 0E       		.byte	14
 583 022b 21       		.byte	33
 584 022c 0F       		.byte	15
 585 022d 08       		.byte	8
 586 022e 10       		.byte	16
 587 022f 28       		.byte	40
 588 0230 12       		.byte	18
 589 0231 82       		.byte	-126
 590 0232 15       		.byte	21
 591 0233 08       		.byte	8
 592 0234 18       		.byte	24
 593 0235 60       		.byte	96
 594 0236 19       		.byte	25
 595 0237 08       		.byte	8
 596 0238 1E       		.byte	30
 597 0239 21       		.byte	33
 598 023a 1F       		.byte	31
 599 023b 04       		.byte	4
 600 023c 24       		.byte	36
 601 023d 82       		.byte	-126
 602 023e 25       		.byte	37
 603 023f 40       		.byte	64
 604 0240 26       		.byte	38
 605 0241 83       		.byte	-125
 606 0242 27       		.byte	39
 607 0243 08       		.byte	8
 608 0244 28       		.byte	40
 609 0245 08       		.byte	8
 610 0246 29       		.byte	41
 611 0247 82       		.byte	-126
 612 0248 2C       		.byte	44
 613 0249 A8       		.byte	-88
 614 024a 2E       		.byte	46
 615 024b 08       		.byte	8
 616 024c 32       		.byte	50
 617 024d 20       		.byte	32
 618 024e 35       		.byte	53
 619 024f 08       		.byte	8
 620 0250 36       		.byte	54
 621 0251 91       		.byte	-111
 622 0252 38       		.byte	56
 623 0253 10       		.byte	16
 624 0254 39       		.byte	57
 625 0255 05       		.byte	5
 626 0256 3A       		.byte	58
 627 0257 01       		.byte	1
ARM GAS  C:\Users\PANXIA~1\AppData\Local\Temp\ccmZtH5e.s 			page 12


 628 0258 3F       		.byte	63
 629 0259 20       		.byte	32
 630 025a 45       		.byte	69
 631 025b 40       		.byte	64
 632 025c 46       		.byte	70
 633 025d 08       		.byte	8
 634 025e 48       		.byte	72
 635 025f 24       		.byte	36
 636 0260 4C       		.byte	76
 637 0261 80       		.byte	-128
 638 0262 4E       		.byte	78
 639 0263 02       		.byte	2
 640 0264 4F       		.byte	79
 641 0265 08       		.byte	8
 642 0266 50       		.byte	80
 643 0267 08       		.byte	8
 644 0268 51       		.byte	81
 645 0269 04       		.byte	4
 646 026a 57       		.byte	87
 647 026b 10       		.byte	16
 648 026c 5D       		.byte	93
 649 026d 40       		.byte	64
 650 026e 66       		.byte	102
 651 026f 80       		.byte	-128
 652 0270 81       		.byte	-127
 653 0271 40       		.byte	64
 654 0272 94       		.byte	-108
 655 0273 B0       		.byte	-80
 656 0274 95       		.byte	-107
 657 0275 05       		.byte	5
 658 0276 9C       		.byte	-100
 659 0277 08       		.byte	8
 660 0278 9D       		.byte	-99
 661 0279 82       		.byte	-126
 662 027a 9F       		.byte	-97
 663 027b 0A       		.byte	10
 664 027c A0       		.byte	-96
 665 027d 14       		.byte	20
 666 027e A4       		.byte	-92
 667 027f A0       		.byte	-96
 668 0280 A6       		.byte	-90
 669 0281 A1       		.byte	-95
 670 0282 AF       		.byte	-81
 671 0283 20       		.byte	32
 672 0284 B1       		.byte	-79
 673 0285 20       		.byte	32
 674 0286 C0       		.byte	-64
 675 0287 FC       		.byte	-4
 676 0288 C2       		.byte	-62
 677 0289 E6       		.byte	-26
 678 028a C4       		.byte	-60
 679 028b 2F       		.byte	47
 680 028c CA       		.byte	-54
 681 028d ED       		.byte	-19
 682 028e CC       		.byte	-52
 683 028f F4       		.byte	-12
 684 0290 CE       		.byte	-50
ARM GAS  C:\Users\PANXIA~1\AppData\Local\Temp\ccmZtH5e.s 			page 13


 685 0291 27       		.byte	39
 686 0292 D0       		.byte	-48
 687 0293 30       		.byte	48
 688 0294 D2       		.byte	-46
 689 0295 14       		.byte	20
 690 0296 D6       		.byte	-42
 691 0297 10       		.byte	16
 692 0298 D8       		.byte	-40
 693 0299 10       		.byte	16
 694 029a EE       		.byte	-18
 695 029b 80       		.byte	-128
 696 029c 0B       		.byte	11
 697 029d 01       		.byte	1
 698 029e 1A       		.byte	26
 699 029f 01       		.byte	1
 700 02a0 30       		.byte	48
 701 02a1 01       		.byte	1
 702 02a2 33       		.byte	51
 703 02a3 01       		.byte	1
 704 02a4 56       		.byte	86
 705 02a5 02       		.byte	2
 706 02a6 57       		.byte	87
 707 02a7 3D       		.byte	61
 708 02a8 58       		.byte	88
 709 02a9 04       		.byte	4
 710 02aa 59       		.byte	89
 711 02ab 04       		.byte	4
 712 02ac 5B       		.byte	91
 713 02ad 0C       		.byte	12
 714 02ae 5F       		.byte	95
 715 02af 01       		.byte	1
 716 02b0 81       		.byte	-127
 717 02b1 01       		.byte	1
 718 02b2 85       		.byte	-123
 719 02b3 01       		.byte	1
 720 02b4 89       		.byte	-119
 721 02b5 01       		.byte	1
 722 02b6 8D       		.byte	-115
 723 02b7 01       		.byte	1
 724 02b8 8E       		.byte	-114
 725 02b9 01       		.byte	1
 726 02ba 90       		.byte	-112
 727 02bb 01       		.byte	1
 728 02bc 95       		.byte	-107
 729 02bd 01       		.byte	1
 730 02be 96       		.byte	-106
 731 02bf 01       		.byte	1
 732 02c0 9A       		.byte	-102
 733 02c1 01       		.byte	1
 734 02c2 9B       		.byte	-101
 735 02c3 01       		.byte	1
 736 02c4 9F       		.byte	-97
 737 02c5 01       		.byte	1
 738 02c6 A4       		.byte	-92
 739 02c7 01       		.byte	1
 740 02c8 A8       		.byte	-88
 741 02c9 01       		.byte	1
ARM GAS  C:\Users\PANXIA~1\AppData\Local\Temp\ccmZtH5e.s 			page 14


 742 02ca AC       		.byte	-84
 743 02cb 01       		.byte	1
 744 02cc B1       		.byte	-79
 745 02cd 01       		.byte	1
 746 02ce B2       		.byte	-78
 747 02cf 01       		.byte	1
 748 02d0 D2       		.byte	-46
 749 02d1 03       		.byte	3
 750 02d2 D3       		.byte	-45
 751 02d3 02       		.byte	2
 752 02d4 D8       		.byte	-40
 753 02d5 04       		.byte	4
 754 02d6 D9       		.byte	-39
 755 02d7 04       		.byte	4
 756 02d8 DB       		.byte	-37
 757 02d9 04       		.byte	4
 758 02da DF       		.byte	-33
 759 02db 01       		.byte	1
 760 02dc 01       		.byte	1
 761 02dd 84       		.byte	-124
 762 02de 05       		.byte	5
 763 02df 80       		.byte	-128
 764 02e0 09       		.byte	9
 765 02e1 08       		.byte	8
 766 02e2 0A       		.byte	10
 767 02e3 48       		.byte	72
 768 02e4 0D       		.byte	13
 769 02e5 08       		.byte	8
 770 02e6 0E       		.byte	14
 771 02e7 40       		.byte	64
 772 02e8 0F       		.byte	15
 773 02e9 04       		.byte	4
 774 02ea 10       		.byte	16
 775 02eb 04       		.byte	4
 776 02ec 12       		.byte	18
 777 02ed 21       		.byte	33
 778 02ee 13       		.byte	19
 779 02ef 04       		.byte	4
 780 02f0 14       		.byte	20
 781 02f1 0C       		.byte	12
 782 02f2 15       		.byte	21
 783 02f3 04       		.byte	4
 784 02f4 16       		.byte	22
 785 02f5 01       		.byte	1
 786 02f6 19       		.byte	25
 787 02f7 02       		.byte	2
 788 02f8 1A       		.byte	26
 789 02f9 40       		.byte	64
 790 02fa 1E       		.byte	30
 791 02fb 20       		.byte	32
 792 02fc 20       		.byte	32
 793 02fd 10       		.byte	16
 794 02fe 21       		.byte	33
 795 02ff 08       		.byte	8
 796 0300 27       		.byte	39
 797 0301 40       		.byte	64
 798 0302 28       		.byte	40
ARM GAS  C:\Users\PANXIA~1\AppData\Local\Temp\ccmZtH5e.s 			page 15


 799 0303 08       		.byte	8
 800 0304 29       		.byte	41
 801 0305 82       		.byte	-126
 802 0306 31       		.byte	49
 803 0307 08       		.byte	8
 804 0308 32       		.byte	50
 805 0309 20       		.byte	32
 806 030a 34       		.byte	52
 807 030b 08       		.byte	8
 808 030c 35       		.byte	53
 809 030d 80       		.byte	-128
 810 030e 36       		.byte	54
 811 030f 20       		.byte	32
 812 0310 39       		.byte	57
 813 0311 14       		.byte	20
 814 0312 3A       		.byte	58
 815 0313 03       		.byte	3
 816 0314 3C       		.byte	60
 817 0315 10       		.byte	16
 818 0316 3D       		.byte	61
 819 0317 04       		.byte	4
 820 0318 3E       		.byte	62
 821 0319 42       		.byte	66
 822 031a 5A       		.byte	90
 823 031b 10       		.byte	16
 824 031c 60       		.byte	96
 825 031d 40       		.byte	64
 826 031e 68       		.byte	104
 827 031f 12       		.byte	18
 828 0320 69       		.byte	105
 829 0321 11       		.byte	17
 830 0322 6A       		.byte	106
 831 0323 08       		.byte	8
 832 0324 6E       		.byte	110
 833 0325 10       		.byte	16
 834 0326 6F       		.byte	111
 835 0327 02       		.byte	2
 836 0328 72       		.byte	114
 837 0329 04       		.byte	4
 838 032a 73       		.byte	115
 839 032b 01       		.byte	1
 840 032c 7B       		.byte	123
 841 032d 02       		.byte	2
 842 032e 8A       		.byte	-118
 843 032f 10       		.byte	16
 844 0330 90       		.byte	-112
 845 0331 40       		.byte	64
 846 0332 94       		.byte	-108
 847 0333 10       		.byte	16
 848 0334 95       		.byte	-107
 849 0335 04       		.byte	4
 850 0336 96       		.byte	-106
 851 0337 10       		.byte	16
 852 0338 98       		.byte	-104
 853 0339 40       		.byte	64
 854 033a 9A       		.byte	-102
 855 033b 80       		.byte	-128
ARM GAS  C:\Users\PANXIA~1\AppData\Local\Temp\ccmZtH5e.s 			page 16


 856 033c 9C       		.byte	-100
 857 033d 08       		.byte	8
 858 033e 9D       		.byte	-99
 859 033f 82       		.byte	-126
 860 0340 9E       		.byte	-98
 861 0341 01       		.byte	1
 862 0342 A6       		.byte	-90
 863 0343 20       		.byte	32
 864 0344 AB       		.byte	-85
 865 0345 40       		.byte	64
 866 0346 B0       		.byte	-80
 867 0347 10       		.byte	16
 868 0348 B7       		.byte	-73
 869 0349 12       		.byte	18
 870 034a C0       		.byte	-64
 871 034b 85       		.byte	-123
 872 034c C2       		.byte	-62
 873 034d 7E       		.byte	126
 874 034e C4       		.byte	-60
 875 034f E7       		.byte	-25
 876 0350 CA       		.byte	-54
 877 0351 0D       		.byte	13
 878 0352 CC       		.byte	-52
 879 0353 76       		.byte	118
 880 0354 CE       		.byte	-50
 881 0355 F7       		.byte	-9
 882 0356 D6       		.byte	-42
 883 0357 04       		.byte	4
 884 0358 D8       		.byte	-40
 885 0359 01       		.byte	1
 886 035a DE       		.byte	-34
 887 035b 08       		.byte	8
 888 035c E2       		.byte	-30
 889 035d 80       		.byte	-128
 890 035e EE       		.byte	-18
 891 035f 81       		.byte	-127
 892 0360 02       		.byte	2
 893 0361 04       		.byte	4
 894 0362 03       		.byte	3
 895 0363 04       		.byte	4
 896 0364 04       		.byte	4
 897 0365 20       		.byte	32
 898 0366 08       		.byte	8
 899 0367 20       		.byte	32
 900 0368 0C       		.byte	12
 901 0369 01       		.byte	1
 902 036a 11       		.byte	17
 903 036b 01       		.byte	1
 904 036c 12       		.byte	18
 905 036d 08       		.byte	8
 906 036e 16       		.byte	22
 907 036f 01       		.byte	1
 908 0370 1A       		.byte	26
 909 0371 10       		.byte	16
 910 0372 1B       		.byte	27
 911 0373 03       		.byte	3
 912 0374 1C       		.byte	28
ARM GAS  C:\Users\PANXIA~1\AppData\Local\Temp\ccmZtH5e.s 			page 17


 913 0375 20       		.byte	32
 914 0376 22       		.byte	34
 915 0377 02       		.byte	2
 916 0378 24       		.byte	36
 917 0379 20       		.byte	32
 918 037a 2A       		.byte	42
 919 037b 08       		.byte	8
 920 037c 2B       		.byte	43
 921 037d 04       		.byte	4
 922 037e 2E       		.byte	46
 923 037f 10       		.byte	16
 924 0380 30       		.byte	48
 925 0381 10       		.byte	16
 926 0382 31       		.byte	49
 927 0383 01       		.byte	1
 928 0384 32       		.byte	50
 929 0385 03       		.byte	3
 930 0386 34       		.byte	52
 931 0387 20       		.byte	32
 932 0388 35       		.byte	53
 933 0389 04       		.byte	4
 934 038a 36       		.byte	54
 935 038b 0C       		.byte	12
 936 038c 37       		.byte	55
 937 038d 02       		.byte	2
 938 038e 3E       		.byte	62
 939 038f 51       		.byte	81
 940 0390 3F       		.byte	63
 941 0391 10       		.byte	16
 942 0392 40       		.byte	64
 943 0393 32       		.byte	50
 944 0394 41       		.byte	65
 945 0395 06       		.byte	6
 946 0396 42       		.byte	66
 947 0397 05       		.byte	5
 948 0398 44       		.byte	68
 949 0399 01       		.byte	1
 950 039a 45       		.byte	69
 951 039b 0C       		.byte	12
 952 039c 47       		.byte	71
 953 039d 0E       		.byte	14
 954 039e 48       		.byte	72
 955 039f 11       		.byte	17
 956 03a0 49       		.byte	73
 957 03a1 FF       		.byte	-1
 958 03a2 4A       		.byte	74
 959 03a3 FF       		.byte	-1
 960 03a4 4B       		.byte	75
 961 03a5 FF       		.byte	-1
 962 03a6 4C       		.byte	76
 963 03a7 62       		.byte	98
 964 03a8 4D       		.byte	77
 965 03a9 A0       		.byte	-96
 966 03aa 4E       		.byte	78
 967 03ab F0       		.byte	-16
 968 03ac 4F       		.byte	79
 969 03ad 41       		.byte	65
ARM GAS  C:\Users\PANXIA~1\AppData\Local\Temp\ccmZtH5e.s 			page 18


 970 03ae 50       		.byte	80
 971 03af 0C       		.byte	12
 972 03b0 54       		.byte	84
 973 03b1 01       		.byte	1
 974 03b2 58       		.byte	88
 975 03b3 04       		.byte	4
 976 03b4 59       		.byte	89
 977 03b5 0C       		.byte	12
 978 03b6 5A       		.byte	90
 979 03b7 04       		.byte	4
 980 03b8 5B       		.byte	91
 981 03b9 0C       		.byte	12
 982 03ba 5C       		.byte	92
 983 03bb 09       		.byte	9
 984 03bc 5D       		.byte	93
 985 03bd 01       		.byte	1
 986 03be 5F       		.byte	95
 987 03bf 01       		.byte	1
 988 03c0 66       		.byte	102
 989 03c1 40       		.byte	64
 990 03c2 67       		.byte	103
 991 03c3 02       		.byte	2
 992 03c4 69       		.byte	105
 993 03c5 10       		.byte	16
 994 03c6 6A       		.byte	106
 995 03c7 30       		.byte	48
 996 03c8 6B       		.byte	107
 997 03c9 10       		.byte	16
 998 03ca 6D       		.byte	109
 999 03cb 10       		.byte	16
 1000 03cc 6E       		.byte	110
 1001 03cd 10       		.byte	16
 1002 03ce 6F       		.byte	111
 1003 03cf 12       		.byte	18
 1004 03d0 85       		.byte	-123
 1005 03d1 01       		.byte	1
 1006 03d2 91       		.byte	-111
 1007 03d3 01       		.byte	1
 1008 03d4 95       		.byte	-107
 1009 03d5 01       		.byte	1
 1010 03d6 99       		.byte	-103
 1011 03d7 01       		.byte	1
 1012 03d8 A1       		.byte	-95
 1013 03d9 01       		.byte	1
 1014 03da A9       		.byte	-87
 1015 03db 01       		.byte	1
 1016 03dc AF       		.byte	-81
 1017 03dd 01       		.byte	1
 1018 03de B5       		.byte	-75
 1019 03df 01       		.byte	1
 1020 03e0 D8       		.byte	-40
 1021 03e1 04       		.byte	4
 1022 03e2 D9       		.byte	-39
 1023 03e3 04       		.byte	4
 1024 03e4 DF       		.byte	-33
 1025 03e5 01       		.byte	1
 1026 03e6 01       		.byte	1
ARM GAS  C:\Users\PANXIA~1\AppData\Local\Temp\ccmZtH5e.s 			page 19


 1027 03e7 04       		.byte	4
 1028 03e8 02       		.byte	2
 1029 03e9 01       		.byte	1
 1030 03ea 04       		.byte	4
 1031 03eb 80       		.byte	-128
 1032 03ec 05       		.byte	5
 1033 03ed 14       		.byte	20
 1034 03ee 07       		.byte	7
 1035 03ef 40       		.byte	64
 1036 03f0 08       		.byte	8
 1037 03f1 01       		.byte	1
 1038 03f2 09       		.byte	9
 1039 03f3 08       		.byte	8
 1040 03f4 0A       		.byte	10
 1041 03f5 40       		.byte	64
 1042 03f6 0B       		.byte	11
 1043 03f7 04       		.byte	4
 1044 03f8 0E       		.byte	14
 1045 03f9 20       		.byte	32
 1046 03fa 0F       		.byte	15
 1047 03fb 8A       		.byte	-118
 1048 03fc 10       		.byte	16
 1049 03fd 04       		.byte	4
 1050 03fe 11       		.byte	17
 1051 03ff 08       		.byte	8
 1052 0400 15       		.byte	21
 1053 0401 C0       		.byte	-64
 1054 0402 16       		.byte	22
 1055 0403 80       		.byte	-128
 1056 0404 17       		.byte	23
 1057 0405 14       		.byte	20
 1058 0406 1D       		.byte	29
 1059 0407 80       		.byte	-128
 1060 0408 1E       		.byte	30
 1061 0409 28       		.byte	40
 1062 040a 1F       		.byte	31
 1063 040b 01       		.byte	1
 1064 040c 21       		.byte	33
 1065 040d 10       		.byte	16
 1066 040e 24       		.byte	36
 1067 040f C0       		.byte	-64
 1068 0410 27       		.byte	39
 1069 0411 09       		.byte	9
 1070 0412 28       		.byte	40
 1071 0413 08       		.byte	8
 1072 0414 29       		.byte	41
 1073 0415 80       		.byte	-128
 1074 0416 2A       		.byte	42
 1075 0417 01       		.byte	1
 1076 0418 2F       		.byte	47
 1077 0419 08       		.byte	8
 1078 041a 30       		.byte	48
 1079 041b 01       		.byte	1
 1080 041c 31       		.byte	49
 1081 041d 08       		.byte	8
 1082 041e 32       		.byte	50
 1083 041f 20       		.byte	32
ARM GAS  C:\Users\PANXIA~1\AppData\Local\Temp\ccmZtH5e.s 			page 20


 1084 0420 36       		.byte	54
 1085 0421 10       		.byte	16
 1086 0422 37       		.byte	55
 1087 0423 01       		.byte	1
 1088 0424 39       		.byte	57
 1089 0425 04       		.byte	4
 1090 0426 3D       		.byte	61
 1091 0427 02       		.byte	2
 1092 0428 45       		.byte	69
 1093 0429 A0       		.byte	-96
 1094 042a 47       		.byte	71
 1095 042b 04       		.byte	4
 1096 042c 4D       		.byte	77
 1097 042d 40       		.byte	64
 1098 042e 4E       		.byte	78
 1099 042f 04       		.byte	4
 1100 0430 4F       		.byte	79
 1101 0431 08       		.byte	8
 1102 0432 57       		.byte	87
 1103 0433 08       		.byte	8
 1104 0434 5C       		.byte	92
 1105 0435 40       		.byte	64
 1106 0436 7F       		.byte	127
 1107 0437 02       		.byte	2
 1108 0438 8C       		.byte	-116
 1109 0439 40       		.byte	64
 1110 043a 91       		.byte	-111
 1111 043b 11       		.byte	17
 1112 043c 92       		.byte	-110
 1113 043d 44       		.byte	68
 1114 043e 93       		.byte	-109
 1115 043f 05       		.byte	5
 1116 0440 95       		.byte	-107
 1117 0441 04       		.byte	4
 1118 0442 98       		.byte	-104
 1119 0443 44       		.byte	68
 1120 0444 9A       		.byte	-102
 1121 0445 80       		.byte	-128
 1122 0446 9C       		.byte	-100
 1123 0447 08       		.byte	8
 1124 0448 9D       		.byte	-99
 1125 0449 80       		.byte	-128
 1126 044a 9E       		.byte	-98
 1127 044b 01       		.byte	1
 1128 044c A0       		.byte	-96
 1129 044d 12       		.byte	18
 1130 044e A1       		.byte	-95
 1131 044f 08       		.byte	8
 1132 0450 A3       		.byte	-93
 1133 0451 02       		.byte	2
 1134 0452 A6       		.byte	-90
 1135 0453 20       		.byte	32
 1136 0454 B7       		.byte	-73
 1137 0455 40       		.byte	64
 1138 0456 C0       		.byte	-64
 1139 0457 F5       		.byte	-11
 1140 0458 C2       		.byte	-62
ARM GAS  C:\Users\PANXIA~1\AppData\Local\Temp\ccmZtH5e.s 			page 21


 1141 0459 FE       		.byte	-2
 1142 045a C4       		.byte	-60
 1143 045b F6       		.byte	-10
 1144 045c CA       		.byte	-54
 1145 045d 2D       		.byte	45
 1146 045e CC       		.byte	-52
 1147 045f A7       		.byte	-89
 1148 0460 CE       		.byte	-50
 1149 0461 82       		.byte	-126
 1150 0462 D0       		.byte	-48
 1151 0463 70       		.byte	112
 1152 0464 D2       		.byte	-46
 1153 0465 30       		.byte	48
 1154 0466 D6       		.byte	-42
 1155 0467 10       		.byte	16
 1156 0468 DE       		.byte	-34
 1157 0469 10       		.byte	16
 1158 046a E2       		.byte	-30
 1159 046b 44       		.byte	68
 1160 046c EA       		.byte	-22
 1161 046d 10       		.byte	16
 1162 046e EE       		.byte	-18
 1163 046f 04       		.byte	4
 1164 0470 B8       		.byte	-72
 1165 0471 02       		.byte	2
 1166 0472 BE       		.byte	-66
 1167 0473 01       		.byte	1
 1168 0474 D8       		.byte	-40
 1169 0475 04       		.byte	4
 1170 0476 DF       		.byte	-33
 1171 0477 01       		.byte	1
 1172 0478 1B       		.byte	27
 1173 0479 02       		.byte	2
 1174 047a 83       		.byte	-125
 1175 047b 02       		.byte	2
 1176 047c EE       		.byte	-18
 1177 047d 04       		.byte	4
 1178 047e EE       		.byte	-18
 1179 047f 01       		.byte	1
 1180 0480 2F       		.byte	47
 1181 0481 01       		.byte	1
 1182 0482 35       		.byte	53
 1183 0483 01       		.byte	1
 1184 0484 58       		.byte	88
 1185 0485 04       		.byte	4
 1186 0486 59       		.byte	89
 1187 0487 04       		.byte	4
 1188 0488 5F       		.byte	95
 1189 0489 01       		.byte	1
 1190 048a 80       		.byte	-128
 1191 048b C7       		.byte	-57
 1192 048c 82       		.byte	-126
 1193 048d 18       		.byte	24
 1194 048e 84       		.byte	-124
 1195 048f 1C       		.byte	28
 1196 0490 85       		.byte	-123
 1197 0491 3F       		.byte	63
ARM GAS  C:\Users\PANXIA~1\AppData\Local\Temp\ccmZtH5e.s 			page 22


 1198 0492 86       		.byte	-122
 1199 0493 C1       		.byte	-63
 1200 0494 88       		.byte	-120
 1201 0495 9C       		.byte	-100
 1202 0496 8A       		.byte	-118
 1203 0497 42       		.byte	66
 1204 0498 8C       		.byte	-116
 1205 0499 DF       		.byte	-33
 1206 049a 8D       		.byte	-115
 1207 049b 12       		.byte	18
 1208 049c 8F       		.byte	-113
 1209 049d 0C       		.byte	12
 1210 049e 90       		.byte	-112
 1211 049f 04       		.byte	4
 1212 04a0 91       		.byte	-111
 1213 04a1 01       		.byte	1
 1214 04a2 94       		.byte	-108
 1215 04a3 18       		.byte	24
 1216 04a4 99       		.byte	-103
 1217 04a5 24       		.byte	36
 1218 04a6 9A       		.byte	-102
 1219 04a7 C3       		.byte	-61
 1220 04a8 9B       		.byte	-101
 1221 04a9 0A       		.byte	10
 1222 04aa 9C       		.byte	-100
 1223 04ab 10       		.byte	16
 1224 04ac 9D       		.byte	-99
 1225 04ad 08       		.byte	8
 1226 04ae 9F       		.byte	-97
 1227 04af 30       		.byte	48
 1228 04b0 A0       		.byte	-96
 1229 04b1 20       		.byte	32
 1230 04b2 A4       		.byte	-92
 1231 04b3 08       		.byte	8
 1232 04b4 A9       		.byte	-87
 1233 04b5 3F       		.byte	63
 1234 04b6 AA       		.byte	-86
 1235 04b7 04       		.byte	4
 1236 04b8 B0       		.byte	-80
 1237 04b9 98       		.byte	-104
 1238 04ba B1       		.byte	-79
 1239 04bb 38       		.byte	56
 1240 04bc B2       		.byte	-78
 1241 04bd 58       		.byte	88
 1242 04be B3       		.byte	-77
 1243 04bf 06       		.byte	6
 1244 04c0 B4       		.byte	-76
 1245 04c1 1F       		.byte	31
 1246 04c2 B5       		.byte	-75
 1247 04c3 01       		.byte	1
 1248 04c4 B6       		.byte	-74
 1249 04c5 20       		.byte	32
 1250 04c6 BA       		.byte	-70
 1251 04c7 28       		.byte	40
 1252 04c8 BE       		.byte	-66
 1253 04c9 40       		.byte	64
 1254 04ca D6       		.byte	-42
ARM GAS  C:\Users\PANXIA~1\AppData\Local\Temp\ccmZtH5e.s 			page 23


 1255 04cb 02       		.byte	2
 1256 04cc D7       		.byte	-41
 1257 04cd 12       		.byte	18
 1258 04ce D8       		.byte	-40
 1259 04cf 04       		.byte	4
 1260 04d0 D9       		.byte	-39
 1261 04d1 04       		.byte	4
 1262 04d2 DB       		.byte	-37
 1263 04d3 04       		.byte	4
 1264 04d4 DC       		.byte	-36
 1265 04d5 11       		.byte	17
 1266 04d6 DD       		.byte	-35
 1267 04d7 10       		.byte	16
 1268 04d8 DF       		.byte	-33
 1269 04d9 01       		.byte	1
 1270 04da 01       		.byte	1
 1271 04db 06       		.byte	6
 1272 04dc 02       		.byte	2
 1273 04dd 03       		.byte	3
 1274 04de 04       		.byte	4
 1275 04df 81       		.byte	-127
 1276 04e0 05       		.byte	5
 1277 04e1 14       		.byte	20
 1278 04e2 09       		.byte	9
 1279 04e3 08       		.byte	8
 1280 04e4 0A       		.byte	10
 1281 04e5 C0       		.byte	-64
 1282 04e6 0B       		.byte	11
 1283 04e7 04       		.byte	4
 1284 04e8 0C       		.byte	12
 1285 04e9 88       		.byte	-120
 1286 04ea 0D       		.byte	13
 1287 04eb 20       		.byte	32
 1288 04ec 0F       		.byte	15
 1289 04ed 80       		.byte	-128
 1290 04ee 10       		.byte	16
 1291 04ef 20       		.byte	32
 1292 04f0 11       		.byte	17
 1293 04f1 08       		.byte	8
 1294 04f2 14       		.byte	20
 1295 04f3 40       		.byte	64
 1296 04f4 17       		.byte	23
 1297 04f5 28       		.byte	40
 1298 04f6 1C       		.byte	28
 1299 04f7 50       		.byte	80
 1300 04f8 1D       		.byte	29
 1301 04f9 94       		.byte	-108
 1302 04fa 21       		.byte	33
 1303 04fb 10       		.byte	16
 1304 04fc 22       		.byte	34
 1305 04fd 20       		.byte	32
 1306 04fe 23       		.byte	35
 1307 04ff 04       		.byte	4
 1308 0500 24       		.byte	36
 1309 0501 04       		.byte	4
 1310 0502 25       		.byte	37
 1311 0503 20       		.byte	32
ARM GAS  C:\Users\PANXIA~1\AppData\Local\Temp\ccmZtH5e.s 			page 24


 1312 0504 27       		.byte	39
 1313 0505 50       		.byte	80
 1314 0506 28       		.byte	40
 1315 0507 01       		.byte	1
 1316 0508 29       		.byte	41
 1317 0509 02       		.byte	2
 1318 050a 2F       		.byte	47
 1319 050b 08       		.byte	8
 1320 050c 30       		.byte	48
 1321 050d 20       		.byte	32
 1322 050e 31       		.byte	49
 1323 050f 08       		.byte	8
 1324 0510 32       		.byte	50
 1325 0511 42       		.byte	66
 1326 0512 37       		.byte	55
 1327 0513 51       		.byte	81
 1328 0514 38       		.byte	56
 1329 0515 40       		.byte	64
 1330 0516 39       		.byte	57
 1331 0517 A4       		.byte	-92
 1332 0518 3E       		.byte	62
 1333 0519 04       		.byte	4
 1334 051a 3F       		.byte	63
 1335 051b 80       		.byte	-128
 1336 051c 5E       		.byte	94
 1337 051d 08       		.byte	8
 1338 051e 6E       		.byte	110
 1339 051f 04       		.byte	4
 1340 0520 6F       		.byte	111
 1341 0521 09       		.byte	9
 1342 0522 74       		.byte	116
 1343 0523 88       		.byte	-120
 1344 0524 76       		.byte	118
 1345 0525 2A       		.byte	42
 1346 0526 77       		.byte	119
 1347 0527 08       		.byte	8
 1348 0528 83       		.byte	-125
 1349 0529 40       		.byte	64
 1350 052a 89       		.byte	-119
 1351 052b 80       		.byte	-128
 1352 052c 8C       		.byte	-116
 1353 052d 01       		.byte	1
 1354 052e 8F       		.byte	-113
 1355 052f 04       		.byte	4
 1356 0530 90       		.byte	-112
 1357 0531 80       		.byte	-128
 1358 0532 91       		.byte	-111
 1359 0533 04       		.byte	4
 1360 0534 92       		.byte	-110
 1361 0535 40       		.byte	64
 1362 0536 94       		.byte	-108
 1363 0537 14       		.byte	20
 1364 0538 95       		.byte	-107
 1365 0539 80       		.byte	-128
 1366 053a 98       		.byte	-104
 1367 053b 41       		.byte	65
 1368 053c 99       		.byte	-103
ARM GAS  C:\Users\PANXIA~1\AppData\Local\Temp\ccmZtH5e.s 			page 25


 1369 053d 02       		.byte	2
 1370 053e 9A       		.byte	-102
 1371 053f 01       		.byte	1
 1372 0540 9B       		.byte	-101
 1373 0541 24       		.byte	36
 1374 0542 9D       		.byte	-99
 1375 0543 14       		.byte	20
 1376 0544 9E       		.byte	-98
 1377 0545 2A       		.byte	42
 1378 0546 9F       		.byte	-97
 1379 0547 50       		.byte	80
 1380 0548 A1       		.byte	-95
 1381 0549 0C       		.byte	12
 1382 054a A2       		.byte	-94
 1383 054b 04       		.byte	4
 1384 054c A5       		.byte	-91
 1385 054d 20       		.byte	32
 1386 054e A6       		.byte	-90
 1387 054f 20       		.byte	32
 1388 0550 A7       		.byte	-89
 1389 0551 40       		.byte	64
 1390 0552 AA       		.byte	-86
 1391 0553 01       		.byte	1
 1392 0554 AD       		.byte	-83
 1393 0555 11       		.byte	17
 1394 0556 B1       		.byte	-79
 1395 0557 05       		.byte	5
 1396 0558 B6       		.byte	-74
 1397 0559 10       		.byte	16
 1398 055a C0       		.byte	-64
 1399 055b FD       		.byte	-3
 1400 055c C2       		.byte	-62
 1401 055d FE       		.byte	-2
 1402 055e C4       		.byte	-60
 1403 055f 74       		.byte	116
 1404 0560 CA       		.byte	-54
 1405 0561 29       		.byte	41
 1406 0562 CC       		.byte	-52
 1407 0563 BF       		.byte	-65
 1408 0564 CE       		.byte	-50
 1409 0565 56       		.byte	86
 1410 0566 D6       		.byte	-42
 1411 0567 40       		.byte	64
 1412 0568 E2       		.byte	-30
 1413 0569 20       		.byte	32
 1414 056a E8       		.byte	-24
 1415 056b 12       		.byte	18
 1416 056c EA       		.byte	-22
 1417 056d 04       		.byte	4
 1418 056e EC       		.byte	-20
 1419 056f 02       		.byte	2
 1420 0570 01       		.byte	1
 1421 0571 08       		.byte	8
 1422 0572 07       		.byte	7
 1423 0573 C3       		.byte	-61
 1424 0574 09       		.byte	9
 1425 0575 0F       		.byte	15
ARM GAS  C:\Users\PANXIA~1\AppData\Local\Temp\ccmZtH5e.s 			page 26


 1426 0576 0B       		.byte	11
 1427 0577 D0       		.byte	-48
 1428 0578 0D       		.byte	13
 1429 0579 41       		.byte	65
 1430 057a 0E       		.byte	14
 1431 057b 03       		.byte	3
 1432 057c 0F       		.byte	15
 1433 057d 20       		.byte	32
 1434 057e 10       		.byte	16
 1435 057f 01       		.byte	1
 1436 0580 11       		.byte	17
 1437 0581 82       		.byte	-126
 1438 0582 12       		.byte	18
 1439 0583 02       		.byte	2
 1440 0584 14       		.byte	20
 1441 0585 01       		.byte	1
 1442 0586 15       		.byte	21
 1443 0587 D3       		.byte	-45
 1444 0588 16       		.byte	22
 1445 0589 02       		.byte	2
 1446 058a 17       		.byte	23
 1447 058b 0C       		.byte	12
 1448 058c 18       		.byte	24
 1449 058d 03       		.byte	3
 1450 058e 19       		.byte	25
 1451 058f 0C       		.byte	12
 1452 0590 1B       		.byte	27
 1453 0591 D3       		.byte	-45
 1454 0592 1D       		.byte	29
 1455 0593 C3       		.byte	-61
 1456 0594 24       		.byte	36
 1457 0595 02       		.byte	2
 1458 0596 25       		.byte	37
 1459 0597 04       		.byte	4
 1460 0598 26       		.byte	38
 1461 0599 01       		.byte	1
 1462 059a 28       		.byte	40
 1463 059b 03       		.byte	3
 1464 059c 29       		.byte	41
 1465 059d 0C       		.byte	12
 1466 059e 2C       		.byte	44
 1467 059f 03       		.byte	3
 1468 05a0 2D       		.byte	45
 1469 05a1 DF       		.byte	-33
 1470 05a2 31       		.byte	49
 1471 05a3 10       		.byte	16
 1472 05a4 32       		.byte	50
 1473 05a5 02       		.byte	2
 1474 05a6 33       		.byte	51
 1475 05a7 20       		.byte	32
 1476 05a8 34       		.byte	52
 1477 05a9 01       		.byte	1
 1478 05aa 35       		.byte	53
 1479 05ab 0F       		.byte	15
 1480 05ac 37       		.byte	55
 1481 05ad C0       		.byte	-64
 1482 05ae 39       		.byte	57
ARM GAS  C:\Users\PANXIA~1\AppData\Local\Temp\ccmZtH5e.s 			page 27


 1483 05af 02       		.byte	2
 1484 05b0 3B       		.byte	59
 1485 05b1 20       		.byte	32
 1486 05b2 54       		.byte	84
 1487 05b3 18       		.byte	24
 1488 05b4 56       		.byte	86
 1489 05b5 04       		.byte	4
 1490 05b6 58       		.byte	88
 1491 05b7 04       		.byte	4
 1492 05b8 59       		.byte	89
 1493 05b9 04       		.byte	4
 1494 05ba 5B       		.byte	91
 1495 05bb 04       		.byte	4
 1496 05bc 5C       		.byte	92
 1497 05bd 10       		.byte	16
 1498 05be 5D       		.byte	93
 1499 05bf 10       		.byte	16
 1500 05c0 5F       		.byte	95
 1501 05c1 01       		.byte	1
 1502 05c2 82       		.byte	-126
 1503 05c3 01       		.byte	1
 1504 05c4 86       		.byte	-122
 1505 05c5 04       		.byte	4
 1506 05c6 88       		.byte	-120
 1507 05c7 08       		.byte	8
 1508 05c8 8E       		.byte	-114
 1509 05c9 02       		.byte	2
 1510 05ca 92       		.byte	-110
 1511 05cb 08       		.byte	8
 1512 05cc 94       		.byte	-108
 1513 05cd 10       		.byte	16
 1514 05ce 96       		.byte	-106
 1515 05cf 20       		.byte	32
 1516 05d0 98       		.byte	-104
 1517 05d1 01       		.byte	1
 1518 05d2 9C       		.byte	-100
 1519 05d3 02       		.byte	2
 1520 05d4 A0       		.byte	-96
 1521 05d5 04       		.byte	4
 1522 05d6 A4       		.byte	-92
 1523 05d7 40       		.byte	64
 1524 05d8 A6       		.byte	-90
 1525 05d9 80       		.byte	-128
 1526 05da A8       		.byte	-88
 1527 05db 20       		.byte	32
 1528 05dc AA       		.byte	-86
 1529 05dd 10       		.byte	16
 1530 05de AC       		.byte	-84
 1531 05df 80       		.byte	-128
 1532 05e0 AE       		.byte	-82
 1533 05e1 40       		.byte	64
 1534 05e2 B2       		.byte	-78
 1535 05e3 FF       		.byte	-1
 1536 05e4 BA       		.byte	-70
 1537 05e5 02       		.byte	2
 1538 05e6 BE       		.byte	-66
 1539 05e7 04       		.byte	4
ARM GAS  C:\Users\PANXIA~1\AppData\Local\Temp\ccmZtH5e.s 			page 28


 1540 05e8 D8       		.byte	-40
 1541 05e9 04       		.byte	4
 1542 05ea D9       		.byte	-39
 1543 05eb 04       		.byte	4
 1544 05ec DC       		.byte	-36
 1545 05ed 01       		.byte	1
 1546 05ee DF       		.byte	-33
 1547 05ef 01       		.byte	1
 1548 05f0 00       		.byte	0
 1549 05f1 20       		.byte	32
 1550 05f2 01       		.byte	1
 1551 05f3 06       		.byte	6
 1552 05f4 02       		.byte	2
 1553 05f5 01       		.byte	1
 1554 05f6 05       		.byte	5
 1555 05f7 80       		.byte	-128
 1556 05f8 09       		.byte	9
 1557 05f9 08       		.byte	8
 1558 05fa 0A       		.byte	10
 1559 05fb 44       		.byte	68
 1560 05fc 0B       		.byte	11
 1561 05fd 01       		.byte	1
 1562 05fe 0D       		.byte	13
 1563 05ff 09       		.byte	9
 1564 0600 0E       		.byte	14
 1565 0601 40       		.byte	64
 1566 0602 0F       		.byte	15
 1567 0603 04       		.byte	4
 1568 0604 10       		.byte	16
 1569 0605 03       		.byte	3
 1570 0606 11       		.byte	17
 1571 0607 11       		.byte	17
 1572 0608 12       		.byte	18
 1573 0609 20       		.byte	32
 1574 060a 13       		.byte	19
 1575 060b 04       		.byte	4
 1576 060c 14       		.byte	20
 1577 060d 08       		.byte	8
 1578 060e 15       		.byte	21
 1579 060f 04       		.byte	4
 1580 0610 16       		.byte	22
 1581 0611 01       		.byte	1
 1582 0612 18       		.byte	24
 1583 0613 80       		.byte	-128
 1584 0614 1A       		.byte	26
 1585 0615 10       		.byte	16
 1586 0616 1B       		.byte	27
 1587 0617 03       		.byte	3
 1588 0618 1F       		.byte	31
 1589 0619 14       		.byte	20
 1590 061a 24       		.byte	36
 1591 061b 01       		.byte	1
 1592 061c 25       		.byte	37
 1593 061d 01       		.byte	1
 1594 061e 27       		.byte	39
 1595 061f 24       		.byte	36
 1596 0620 28       		.byte	40
ARM GAS  C:\Users\PANXIA~1\AppData\Local\Temp\ccmZtH5e.s 			page 29


 1597 0621 08       		.byte	8
 1598 0622 29       		.byte	41
 1599 0623 80       		.byte	-128
 1600 0624 2A       		.byte	42
 1601 0625 01       		.byte	1
 1602 0626 2E       		.byte	46
 1603 0627 28       		.byte	40
 1604 0628 2F       		.byte	47
 1605 0629 02       		.byte	2
 1606 062a 31       		.byte	49
 1607 062b 08       		.byte	8
 1608 062c 32       		.byte	50
 1609 062d 20       		.byte	32
 1610 062e 35       		.byte	53
 1611 062f 11       		.byte	17
 1612 0630 37       		.byte	55
 1613 0631 44       		.byte	68
 1614 0632 39       		.byte	57
 1615 0633 06       		.byte	6
 1616 0634 3C       		.byte	60
 1617 0635 14       		.byte	20
 1618 0636 3E       		.byte	62
 1619 0637 02       		.byte	2
 1620 0638 3F       		.byte	63
 1621 0639 80       		.byte	-128
 1622 063a 46       		.byte	70
 1623 063b 10       		.byte	16
 1624 063c 47       		.byte	71
 1625 063d 08       		.byte	8
 1626 063e 5C       		.byte	92
 1627 063f 01       		.byte	1
 1628 0640 66       		.byte	102
 1629 0641 10       		.byte	16
 1630 0642 67       		.byte	103
 1631 0643 42       		.byte	66
 1632 0644 81       		.byte	-127
 1633 0645 09       		.byte	9
 1634 0646 82       		.byte	-126
 1635 0647 20       		.byte	32
 1636 0648 83       		.byte	-125
 1637 0649 10       		.byte	16
 1638 064a 84       		.byte	-124
 1639 064b 08       		.byte	8
 1640 064c 85       		.byte	-123
 1641 064d 02       		.byte	2
 1642 064e 87       		.byte	-121
 1643 064f 40       		.byte	64
 1644 0650 88       		.byte	-120
 1645 0651 10       		.byte	16
 1646 0652 8A       		.byte	-118
 1647 0653 04       		.byte	4
 1648 0654 8B       		.byte	-117
 1649 0655 14       		.byte	20
 1650 0656 8F       		.byte	-113
 1651 0657 01       		.byte	1
 1652 0658 91       		.byte	-111
 1653 0659 31       		.byte	49
ARM GAS  C:\Users\PANXIA~1\AppData\Local\Temp\ccmZtH5e.s 			page 30


 1654 065a 92       		.byte	-110
 1655 065b 44       		.byte	68
 1656 065c 93       		.byte	-109
 1657 065d 03       		.byte	3
 1658 065e 95       		.byte	-107
 1659 065f 84       		.byte	-124
 1660 0660 98       		.byte	-104
 1661 0661 40       		.byte	64
 1662 0662 99       		.byte	-103
 1663 0663 80       		.byte	-128
 1664 0664 9B       		.byte	-101
 1665 0665 08       		.byte	8
 1666 0666 9C       		.byte	-100
 1667 0667 08       		.byte	8
 1668 0668 9D       		.byte	-99
 1669 0669 14       		.byte	20
 1670 066a 9E       		.byte	-98
 1671 066b 01       		.byte	1
 1672 066c 9F       		.byte	-97
 1673 066d 54       		.byte	84
 1674 066e A0       		.byte	-96
 1675 066f 12       		.byte	18
 1676 0670 A1       		.byte	-95
 1677 0671 0C       		.byte	12
 1678 0672 A2       		.byte	-94
 1679 0673 04       		.byte	4
 1680 0674 A5       		.byte	-91
 1681 0675 21       		.byte	33
 1682 0676 A6       		.byte	-90
 1683 0677 20       		.byte	32
 1684 0678 A7       		.byte	-89
 1685 0679 41       		.byte	65
 1686 067a AE       		.byte	-82
 1687 067b 04       		.byte	4
 1688 067c AF       		.byte	-81
 1689 067d 01       		.byte	1
 1690 067e B5       		.byte	-75
 1691 067f 84       		.byte	-124
 1692 0680 C0       		.byte	-64
 1693 0681 8F       		.byte	-113
 1694 0682 C2       		.byte	-62
 1695 0683 7F       		.byte	127
 1696 0684 C4       		.byte	-60
 1697 0685 EF       		.byte	-17
 1698 0686 CA       		.byte	-54
 1699 0687 7D       		.byte	125
 1700 0688 CC       		.byte	-52
 1701 0689 F6       		.byte	-10
 1702 068a CE       		.byte	-50
 1703 068b F3       		.byte	-13
 1704 068c D6       		.byte	-42
 1705 068d 80       		.byte	-128
 1706 068e D8       		.byte	-40
 1707 068f B0       		.byte	-80
 1708 0690 E0       		.byte	-32
 1709 0691 01       		.byte	1
 1710 0692 E2       		.byte	-30
ARM GAS  C:\Users\PANXIA~1\AppData\Local\Temp\ccmZtH5e.s 			page 31


 1711 0693 A0       		.byte	-96
 1712 0694 E4       		.byte	-28
 1713 0695 01       		.byte	1
 1714 0696 E6       		.byte	-26
 1715 0697 08       		.byte	8
 1716 0698 01       		.byte	1
 1717 0699 01       		.byte	1
 1718 069a 0A       		.byte	10
 1719 069b 01       		.byte	1
 1720 069c 0B       		.byte	11
 1721 069d 08       		.byte	8
 1722 069e 0F       		.byte	15
 1723 069f 01       		.byte	1
 1724 06a0 16       		.byte	22
 1725 06a1 04       		.byte	4
 1726 06a2 17       		.byte	23
 1727 06a3 02       		.byte	2
 1728 06a4 19       		.byte	25
 1729 06a5 08       		.byte	8
 1730 06a6 21       		.byte	33
 1731 06a7 02       		.byte	2
 1732 06a8 25       		.byte	37
 1733 06a9 04       		.byte	4
 1734 06aa 26       		.byte	38
 1735 06ab 02       		.byte	2
 1736 06ac 2B       		.byte	43
 1737 06ad 04       		.byte	4
 1738 06ae 2F       		.byte	47
 1739 06af 10       		.byte	16
 1740 06b0 30       		.byte	48
 1741 06b1 02       		.byte	2
 1742 06b2 32       		.byte	50
 1743 06b3 04       		.byte	4
 1744 06b4 33       		.byte	51
 1745 06b5 1F       		.byte	31
 1746 06b6 34       		.byte	52
 1747 06b7 01       		.byte	1
 1748 06b8 39       		.byte	57
 1749 06b9 08       		.byte	8
 1750 06ba 3F       		.byte	63
 1751 06bb 04       		.byte	4
 1752 06bc 58       		.byte	88
 1753 06bd 04       		.byte	4
 1754 06be 59       		.byte	89
 1755 06bf 04       		.byte	4
 1756 06c0 5F       		.byte	95
 1757 06c1 01       		.byte	1
 1758 06c2 D8       		.byte	-40
 1759 06c3 04       		.byte	4
 1760 06c4 D9       		.byte	-39
 1761 06c5 04       		.byte	4
 1762 06c6 DF       		.byte	-33
 1763 06c7 01       		.byte	1
 1764 06c8 03       		.byte	3
 1765 06c9 12       		.byte	18
 1766 06ca 04       		.byte	4
 1767 06cb 80       		.byte	-128
ARM GAS  C:\Users\PANXIA~1\AppData\Local\Temp\ccmZtH5e.s 			page 32


 1768 06cc 07       		.byte	7
 1769 06cd 18       		.byte	24
 1770 06ce 0B       		.byte	11
 1771 06cf 28       		.byte	40
 1772 06d0 0C       		.byte	12
 1773 06d1 90       		.byte	-112
 1774 06d2 0D       		.byte	13
 1775 06d3 08       		.byte	8
 1776 06d4 10       		.byte	16
 1777 06d5 10       		.byte	16
 1778 06d6 11       		.byte	17
 1779 06d7 40       		.byte	64
 1780 06d8 12       		.byte	18
 1781 06d9 02       		.byte	2
 1782 06da 13       		.byte	19
 1783 06db 02       		.byte	2
 1784 06dc 16       		.byte	22
 1785 06dd 0A       		.byte	10
 1786 06de 17       		.byte	23
 1787 06df 06       		.byte	6
 1788 06e0 1F       		.byte	31
 1789 06e1 16       		.byte	22
 1790 06e2 25       		.byte	37
 1791 06e3 04       		.byte	4
 1792 06e4 27       		.byte	39
 1793 06e5 10       		.byte	16
 1794 06e6 28       		.byte	40
 1795 06e7 90       		.byte	-112
 1796 06e8 2C       		.byte	44
 1797 06e9 80       		.byte	-128
 1798 06ea 2E       		.byte	46
 1799 06eb A8       		.byte	-88
 1800 06ec 2F       		.byte	47
 1801 06ed 10       		.byte	16
 1802 06ee 33       		.byte	51
 1803 06ef 12       		.byte	18
 1804 06f0 34       		.byte	52
 1805 06f1 80       		.byte	-128
 1806 06f2 36       		.byte	54
 1807 06f3 22       		.byte	34
 1808 06f4 37       		.byte	55
 1809 06f5 04       		.byte	4
 1810 06f6 38       		.byte	56
 1811 06f7 80       		.byte	-128
 1812 06f8 39       		.byte	57
 1813 06f9 40       		.byte	64
 1814 06fa 3A       		.byte	58
 1815 06fb 02       		.byte	2
 1816 06fc 3B       		.byte	59
 1817 06fd 20       		.byte	32
 1818 06fe 3D       		.byte	61
 1819 06ff 88       		.byte	-120
 1820 0700 3E       		.byte	62
 1821 0701 02       		.byte	2
 1822 0702 3F       		.byte	63
 1823 0703 10       		.byte	16
 1824 0704 80       		.byte	-128
ARM GAS  C:\Users\PANXIA~1\AppData\Local\Temp\ccmZtH5e.s 			page 33


 1825 0705 C0       		.byte	-64
 1826 0706 83       		.byte	-125
 1827 0707 02       		.byte	2
 1828 0708 86       		.byte	-122
 1829 0709 02       		.byte	2
 1830 070a 87       		.byte	-121
 1831 070b 04       		.byte	4
 1832 070c 89       		.byte	-119
 1833 070d 48       		.byte	72
 1834 070e 8B       		.byte	-117
 1835 070f 10       		.byte	16
 1836 0710 8F       		.byte	-113
 1837 0711 04       		.byte	4
 1838 0712 9F       		.byte	-97
 1839 0713 10       		.byte	16
 1840 0714 B7       		.byte	-73
 1841 0715 10       		.byte	16
 1842 0716 C0       		.byte	-64
 1843 0717 E5       		.byte	-27
 1844 0718 C2       		.byte	-62
 1845 0719 E6       		.byte	-26
 1846 071a C4       		.byte	-60
 1847 071b FD       		.byte	-3
 1848 071c CA       		.byte	-54
 1849 071d F3       		.byte	-13
 1850 071e CC       		.byte	-52
 1851 071f F5       		.byte	-11
 1852 0720 CE       		.byte	-50
 1853 0721 FD       		.byte	-3
 1854 0722 E4       		.byte	-28
 1855 0723 B0       		.byte	-80
 1856 0724 EE       		.byte	-18
 1857 0725 40       		.byte	64
 1858 0726 A8       		.byte	-88
 1859 0727 80       		.byte	-128
 1860 0728 AB       		.byte	-85
 1861 0729 02       		.byte	2
 1862 072a AC       		.byte	-84
 1863 072b 10       		.byte	16
 1864 072c AE       		.byte	-82
 1865 072d 20       		.byte	32
 1866 072e B2       		.byte	-78
 1867 072f 20       		.byte	32
 1868 0730 B3       		.byte	-77
 1869 0731 18       		.byte	24
 1870 0732 B6       		.byte	-74
 1871 0733 80       		.byte	-128
 1872 0734 E8       		.byte	-24
 1873 0735 12       		.byte	18
 1874 0736 EA       		.byte	-22
 1875 0737 20       		.byte	32
 1876 0738 EC       		.byte	-20
 1877 0739 90       		.byte	-112
 1878 073a 12       		.byte	18
 1879 073b 80       		.byte	-128
 1880 073c 16       		.byte	22
 1881 073d 80       		.byte	-128
ARM GAS  C:\Users\PANXIA~1\AppData\Local\Temp\ccmZtH5e.s 			page 34


 1882 073e 33       		.byte	51
 1883 073f 84       		.byte	-124
 1884 0740 36       		.byte	54
 1885 0741 40       		.byte	64
 1886 0742 37       		.byte	55
 1887 0743 02       		.byte	2
 1888 0744 3B       		.byte	59
 1889 0745 02       		.byte	2
 1890 0746 3E       		.byte	62
 1891 0747 80       		.byte	-128
 1892 0748 55       		.byte	85
 1893 0749 10       		.byte	16
 1894 074a 5D       		.byte	93
 1895 074b 80       		.byte	-128
 1896 074c 81       		.byte	-127
 1897 074d 10       		.byte	16
 1898 074e 87       		.byte	-121
 1899 074f 02       		.byte	2
 1900 0750 C4       		.byte	-60
 1901 0751 30       		.byte	48
 1902 0752 CC       		.byte	-52
 1903 0753 F0       		.byte	-16
 1904 0754 CE       		.byte	-50
 1905 0755 60       		.byte	96
 1906 0756 D4       		.byte	-44
 1907 0757 40       		.byte	64
 1908 0758 D6       		.byte	-42
 1909 0759 20       		.byte	32
 1910 075a E2       		.byte	-30
 1911 075b 80       		.byte	-128
 1912 075c E6       		.byte	-26
 1913 075d 40       		.byte	64
 1914 075e 57       		.byte	87
 1915 075f 12       		.byte	18
 1916 0760 58       		.byte	88
 1917 0761 40       		.byte	64
 1918 0762 63       		.byte	99
 1919 0763 04       		.byte	4
 1920 0764 67       		.byte	103
 1921 0765 40       		.byte	64
 1922 0766 69       		.byte	105
 1923 0767 04       		.byte	4
 1924 0768 6B       		.byte	107
 1925 0769 04       		.byte	4
 1926 076a 82       		.byte	-126
 1927 076b 80       		.byte	-128
 1928 076c 93       		.byte	-109
 1929 076d 04       		.byte	4
 1930 076e 97       		.byte	-105
 1931 076f 02       		.byte	2
 1932 0770 9F       		.byte	-97
 1933 0771 04       		.byte	4
 1934 0772 A2       		.byte	-94
 1935 0773 80       		.byte	-128
 1936 0774 A6       		.byte	-90
 1937 0775 40       		.byte	64
 1938 0776 A7       		.byte	-89
ARM GAS  C:\Users\PANXIA~1\AppData\Local\Temp\ccmZtH5e.s 			page 35


 1939 0777 80       		.byte	-128
 1940 0778 AF       		.byte	-81
 1941 0779 04       		.byte	4
 1942 077a B1       		.byte	-79
 1943 077b 80       		.byte	-128
 1944 077c D4       		.byte	-44
 1945 077d C0       		.byte	-64
 1946 077e D6       		.byte	-42
 1947 077f 20       		.byte	32
 1948 0780 D8       		.byte	-40
 1949 0781 C0       		.byte	-64
 1950 0782 E4       		.byte	-28
 1951 0783 20       		.byte	32
 1952 0784 EA       		.byte	-22
 1953 0785 40       		.byte	64
 1954 0786 11       		.byte	17
 1955 0787 04       		.byte	4
 1956 0788 88       		.byte	-120
 1957 0789 40       		.byte	64
 1958 078a 95       		.byte	-107
 1959 078b 04       		.byte	4
 1960 078c 97       		.byte	-105
 1961 078d 42       		.byte	66
 1962 078e 9C       		.byte	-100
 1963 078f 40       		.byte	64
 1964 0790 A6       		.byte	-90
 1965 0791 40       		.byte	64
 1966 0792 A7       		.byte	-89
 1967 0793 90       		.byte	-112
 1968 0794 B3       		.byte	-77
 1969 0795 02       		.byte	2
 1970 0796 C4       		.byte	-60
 1971 0797 10       		.byte	16
 1972 0798 61       		.byte	97
 1973 0799 01       		.byte	1
 1974 079a 81       		.byte	-127
 1975 079b 01       		.byte	1
 1976 079c 8F       		.byte	-113
 1977 079d 80       		.byte	-128
 1978 079e 97       		.byte	-105
 1979 079f 40       		.byte	64
 1980 07a0 A6       		.byte	-90
 1981 07a1 40       		.byte	64
 1982 07a2 A7       		.byte	-89
 1983 07a3 80       		.byte	-128
 1984 07a4 AB       		.byte	-85
 1985 07a5 01       		.byte	1
 1986 07a6 B7       		.byte	-73
 1987 07a7 10       		.byte	16
 1988 07a8 D8       		.byte	-40
 1989 07a9 40       		.byte	64
 1990 07aa E2       		.byte	-30
 1991 07ab 20       		.byte	32
 1992 07ac EE       		.byte	-18
 1993 07ad 20       		.byte	32
 1994 07ae 1B       		.byte	27
 1995 07af 04       		.byte	4
ARM GAS  C:\Users\PANXIA~1\AppData\Local\Temp\ccmZtH5e.s 			page 36


 1996 07b0 26       		.byte	38
 1997 07b1 01       		.byte	1
 1998 07b2 A6       		.byte	-90
 1999 07b3 01       		.byte	1
 2000 07b4 AA       		.byte	-86
 2001 07b5 01       		.byte	1
 2002 07b6 C6       		.byte	-58
 2003 07b7 08       		.byte	8
 2004 07b8 C8       		.byte	-56
 2005 07b9 01       		.byte	1
 2006 07ba 44       		.byte	68
 2007 07bb 02       		.byte	2
 2008 07bc AB       		.byte	-85
 2009 07bd 04       		.byte	4
 2010 07be D0       		.byte	-48
 2011 07bf 04       		.byte	4
 2012 07c0 24       		.byte	36
 2013 07c1 08       		.byte	8
 2014 07c2 58       		.byte	88
 2015 07c3 40       		.byte	64
 2016 07c4 86       		.byte	-122
 2017 07c5 40       		.byte	64
 2018 07c6 88       		.byte	-120
 2019 07c7 40       		.byte	64
 2020 07c8 8B       		.byte	-117
 2021 07c9 40       		.byte	64
 2022 07ca 97       		.byte	-105
 2023 07cb 40       		.byte	64
 2024 07cc A6       		.byte	-90
 2025 07cd 40       		.byte	64
 2026 07ce C8       		.byte	-56
 2027 07cf 20       		.byte	32
 2028 07d0 D4       		.byte	-44
 2029 07d1 80       		.byte	-128
 2030 07d2 E6       		.byte	-26
 2031 07d3 40       		.byte	64
 2032 07d4 03       		.byte	3
 2033 07d5 02       		.byte	2
 2034 07d6 53       		.byte	83
 2035 07d7 10       		.byte	16
 2036 07d8 83       		.byte	-125
 2037 07d9 02       		.byte	2
 2038 07da 8B       		.byte	-117
 2039 07db 10       		.byte	16
 2040 07dc B4       		.byte	-76
 2041 07dd 04       		.byte	4
 2042 07de C0       		.byte	-64
 2043 07df 40       		.byte	64
 2044 07e0 D4       		.byte	-44
 2045 07e1 20       		.byte	32
 2046 07e2 E0       		.byte	-32
 2047 07e3 20       		.byte	32
 2048 07e4 5B       		.byte	91
 2049 07e5 01       		.byte	1
 2050 07e6 9C       		.byte	-100
 2051 07e7 02       		.byte	2
 2052 07e8 D6       		.byte	-42
ARM GAS  C:\Users\PANXIA~1\AppData\Local\Temp\ccmZtH5e.s 			page 37


 2053 07e9 02       		.byte	2
 2054 07ea AF       		.byte	-81
 2055 07eb 01       		.byte	1
 2056 07ec B4       		.byte	-76
 2057 07ed 02       		.byte	2
 2058 07ee E8       		.byte	-24
 2059 07ef 08       		.byte	8
 2060 07f0 00       		.byte	0
 2061 07f1 03       		.byte	3
 2062 07f2 01       		.byte	1
 2063 07f3 01       		.byte	1
 2064 07f4 08       		.byte	8
 2065 07f5 03       		.byte	3
 2066 07f6 09       		.byte	9
 2067 07f7 01       		.byte	1
 2068 07f8 0A       		.byte	10
 2069 07f9 03       		.byte	3
 2070 07fa 0B       		.byte	11
 2071 07fb 01       		.byte	1
 2072 07fc 10       		.byte	16
 2073 07fd 03       		.byte	3
 2074 07fe 1A       		.byte	26
 2075 07ff 03       		.byte	3
 2076 0800 1C       		.byte	28
 2077 0801 01       		.byte	1
 2078 0802 00       		.byte	0
 2079 0803 EF       		.byte	-17
 2080 0804 10       		.byte	16
 2081 0805 0A       		.byte	10
 2082 0806 00       		.byte	0
 2083 0807 00       		.byte	0
 2084 0808 C0       		.byte	-64
 2085 0809 00       		.byte	0
 2086 080a 00       		.byte	0
 2087 080b C0       		.byte	-64
 2088 080c 00       		.byte	0
 2089 080d 00       		.byte	0
 2090 080e 00       		.byte	0
 2091 080f 37       		.byte	55
 2092 0810 37       		.byte	55
 2093 0811 00       		.byte	0
 2094 0812 00       		.byte	0
 2095 0813 00       		.byte	0
 2096 0814 00       		.byte	0
 2097 0815 00       		.byte	0
 2098 0816 00       		.byte	0
 2099 0817 00       		.byte	0
 2100 0818 00       		.byte	0
 2101 0819 08       		.byte	8
 2102 081a 08       		.byte	8
 2103 081b 00       		.byte	0
 2104 081c 00       		.byte	0
 2105 081d 00       		.byte	0
 2106 081e 00       		.byte	0
 2107 081f 00       		.byte	0
 2108 0820 00       		.byte	0
 2109 0821 10       		.byte	16
ARM GAS  C:\Users\PANXIA~1\AppData\Local\Temp\ccmZtH5e.s 			page 38


 2110 0822 10       		.byte	16
 2111 0823 00       		.byte	0
 2112 0824 00       		.byte	0
 2113 0825 1C       		.byte	28
 2114 0826 1C       		.byte	28
 2115 0827 00       		.byte	0
 2116 0828 00       		.byte	0
 2117 0829 00       		.byte	0
 2118 082a 00       		.byte	0
 2119 082b 00       		.byte	0
 2120 082c 08       		.byte	8
 2121 082d 00       		.byte	0
 2122 082e 04       		.byte	4
 2123 082f 08       		.byte	8
 2124 0830 08       		.byte	8
 2125 0831 00       		.byte	0
 2126 0832 08       		.byte	8
 2127 0833 00       		.byte	0
 2128 0834 00       		.byte	0
 2129 0835 00       		.byte	0
 2130 0836 00       		.byte	0
 2131 0837 00       		.byte	0
 2132 0838 FC       		.byte	-4
 2133 0839 00       		.byte	0
 2134 083a 00       		.byte	0
 2135 083b FC       		.byte	-4
 2136 083c 00       		.byte	0
 2137 083d 00       		.byte	0
 2138 083e 00       		.byte	0
 2139 083f 03       		.byte	3
 2140 0840 03       		.byte	3
 2141 0841 00       		.byte	0
 2142 0842 00       		.byte	0
 2143 0843 00       		.byte	0
 2144 0844 00       		.byte	0
 2145 0845 01       		.byte	1
 2146 0846 00       		.byte	0
 2147 0847 00       		.byte	0
 2148              		.section	.cywolatch,"a",%progbits
 2149              		.align	2
 2150              		.type	cy_meta_wonvl, %object
 2151              		.size	cy_meta_wonvl, 4
 2152              	cy_meta_wonvl:
 2153 0000 BC       		.byte	-68
 2154 0001 90       		.byte	-112
 2155 0002 AC       		.byte	-84
 2156 0003 AF       		.byte	-81
 2157              		.section	.cycustnvl,"a",%progbits
 2158              		.align	2
 2159              		.type	cy_meta_custnvl, %object
 2160              		.size	cy_meta_custnvl, 4
 2161              	cy_meta_custnvl:
 2162 0000 00       		.byte	0
 2163 0001 00       		.byte	0
 2164 0002 40       		.byte	64
 2165 0003 05       		.byte	5
 2166              		.section	.cymeta,"a",%progbits
ARM GAS  C:\Users\PANXIA~1\AppData\Local\Temp\ccmZtH5e.s 			page 39


 2167              		.align	2
 2168              		.type	cy_metadata, %object
 2169              		.size	cy_metadata, 12
 2170              	cy_metadata:
 2171 0000 00       		.byte	0
 2172 0001 01       		.byte	1
 2173 0002 2E       		.byte	46
 2174 0003 13       		.byte	19
 2175 0004 30       		.byte	48
 2176 0005 69       		.byte	105
 2177 0006 00       		.byte	0
 2178 0007 01       		.byte	1
 2179 0008 00       		.byte	0
 2180 0009 00       		.byte	0
 2181 000a 00       		.byte	0
 2182 000b 00       		.byte	0
 2183              		.section	.cyflashprotect,"a",%progbits
 2184              		.align	2
 2185              		.type	cy_meta_flashprotect, %object
 2186              		.size	cy_meta_flashprotect, 128
 2187              	cy_meta_flashprotect:
 2188 0000 00000000 		.space	128
 2188      00000000 
 2188      00000000 
 2188      00000000 
 2188      00000000 
 2189              		.text
 2190              	.Letext0:
 2191              		.file 1 ".\\Generated_Source\\PSoC5\\cymetadata.c"
 2192              		.file 2 ".\\Generated_Source\\PSoC5\\cytypes.h"
 2193              		.section	.debug_info,"",%progbits
 2194              	.Ldebug_info0:
 2195 0000 3A010000 		.4byte	0x13a
 2196 0004 0400     		.2byte	0x4
 2197 0006 00000000 		.4byte	.Ldebug_abbrev0
 2198 000a 04       		.byte	0x4
 2199 000b 01       		.uleb128 0x1
 2200 000c 94000000 		.4byte	.LASF18
 2201 0010 01       		.byte	0x1
 2202 0011 00000000 		.4byte	.LASF19
 2203 0015 72010000 		.4byte	.LASF20
 2204 0019 00000000 		.4byte	.Ldebug_line0
 2205 001d 02       		.uleb128 0x2
 2206 001e 01       		.byte	0x1
 2207 001f 06       		.byte	0x6
 2208 0020 DC010000 		.4byte	.LASF0
 2209 0024 02       		.uleb128 0x2
 2210 0025 01       		.byte	0x1
 2211 0026 08       		.byte	0x8
 2212 0027 38000000 		.4byte	.LASF1
 2213 002b 02       		.uleb128 0x2
 2214 002c 02       		.byte	0x2
 2215 002d 05       		.byte	0x5
 2216 002e C3010000 		.4byte	.LASF2
 2217 0032 02       		.uleb128 0x2
 2218 0033 02       		.byte	0x2
 2219 0034 07       		.byte	0x7
ARM GAS  C:\Users\PANXIA~1\AppData\Local\Temp\ccmZtH5e.s 			page 40


 2220 0035 58000000 		.4byte	.LASF3
 2221 0039 02       		.uleb128 0x2
 2222 003a 04       		.byte	0x4
 2223 003b 05       		.byte	0x5
 2224 003c D3010000 		.4byte	.LASF4
 2225 0040 02       		.uleb128 0x2
 2226 0041 04       		.byte	0x4
 2227 0042 07       		.byte	0x7
 2228 0043 46000000 		.4byte	.LASF5
 2229 0047 02       		.uleb128 0x2
 2230 0048 08       		.byte	0x8
 2231 0049 05       		.byte	0x5
 2232 004a B0010000 		.4byte	.LASF6
 2233 004e 02       		.uleb128 0x2
 2234 004f 08       		.byte	0x8
 2235 0050 07       		.byte	0x7
 2236 0051 2F010000 		.4byte	.LASF7
 2237 0055 03       		.uleb128 0x3
 2238 0056 04       		.byte	0x4
 2239 0057 05       		.byte	0x5
 2240 0058 696E7400 		.ascii	"int\000"
 2241 005c 02       		.uleb128 0x2
 2242 005d 04       		.byte	0x4
 2243 005e 07       		.byte	0x7
 2244 005f 22010000 		.4byte	.LASF8
 2245 0063 04       		.uleb128 0x4
 2246 0064 CD010000 		.4byte	.LASF21
 2247 0068 02       		.byte	0x2
 2248 0069 C2       		.byte	0xc2
 2249 006a 24000000 		.4byte	0x24
 2250 006e 02       		.uleb128 0x2
 2251 006f 04       		.byte	0x4
 2252 0070 04       		.byte	0x4
 2253 0071 32000000 		.4byte	.LASF9
 2254 0075 02       		.uleb128 0x2
 2255 0076 08       		.byte	0x8
 2256 0077 04       		.byte	0x4
 2257 0078 6B000000 		.4byte	.LASF10
 2258 007c 02       		.uleb128 0x2
 2259 007d 01       		.byte	0x1
 2260 007e 08       		.byte	0x8
 2261 007f BE010000 		.4byte	.LASF11
 2262 0083 05       		.uleb128 0x5
 2263 0084 63000000 		.4byte	0x63
 2264 0088 94000000 		.4byte	0x94
 2265 008c 06       		.uleb128 0x6
 2266 008d 94000000 		.4byte	0x94
 2267 0091 4708     		.2byte	0x847
 2268 0093 00       		.byte	0
 2269 0094 02       		.uleb128 0x2
 2270 0095 04       		.byte	0x4
 2271 0096 07       		.byte	0x7
 2272 0097 69010000 		.4byte	.LASF12
 2273 009b 07       		.uleb128 0x7
 2274 009c 82000000 		.4byte	.LASF13
 2275 00a0 01       		.byte	0x1
 2276 00a1 1C       		.byte	0x1c
ARM GAS  C:\Users\PANXIA~1\AppData\Local\Temp\ccmZtH5e.s 			page 41


 2277 00a2 AC000000 		.4byte	0xac
 2278 00a6 05       		.uleb128 0x5
 2279 00a7 03       		.byte	0x3
 2280 00a8 00000000 		.4byte	cy_meta_configecc
 2281 00ac 08       		.uleb128 0x8
 2282 00ad 83000000 		.4byte	0x83
 2283 00b1 05       		.uleb128 0x5
 2284 00b2 63000000 		.4byte	0x63
 2285 00b6 C1000000 		.4byte	0xc1
 2286 00ba 09       		.uleb128 0x9
 2287 00bb 94000000 		.4byte	0x94
 2288 00bf 03       		.byte	0x3
 2289 00c0 00       		.byte	0
 2290 00c1 0A       		.uleb128 0xa
 2291 00c2 72000000 		.4byte	.LASF14
 2292 00c6 01       		.byte	0x1
 2293 00c7 2F01     		.2byte	0x12f
 2294 00c9 D3000000 		.4byte	0xd3
 2295 00cd 05       		.uleb128 0x5
 2296 00ce 03       		.byte	0x3
 2297 00cf 00000000 		.4byte	cy_meta_custnvl
 2298 00d3 08       		.uleb128 0x8
 2299 00d4 B1000000 		.4byte	0xb1
 2300 00d8 0A       		.uleb128 0xa
 2301 00d9 5B010000 		.4byte	.LASF15
 2302 00dd 01       		.byte	0x1
 2303 00de 3A01     		.2byte	0x13a
 2304 00e0 EA000000 		.4byte	0xea
 2305 00e4 05       		.uleb128 0x5
 2306 00e5 03       		.byte	0x3
 2307 00e6 00000000 		.4byte	cy_meta_wonvl
 2308 00ea 08       		.uleb128 0x8
 2309 00eb B1000000 		.4byte	0xb1
 2310 00ef 05       		.uleb128 0x5
 2311 00f0 63000000 		.4byte	0x63
 2312 00f4 FF000000 		.4byte	0xff
 2313 00f8 09       		.uleb128 0x9
 2314 00f9 94000000 		.4byte	0x94
 2315 00fd 7F       		.byte	0x7f
 2316 00fe 00       		.byte	0
 2317 00ff 0A       		.uleb128 0xa
 2318 0100 46010000 		.4byte	.LASF16
 2319 0104 01       		.byte	0x1
 2320 0105 4501     		.2byte	0x145
 2321 0107 11010000 		.4byte	0x111
 2322 010b 05       		.uleb128 0x5
 2323 010c 03       		.byte	0x3
 2324 010d 00000000 		.4byte	cy_meta_flashprotect
 2325 0111 08       		.uleb128 0x8
 2326 0112 EF000000 		.4byte	0xef
 2327 0116 05       		.uleb128 0x5
 2328 0117 63000000 		.4byte	0x63
 2329 011b 26010000 		.4byte	0x126
 2330 011f 09       		.uleb128 0x9
 2331 0120 94000000 		.4byte	0x94
 2332 0124 0B       		.byte	0xb
 2333 0125 00       		.byte	0
ARM GAS  C:\Users\PANXIA~1\AppData\Local\Temp\ccmZtH5e.s 			page 42


 2334 0126 0A       		.uleb128 0xa
 2335 0127 26000000 		.4byte	.LASF17
 2336 012b 01       		.byte	0x1
 2337 012c 5F01     		.2byte	0x15f
 2338 012e 38010000 		.4byte	0x138
 2339 0132 05       		.uleb128 0x5
 2340 0133 03       		.byte	0x3
 2341 0134 00000000 		.4byte	cy_metadata
 2342 0138 08       		.uleb128 0x8
 2343 0139 16010000 		.4byte	0x116
 2344 013d 00       		.byte	0
 2345              		.section	.debug_abbrev,"",%progbits
 2346              	.Ldebug_abbrev0:
 2347 0000 01       		.uleb128 0x1
 2348 0001 11       		.uleb128 0x11
 2349 0002 01       		.byte	0x1
 2350 0003 25       		.uleb128 0x25
 2351 0004 0E       		.uleb128 0xe
 2352 0005 13       		.uleb128 0x13
 2353 0006 0B       		.uleb128 0xb
 2354 0007 03       		.uleb128 0x3
 2355 0008 0E       		.uleb128 0xe
 2356 0009 1B       		.uleb128 0x1b
 2357 000a 0E       		.uleb128 0xe
 2358 000b 10       		.uleb128 0x10
 2359 000c 17       		.uleb128 0x17
 2360 000d 00       		.byte	0
 2361 000e 00       		.byte	0
 2362 000f 02       		.uleb128 0x2
 2363 0010 24       		.uleb128 0x24
 2364 0011 00       		.byte	0
 2365 0012 0B       		.uleb128 0xb
 2366 0013 0B       		.uleb128 0xb
 2367 0014 3E       		.uleb128 0x3e
 2368 0015 0B       		.uleb128 0xb
 2369 0016 03       		.uleb128 0x3
 2370 0017 0E       		.uleb128 0xe
 2371 0018 00       		.byte	0
 2372 0019 00       		.byte	0
 2373 001a 03       		.uleb128 0x3
 2374 001b 24       		.uleb128 0x24
 2375 001c 00       		.byte	0
 2376 001d 0B       		.uleb128 0xb
 2377 001e 0B       		.uleb128 0xb
 2378 001f 3E       		.uleb128 0x3e
 2379 0020 0B       		.uleb128 0xb
 2380 0021 03       		.uleb128 0x3
 2381 0022 08       		.uleb128 0x8
 2382 0023 00       		.byte	0
 2383 0024 00       		.byte	0
 2384 0025 04       		.uleb128 0x4
 2385 0026 16       		.uleb128 0x16
 2386 0027 00       		.byte	0
 2387 0028 03       		.uleb128 0x3
 2388 0029 0E       		.uleb128 0xe
 2389 002a 3A       		.uleb128 0x3a
 2390 002b 0B       		.uleb128 0xb
ARM GAS  C:\Users\PANXIA~1\AppData\Local\Temp\ccmZtH5e.s 			page 43


 2391 002c 3B       		.uleb128 0x3b
 2392 002d 0B       		.uleb128 0xb
 2393 002e 49       		.uleb128 0x49
 2394 002f 13       		.uleb128 0x13
 2395 0030 00       		.byte	0
 2396 0031 00       		.byte	0
 2397 0032 05       		.uleb128 0x5
 2398 0033 01       		.uleb128 0x1
 2399 0034 01       		.byte	0x1
 2400 0035 49       		.uleb128 0x49
 2401 0036 13       		.uleb128 0x13
 2402 0037 01       		.uleb128 0x1
 2403 0038 13       		.uleb128 0x13
 2404 0039 00       		.byte	0
 2405 003a 00       		.byte	0
 2406 003b 06       		.uleb128 0x6
 2407 003c 21       		.uleb128 0x21
 2408 003d 00       		.byte	0
 2409 003e 49       		.uleb128 0x49
 2410 003f 13       		.uleb128 0x13
 2411 0040 2F       		.uleb128 0x2f
 2412 0041 05       		.uleb128 0x5
 2413 0042 00       		.byte	0
 2414 0043 00       		.byte	0
 2415 0044 07       		.uleb128 0x7
 2416 0045 34       		.uleb128 0x34
 2417 0046 00       		.byte	0
 2418 0047 03       		.uleb128 0x3
 2419 0048 0E       		.uleb128 0xe
 2420 0049 3A       		.uleb128 0x3a
 2421 004a 0B       		.uleb128 0xb
 2422 004b 3B       		.uleb128 0x3b
 2423 004c 0B       		.uleb128 0xb
 2424 004d 49       		.uleb128 0x49
 2425 004e 13       		.uleb128 0x13
 2426 004f 3F       		.uleb128 0x3f
 2427 0050 19       		.uleb128 0x19
 2428 0051 02       		.uleb128 0x2
 2429 0052 18       		.uleb128 0x18
 2430 0053 00       		.byte	0
 2431 0054 00       		.byte	0
 2432 0055 08       		.uleb128 0x8
 2433 0056 26       		.uleb128 0x26
 2434 0057 00       		.byte	0
 2435 0058 49       		.uleb128 0x49
 2436 0059 13       		.uleb128 0x13
 2437 005a 00       		.byte	0
 2438 005b 00       		.byte	0
 2439 005c 09       		.uleb128 0x9
 2440 005d 21       		.uleb128 0x21
 2441 005e 00       		.byte	0
 2442 005f 49       		.uleb128 0x49
 2443 0060 13       		.uleb128 0x13
 2444 0061 2F       		.uleb128 0x2f
 2445 0062 0B       		.uleb128 0xb
 2446 0063 00       		.byte	0
 2447 0064 00       		.byte	0
ARM GAS  C:\Users\PANXIA~1\AppData\Local\Temp\ccmZtH5e.s 			page 44


 2448 0065 0A       		.uleb128 0xa
 2449 0066 34       		.uleb128 0x34
 2450 0067 00       		.byte	0
 2451 0068 03       		.uleb128 0x3
 2452 0069 0E       		.uleb128 0xe
 2453 006a 3A       		.uleb128 0x3a
 2454 006b 0B       		.uleb128 0xb
 2455 006c 3B       		.uleb128 0x3b
 2456 006d 05       		.uleb128 0x5
 2457 006e 49       		.uleb128 0x49
 2458 006f 13       		.uleb128 0x13
 2459 0070 3F       		.uleb128 0x3f
 2460 0071 19       		.uleb128 0x19
 2461 0072 02       		.uleb128 0x2
 2462 0073 18       		.uleb128 0x18
 2463 0074 00       		.byte	0
 2464 0075 00       		.byte	0
 2465 0076 00       		.byte	0
 2466              		.section	.debug_aranges,"",%progbits
 2467 0000 14000000 		.4byte	0x14
 2468 0004 0200     		.2byte	0x2
 2469 0006 00000000 		.4byte	.Ldebug_info0
 2470 000a 04       		.byte	0x4
 2471 000b 00       		.byte	0
 2472 000c 0000     		.2byte	0
 2473 000e 0000     		.2byte	0
 2474 0010 00000000 		.4byte	0
 2475 0014 00000000 		.4byte	0
 2476              		.section	.debug_line,"",%progbits
 2477              	.Ldebug_line0:
 2478 0000 4F000000 		.section	.debug_str,"MS",%progbits,1
 2478      02004900 
 2478      00000201 
 2478      FB0E0D00 
 2478      01010101 
 2479              	.LASF19:
 2480 0000 2E5C4765 		.ascii	".\\Generated_Source\\PSoC5\\cymetadata.c\000"
 2480      6E657261 
 2480      7465645F 
 2480      536F7572 
 2480      63655C50 
 2481              	.LASF17:
 2482 0026 63795F6D 		.ascii	"cy_metadata\000"
 2482      65746164 
 2482      61746100 
 2483              	.LASF9:
 2484 0032 666C6F61 		.ascii	"float\000"
 2484      7400
 2485              	.LASF1:
 2486 0038 756E7369 		.ascii	"unsigned char\000"
 2486      676E6564 
 2486      20636861 
 2486      7200
 2487              	.LASF5:
 2488 0046 6C6F6E67 		.ascii	"long unsigned int\000"
 2488      20756E73 
 2488      69676E65 
ARM GAS  C:\Users\PANXIA~1\AppData\Local\Temp\ccmZtH5e.s 			page 45


 2488      6420696E 
 2488      7400
 2489              	.LASF3:
 2490 0058 73686F72 		.ascii	"short unsigned int\000"
 2490      7420756E 
 2490      7369676E 
 2490      65642069 
 2490      6E7400
 2491              	.LASF10:
 2492 006b 646F7562 		.ascii	"double\000"
 2492      6C6500
 2493              	.LASF14:
 2494 0072 63795F6D 		.ascii	"cy_meta_custnvl\000"
 2494      6574615F 
 2494      63757374 
 2494      6E766C00 
 2495              	.LASF13:
 2496 0082 63795F6D 		.ascii	"cy_meta_configecc\000"
 2496      6574615F 
 2496      636F6E66 
 2496      69676563 
 2496      6300
 2497              	.LASF18:
 2498 0094 474E5520 		.ascii	"GNU C 4.9.3 20150303 (release) [ARM/embedded-4_9-br"
 2498      4320342E 
 2498      392E3320 
 2498      32303135 
 2498      30333033 
 2499 00c7 616E6368 		.ascii	"anch revision 221220] -mcpu=cortex-m3 -mthumb -g -O"
 2499      20726576 
 2499      6973696F 
 2499      6E203232 
 2499      31323230 
 2500 00fa 67202D66 		.ascii	"g -ffunction-sections -ffat-lto-objects\000"
 2500      66756E63 
 2500      74696F6E 
 2500      2D736563 
 2500      74696F6E 
 2501              	.LASF8:
 2502 0122 756E7369 		.ascii	"unsigned int\000"
 2502      676E6564 
 2502      20696E74 
 2502      00
 2503              	.LASF7:
 2504 012f 6C6F6E67 		.ascii	"long long unsigned int\000"
 2504      206C6F6E 
 2504      6720756E 
 2504      7369676E 
 2504      65642069 
 2505              	.LASF16:
 2506 0146 63795F6D 		.ascii	"cy_meta_flashprotect\000"
 2506      6574615F 
 2506      666C6173 
 2506      6870726F 
 2506      74656374 
 2507              	.LASF15:
 2508 015b 63795F6D 		.ascii	"cy_meta_wonvl\000"
ARM GAS  C:\Users\PANXIA~1\AppData\Local\Temp\ccmZtH5e.s 			page 46


 2508      6574615F 
 2508      776F6E76 
 2508      6C00
 2509              	.LASF12:
 2510 0169 73697A65 		.ascii	"sizetype\000"
 2510      74797065 
 2510      00
 2511              	.LASF20:
 2512 0172 443A5C70 		.ascii	"D:\\project\\robot\\git_code\\robot_control_C\\robo"
 2512      726F6A65 
 2512      63745C72 
 2512      6F626F74 
 2512      5C676974 
 2513 01a0 745F636F 		.ascii	"t_control.cydsn\000"
 2513      6E74726F 
 2513      6C2E6379 
 2513      64736E00 
 2514              	.LASF6:
 2515 01b0 6C6F6E67 		.ascii	"long long int\000"
 2515      206C6F6E 
 2515      6720696E 
 2515      7400
 2516              	.LASF11:
 2517 01be 63686172 		.ascii	"char\000"
 2517      00
 2518              	.LASF2:
 2519 01c3 73686F72 		.ascii	"short int\000"
 2519      7420696E 
 2519      7400
 2520              	.LASF21:
 2521 01cd 75696E74 		.ascii	"uint8\000"
 2521      3800
 2522              	.LASF4:
 2523 01d3 6C6F6E67 		.ascii	"long int\000"
 2523      20696E74 
 2523      00
 2524              	.LASF0:
 2525 01dc 7369676E 		.ascii	"signed char\000"
 2525      65642063 
 2525      68617200 
 2526              		.ident	"GCC: (GNU Tools for ARM Embedded Processors) 4.9.3 20150303 (release) [ARM/embedded-4_9-br
