ARM GAS  C:\Users\PANXIA~1\AppData\Local\Temp\ccdzifhO.s 			page 1


   1              		.syntax unified
   2              		.cpu cortex-m3
   3              		.fpu softvfp
   4              		.eabi_attribute 20, 1
   5              		.eabi_attribute 21, 1
   6              		.eabi_attribute 23, 3
   7              		.eabi_attribute 24, 1
   8              		.eabi_attribute 25, 1
   9              		.eabi_attribute 26, 1
  10              		.eabi_attribute 30, 1
  11              		.eabi_attribute 34, 1
  12              		.eabi_attribute 18, 4
  13              		.thumb
  14              		.file	"isr_timer.c"
  15              		.text
  16              	.Ltext0:
  17              		.cfi_sections	.debug_frame
  18              		.section	.text.isr_timer_Interrupt,"ax",%progbits
  19              		.align	2
  20              		.global	isr_timer_Interrupt
  21              		.thumb
  22              		.thumb_func
  23              		.type	isr_timer_Interrupt, %function
  24              	isr_timer_Interrupt:
  25              	.LFB3:
  26              		.file 1 ".\\Generated_Source\\PSoC5\\isr_timer.c"
   1:.\Generated_Source\PSoC5/isr_timer.c **** /*******************************************************************************
   2:.\Generated_Source\PSoC5/isr_timer.c **** * File Name: isr_timer.c  
   3:.\Generated_Source\PSoC5/isr_timer.c **** * Version 1.70
   4:.\Generated_Source\PSoC5/isr_timer.c **** *
   5:.\Generated_Source\PSoC5/isr_timer.c **** *  Description:
   6:.\Generated_Source\PSoC5/isr_timer.c **** *   API for controlling the state of an interrupt.
   7:.\Generated_Source\PSoC5/isr_timer.c **** *
   8:.\Generated_Source\PSoC5/isr_timer.c **** *
   9:.\Generated_Source\PSoC5/isr_timer.c **** *  Note:
  10:.\Generated_Source\PSoC5/isr_timer.c **** *
  11:.\Generated_Source\PSoC5/isr_timer.c **** ********************************************************************************
  12:.\Generated_Source\PSoC5/isr_timer.c **** * Copyright 2008-2015, Cypress Semiconductor Corporation.  All rights reserved.
  13:.\Generated_Source\PSoC5/isr_timer.c **** * You may use this file only in accordance with the license, terms, conditions, 
  14:.\Generated_Source\PSoC5/isr_timer.c **** * disclaimers, and limitations in the end user license agreement accompanying 
  15:.\Generated_Source\PSoC5/isr_timer.c **** * the software package with which this file was provided.
  16:.\Generated_Source\PSoC5/isr_timer.c **** *******************************************************************************/
  17:.\Generated_Source\PSoC5/isr_timer.c **** 
  18:.\Generated_Source\PSoC5/isr_timer.c **** 
  19:.\Generated_Source\PSoC5/isr_timer.c **** #include <cydevice_trm.h>
  20:.\Generated_Source\PSoC5/isr_timer.c **** #include <CyLib.h>
  21:.\Generated_Source\PSoC5/isr_timer.c **** #include <isr_timer.h>
  22:.\Generated_Source\PSoC5/isr_timer.c **** #include "cyapicallbacks.h"
  23:.\Generated_Source\PSoC5/isr_timer.c **** 
  24:.\Generated_Source\PSoC5/isr_timer.c **** #if !defined(isr_timer__REMOVED) /* Check for removal by optimization */
  25:.\Generated_Source\PSoC5/isr_timer.c **** 
  26:.\Generated_Source\PSoC5/isr_timer.c **** /*******************************************************************************
  27:.\Generated_Source\PSoC5/isr_timer.c **** *  Place your includes, defines and code here 
  28:.\Generated_Source\PSoC5/isr_timer.c **** ********************************************************************************/
  29:.\Generated_Source\PSoC5/isr_timer.c **** /* `#START isr_timer_intc` */
  30:.\Generated_Source\PSoC5/isr_timer.c **** #include "buzzer.h"
  31:.\Generated_Source\PSoC5/isr_timer.c **** uint16 time_1ms;
ARM GAS  C:\Users\PANXIA~1\AppData\Local\Temp\ccdzifhO.s 			page 2


  32:.\Generated_Source\PSoC5/isr_timer.c **** uint16 time_5ms;   
  33:.\Generated_Source\PSoC5/isr_timer.c **** uint16 time_100ms;
  34:.\Generated_Source\PSoC5/isr_timer.c **** uint8  time_100ms_state;
  35:.\Generated_Source\PSoC5/isr_timer.c **** uint8  time_5ms_state;
  36:.\Generated_Source\PSoC5/isr_timer.c **** uint16 time_1s;  
  37:.\Generated_Source\PSoC5/isr_timer.c ****  uint16 time_1s_state;    
  38:.\Generated_Source\PSoC5/isr_timer.c **** /* `#END` */
  39:.\Generated_Source\PSoC5/isr_timer.c **** 
  40:.\Generated_Source\PSoC5/isr_timer.c **** #ifndef CYINT_IRQ_BASE
  41:.\Generated_Source\PSoC5/isr_timer.c **** #define CYINT_IRQ_BASE      16
  42:.\Generated_Source\PSoC5/isr_timer.c **** #endif /* CYINT_IRQ_BASE */
  43:.\Generated_Source\PSoC5/isr_timer.c **** #ifndef CYINT_VECT_TABLE
  44:.\Generated_Source\PSoC5/isr_timer.c **** #define CYINT_VECT_TABLE    ((cyisraddress **) CYREG_NVIC_VECT_OFFSET)
  45:.\Generated_Source\PSoC5/isr_timer.c **** #endif /* CYINT_VECT_TABLE */
  46:.\Generated_Source\PSoC5/isr_timer.c **** 
  47:.\Generated_Source\PSoC5/isr_timer.c **** /* Declared in startup, used to set unused interrupts to. */
  48:.\Generated_Source\PSoC5/isr_timer.c **** CY_ISR_PROTO(IntDefaultHandler);
  49:.\Generated_Source\PSoC5/isr_timer.c **** 
  50:.\Generated_Source\PSoC5/isr_timer.c **** 
  51:.\Generated_Source\PSoC5/isr_timer.c **** /*******************************************************************************
  52:.\Generated_Source\PSoC5/isr_timer.c **** * Function Name: isr_timer_Start
  53:.\Generated_Source\PSoC5/isr_timer.c **** ********************************************************************************
  54:.\Generated_Source\PSoC5/isr_timer.c **** *
  55:.\Generated_Source\PSoC5/isr_timer.c **** * Summary:
  56:.\Generated_Source\PSoC5/isr_timer.c **** *  Set up the interrupt and enable it. This function disables the interrupt, 
  57:.\Generated_Source\PSoC5/isr_timer.c **** *  sets the default interrupt vector, sets the priority from the value in the
  58:.\Generated_Source\PSoC5/isr_timer.c **** *  Design Wide Resources Interrupt Editor, then enables the interrupt to the 
  59:.\Generated_Source\PSoC5/isr_timer.c **** *  interrupt controller.
  60:.\Generated_Source\PSoC5/isr_timer.c **** *
  61:.\Generated_Source\PSoC5/isr_timer.c **** * Parameters:  
  62:.\Generated_Source\PSoC5/isr_timer.c **** *   None
  63:.\Generated_Source\PSoC5/isr_timer.c **** *
  64:.\Generated_Source\PSoC5/isr_timer.c **** * Return:
  65:.\Generated_Source\PSoC5/isr_timer.c **** *   None
  66:.\Generated_Source\PSoC5/isr_timer.c **** *
  67:.\Generated_Source\PSoC5/isr_timer.c **** *******************************************************************************/
  68:.\Generated_Source\PSoC5/isr_timer.c **** void isr_timer_Start(void)
  69:.\Generated_Source\PSoC5/isr_timer.c **** {
  70:.\Generated_Source\PSoC5/isr_timer.c ****     /* For all we know the interrupt is active. */
  71:.\Generated_Source\PSoC5/isr_timer.c ****     isr_timer_Disable();
  72:.\Generated_Source\PSoC5/isr_timer.c **** 
  73:.\Generated_Source\PSoC5/isr_timer.c ****     /* Set the ISR to point to the isr_timer Interrupt. */
  74:.\Generated_Source\PSoC5/isr_timer.c ****     isr_timer_SetVector(&isr_timer_Interrupt);
  75:.\Generated_Source\PSoC5/isr_timer.c **** 
  76:.\Generated_Source\PSoC5/isr_timer.c ****     /* Set the priority. */
  77:.\Generated_Source\PSoC5/isr_timer.c ****     isr_timer_SetPriority((uint8)isr_timer_INTC_PRIOR_NUMBER);
  78:.\Generated_Source\PSoC5/isr_timer.c **** 
  79:.\Generated_Source\PSoC5/isr_timer.c ****     /* Enable it. */
  80:.\Generated_Source\PSoC5/isr_timer.c ****     isr_timer_Enable();
  81:.\Generated_Source\PSoC5/isr_timer.c **** }
  82:.\Generated_Source\PSoC5/isr_timer.c **** 
  83:.\Generated_Source\PSoC5/isr_timer.c **** 
  84:.\Generated_Source\PSoC5/isr_timer.c **** /*******************************************************************************
  85:.\Generated_Source\PSoC5/isr_timer.c **** * Function Name: isr_timer_StartEx
  86:.\Generated_Source\PSoC5/isr_timer.c **** ********************************************************************************
  87:.\Generated_Source\PSoC5/isr_timer.c **** *
  88:.\Generated_Source\PSoC5/isr_timer.c **** * Summary:
ARM GAS  C:\Users\PANXIA~1\AppData\Local\Temp\ccdzifhO.s 			page 3


  89:.\Generated_Source\PSoC5/isr_timer.c **** *  Sets up the interrupt and enables it. This function disables the interrupt,
  90:.\Generated_Source\PSoC5/isr_timer.c **** *  sets the interrupt vector based on the address passed in, sets the priority 
  91:.\Generated_Source\PSoC5/isr_timer.c **** *  from the value in the Design Wide Resources Interrupt Editor, then enables 
  92:.\Generated_Source\PSoC5/isr_timer.c **** *  the interrupt to the interrupt controller.
  93:.\Generated_Source\PSoC5/isr_timer.c **** *  
  94:.\Generated_Source\PSoC5/isr_timer.c **** *  When defining ISR functions, the CY_ISR and CY_ISR_PROTO macros should be 
  95:.\Generated_Source\PSoC5/isr_timer.c **** *  used to provide consistent definition across compilers:
  96:.\Generated_Source\PSoC5/isr_timer.c **** *  
  97:.\Generated_Source\PSoC5/isr_timer.c **** *  Function definition example:
  98:.\Generated_Source\PSoC5/isr_timer.c **** *   CY_ISR(MyISR)
  99:.\Generated_Source\PSoC5/isr_timer.c **** *   {
 100:.\Generated_Source\PSoC5/isr_timer.c **** *   }
 101:.\Generated_Source\PSoC5/isr_timer.c **** *   Function prototype example:
 102:.\Generated_Source\PSoC5/isr_timer.c **** *   CY_ISR_PROTO(MyISR);
 103:.\Generated_Source\PSoC5/isr_timer.c **** *
 104:.\Generated_Source\PSoC5/isr_timer.c **** * Parameters:  
 105:.\Generated_Source\PSoC5/isr_timer.c **** *   address: Address of the ISR to set in the interrupt vector table.
 106:.\Generated_Source\PSoC5/isr_timer.c **** *
 107:.\Generated_Source\PSoC5/isr_timer.c **** * Return:
 108:.\Generated_Source\PSoC5/isr_timer.c **** *   None
 109:.\Generated_Source\PSoC5/isr_timer.c **** *
 110:.\Generated_Source\PSoC5/isr_timer.c **** *******************************************************************************/
 111:.\Generated_Source\PSoC5/isr_timer.c **** void isr_timer_StartEx(cyisraddress address)
 112:.\Generated_Source\PSoC5/isr_timer.c **** {
 113:.\Generated_Source\PSoC5/isr_timer.c ****     /* For all we know the interrupt is active. */
 114:.\Generated_Source\PSoC5/isr_timer.c ****     isr_timer_Disable();
 115:.\Generated_Source\PSoC5/isr_timer.c **** 
 116:.\Generated_Source\PSoC5/isr_timer.c ****     /* Set the ISR to point to the isr_timer Interrupt. */
 117:.\Generated_Source\PSoC5/isr_timer.c ****     isr_timer_SetVector(address);
 118:.\Generated_Source\PSoC5/isr_timer.c **** 
 119:.\Generated_Source\PSoC5/isr_timer.c ****     /* Set the priority. */
 120:.\Generated_Source\PSoC5/isr_timer.c ****     isr_timer_SetPriority((uint8)isr_timer_INTC_PRIOR_NUMBER);
 121:.\Generated_Source\PSoC5/isr_timer.c **** 
 122:.\Generated_Source\PSoC5/isr_timer.c ****     /* Enable it. */
 123:.\Generated_Source\PSoC5/isr_timer.c ****     isr_timer_Enable();
 124:.\Generated_Source\PSoC5/isr_timer.c **** }
 125:.\Generated_Source\PSoC5/isr_timer.c **** 
 126:.\Generated_Source\PSoC5/isr_timer.c **** 
 127:.\Generated_Source\PSoC5/isr_timer.c **** /*******************************************************************************
 128:.\Generated_Source\PSoC5/isr_timer.c **** * Function Name: isr_timer_Stop
 129:.\Generated_Source\PSoC5/isr_timer.c **** ********************************************************************************
 130:.\Generated_Source\PSoC5/isr_timer.c **** *
 131:.\Generated_Source\PSoC5/isr_timer.c **** * Summary:
 132:.\Generated_Source\PSoC5/isr_timer.c **** *   Disables and removes the interrupt.
 133:.\Generated_Source\PSoC5/isr_timer.c **** *
 134:.\Generated_Source\PSoC5/isr_timer.c **** * Parameters:  
 135:.\Generated_Source\PSoC5/isr_timer.c **** *   None
 136:.\Generated_Source\PSoC5/isr_timer.c **** *
 137:.\Generated_Source\PSoC5/isr_timer.c **** * Return:
 138:.\Generated_Source\PSoC5/isr_timer.c **** *   None
 139:.\Generated_Source\PSoC5/isr_timer.c **** *
 140:.\Generated_Source\PSoC5/isr_timer.c **** *******************************************************************************/
 141:.\Generated_Source\PSoC5/isr_timer.c **** void isr_timer_Stop(void)
 142:.\Generated_Source\PSoC5/isr_timer.c **** {
 143:.\Generated_Source\PSoC5/isr_timer.c ****     /* Disable this interrupt. */
 144:.\Generated_Source\PSoC5/isr_timer.c ****     isr_timer_Disable();
 145:.\Generated_Source\PSoC5/isr_timer.c **** 
ARM GAS  C:\Users\PANXIA~1\AppData\Local\Temp\ccdzifhO.s 			page 4


 146:.\Generated_Source\PSoC5/isr_timer.c ****     /* Set the ISR to point to the passive one. */
 147:.\Generated_Source\PSoC5/isr_timer.c ****     isr_timer_SetVector(&IntDefaultHandler);
 148:.\Generated_Source\PSoC5/isr_timer.c **** }
 149:.\Generated_Source\PSoC5/isr_timer.c **** 
 150:.\Generated_Source\PSoC5/isr_timer.c **** 
 151:.\Generated_Source\PSoC5/isr_timer.c **** /*******************************************************************************
 152:.\Generated_Source\PSoC5/isr_timer.c **** * Function Name: isr_timer_Interrupt
 153:.\Generated_Source\PSoC5/isr_timer.c **** ********************************************************************************
 154:.\Generated_Source\PSoC5/isr_timer.c **** *
 155:.\Generated_Source\PSoC5/isr_timer.c **** * Summary:
 156:.\Generated_Source\PSoC5/isr_timer.c **** *   The default Interrupt Service Routine for isr_timer.
 157:.\Generated_Source\PSoC5/isr_timer.c **** *
 158:.\Generated_Source\PSoC5/isr_timer.c **** *   Add custom code between the coments to keep the next version of this file
 159:.\Generated_Source\PSoC5/isr_timer.c **** *   from over writting your code.
 160:.\Generated_Source\PSoC5/isr_timer.c **** *
 161:.\Generated_Source\PSoC5/isr_timer.c **** * Parameters:  
 162:.\Generated_Source\PSoC5/isr_timer.c **** *
 163:.\Generated_Source\PSoC5/isr_timer.c **** * Return:
 164:.\Generated_Source\PSoC5/isr_timer.c **** *   None
 165:.\Generated_Source\PSoC5/isr_timer.c **** *
 166:.\Generated_Source\PSoC5/isr_timer.c **** *******************************************************************************/
 167:.\Generated_Source\PSoC5/isr_timer.c **** CY_ISR(isr_timer_Interrupt)
 168:.\Generated_Source\PSoC5/isr_timer.c **** {
  27              		.loc 1 168 0
  28              		.cfi_startproc
  29              		@ args = 0, pretend = 0, frame = 0
  30              		@ frame_needed = 0, uses_anonymous_args = 0
  31              		@ link register save eliminated.
 169:.\Generated_Source\PSoC5/isr_timer.c ****     #ifdef isr_timer_INTERRUPT_INTERRUPT_CALLBACK
 170:.\Generated_Source\PSoC5/isr_timer.c ****         isr_timer_Interrupt_InterruptCallback();
 171:.\Generated_Source\PSoC5/isr_timer.c ****     #endif /* isr_timer_INTERRUPT_INTERRUPT_CALLBACK */ 
 172:.\Generated_Source\PSoC5/isr_timer.c **** 
 173:.\Generated_Source\PSoC5/isr_timer.c ****     /*  Place your Interrupt code here. */
 174:.\Generated_Source\PSoC5/isr_timer.c ****     /* `#START isr_timer_Interrupt` */
 175:.\Generated_Source\PSoC5/isr_timer.c ****          time_5ms++;
  32              		.loc 1 175 0
  33 0000 144A     		ldr	r2, .L5
  34 0002 1388     		ldrh	r3, [r2]
  35 0004 0133     		adds	r3, r3, #1
  36 0006 9BB2     		uxth	r3, r3
  37 0008 1380     		strh	r3, [r2]	@ movhi
 176:.\Generated_Source\PSoC5/isr_timer.c ****          time_1s++;
  38              		.loc 1 176 0
  39 000a 134A     		ldr	r2, .L5+4
  40 000c 1188     		ldrh	r1, [r2]
  41 000e 0131     		adds	r1, r1, #1
  42 0010 89B2     		uxth	r1, r1
  43 0012 1180     		strh	r1, [r2]	@ movhi
 177:.\Generated_Source\PSoC5/isr_timer.c ****     time_100ms++;
  44              		.loc 1 177 0
  45 0014 1148     		ldr	r0, .L5+8
  46 0016 0288     		ldrh	r2, [r0]
  47 0018 0132     		adds	r2, r2, #1
  48 001a 92B2     		uxth	r2, r2
  49 001c 0280     		strh	r2, [r0]	@ movhi
 178:.\Generated_Source\PSoC5/isr_timer.c ****     if(time_1s >1000)
  50              		.loc 1 178 0
ARM GAS  C:\Users\PANXIA~1\AppData\Local\Temp\ccdzifhO.s 			page 5


  51 001e B1F57A7F 		cmp	r1, #1000
  52 0022 05D9     		bls	.L2
 179:.\Generated_Source\PSoC5/isr_timer.c ****     {
 180:.\Generated_Source\PSoC5/isr_timer.c ****         time_1s_state = 1;
  53              		.loc 1 180 0
  54 0024 0120     		movs	r0, #1
  55 0026 0E49     		ldr	r1, .L5+12
  56 0028 0880     		strh	r0, [r1]	@ movhi
 181:.\Generated_Source\PSoC5/isr_timer.c ****         time_1s = 0;
  57              		.loc 1 181 0
  58 002a 0020     		movs	r0, #0
  59 002c 0A49     		ldr	r1, .L5+4
  60 002e 0880     		strh	r0, [r1]	@ movhi
  61              	.L2:
 182:.\Generated_Source\PSoC5/isr_timer.c ****     }
 183:.\Generated_Source\PSoC5/isr_timer.c ****     if(time_100ms >100)
  62              		.loc 1 183 0
  63 0030 642A     		cmp	r2, #100
  64 0032 05D9     		bls	.L3
 184:.\Generated_Source\PSoC5/isr_timer.c ****     {
 185:.\Generated_Source\PSoC5/isr_timer.c ****         time_100ms_state = 1;
  65              		.loc 1 185 0
  66 0034 0121     		movs	r1, #1
  67 0036 0B4A     		ldr	r2, .L5+16
  68 0038 1170     		strb	r1, [r2]
 186:.\Generated_Source\PSoC5/isr_timer.c ****         time_100ms = 0;
  69              		.loc 1 186 0
  70 003a 0021     		movs	r1, #0
  71 003c 074A     		ldr	r2, .L5+8
  72 003e 1180     		strh	r1, [r2]	@ movhi
  73              	.L3:
 187:.\Generated_Source\PSoC5/isr_timer.c ****     }
 188:.\Generated_Source\PSoC5/isr_timer.c ****       if(time_5ms > 5)
  74              		.loc 1 188 0
  75 0040 052B     		cmp	r3, #5
  76 0042 05D9     		bls	.L1
 189:.\Generated_Source\PSoC5/isr_timer.c ****       {
 190:.\Generated_Source\PSoC5/isr_timer.c ****        
 191:.\Generated_Source\PSoC5/isr_timer.c ****         time_5ms_state = 1;
  77              		.loc 1 191 0
  78 0044 0122     		movs	r2, #1
  79 0046 084B     		ldr	r3, .L5+20
  80 0048 1A70     		strb	r2, [r3]
 192:.\Generated_Source\PSoC5/isr_timer.c ****         time_5ms = 0;
  81              		.loc 1 192 0
  82 004a 0022     		movs	r2, #0
  83 004c 014B     		ldr	r3, .L5
  84 004e 1A80     		strh	r2, [r3]	@ movhi
  85              	.L1:
  86 0050 7047     		bx	lr
  87              	.L6:
  88 0052 00BF     		.align	2
  89              	.L5:
  90 0054 00000000 		.word	time_5ms
  91 0058 00000000 		.word	time_1s
  92 005c 00000000 		.word	time_100ms
  93 0060 00000000 		.word	time_1s_state
ARM GAS  C:\Users\PANXIA~1\AppData\Local\Temp\ccdzifhO.s 			page 6


  94 0064 00000000 		.word	time_100ms_state
  95 0068 00000000 		.word	time_5ms_state
  96              		.cfi_endproc
  97              	.LFE3:
  98              		.size	isr_timer_Interrupt, .-isr_timer_Interrupt
  99              		.section	.text.isr_timer_SetVector,"ax",%progbits
 100              		.align	2
 101              		.global	isr_timer_SetVector
 102              		.thumb
 103              		.thumb_func
 104              		.type	isr_timer_SetVector, %function
 105              	isr_timer_SetVector:
 106              	.LFB4:
 193:.\Generated_Source\PSoC5/isr_timer.c ****       }
 194:.\Generated_Source\PSoC5/isr_timer.c ****     /* `#END` */
 195:.\Generated_Source\PSoC5/isr_timer.c **** }
 196:.\Generated_Source\PSoC5/isr_timer.c **** 
 197:.\Generated_Source\PSoC5/isr_timer.c **** 
 198:.\Generated_Source\PSoC5/isr_timer.c **** /*******************************************************************************
 199:.\Generated_Source\PSoC5/isr_timer.c **** * Function Name: isr_timer_SetVector
 200:.\Generated_Source\PSoC5/isr_timer.c **** ********************************************************************************
 201:.\Generated_Source\PSoC5/isr_timer.c **** *
 202:.\Generated_Source\PSoC5/isr_timer.c **** * Summary:
 203:.\Generated_Source\PSoC5/isr_timer.c **** *   Change the ISR vector for the Interrupt. Note calling isr_timer_Start
 204:.\Generated_Source\PSoC5/isr_timer.c **** *   will override any effect this method would have had. To set the vector 
 205:.\Generated_Source\PSoC5/isr_timer.c **** *   before the component has been started use isr_timer_StartEx instead.
 206:.\Generated_Source\PSoC5/isr_timer.c **** * 
 207:.\Generated_Source\PSoC5/isr_timer.c **** *   When defining ISR functions, the CY_ISR and CY_ISR_PROTO macros should be 
 208:.\Generated_Source\PSoC5/isr_timer.c **** *   used to provide consistent definition across compilers:
 209:.\Generated_Source\PSoC5/isr_timer.c **** *
 210:.\Generated_Source\PSoC5/isr_timer.c **** *   Function definition example:
 211:.\Generated_Source\PSoC5/isr_timer.c **** *   CY_ISR(MyISR)
 212:.\Generated_Source\PSoC5/isr_timer.c **** *   {
 213:.\Generated_Source\PSoC5/isr_timer.c **** *   }
 214:.\Generated_Source\PSoC5/isr_timer.c **** *
 215:.\Generated_Source\PSoC5/isr_timer.c **** *   Function prototype example:
 216:.\Generated_Source\PSoC5/isr_timer.c **** *     CY_ISR_PROTO(MyISR);
 217:.\Generated_Source\PSoC5/isr_timer.c **** *
 218:.\Generated_Source\PSoC5/isr_timer.c **** * Parameters:
 219:.\Generated_Source\PSoC5/isr_timer.c **** *   address: Address of the ISR to set in the interrupt vector table.
 220:.\Generated_Source\PSoC5/isr_timer.c **** *
 221:.\Generated_Source\PSoC5/isr_timer.c **** * Return:
 222:.\Generated_Source\PSoC5/isr_timer.c **** *   None
 223:.\Generated_Source\PSoC5/isr_timer.c **** *
 224:.\Generated_Source\PSoC5/isr_timer.c **** *******************************************************************************/
 225:.\Generated_Source\PSoC5/isr_timer.c **** void isr_timer_SetVector(cyisraddress address)
 226:.\Generated_Source\PSoC5/isr_timer.c **** {
 107              		.loc 1 226 0
 108              		.cfi_startproc
 109              		@ args = 0, pretend = 0, frame = 0
 110              		@ frame_needed = 0, uses_anonymous_args = 0
 111              		@ link register save eliminated.
 112              	.LVL0:
 227:.\Generated_Source\PSoC5/isr_timer.c ****     cyisraddress * ramVectorTable;
 228:.\Generated_Source\PSoC5/isr_timer.c **** 
 229:.\Generated_Source\PSoC5/isr_timer.c ****     ramVectorTable = (cyisraddress *) *CYINT_VECT_TABLE;
 113              		.loc 1 229 0
ARM GAS  C:\Users\PANXIA~1\AppData\Local\Temp\ccdzifhO.s 			page 7


 114 0000 014B     		ldr	r3, .L8
 115 0002 1B68     		ldr	r3, [r3]
 116              	.LVL1:
 230:.\Generated_Source\PSoC5/isr_timer.c **** 
 231:.\Generated_Source\PSoC5/isr_timer.c ****     ramVectorTable[CYINT_IRQ_BASE + (uint32)isr_timer__INTC_NUMBER] = address;
 117              		.loc 1 231 0
 118 0004 9864     		str	r0, [r3, #72]
 119 0006 7047     		bx	lr
 120              	.L9:
 121              		.align	2
 122              	.L8:
 123 0008 08ED00E0 		.word	-536810232
 124              		.cfi_endproc
 125              	.LFE4:
 126              		.size	isr_timer_SetVector, .-isr_timer_SetVector
 127              		.section	.text.isr_timer_GetVector,"ax",%progbits
 128              		.align	2
 129              		.global	isr_timer_GetVector
 130              		.thumb
 131              		.thumb_func
 132              		.type	isr_timer_GetVector, %function
 133              	isr_timer_GetVector:
 134              	.LFB5:
 232:.\Generated_Source\PSoC5/isr_timer.c **** }
 233:.\Generated_Source\PSoC5/isr_timer.c **** 
 234:.\Generated_Source\PSoC5/isr_timer.c **** 
 235:.\Generated_Source\PSoC5/isr_timer.c **** /*******************************************************************************
 236:.\Generated_Source\PSoC5/isr_timer.c **** * Function Name: isr_timer_GetVector
 237:.\Generated_Source\PSoC5/isr_timer.c **** ********************************************************************************
 238:.\Generated_Source\PSoC5/isr_timer.c **** *
 239:.\Generated_Source\PSoC5/isr_timer.c **** * Summary:
 240:.\Generated_Source\PSoC5/isr_timer.c **** *   Gets the "address" of the current ISR vector for the Interrupt.
 241:.\Generated_Source\PSoC5/isr_timer.c **** *
 242:.\Generated_Source\PSoC5/isr_timer.c **** * Parameters:
 243:.\Generated_Source\PSoC5/isr_timer.c **** *   None
 244:.\Generated_Source\PSoC5/isr_timer.c **** *
 245:.\Generated_Source\PSoC5/isr_timer.c **** * Return:
 246:.\Generated_Source\PSoC5/isr_timer.c **** *   Address of the ISR in the interrupt vector table.
 247:.\Generated_Source\PSoC5/isr_timer.c **** *
 248:.\Generated_Source\PSoC5/isr_timer.c **** *******************************************************************************/
 249:.\Generated_Source\PSoC5/isr_timer.c **** cyisraddress isr_timer_GetVector(void)
 250:.\Generated_Source\PSoC5/isr_timer.c **** {
 135              		.loc 1 250 0
 136              		.cfi_startproc
 137              		@ args = 0, pretend = 0, frame = 0
 138              		@ frame_needed = 0, uses_anonymous_args = 0
 139              		@ link register save eliminated.
 251:.\Generated_Source\PSoC5/isr_timer.c ****     cyisraddress * ramVectorTable;
 252:.\Generated_Source\PSoC5/isr_timer.c **** 
 253:.\Generated_Source\PSoC5/isr_timer.c ****     ramVectorTable = (cyisraddress *) *CYINT_VECT_TABLE;
 140              		.loc 1 253 0
 141 0000 014B     		ldr	r3, .L11
 142 0002 1B68     		ldr	r3, [r3]
 143              	.LVL2:
 254:.\Generated_Source\PSoC5/isr_timer.c **** 
 255:.\Generated_Source\PSoC5/isr_timer.c ****     return ramVectorTable[CYINT_IRQ_BASE + (uint32)isr_timer__INTC_NUMBER];
 256:.\Generated_Source\PSoC5/isr_timer.c **** }
ARM GAS  C:\Users\PANXIA~1\AppData\Local\Temp\ccdzifhO.s 			page 8


 144              		.loc 1 256 0
 145 0004 986C     		ldr	r0, [r3, #72]
 146 0006 7047     		bx	lr
 147              	.L12:
 148              		.align	2
 149              	.L11:
 150 0008 08ED00E0 		.word	-536810232
 151              		.cfi_endproc
 152              	.LFE5:
 153              		.size	isr_timer_GetVector, .-isr_timer_GetVector
 154              		.section	.text.isr_timer_SetPriority,"ax",%progbits
 155              		.align	2
 156              		.global	isr_timer_SetPriority
 157              		.thumb
 158              		.thumb_func
 159              		.type	isr_timer_SetPriority, %function
 160              	isr_timer_SetPriority:
 161              	.LFB6:
 257:.\Generated_Source\PSoC5/isr_timer.c **** 
 258:.\Generated_Source\PSoC5/isr_timer.c **** 
 259:.\Generated_Source\PSoC5/isr_timer.c **** /*******************************************************************************
 260:.\Generated_Source\PSoC5/isr_timer.c **** * Function Name: isr_timer_SetPriority
 261:.\Generated_Source\PSoC5/isr_timer.c **** ********************************************************************************
 262:.\Generated_Source\PSoC5/isr_timer.c **** *
 263:.\Generated_Source\PSoC5/isr_timer.c **** * Summary:
 264:.\Generated_Source\PSoC5/isr_timer.c **** *   Sets the Priority of the Interrupt. 
 265:.\Generated_Source\PSoC5/isr_timer.c **** *
 266:.\Generated_Source\PSoC5/isr_timer.c **** *   Note calling isr_timer_Start or isr_timer_StartEx will 
 267:.\Generated_Source\PSoC5/isr_timer.c **** *   override any effect this API would have had. This API should only be called
 268:.\Generated_Source\PSoC5/isr_timer.c **** *   after isr_timer_Start or isr_timer_StartEx has been called. 
 269:.\Generated_Source\PSoC5/isr_timer.c **** *   To set the initial priority for the component, use the Design-Wide Resources
 270:.\Generated_Source\PSoC5/isr_timer.c **** *   Interrupt Editor.
 271:.\Generated_Source\PSoC5/isr_timer.c **** *
 272:.\Generated_Source\PSoC5/isr_timer.c **** *   Note This API has no effect on Non-maskable interrupt NMI).
 273:.\Generated_Source\PSoC5/isr_timer.c **** *
 274:.\Generated_Source\PSoC5/isr_timer.c **** * Parameters:
 275:.\Generated_Source\PSoC5/isr_timer.c **** *   priority: Priority of the interrupt, 0 being the highest priority
 276:.\Generated_Source\PSoC5/isr_timer.c **** *             PSoC 3 and PSoC 5LP: Priority is from 0 to 7.
 277:.\Generated_Source\PSoC5/isr_timer.c **** *             PSoC 4: Priority is from 0 to 3.
 278:.\Generated_Source\PSoC5/isr_timer.c **** *
 279:.\Generated_Source\PSoC5/isr_timer.c **** * Return:
 280:.\Generated_Source\PSoC5/isr_timer.c **** *   None
 281:.\Generated_Source\PSoC5/isr_timer.c **** *
 282:.\Generated_Source\PSoC5/isr_timer.c **** *******************************************************************************/
 283:.\Generated_Source\PSoC5/isr_timer.c **** void isr_timer_SetPriority(uint8 priority)
 284:.\Generated_Source\PSoC5/isr_timer.c **** {
 162              		.loc 1 284 0
 163              		.cfi_startproc
 164              		@ args = 0, pretend = 0, frame = 0
 165              		@ frame_needed = 0, uses_anonymous_args = 0
 166              		@ link register save eliminated.
 167              	.LVL3:
 285:.\Generated_Source\PSoC5/isr_timer.c ****     *isr_timer_INTC_PRIOR = priority << 5;
 168              		.loc 1 285 0
 169 0000 4001     		lsls	r0, r0, #5
 170              	.LVL4:
 171 0002 C0B2     		uxtb	r0, r0
ARM GAS  C:\Users\PANXIA~1\AppData\Local\Temp\ccdzifhO.s 			page 9


 172 0004 014B     		ldr	r3, .L14
 173 0006 1870     		strb	r0, [r3]
 174 0008 7047     		bx	lr
 175              	.L15:
 176 000a 00BF     		.align	2
 177              	.L14:
 178 000c 02E400E0 		.word	-536812542
 179              		.cfi_endproc
 180              	.LFE6:
 181              		.size	isr_timer_SetPriority, .-isr_timer_SetPriority
 182              		.section	.text.isr_timer_GetPriority,"ax",%progbits
 183              		.align	2
 184              		.global	isr_timer_GetPriority
 185              		.thumb
 186              		.thumb_func
 187              		.type	isr_timer_GetPriority, %function
 188              	isr_timer_GetPriority:
 189              	.LFB7:
 286:.\Generated_Source\PSoC5/isr_timer.c **** }
 287:.\Generated_Source\PSoC5/isr_timer.c **** 
 288:.\Generated_Source\PSoC5/isr_timer.c **** 
 289:.\Generated_Source\PSoC5/isr_timer.c **** /*******************************************************************************
 290:.\Generated_Source\PSoC5/isr_timer.c **** * Function Name: isr_timer_GetPriority
 291:.\Generated_Source\PSoC5/isr_timer.c **** ********************************************************************************
 292:.\Generated_Source\PSoC5/isr_timer.c **** *
 293:.\Generated_Source\PSoC5/isr_timer.c **** * Summary:
 294:.\Generated_Source\PSoC5/isr_timer.c **** *   Gets the Priority of the Interrupt.
 295:.\Generated_Source\PSoC5/isr_timer.c **** *
 296:.\Generated_Source\PSoC5/isr_timer.c **** * Parameters:
 297:.\Generated_Source\PSoC5/isr_timer.c **** *   None
 298:.\Generated_Source\PSoC5/isr_timer.c **** *
 299:.\Generated_Source\PSoC5/isr_timer.c **** * Return:
 300:.\Generated_Source\PSoC5/isr_timer.c **** *   Priority of the interrupt, 0 being the highest priority
 301:.\Generated_Source\PSoC5/isr_timer.c **** *    PSoC 3 and PSoC 5LP: Priority is from 0 to 7.
 302:.\Generated_Source\PSoC5/isr_timer.c **** *    PSoC 4: Priority is from 0 to 3.
 303:.\Generated_Source\PSoC5/isr_timer.c **** *
 304:.\Generated_Source\PSoC5/isr_timer.c **** *******************************************************************************/
 305:.\Generated_Source\PSoC5/isr_timer.c **** uint8 isr_timer_GetPriority(void)
 306:.\Generated_Source\PSoC5/isr_timer.c **** {
 190              		.loc 1 306 0
 191              		.cfi_startproc
 192              		@ args = 0, pretend = 0, frame = 0
 193              		@ frame_needed = 0, uses_anonymous_args = 0
 194              		@ link register save eliminated.
 307:.\Generated_Source\PSoC5/isr_timer.c ****     uint8 priority;
 308:.\Generated_Source\PSoC5/isr_timer.c **** 
 309:.\Generated_Source\PSoC5/isr_timer.c **** 
 310:.\Generated_Source\PSoC5/isr_timer.c ****     priority = *isr_timer_INTC_PRIOR >> 5;
 195              		.loc 1 310 0
 196 0000 014B     		ldr	r3, .L17
 197 0002 1878     		ldrb	r0, [r3]	@ zero_extendqisi2
 198              	.LVL5:
 311:.\Generated_Source\PSoC5/isr_timer.c **** 
 312:.\Generated_Source\PSoC5/isr_timer.c ****     return priority;
 313:.\Generated_Source\PSoC5/isr_timer.c **** }
 199              		.loc 1 313 0
 200 0004 4009     		lsrs	r0, r0, #5
ARM GAS  C:\Users\PANXIA~1\AppData\Local\Temp\ccdzifhO.s 			page 10


 201              	.LVL6:
 202 0006 7047     		bx	lr
 203              	.L18:
 204              		.align	2
 205              	.L17:
 206 0008 02E400E0 		.word	-536812542
 207              		.cfi_endproc
 208              	.LFE7:
 209              		.size	isr_timer_GetPriority, .-isr_timer_GetPriority
 210              		.section	.text.isr_timer_Enable,"ax",%progbits
 211              		.align	2
 212              		.global	isr_timer_Enable
 213              		.thumb
 214              		.thumb_func
 215              		.type	isr_timer_Enable, %function
 216              	isr_timer_Enable:
 217              	.LFB8:
 314:.\Generated_Source\PSoC5/isr_timer.c **** 
 315:.\Generated_Source\PSoC5/isr_timer.c **** 
 316:.\Generated_Source\PSoC5/isr_timer.c **** /*******************************************************************************
 317:.\Generated_Source\PSoC5/isr_timer.c **** * Function Name: isr_timer_Enable
 318:.\Generated_Source\PSoC5/isr_timer.c **** ********************************************************************************
 319:.\Generated_Source\PSoC5/isr_timer.c **** *
 320:.\Generated_Source\PSoC5/isr_timer.c **** * Summary:
 321:.\Generated_Source\PSoC5/isr_timer.c **** *   Enables the interrupt to the interrupt controller. Do not call this function
 322:.\Generated_Source\PSoC5/isr_timer.c **** *   unless ISR_Start() has been called or the functionality of the ISR_Start() 
 323:.\Generated_Source\PSoC5/isr_timer.c **** *   function, which sets the vector and the priority, has been called.
 324:.\Generated_Source\PSoC5/isr_timer.c **** *
 325:.\Generated_Source\PSoC5/isr_timer.c **** * Parameters:
 326:.\Generated_Source\PSoC5/isr_timer.c **** *   None
 327:.\Generated_Source\PSoC5/isr_timer.c **** *
 328:.\Generated_Source\PSoC5/isr_timer.c **** * Return:
 329:.\Generated_Source\PSoC5/isr_timer.c **** *   None
 330:.\Generated_Source\PSoC5/isr_timer.c **** *
 331:.\Generated_Source\PSoC5/isr_timer.c **** *******************************************************************************/
 332:.\Generated_Source\PSoC5/isr_timer.c **** void isr_timer_Enable(void)
 333:.\Generated_Source\PSoC5/isr_timer.c **** {
 218              		.loc 1 333 0
 219              		.cfi_startproc
 220              		@ args = 0, pretend = 0, frame = 0
 221              		@ frame_needed = 0, uses_anonymous_args = 0
 222              		@ link register save eliminated.
 334:.\Generated_Source\PSoC5/isr_timer.c ****     /* Enable the general interrupt. */
 335:.\Generated_Source\PSoC5/isr_timer.c ****     *isr_timer_INTC_SET_EN = isr_timer__INTC_MASK;
 223              		.loc 1 335 0
 224 0000 0422     		movs	r2, #4
 225 0002 014B     		ldr	r3, .L20
 226 0004 1A60     		str	r2, [r3]
 227 0006 7047     		bx	lr
 228              	.L21:
 229              		.align	2
 230              	.L20:
 231 0008 00E100E0 		.word	-536813312
 232              		.cfi_endproc
 233              	.LFE8:
 234              		.size	isr_timer_Enable, .-isr_timer_Enable
 235              		.section	.text.isr_timer_GetState,"ax",%progbits
ARM GAS  C:\Users\PANXIA~1\AppData\Local\Temp\ccdzifhO.s 			page 11


 236              		.align	2
 237              		.global	isr_timer_GetState
 238              		.thumb
 239              		.thumb_func
 240              		.type	isr_timer_GetState, %function
 241              	isr_timer_GetState:
 242              	.LFB9:
 336:.\Generated_Source\PSoC5/isr_timer.c **** }
 337:.\Generated_Source\PSoC5/isr_timer.c **** 
 338:.\Generated_Source\PSoC5/isr_timer.c **** 
 339:.\Generated_Source\PSoC5/isr_timer.c **** /*******************************************************************************
 340:.\Generated_Source\PSoC5/isr_timer.c **** * Function Name: isr_timer_GetState
 341:.\Generated_Source\PSoC5/isr_timer.c **** ********************************************************************************
 342:.\Generated_Source\PSoC5/isr_timer.c **** *
 343:.\Generated_Source\PSoC5/isr_timer.c **** * Summary:
 344:.\Generated_Source\PSoC5/isr_timer.c **** *   Gets the state (enabled, disabled) of the Interrupt.
 345:.\Generated_Source\PSoC5/isr_timer.c **** *
 346:.\Generated_Source\PSoC5/isr_timer.c **** * Parameters:
 347:.\Generated_Source\PSoC5/isr_timer.c **** *   None
 348:.\Generated_Source\PSoC5/isr_timer.c **** *
 349:.\Generated_Source\PSoC5/isr_timer.c **** * Return:
 350:.\Generated_Source\PSoC5/isr_timer.c **** *   1 if enabled, 0 if disabled.
 351:.\Generated_Source\PSoC5/isr_timer.c **** *
 352:.\Generated_Source\PSoC5/isr_timer.c **** *******************************************************************************/
 353:.\Generated_Source\PSoC5/isr_timer.c **** uint8 isr_timer_GetState(void)
 354:.\Generated_Source\PSoC5/isr_timer.c **** {
 243              		.loc 1 354 0
 244              		.cfi_startproc
 245              		@ args = 0, pretend = 0, frame = 0
 246              		@ frame_needed = 0, uses_anonymous_args = 0
 247              		@ link register save eliminated.
 355:.\Generated_Source\PSoC5/isr_timer.c ****     /* Get the state of the general interrupt. */
 356:.\Generated_Source\PSoC5/isr_timer.c ****     return ((*isr_timer_INTC_SET_EN & (uint32)isr_timer__INTC_MASK) != 0u) ? 1u:0u;
 248              		.loc 1 356 0
 249 0000 044B     		ldr	r3, .L25
 250 0002 1B68     		ldr	r3, [r3]
 251 0004 13F0040F 		tst	r3, #4
 252 0008 01D0     		beq	.L24
 253 000a 0120     		movs	r0, #1
 254 000c 7047     		bx	lr
 255              	.L24:
 256 000e 0020     		movs	r0, #0
 357:.\Generated_Source\PSoC5/isr_timer.c **** }
 257              		.loc 1 357 0
 258 0010 7047     		bx	lr
 259              	.L26:
 260 0012 00BF     		.align	2
 261              	.L25:
 262 0014 00E100E0 		.word	-536813312
 263              		.cfi_endproc
 264              	.LFE9:
 265              		.size	isr_timer_GetState, .-isr_timer_GetState
 266              		.section	.text.isr_timer_Disable,"ax",%progbits
 267              		.align	2
 268              		.global	isr_timer_Disable
 269              		.thumb
 270              		.thumb_func
ARM GAS  C:\Users\PANXIA~1\AppData\Local\Temp\ccdzifhO.s 			page 12


 271              		.type	isr_timer_Disable, %function
 272              	isr_timer_Disable:
 273              	.LFB10:
 358:.\Generated_Source\PSoC5/isr_timer.c **** 
 359:.\Generated_Source\PSoC5/isr_timer.c **** 
 360:.\Generated_Source\PSoC5/isr_timer.c **** /*******************************************************************************
 361:.\Generated_Source\PSoC5/isr_timer.c **** * Function Name: isr_timer_Disable
 362:.\Generated_Source\PSoC5/isr_timer.c **** ********************************************************************************
 363:.\Generated_Source\PSoC5/isr_timer.c **** *
 364:.\Generated_Source\PSoC5/isr_timer.c **** * Summary:
 365:.\Generated_Source\PSoC5/isr_timer.c **** *   Disables the Interrupt in the interrupt controller.
 366:.\Generated_Source\PSoC5/isr_timer.c **** *
 367:.\Generated_Source\PSoC5/isr_timer.c **** * Parameters:
 368:.\Generated_Source\PSoC5/isr_timer.c **** *   None
 369:.\Generated_Source\PSoC5/isr_timer.c **** *
 370:.\Generated_Source\PSoC5/isr_timer.c **** * Return:
 371:.\Generated_Source\PSoC5/isr_timer.c **** *   None
 372:.\Generated_Source\PSoC5/isr_timer.c **** *
 373:.\Generated_Source\PSoC5/isr_timer.c **** *******************************************************************************/
 374:.\Generated_Source\PSoC5/isr_timer.c **** void isr_timer_Disable(void)
 375:.\Generated_Source\PSoC5/isr_timer.c **** {
 274              		.loc 1 375 0
 275              		.cfi_startproc
 276              		@ args = 0, pretend = 0, frame = 0
 277              		@ frame_needed = 0, uses_anonymous_args = 0
 278              		@ link register save eliminated.
 376:.\Generated_Source\PSoC5/isr_timer.c ****     /* Disable the general interrupt. */
 377:.\Generated_Source\PSoC5/isr_timer.c ****     *isr_timer_INTC_CLR_EN = isr_timer__INTC_MASK;
 279              		.loc 1 377 0
 280 0000 0422     		movs	r2, #4
 281 0002 014B     		ldr	r3, .L28
 282 0004 1A60     		str	r2, [r3]
 283 0006 7047     		bx	lr
 284              	.L29:
 285              		.align	2
 286              	.L28:
 287 0008 80E100E0 		.word	-536813184
 288              		.cfi_endproc
 289              	.LFE10:
 290              		.size	isr_timer_Disable, .-isr_timer_Disable
 291              		.section	.text.isr_timer_Start,"ax",%progbits
 292              		.align	2
 293              		.global	isr_timer_Start
 294              		.thumb
 295              		.thumb_func
 296              		.type	isr_timer_Start, %function
 297              	isr_timer_Start:
 298              	.LFB0:
  69:.\Generated_Source\PSoC5/isr_timer.c ****     /* For all we know the interrupt is active. */
 299              		.loc 1 69 0
 300              		.cfi_startproc
 301              		@ args = 0, pretend = 0, frame = 0
 302              		@ frame_needed = 0, uses_anonymous_args = 0
 303 0000 08B5     		push	{r3, lr}
 304              		.cfi_def_cfa_offset 8
 305              		.cfi_offset 3, -8
 306              		.cfi_offset 14, -4
ARM GAS  C:\Users\PANXIA~1\AppData\Local\Temp\ccdzifhO.s 			page 13


  71:.\Generated_Source\PSoC5/isr_timer.c **** 
 307              		.loc 1 71 0
 308 0002 FFF7FEFF 		bl	isr_timer_Disable
 309              	.LVL7:
  74:.\Generated_Source\PSoC5/isr_timer.c **** 
 310              		.loc 1 74 0
 311 0006 0448     		ldr	r0, .L32
 312 0008 FFF7FEFF 		bl	isr_timer_SetVector
 313              	.LVL8:
  77:.\Generated_Source\PSoC5/isr_timer.c **** 
 314              		.loc 1 77 0
 315 000c 0720     		movs	r0, #7
 316 000e FFF7FEFF 		bl	isr_timer_SetPriority
 317              	.LVL9:
  80:.\Generated_Source\PSoC5/isr_timer.c **** }
 318              		.loc 1 80 0
 319 0012 FFF7FEFF 		bl	isr_timer_Enable
 320              	.LVL10:
 321 0016 08BD     		pop	{r3, pc}
 322              	.L33:
 323              		.align	2
 324              	.L32:
 325 0018 00000000 		.word	isr_timer_Interrupt
 326              		.cfi_endproc
 327              	.LFE0:
 328              		.size	isr_timer_Start, .-isr_timer_Start
 329              		.section	.text.isr_timer_StartEx,"ax",%progbits
 330              		.align	2
 331              		.global	isr_timer_StartEx
 332              		.thumb
 333              		.thumb_func
 334              		.type	isr_timer_StartEx, %function
 335              	isr_timer_StartEx:
 336              	.LFB1:
 112:.\Generated_Source\PSoC5/isr_timer.c ****     /* For all we know the interrupt is active. */
 337              		.loc 1 112 0
 338              		.cfi_startproc
 339              		@ args = 0, pretend = 0, frame = 0
 340              		@ frame_needed = 0, uses_anonymous_args = 0
 341              	.LVL11:
 342 0000 10B5     		push	{r4, lr}
 343              		.cfi_def_cfa_offset 8
 344              		.cfi_offset 4, -8
 345              		.cfi_offset 14, -4
 346 0002 0446     		mov	r4, r0
 114:.\Generated_Source\PSoC5/isr_timer.c **** 
 347              		.loc 1 114 0
 348 0004 FFF7FEFF 		bl	isr_timer_Disable
 349              	.LVL12:
 117:.\Generated_Source\PSoC5/isr_timer.c **** 
 350              		.loc 1 117 0
 351 0008 2046     		mov	r0, r4
 352 000a FFF7FEFF 		bl	isr_timer_SetVector
 353              	.LVL13:
 120:.\Generated_Source\PSoC5/isr_timer.c **** 
 354              		.loc 1 120 0
 355 000e 0720     		movs	r0, #7
ARM GAS  C:\Users\PANXIA~1\AppData\Local\Temp\ccdzifhO.s 			page 14


 356 0010 FFF7FEFF 		bl	isr_timer_SetPriority
 357              	.LVL14:
 123:.\Generated_Source\PSoC5/isr_timer.c **** }
 358              		.loc 1 123 0
 359 0014 FFF7FEFF 		bl	isr_timer_Enable
 360              	.LVL15:
 361 0018 10BD     		pop	{r4, pc}
 362              		.cfi_endproc
 363              	.LFE1:
 364              		.size	isr_timer_StartEx, .-isr_timer_StartEx
 365 001a 00BF     		.section	.text.isr_timer_Stop,"ax",%progbits
 366              		.align	2
 367              		.global	isr_timer_Stop
 368              		.thumb
 369              		.thumb_func
 370              		.type	isr_timer_Stop, %function
 371              	isr_timer_Stop:
 372              	.LFB2:
 142:.\Generated_Source\PSoC5/isr_timer.c ****     /* Disable this interrupt. */
 373              		.loc 1 142 0
 374              		.cfi_startproc
 375              		@ args = 0, pretend = 0, frame = 0
 376              		@ frame_needed = 0, uses_anonymous_args = 0
 377 0000 08B5     		push	{r3, lr}
 378              		.cfi_def_cfa_offset 8
 379              		.cfi_offset 3, -8
 380              		.cfi_offset 14, -4
 144:.\Generated_Source\PSoC5/isr_timer.c **** 
 381              		.loc 1 144 0
 382 0002 FFF7FEFF 		bl	isr_timer_Disable
 383              	.LVL16:
 147:.\Generated_Source\PSoC5/isr_timer.c **** }
 384              		.loc 1 147 0
 385 0006 0248     		ldr	r0, .L38
 386 0008 FFF7FEFF 		bl	isr_timer_SetVector
 387              	.LVL17:
 388 000c 08BD     		pop	{r3, pc}
 389              	.L39:
 390 000e 00BF     		.align	2
 391              	.L38:
 392 0010 00000000 		.word	IntDefaultHandler
 393              		.cfi_endproc
 394              	.LFE2:
 395              		.size	isr_timer_Stop, .-isr_timer_Stop
 396              		.section	.text.isr_timer_SetPending,"ax",%progbits
 397              		.align	2
 398              		.global	isr_timer_SetPending
 399              		.thumb
 400              		.thumb_func
 401              		.type	isr_timer_SetPending, %function
 402              	isr_timer_SetPending:
 403              	.LFB11:
 378:.\Generated_Source\PSoC5/isr_timer.c **** }
 379:.\Generated_Source\PSoC5/isr_timer.c **** 
 380:.\Generated_Source\PSoC5/isr_timer.c **** 
 381:.\Generated_Source\PSoC5/isr_timer.c **** /*******************************************************************************
 382:.\Generated_Source\PSoC5/isr_timer.c **** * Function Name: isr_timer_SetPending
ARM GAS  C:\Users\PANXIA~1\AppData\Local\Temp\ccdzifhO.s 			page 15


 383:.\Generated_Source\PSoC5/isr_timer.c **** ********************************************************************************
 384:.\Generated_Source\PSoC5/isr_timer.c **** *
 385:.\Generated_Source\PSoC5/isr_timer.c **** * Summary:
 386:.\Generated_Source\PSoC5/isr_timer.c **** *   Causes the Interrupt to enter the pending state, a software method of
 387:.\Generated_Source\PSoC5/isr_timer.c **** *   generating the interrupt.
 388:.\Generated_Source\PSoC5/isr_timer.c **** *
 389:.\Generated_Source\PSoC5/isr_timer.c **** * Parameters:
 390:.\Generated_Source\PSoC5/isr_timer.c **** *   None
 391:.\Generated_Source\PSoC5/isr_timer.c **** *
 392:.\Generated_Source\PSoC5/isr_timer.c **** * Return:
 393:.\Generated_Source\PSoC5/isr_timer.c **** *   None
 394:.\Generated_Source\PSoC5/isr_timer.c **** *
 395:.\Generated_Source\PSoC5/isr_timer.c **** * Side Effects:
 396:.\Generated_Source\PSoC5/isr_timer.c **** *   If interrupts are enabled and the interrupt is set up properly, the ISR is
 397:.\Generated_Source\PSoC5/isr_timer.c **** *   entered (depending on the priority of this interrupt and other pending 
 398:.\Generated_Source\PSoC5/isr_timer.c **** *   interrupts).
 399:.\Generated_Source\PSoC5/isr_timer.c **** *
 400:.\Generated_Source\PSoC5/isr_timer.c **** *******************************************************************************/
 401:.\Generated_Source\PSoC5/isr_timer.c **** void isr_timer_SetPending(void)
 402:.\Generated_Source\PSoC5/isr_timer.c **** {
 404              		.loc 1 402 0
 405              		.cfi_startproc
 406              		@ args = 0, pretend = 0, frame = 0
 407              		@ frame_needed = 0, uses_anonymous_args = 0
 408              		@ link register save eliminated.
 403:.\Generated_Source\PSoC5/isr_timer.c ****     *isr_timer_INTC_SET_PD = isr_timer__INTC_MASK;
 409              		.loc 1 403 0
 410 0000 0422     		movs	r2, #4
 411 0002 014B     		ldr	r3, .L41
 412 0004 1A60     		str	r2, [r3]
 413 0006 7047     		bx	lr
 414              	.L42:
 415              		.align	2
 416              	.L41:
 417 0008 00E200E0 		.word	-536813056
 418              		.cfi_endproc
 419              	.LFE11:
 420              		.size	isr_timer_SetPending, .-isr_timer_SetPending
 421              		.section	.text.isr_timer_ClearPending,"ax",%progbits
 422              		.align	2
 423              		.global	isr_timer_ClearPending
 424              		.thumb
 425              		.thumb_func
 426              		.type	isr_timer_ClearPending, %function
 427              	isr_timer_ClearPending:
 428              	.LFB12:
 404:.\Generated_Source\PSoC5/isr_timer.c **** }
 405:.\Generated_Source\PSoC5/isr_timer.c **** 
 406:.\Generated_Source\PSoC5/isr_timer.c **** 
 407:.\Generated_Source\PSoC5/isr_timer.c **** /*******************************************************************************
 408:.\Generated_Source\PSoC5/isr_timer.c **** * Function Name: isr_timer_ClearPending
 409:.\Generated_Source\PSoC5/isr_timer.c **** ********************************************************************************
 410:.\Generated_Source\PSoC5/isr_timer.c **** *
 411:.\Generated_Source\PSoC5/isr_timer.c **** * Summary:
 412:.\Generated_Source\PSoC5/isr_timer.c **** *   Clears a pending interrupt in the interrupt controller.
 413:.\Generated_Source\PSoC5/isr_timer.c **** *
 414:.\Generated_Source\PSoC5/isr_timer.c **** *   Note Some interrupt sources are clear-on-read and require the block 
ARM GAS  C:\Users\PANXIA~1\AppData\Local\Temp\ccdzifhO.s 			page 16


 415:.\Generated_Source\PSoC5/isr_timer.c **** *   interrupt/status register to be read/cleared with the appropriate block API 
 416:.\Generated_Source\PSoC5/isr_timer.c **** *   (GPIO, UART, and so on). Otherwise the ISR will continue to remain in 
 417:.\Generated_Source\PSoC5/isr_timer.c **** *   pending state even though the interrupt itself is cleared using this API.
 418:.\Generated_Source\PSoC5/isr_timer.c **** *
 419:.\Generated_Source\PSoC5/isr_timer.c **** * Parameters:
 420:.\Generated_Source\PSoC5/isr_timer.c **** *   None
 421:.\Generated_Source\PSoC5/isr_timer.c **** *
 422:.\Generated_Source\PSoC5/isr_timer.c **** * Return:
 423:.\Generated_Source\PSoC5/isr_timer.c **** *   None
 424:.\Generated_Source\PSoC5/isr_timer.c **** *
 425:.\Generated_Source\PSoC5/isr_timer.c **** *******************************************************************************/
 426:.\Generated_Source\PSoC5/isr_timer.c **** void isr_timer_ClearPending(void)
 427:.\Generated_Source\PSoC5/isr_timer.c **** {
 429              		.loc 1 427 0
 430              		.cfi_startproc
 431              		@ args = 0, pretend = 0, frame = 0
 432              		@ frame_needed = 0, uses_anonymous_args = 0
 433              		@ link register save eliminated.
 428:.\Generated_Source\PSoC5/isr_timer.c ****     *isr_timer_INTC_CLR_PD = isr_timer__INTC_MASK;
 434              		.loc 1 428 0
 435 0000 0422     		movs	r2, #4
 436 0002 014B     		ldr	r3, .L44
 437 0004 1A60     		str	r2, [r3]
 438 0006 7047     		bx	lr
 439              	.L45:
 440              		.align	2
 441              	.L44:
 442 0008 80E200E0 		.word	-536812928
 443              		.cfi_endproc
 444              	.LFE12:
 445              		.size	isr_timer_ClearPending, .-isr_timer_ClearPending
 446              		.comm	time_1s_state,2,2
 447              		.comm	time_1s,2,2
 448              		.comm	time_5ms_state,1,1
 449              		.comm	time_100ms_state,1,1
 450              		.comm	time_100ms,2,2
 451              		.comm	time_5ms,2,2
 452              		.comm	time_1ms,2,2
 453              		.text
 454              	.Letext0:
 455              		.file 2 "Generated_Source\\PSoC5/cytypes.h"
 456              		.section	.debug_info,"",%progbits
 457              	.Ldebug_info0:
 458 0000 47030000 		.4byte	0x347
 459 0004 0400     		.2byte	0x4
 460 0006 00000000 		.4byte	.Ldebug_abbrev0
 461 000a 04       		.byte	0x4
 462 000b 01       		.uleb128 0x1
 463 000c 56010000 		.4byte	.LASF41
 464 0010 01       		.byte	0x1
 465 0011 C4020000 		.4byte	.LASF42
 466 0015 4E020000 		.4byte	.LASF43
 467 0019 00000000 		.4byte	.Ldebug_ranges0+0
 468 001d 00000000 		.4byte	0
 469 0021 00000000 		.4byte	.Ldebug_line0
 470 0025 02       		.uleb128 0x2
 471 0026 04       		.byte	0x4
ARM GAS  C:\Users\PANXIA~1\AppData\Local\Temp\ccdzifhO.s 			page 17


 472 0027 05       		.byte	0x5
 473 0028 696E7400 		.ascii	"int\000"
 474 002c 03       		.uleb128 0x3
 475 002d 04       		.byte	0x4
 476 002e 07       		.byte	0x7
 477 002f E4010000 		.4byte	.LASF0
 478 0033 03       		.uleb128 0x3
 479 0034 01       		.byte	0x1
 480 0035 06       		.byte	0x6
 481 0036 15030000 		.4byte	.LASF1
 482 003a 03       		.uleb128 0x3
 483 003b 01       		.byte	0x1
 484 003c 08       		.byte	0x8
 485 003d 03010000 		.4byte	.LASF2
 486 0041 03       		.uleb128 0x3
 487 0042 02       		.byte	0x2
 488 0043 05       		.byte	0x5
 489 0044 2E010000 		.4byte	.LASF3
 490 0048 03       		.uleb128 0x3
 491 0049 02       		.byte	0x2
 492 004a 07       		.byte	0x7
 493 004b 3B000000 		.4byte	.LASF4
 494 004f 03       		.uleb128 0x3
 495 0050 04       		.byte	0x4
 496 0051 05       		.byte	0x5
 497 0052 03030000 		.4byte	.LASF5
 498 0056 03       		.uleb128 0x3
 499 0057 04       		.byte	0x4
 500 0058 07       		.byte	0x7
 501 0059 CE000000 		.4byte	.LASF6
 502 005d 03       		.uleb128 0x3
 503 005e 08       		.byte	0x8
 504 005f 05       		.byte	0x5
 505 0060 8C020000 		.4byte	.LASF7
 506 0064 03       		.uleb128 0x3
 507 0065 08       		.byte	0x8
 508 0066 07       		.byte	0x7
 509 0067 F9010000 		.4byte	.LASF8
 510 006b 03       		.uleb128 0x3
 511 006c 04       		.byte	0x4
 512 006d 07       		.byte	0x7
 513 006e 45020000 		.4byte	.LASF9
 514 0072 04       		.uleb128 0x4
 515 0073 04       		.byte	0x4
 516 0074 78000000 		.4byte	0x78
 517 0078 05       		.uleb128 0x5
 518 0079 03       		.uleb128 0x3
 519 007a 01       		.byte	0x1
 520 007b 08       		.byte	0x8
 521 007c B0020000 		.4byte	.LASF10
 522 0080 06       		.uleb128 0x6
 523 0081 E0000000 		.4byte	.LASF11
 524 0085 02       		.byte	0x2
 525 0086 C2       		.byte	0xc2
 526 0087 3A000000 		.4byte	0x3a
 527 008b 06       		.uleb128 0x6
 528 008c 38010000 		.4byte	.LASF12
ARM GAS  C:\Users\PANXIA~1\AppData\Local\Temp\ccdzifhO.s 			page 18


 529 0090 02       		.byte	0x2
 530 0091 C3       		.byte	0xc3
 531 0092 48000000 		.4byte	0x48
 532 0096 06       		.uleb128 0x6
 533 0097 4F010000 		.4byte	.LASF13
 534 009b 02       		.byte	0x2
 535 009c C4       		.byte	0xc4
 536 009d 56000000 		.4byte	0x56
 537 00a1 03       		.uleb128 0x3
 538 00a2 04       		.byte	0x4
 539 00a3 04       		.byte	0x4
 540 00a4 AA000000 		.4byte	.LASF14
 541 00a8 03       		.uleb128 0x3
 542 00a9 08       		.byte	0x8
 543 00aa 04       		.byte	0x4
 544 00ab 27010000 		.4byte	.LASF15
 545 00af 07       		.uleb128 0x7
 546 00b0 C9000000 		.4byte	.LASF16
 547 00b4 02       		.byte	0x2
 548 00b5 6C01     		.2byte	0x16c
 549 00b7 BB000000 		.4byte	0xbb
 550 00bb 08       		.uleb128 0x8
 551 00bc 80000000 		.4byte	0x80
 552 00c0 07       		.uleb128 0x7
 553 00c1 14000000 		.4byte	.LASF17
 554 00c5 02       		.byte	0x2
 555 00c6 6E01     		.2byte	0x16e
 556 00c8 CC000000 		.4byte	0xcc
 557 00cc 08       		.uleb128 0x8
 558 00cd 96000000 		.4byte	0x96
 559 00d1 07       		.uleb128 0x7
 560 00d2 10020000 		.4byte	.LASF18
 561 00d6 02       		.byte	0x2
 562 00d7 7E01     		.2byte	0x17e
 563 00d9 72000000 		.4byte	0x72
 564 00dd 09       		.uleb128 0x9
 565 00de E6000000 		.4byte	.LASF26
 566 00e2 01       		.byte	0x1
 567 00e3 A7       		.byte	0xa7
 568 00e4 00000000 		.4byte	.LFB3
 569 00e8 6C000000 		.4byte	.LFE3-.LFB3
 570 00ec 01       		.uleb128 0x1
 571 00ed 9C       		.byte	0x9c
 572 00ee 0A       		.uleb128 0xa
 573 00ef 00000000 		.4byte	.LASF20
 574 00f3 01       		.byte	0x1
 575 00f4 E1       		.byte	0xe1
 576 00f5 00000000 		.4byte	.LFB4
 577 00f9 0C000000 		.4byte	.LFE4-.LFB4
 578 00fd 01       		.uleb128 0x1
 579 00fe 9C       		.byte	0x9c
 580 00ff 1E010000 		.4byte	0x11e
 581 0103 0B       		.uleb128 0xb
 582 0104 F1010000 		.4byte	.LASF22
 583 0108 01       		.byte	0x1
 584 0109 E1       		.byte	0xe1
 585 010a D1000000 		.4byte	0xd1
ARM GAS  C:\Users\PANXIA~1\AppData\Local\Temp\ccdzifhO.s 			page 19


 586 010e 01       		.uleb128 0x1
 587 010f 50       		.byte	0x50
 588 0110 0C       		.uleb128 0xc
 589 0111 B5020000 		.4byte	.LASF19
 590 0115 01       		.byte	0x1
 591 0116 E3       		.byte	0xe3
 592 0117 1E010000 		.4byte	0x11e
 593 011b 01       		.uleb128 0x1
 594 011c 53       		.byte	0x53
 595 011d 00       		.byte	0
 596 011e 04       		.uleb128 0x4
 597 011f 04       		.byte	0x4
 598 0120 D1000000 		.4byte	0xd1
 599 0124 0D       		.uleb128 0xd
 600 0125 6F000000 		.4byte	.LASF24
 601 0129 01       		.byte	0x1
 602 012a F9       		.byte	0xf9
 603 012b D1000000 		.4byte	0xd1
 604 012f 00000000 		.4byte	.LFB5
 605 0133 0C000000 		.4byte	.LFE5-.LFB5
 606 0137 01       		.uleb128 0x1
 607 0138 9C       		.byte	0x9c
 608 0139 4B010000 		.4byte	0x14b
 609 013d 0C       		.uleb128 0xc
 610 013e B5020000 		.4byte	.LASF19
 611 0142 01       		.byte	0x1
 612 0143 FB       		.byte	0xfb
 613 0144 1E010000 		.4byte	0x11e
 614 0148 01       		.uleb128 0x1
 615 0149 53       		.byte	0x53
 616 014a 00       		.byte	0
 617 014b 0E       		.uleb128 0xe
 618 014c 9A020000 		.4byte	.LASF21
 619 0150 01       		.byte	0x1
 620 0151 1B01     		.2byte	0x11b
 621 0153 00000000 		.4byte	.LFB6
 622 0157 10000000 		.4byte	.LFE6-.LFB6
 623 015b 01       		.uleb128 0x1
 624 015c 9C       		.byte	0x9c
 625 015d 72010000 		.4byte	0x172
 626 0161 0F       		.uleb128 0xf
 627 0162 FA000000 		.4byte	.LASF23
 628 0166 01       		.byte	0x1
 629 0167 1B01     		.2byte	0x11b
 630 0169 80000000 		.4byte	0x80
 631 016d 00000000 		.4byte	.LLST0
 632 0171 00       		.byte	0
 633 0172 10       		.uleb128 0x10
 634 0173 11010000 		.4byte	.LASF25
 635 0177 01       		.byte	0x1
 636 0178 3101     		.2byte	0x131
 637 017a 80000000 		.4byte	0x80
 638 017e 00000000 		.4byte	.LFB7
 639 0182 0C000000 		.4byte	.LFE7-.LFB7
 640 0186 01       		.uleb128 0x1
 641 0187 9C       		.byte	0x9c
 642 0188 9D010000 		.4byte	0x19d
ARM GAS  C:\Users\PANXIA~1\AppData\Local\Temp\ccdzifhO.s 			page 20


 643 018c 11       		.uleb128 0x11
 644 018d FA000000 		.4byte	.LASF23
 645 0191 01       		.byte	0x1
 646 0192 3301     		.2byte	0x133
 647 0194 80000000 		.4byte	0x80
 648 0198 21000000 		.4byte	.LLST1
 649 019c 00       		.byte	0
 650 019d 12       		.uleb128 0x12
 651 019e 1D020000 		.4byte	.LASF27
 652 01a2 01       		.byte	0x1
 653 01a3 4C01     		.2byte	0x14c
 654 01a5 00000000 		.4byte	.LFB8
 655 01a9 0C000000 		.4byte	.LFE8-.LFB8
 656 01ad 01       		.uleb128 0x1
 657 01ae 9C       		.byte	0x9c
 658 01af 13       		.uleb128 0x13
 659 01b0 1A000000 		.4byte	.LASF44
 660 01b4 01       		.byte	0x1
 661 01b5 6101     		.2byte	0x161
 662 01b7 80000000 		.4byte	0x80
 663 01bb 00000000 		.4byte	.LFB9
 664 01bf 18000000 		.4byte	.LFE9-.LFB9
 665 01c3 01       		.uleb128 0x1
 666 01c4 9C       		.byte	0x9c
 667 01c5 12       		.uleb128 0x12
 668 01c6 4E000000 		.4byte	.LASF28
 669 01ca 01       		.byte	0x1
 670 01cb 7601     		.2byte	0x176
 671 01cd 00000000 		.4byte	.LFB10
 672 01d1 0C000000 		.4byte	.LFE10-.LFB10
 673 01d5 01       		.uleb128 0x1
 674 01d6 9C       		.byte	0x9c
 675 01d7 0A       		.uleb128 0xa
 676 01d8 3F010000 		.4byte	.LASF29
 677 01dc 01       		.byte	0x1
 678 01dd 44       		.byte	0x44
 679 01de 00000000 		.4byte	.LFB0
 680 01e2 1C000000 		.4byte	.LFE0-.LFB0
 681 01e6 01       		.uleb128 0x1
 682 01e7 9C       		.byte	0x9c
 683 01e8 29020000 		.4byte	0x229
 684 01ec 14       		.uleb128 0x14
 685 01ed 06000000 		.4byte	.LVL7
 686 01f1 C5010000 		.4byte	0x1c5
 687 01f5 15       		.uleb128 0x15
 688 01f6 0C000000 		.4byte	.LVL8
 689 01fa EE000000 		.4byte	0xee
 690 01fe 0C020000 		.4byte	0x20c
 691 0202 16       		.uleb128 0x16
 692 0203 01       		.uleb128 0x1
 693 0204 50       		.byte	0x50
 694 0205 05       		.uleb128 0x5
 695 0206 03       		.byte	0x3
 696 0207 00000000 		.4byte	isr_timer_Interrupt
 697 020b 00       		.byte	0
 698 020c 15       		.uleb128 0x15
 699 020d 12000000 		.4byte	.LVL9
ARM GAS  C:\Users\PANXIA~1\AppData\Local\Temp\ccdzifhO.s 			page 21


 700 0211 4B010000 		.4byte	0x14b
 701 0215 1F020000 		.4byte	0x21f
 702 0219 16       		.uleb128 0x16
 703 021a 01       		.uleb128 0x1
 704 021b 50       		.byte	0x50
 705 021c 01       		.uleb128 0x1
 706 021d 37       		.byte	0x37
 707 021e 00       		.byte	0
 708 021f 14       		.uleb128 0x14
 709 0220 16000000 		.4byte	.LVL10
 710 0224 9D010000 		.4byte	0x19d
 711 0228 00       		.byte	0
 712 0229 0A       		.uleb128 0xa
 713 022a 83000000 		.4byte	.LASF30
 714 022e 01       		.byte	0x1
 715 022f 6F       		.byte	0x6f
 716 0230 00000000 		.4byte	.LFB1
 717 0234 1A000000 		.4byte	.LFE1-.LFB1
 718 0238 01       		.uleb128 0x1
 719 0239 9C       		.byte	0x9c
 720 023a 87020000 		.4byte	0x287
 721 023e 17       		.uleb128 0x17
 722 023f F1010000 		.4byte	.LASF22
 723 0243 01       		.byte	0x1
 724 0244 6F       		.byte	0x6f
 725 0245 D1000000 		.4byte	0xd1
 726 0249 38000000 		.4byte	.LLST2
 727 024d 14       		.uleb128 0x14
 728 024e 08000000 		.4byte	.LVL12
 729 0252 C5010000 		.4byte	0x1c5
 730 0256 15       		.uleb128 0x15
 731 0257 0E000000 		.4byte	.LVL13
 732 025b EE000000 		.4byte	0xee
 733 025f 6A020000 		.4byte	0x26a
 734 0263 16       		.uleb128 0x16
 735 0264 01       		.uleb128 0x1
 736 0265 50       		.byte	0x50
 737 0266 02       		.uleb128 0x2
 738 0267 74       		.byte	0x74
 739 0268 00       		.sleb128 0
 740 0269 00       		.byte	0
 741 026a 15       		.uleb128 0x15
 742 026b 14000000 		.4byte	.LVL14
 743 026f 4B010000 		.4byte	0x14b
 744 0273 7D020000 		.4byte	0x27d
 745 0277 16       		.uleb128 0x16
 746 0278 01       		.uleb128 0x1
 747 0279 50       		.byte	0x50
 748 027a 01       		.uleb128 0x1
 749 027b 37       		.byte	0x37
 750 027c 00       		.byte	0
 751 027d 14       		.uleb128 0x14
 752 027e 18000000 		.4byte	.LVL15
 753 0282 9D010000 		.4byte	0x19d
 754 0286 00       		.byte	0
 755 0287 0A       		.uleb128 0xa
 756 0288 E9020000 		.4byte	.LASF31
ARM GAS  C:\Users\PANXIA~1\AppData\Local\Temp\ccdzifhO.s 			page 22


 757 028c 01       		.byte	0x1
 758 028d 8D       		.byte	0x8d
 759 028e 00000000 		.4byte	.LFB2
 760 0292 14000000 		.4byte	.LFE2-.LFB2
 761 0296 01       		.uleb128 0x1
 762 0297 9C       		.byte	0x9c
 763 0298 AF020000 		.4byte	0x2af
 764 029c 14       		.uleb128 0x14
 765 029d 06000000 		.4byte	.LVL16
 766 02a1 C5010000 		.4byte	0x1c5
 767 02a5 14       		.uleb128 0x14
 768 02a6 0C000000 		.4byte	.LVL17
 769 02aa EE000000 		.4byte	0xee
 770 02ae 00       		.byte	0
 771 02af 12       		.uleb128 0x12
 772 02b0 95000000 		.4byte	.LASF32
 773 02b4 01       		.byte	0x1
 774 02b5 9101     		.2byte	0x191
 775 02b7 00000000 		.4byte	.LFB11
 776 02bb 0C000000 		.4byte	.LFE11-.LFB11
 777 02bf 01       		.uleb128 0x1
 778 02c0 9C       		.byte	0x9c
 779 02c1 12       		.uleb128 0x12
 780 02c2 2E020000 		.4byte	.LASF33
 781 02c6 01       		.byte	0x1
 782 02c7 AA01     		.2byte	0x1aa
 783 02c9 00000000 		.4byte	.LFB12
 784 02cd 0C000000 		.4byte	.LFE12-.LFB12
 785 02d1 01       		.uleb128 0x1
 786 02d2 9C       		.byte	0x9c
 787 02d3 18       		.uleb128 0x18
 788 02d4 0C030000 		.4byte	.LASF34
 789 02d8 01       		.byte	0x1
 790 02d9 1F       		.byte	0x1f
 791 02da 8B000000 		.4byte	0x8b
 792 02de 05       		.uleb128 0x5
 793 02df 03       		.byte	0x3
 794 02e0 00000000 		.4byte	time_1ms
 795 02e4 18       		.uleb128 0x18
 796 02e5 21030000 		.4byte	.LASF35
 797 02e9 01       		.byte	0x1
 798 02ea 20       		.byte	0x20
 799 02eb 8B000000 		.4byte	0x8b
 800 02ef 05       		.uleb128 0x5
 801 02f0 03       		.byte	0x3
 802 02f1 00000000 		.4byte	time_5ms
 803 02f5 18       		.uleb128 0x18
 804 02f6 F8020000 		.4byte	.LASF36
 805 02fa 01       		.byte	0x1
 806 02fb 21       		.byte	0x21
 807 02fc 8B000000 		.4byte	0x8b
 808 0300 05       		.uleb128 0x5
 809 0301 03       		.byte	0x3
 810 0302 00000000 		.4byte	time_100ms
 811 0306 18       		.uleb128 0x18
 812 0307 B0000000 		.4byte	.LASF37
 813 030b 01       		.byte	0x1
ARM GAS  C:\Users\PANXIA~1\AppData\Local\Temp\ccdzifhO.s 			page 23


 814 030c 22       		.byte	0x22
 815 030d 80000000 		.4byte	0x80
 816 0311 05       		.uleb128 0x5
 817 0312 03       		.byte	0x3
 818 0313 00000000 		.4byte	time_100ms_state
 819 0317 18       		.uleb128 0x18
 820 0318 60000000 		.4byte	.LASF38
 821 031c 01       		.byte	0x1
 822 031d 23       		.byte	0x23
 823 031e 80000000 		.4byte	0x80
 824 0322 05       		.uleb128 0x5
 825 0323 03       		.byte	0x3
 826 0324 00000000 		.4byte	time_5ms_state
 827 0328 18       		.uleb128 0x18
 828 0329 C1000000 		.4byte	.LASF39
 829 032d 01       		.byte	0x1
 830 032e 24       		.byte	0x24
 831 032f 8B000000 		.4byte	0x8b
 832 0333 05       		.uleb128 0x5
 833 0334 03       		.byte	0x3
 834 0335 00000000 		.4byte	time_1s
 835 0339 18       		.uleb128 0x18
 836 033a 2D000000 		.4byte	.LASF40
 837 033e 01       		.byte	0x1
 838 033f 25       		.byte	0x25
 839 0340 8B000000 		.4byte	0x8b
 840 0344 05       		.uleb128 0x5
 841 0345 03       		.byte	0x3
 842 0346 00000000 		.4byte	time_1s_state
 843 034a 00       		.byte	0
 844              		.section	.debug_abbrev,"",%progbits
 845              	.Ldebug_abbrev0:
 846 0000 01       		.uleb128 0x1
 847 0001 11       		.uleb128 0x11
 848 0002 01       		.byte	0x1
 849 0003 25       		.uleb128 0x25
 850 0004 0E       		.uleb128 0xe
 851 0005 13       		.uleb128 0x13
 852 0006 0B       		.uleb128 0xb
 853 0007 03       		.uleb128 0x3
 854 0008 0E       		.uleb128 0xe
 855 0009 1B       		.uleb128 0x1b
 856 000a 0E       		.uleb128 0xe
 857 000b 55       		.uleb128 0x55
 858 000c 17       		.uleb128 0x17
 859 000d 11       		.uleb128 0x11
 860 000e 01       		.uleb128 0x1
 861 000f 10       		.uleb128 0x10
 862 0010 17       		.uleb128 0x17
 863 0011 00       		.byte	0
 864 0012 00       		.byte	0
 865 0013 02       		.uleb128 0x2
 866 0014 24       		.uleb128 0x24
 867 0015 00       		.byte	0
 868 0016 0B       		.uleb128 0xb
 869 0017 0B       		.uleb128 0xb
 870 0018 3E       		.uleb128 0x3e
ARM GAS  C:\Users\PANXIA~1\AppData\Local\Temp\ccdzifhO.s 			page 24


 871 0019 0B       		.uleb128 0xb
 872 001a 03       		.uleb128 0x3
 873 001b 08       		.uleb128 0x8
 874 001c 00       		.byte	0
 875 001d 00       		.byte	0
 876 001e 03       		.uleb128 0x3
 877 001f 24       		.uleb128 0x24
 878 0020 00       		.byte	0
 879 0021 0B       		.uleb128 0xb
 880 0022 0B       		.uleb128 0xb
 881 0023 3E       		.uleb128 0x3e
 882 0024 0B       		.uleb128 0xb
 883 0025 03       		.uleb128 0x3
 884 0026 0E       		.uleb128 0xe
 885 0027 00       		.byte	0
 886 0028 00       		.byte	0
 887 0029 04       		.uleb128 0x4
 888 002a 0F       		.uleb128 0xf
 889 002b 00       		.byte	0
 890 002c 0B       		.uleb128 0xb
 891 002d 0B       		.uleb128 0xb
 892 002e 49       		.uleb128 0x49
 893 002f 13       		.uleb128 0x13
 894 0030 00       		.byte	0
 895 0031 00       		.byte	0
 896 0032 05       		.uleb128 0x5
 897 0033 15       		.uleb128 0x15
 898 0034 00       		.byte	0
 899 0035 27       		.uleb128 0x27
 900 0036 19       		.uleb128 0x19
 901 0037 00       		.byte	0
 902 0038 00       		.byte	0
 903 0039 06       		.uleb128 0x6
 904 003a 16       		.uleb128 0x16
 905 003b 00       		.byte	0
 906 003c 03       		.uleb128 0x3
 907 003d 0E       		.uleb128 0xe
 908 003e 3A       		.uleb128 0x3a
 909 003f 0B       		.uleb128 0xb
 910 0040 3B       		.uleb128 0x3b
 911 0041 0B       		.uleb128 0xb
 912 0042 49       		.uleb128 0x49
 913 0043 13       		.uleb128 0x13
 914 0044 00       		.byte	0
 915 0045 00       		.byte	0
 916 0046 07       		.uleb128 0x7
 917 0047 16       		.uleb128 0x16
 918 0048 00       		.byte	0
 919 0049 03       		.uleb128 0x3
 920 004a 0E       		.uleb128 0xe
 921 004b 3A       		.uleb128 0x3a
 922 004c 0B       		.uleb128 0xb
 923 004d 3B       		.uleb128 0x3b
 924 004e 05       		.uleb128 0x5
 925 004f 49       		.uleb128 0x49
 926 0050 13       		.uleb128 0x13
 927 0051 00       		.byte	0
ARM GAS  C:\Users\PANXIA~1\AppData\Local\Temp\ccdzifhO.s 			page 25


 928 0052 00       		.byte	0
 929 0053 08       		.uleb128 0x8
 930 0054 35       		.uleb128 0x35
 931 0055 00       		.byte	0
 932 0056 49       		.uleb128 0x49
 933 0057 13       		.uleb128 0x13
 934 0058 00       		.byte	0
 935 0059 00       		.byte	0
 936 005a 09       		.uleb128 0x9
 937 005b 2E       		.uleb128 0x2e
 938 005c 00       		.byte	0
 939 005d 3F       		.uleb128 0x3f
 940 005e 19       		.uleb128 0x19
 941 005f 03       		.uleb128 0x3
 942 0060 0E       		.uleb128 0xe
 943 0061 3A       		.uleb128 0x3a
 944 0062 0B       		.uleb128 0xb
 945 0063 3B       		.uleb128 0x3b
 946 0064 0B       		.uleb128 0xb
 947 0065 27       		.uleb128 0x27
 948 0066 19       		.uleb128 0x19
 949 0067 11       		.uleb128 0x11
 950 0068 01       		.uleb128 0x1
 951 0069 12       		.uleb128 0x12
 952 006a 06       		.uleb128 0x6
 953 006b 40       		.uleb128 0x40
 954 006c 18       		.uleb128 0x18
 955 006d 9742     		.uleb128 0x2117
 956 006f 19       		.uleb128 0x19
 957 0070 00       		.byte	0
 958 0071 00       		.byte	0
 959 0072 0A       		.uleb128 0xa
 960 0073 2E       		.uleb128 0x2e
 961 0074 01       		.byte	0x1
 962 0075 3F       		.uleb128 0x3f
 963 0076 19       		.uleb128 0x19
 964 0077 03       		.uleb128 0x3
 965 0078 0E       		.uleb128 0xe
 966 0079 3A       		.uleb128 0x3a
 967 007a 0B       		.uleb128 0xb
 968 007b 3B       		.uleb128 0x3b
 969 007c 0B       		.uleb128 0xb
 970 007d 27       		.uleb128 0x27
 971 007e 19       		.uleb128 0x19
 972 007f 11       		.uleb128 0x11
 973 0080 01       		.uleb128 0x1
 974 0081 12       		.uleb128 0x12
 975 0082 06       		.uleb128 0x6
 976 0083 40       		.uleb128 0x40
 977 0084 18       		.uleb128 0x18
 978 0085 9742     		.uleb128 0x2117
 979 0087 19       		.uleb128 0x19
 980 0088 01       		.uleb128 0x1
 981 0089 13       		.uleb128 0x13
 982 008a 00       		.byte	0
 983 008b 00       		.byte	0
 984 008c 0B       		.uleb128 0xb
ARM GAS  C:\Users\PANXIA~1\AppData\Local\Temp\ccdzifhO.s 			page 26


 985 008d 05       		.uleb128 0x5
 986 008e 00       		.byte	0
 987 008f 03       		.uleb128 0x3
 988 0090 0E       		.uleb128 0xe
 989 0091 3A       		.uleb128 0x3a
 990 0092 0B       		.uleb128 0xb
 991 0093 3B       		.uleb128 0x3b
 992 0094 0B       		.uleb128 0xb
 993 0095 49       		.uleb128 0x49
 994 0096 13       		.uleb128 0x13
 995 0097 02       		.uleb128 0x2
 996 0098 18       		.uleb128 0x18
 997 0099 00       		.byte	0
 998 009a 00       		.byte	0
 999 009b 0C       		.uleb128 0xc
 1000 009c 34       		.uleb128 0x34
 1001 009d 00       		.byte	0
 1002 009e 03       		.uleb128 0x3
 1003 009f 0E       		.uleb128 0xe
 1004 00a0 3A       		.uleb128 0x3a
 1005 00a1 0B       		.uleb128 0xb
 1006 00a2 3B       		.uleb128 0x3b
 1007 00a3 0B       		.uleb128 0xb
 1008 00a4 49       		.uleb128 0x49
 1009 00a5 13       		.uleb128 0x13
 1010 00a6 02       		.uleb128 0x2
 1011 00a7 18       		.uleb128 0x18
 1012 00a8 00       		.byte	0
 1013 00a9 00       		.byte	0
 1014 00aa 0D       		.uleb128 0xd
 1015 00ab 2E       		.uleb128 0x2e
 1016 00ac 01       		.byte	0x1
 1017 00ad 3F       		.uleb128 0x3f
 1018 00ae 19       		.uleb128 0x19
 1019 00af 03       		.uleb128 0x3
 1020 00b0 0E       		.uleb128 0xe
 1021 00b1 3A       		.uleb128 0x3a
 1022 00b2 0B       		.uleb128 0xb
 1023 00b3 3B       		.uleb128 0x3b
 1024 00b4 0B       		.uleb128 0xb
 1025 00b5 27       		.uleb128 0x27
 1026 00b6 19       		.uleb128 0x19
 1027 00b7 49       		.uleb128 0x49
 1028 00b8 13       		.uleb128 0x13
 1029 00b9 11       		.uleb128 0x11
 1030 00ba 01       		.uleb128 0x1
 1031 00bb 12       		.uleb128 0x12
 1032 00bc 06       		.uleb128 0x6
 1033 00bd 40       		.uleb128 0x40
 1034 00be 18       		.uleb128 0x18
 1035 00bf 9742     		.uleb128 0x2117
 1036 00c1 19       		.uleb128 0x19
 1037 00c2 01       		.uleb128 0x1
 1038 00c3 13       		.uleb128 0x13
 1039 00c4 00       		.byte	0
 1040 00c5 00       		.byte	0
 1041 00c6 0E       		.uleb128 0xe
ARM GAS  C:\Users\PANXIA~1\AppData\Local\Temp\ccdzifhO.s 			page 27


 1042 00c7 2E       		.uleb128 0x2e
 1043 00c8 01       		.byte	0x1
 1044 00c9 3F       		.uleb128 0x3f
 1045 00ca 19       		.uleb128 0x19
 1046 00cb 03       		.uleb128 0x3
 1047 00cc 0E       		.uleb128 0xe
 1048 00cd 3A       		.uleb128 0x3a
 1049 00ce 0B       		.uleb128 0xb
 1050 00cf 3B       		.uleb128 0x3b
 1051 00d0 05       		.uleb128 0x5
 1052 00d1 27       		.uleb128 0x27
 1053 00d2 19       		.uleb128 0x19
 1054 00d3 11       		.uleb128 0x11
 1055 00d4 01       		.uleb128 0x1
 1056 00d5 12       		.uleb128 0x12
 1057 00d6 06       		.uleb128 0x6
 1058 00d7 40       		.uleb128 0x40
 1059 00d8 18       		.uleb128 0x18
 1060 00d9 9742     		.uleb128 0x2117
 1061 00db 19       		.uleb128 0x19
 1062 00dc 01       		.uleb128 0x1
 1063 00dd 13       		.uleb128 0x13
 1064 00de 00       		.byte	0
 1065 00df 00       		.byte	0
 1066 00e0 0F       		.uleb128 0xf
 1067 00e1 05       		.uleb128 0x5
 1068 00e2 00       		.byte	0
 1069 00e3 03       		.uleb128 0x3
 1070 00e4 0E       		.uleb128 0xe
 1071 00e5 3A       		.uleb128 0x3a
 1072 00e6 0B       		.uleb128 0xb
 1073 00e7 3B       		.uleb128 0x3b
 1074 00e8 05       		.uleb128 0x5
 1075 00e9 49       		.uleb128 0x49
 1076 00ea 13       		.uleb128 0x13
 1077 00eb 02       		.uleb128 0x2
 1078 00ec 17       		.uleb128 0x17
 1079 00ed 00       		.byte	0
 1080 00ee 00       		.byte	0
 1081 00ef 10       		.uleb128 0x10
 1082 00f0 2E       		.uleb128 0x2e
 1083 00f1 01       		.byte	0x1
 1084 00f2 3F       		.uleb128 0x3f
 1085 00f3 19       		.uleb128 0x19
 1086 00f4 03       		.uleb128 0x3
 1087 00f5 0E       		.uleb128 0xe
 1088 00f6 3A       		.uleb128 0x3a
 1089 00f7 0B       		.uleb128 0xb
 1090 00f8 3B       		.uleb128 0x3b
 1091 00f9 05       		.uleb128 0x5
 1092 00fa 27       		.uleb128 0x27
 1093 00fb 19       		.uleb128 0x19
 1094 00fc 49       		.uleb128 0x49
 1095 00fd 13       		.uleb128 0x13
 1096 00fe 11       		.uleb128 0x11
 1097 00ff 01       		.uleb128 0x1
 1098 0100 12       		.uleb128 0x12
ARM GAS  C:\Users\PANXIA~1\AppData\Local\Temp\ccdzifhO.s 			page 28


 1099 0101 06       		.uleb128 0x6
 1100 0102 40       		.uleb128 0x40
 1101 0103 18       		.uleb128 0x18
 1102 0104 9742     		.uleb128 0x2117
 1103 0106 19       		.uleb128 0x19
 1104 0107 01       		.uleb128 0x1
 1105 0108 13       		.uleb128 0x13
 1106 0109 00       		.byte	0
 1107 010a 00       		.byte	0
 1108 010b 11       		.uleb128 0x11
 1109 010c 34       		.uleb128 0x34
 1110 010d 00       		.byte	0
 1111 010e 03       		.uleb128 0x3
 1112 010f 0E       		.uleb128 0xe
 1113 0110 3A       		.uleb128 0x3a
 1114 0111 0B       		.uleb128 0xb
 1115 0112 3B       		.uleb128 0x3b
 1116 0113 05       		.uleb128 0x5
 1117 0114 49       		.uleb128 0x49
 1118 0115 13       		.uleb128 0x13
 1119 0116 02       		.uleb128 0x2
 1120 0117 17       		.uleb128 0x17
 1121 0118 00       		.byte	0
 1122 0119 00       		.byte	0
 1123 011a 12       		.uleb128 0x12
 1124 011b 2E       		.uleb128 0x2e
 1125 011c 00       		.byte	0
 1126 011d 3F       		.uleb128 0x3f
 1127 011e 19       		.uleb128 0x19
 1128 011f 03       		.uleb128 0x3
 1129 0120 0E       		.uleb128 0xe
 1130 0121 3A       		.uleb128 0x3a
 1131 0122 0B       		.uleb128 0xb
 1132 0123 3B       		.uleb128 0x3b
 1133 0124 05       		.uleb128 0x5
 1134 0125 27       		.uleb128 0x27
 1135 0126 19       		.uleb128 0x19
 1136 0127 11       		.uleb128 0x11
 1137 0128 01       		.uleb128 0x1
 1138 0129 12       		.uleb128 0x12
 1139 012a 06       		.uleb128 0x6
 1140 012b 40       		.uleb128 0x40
 1141 012c 18       		.uleb128 0x18
 1142 012d 9742     		.uleb128 0x2117
 1143 012f 19       		.uleb128 0x19
 1144 0130 00       		.byte	0
 1145 0131 00       		.byte	0
 1146 0132 13       		.uleb128 0x13
 1147 0133 2E       		.uleb128 0x2e
 1148 0134 00       		.byte	0
 1149 0135 3F       		.uleb128 0x3f
 1150 0136 19       		.uleb128 0x19
 1151 0137 03       		.uleb128 0x3
 1152 0138 0E       		.uleb128 0xe
 1153 0139 3A       		.uleb128 0x3a
 1154 013a 0B       		.uleb128 0xb
 1155 013b 3B       		.uleb128 0x3b
ARM GAS  C:\Users\PANXIA~1\AppData\Local\Temp\ccdzifhO.s 			page 29


 1156 013c 05       		.uleb128 0x5
 1157 013d 27       		.uleb128 0x27
 1158 013e 19       		.uleb128 0x19
 1159 013f 49       		.uleb128 0x49
 1160 0140 13       		.uleb128 0x13
 1161 0141 11       		.uleb128 0x11
 1162 0142 01       		.uleb128 0x1
 1163 0143 12       		.uleb128 0x12
 1164 0144 06       		.uleb128 0x6
 1165 0145 40       		.uleb128 0x40
 1166 0146 18       		.uleb128 0x18
 1167 0147 9742     		.uleb128 0x2117
 1168 0149 19       		.uleb128 0x19
 1169 014a 00       		.byte	0
 1170 014b 00       		.byte	0
 1171 014c 14       		.uleb128 0x14
 1172 014d 898201   		.uleb128 0x4109
 1173 0150 00       		.byte	0
 1174 0151 11       		.uleb128 0x11
 1175 0152 01       		.uleb128 0x1
 1176 0153 31       		.uleb128 0x31
 1177 0154 13       		.uleb128 0x13
 1178 0155 00       		.byte	0
 1179 0156 00       		.byte	0
 1180 0157 15       		.uleb128 0x15
 1181 0158 898201   		.uleb128 0x4109
 1182 015b 01       		.byte	0x1
 1183 015c 11       		.uleb128 0x11
 1184 015d 01       		.uleb128 0x1
 1185 015e 31       		.uleb128 0x31
 1186 015f 13       		.uleb128 0x13
 1187 0160 01       		.uleb128 0x1
 1188 0161 13       		.uleb128 0x13
 1189 0162 00       		.byte	0
 1190 0163 00       		.byte	0
 1191 0164 16       		.uleb128 0x16
 1192 0165 8A8201   		.uleb128 0x410a
 1193 0168 00       		.byte	0
 1194 0169 02       		.uleb128 0x2
 1195 016a 18       		.uleb128 0x18
 1196 016b 9142     		.uleb128 0x2111
 1197 016d 18       		.uleb128 0x18
 1198 016e 00       		.byte	0
 1199 016f 00       		.byte	0
 1200 0170 17       		.uleb128 0x17
 1201 0171 05       		.uleb128 0x5
 1202 0172 00       		.byte	0
 1203 0173 03       		.uleb128 0x3
 1204 0174 0E       		.uleb128 0xe
 1205 0175 3A       		.uleb128 0x3a
 1206 0176 0B       		.uleb128 0xb
 1207 0177 3B       		.uleb128 0x3b
 1208 0178 0B       		.uleb128 0xb
 1209 0179 49       		.uleb128 0x49
 1210 017a 13       		.uleb128 0x13
 1211 017b 02       		.uleb128 0x2
 1212 017c 17       		.uleb128 0x17
ARM GAS  C:\Users\PANXIA~1\AppData\Local\Temp\ccdzifhO.s 			page 30


 1213 017d 00       		.byte	0
 1214 017e 00       		.byte	0
 1215 017f 18       		.uleb128 0x18
 1216 0180 34       		.uleb128 0x34
 1217 0181 00       		.byte	0
 1218 0182 03       		.uleb128 0x3
 1219 0183 0E       		.uleb128 0xe
 1220 0184 3A       		.uleb128 0x3a
 1221 0185 0B       		.uleb128 0xb
 1222 0186 3B       		.uleb128 0x3b
 1223 0187 0B       		.uleb128 0xb
 1224 0188 49       		.uleb128 0x49
 1225 0189 13       		.uleb128 0x13
 1226 018a 3F       		.uleb128 0x3f
 1227 018b 19       		.uleb128 0x19
 1228 018c 02       		.uleb128 0x2
 1229 018d 18       		.uleb128 0x18
 1230 018e 00       		.byte	0
 1231 018f 00       		.byte	0
 1232 0190 00       		.byte	0
 1233              		.section	.debug_loc,"",%progbits
 1234              	.Ldebug_loc0:
 1235              	.LLST0:
 1236 0000 00000000 		.4byte	.LVL3
 1237 0004 02000000 		.4byte	.LVL4
 1238 0008 0100     		.2byte	0x1
 1239 000a 50       		.byte	0x50
 1240 000b 02000000 		.4byte	.LVL4
 1241 000f 10000000 		.4byte	.LFE6
 1242 0013 0400     		.2byte	0x4
 1243 0015 F3       		.byte	0xf3
 1244 0016 01       		.uleb128 0x1
 1245 0017 50       		.byte	0x50
 1246 0018 9F       		.byte	0x9f
 1247 0019 00000000 		.4byte	0
 1248 001d 00000000 		.4byte	0
 1249              	.LLST1:
 1250 0021 04000000 		.4byte	.LVL5
 1251 0025 06000000 		.4byte	.LVL6
 1252 0029 0500     		.2byte	0x5
 1253 002b 70       		.byte	0x70
 1254 002c 00       		.sleb128 0
 1255 002d 35       		.byte	0x35
 1256 002e 25       		.byte	0x25
 1257 002f 9F       		.byte	0x9f
 1258 0030 00000000 		.4byte	0
 1259 0034 00000000 		.4byte	0
 1260              	.LLST2:
 1261 0038 00000000 		.4byte	.LVL11
 1262 003c 07000000 		.4byte	.LVL12-1
 1263 0040 0100     		.2byte	0x1
 1264 0042 50       		.byte	0x50
 1265 0043 07000000 		.4byte	.LVL12-1
 1266 0047 1A000000 		.4byte	.LFE1
 1267 004b 0100     		.2byte	0x1
 1268 004d 54       		.byte	0x54
 1269 004e 00000000 		.4byte	0
ARM GAS  C:\Users\PANXIA~1\AppData\Local\Temp\ccdzifhO.s 			page 31


 1270 0052 00000000 		.4byte	0
 1271              		.section	.debug_aranges,"",%progbits
 1272 0000 7C000000 		.4byte	0x7c
 1273 0004 0200     		.2byte	0x2
 1274 0006 00000000 		.4byte	.Ldebug_info0
 1275 000a 04       		.byte	0x4
 1276 000b 00       		.byte	0
 1277 000c 0000     		.2byte	0
 1278 000e 0000     		.2byte	0
 1279 0010 00000000 		.4byte	.LFB3
 1280 0014 6C000000 		.4byte	.LFE3-.LFB3
 1281 0018 00000000 		.4byte	.LFB4
 1282 001c 0C000000 		.4byte	.LFE4-.LFB4
 1283 0020 00000000 		.4byte	.LFB5
 1284 0024 0C000000 		.4byte	.LFE5-.LFB5
 1285 0028 00000000 		.4byte	.LFB6
 1286 002c 10000000 		.4byte	.LFE6-.LFB6
 1287 0030 00000000 		.4byte	.LFB7
 1288 0034 0C000000 		.4byte	.LFE7-.LFB7
 1289 0038 00000000 		.4byte	.LFB8
 1290 003c 0C000000 		.4byte	.LFE8-.LFB8
 1291 0040 00000000 		.4byte	.LFB9
 1292 0044 18000000 		.4byte	.LFE9-.LFB9
 1293 0048 00000000 		.4byte	.LFB10
 1294 004c 0C000000 		.4byte	.LFE10-.LFB10
 1295 0050 00000000 		.4byte	.LFB0
 1296 0054 1C000000 		.4byte	.LFE0-.LFB0
 1297 0058 00000000 		.4byte	.LFB1
 1298 005c 1A000000 		.4byte	.LFE1-.LFB1
 1299 0060 00000000 		.4byte	.LFB2
 1300 0064 14000000 		.4byte	.LFE2-.LFB2
 1301 0068 00000000 		.4byte	.LFB11
 1302 006c 0C000000 		.4byte	.LFE11-.LFB11
 1303 0070 00000000 		.4byte	.LFB12
 1304 0074 0C000000 		.4byte	.LFE12-.LFB12
 1305 0078 00000000 		.4byte	0
 1306 007c 00000000 		.4byte	0
 1307              		.section	.debug_ranges,"",%progbits
 1308              	.Ldebug_ranges0:
 1309 0000 00000000 		.4byte	.LFB3
 1310 0004 6C000000 		.4byte	.LFE3
 1311 0008 00000000 		.4byte	.LFB4
 1312 000c 0C000000 		.4byte	.LFE4
 1313 0010 00000000 		.4byte	.LFB5
 1314 0014 0C000000 		.4byte	.LFE5
 1315 0018 00000000 		.4byte	.LFB6
 1316 001c 10000000 		.4byte	.LFE6
 1317 0020 00000000 		.4byte	.LFB7
 1318 0024 0C000000 		.4byte	.LFE7
 1319 0028 00000000 		.4byte	.LFB8
 1320 002c 0C000000 		.4byte	.LFE8
 1321 0030 00000000 		.4byte	.LFB9
 1322 0034 18000000 		.4byte	.LFE9
 1323 0038 00000000 		.4byte	.LFB10
 1324 003c 0C000000 		.4byte	.LFE10
 1325 0040 00000000 		.4byte	.LFB0
 1326 0044 1C000000 		.4byte	.LFE0
ARM GAS  C:\Users\PANXIA~1\AppData\Local\Temp\ccdzifhO.s 			page 32


 1327 0048 00000000 		.4byte	.LFB1
 1328 004c 1A000000 		.4byte	.LFE1
 1329 0050 00000000 		.4byte	.LFB2
 1330 0054 14000000 		.4byte	.LFE2
 1331 0058 00000000 		.4byte	.LFB11
 1332 005c 0C000000 		.4byte	.LFE11
 1333 0060 00000000 		.4byte	.LFB12
 1334 0064 0C000000 		.4byte	.LFE12
 1335 0068 00000000 		.4byte	0
 1336 006c 00000000 		.4byte	0
 1337              		.section	.debug_line,"",%progbits
 1338              	.Ldebug_line0:
 1339 0000 57010000 		.section	.debug_str,"MS",%progbits,1
 1339      02005F00 
 1339      00000201 
 1339      FB0E0D00 
 1339      01010101 
 1340              	.LASF20:
 1341 0000 6973725F 		.ascii	"isr_timer_SetVector\000"
 1341      74696D65 
 1341      725F5365 
 1341      74566563 
 1341      746F7200 
 1342              	.LASF17:
 1343 0014 72656733 		.ascii	"reg32\000"
 1343      3200
 1344              	.LASF44:
 1345 001a 6973725F 		.ascii	"isr_timer_GetState\000"
 1345      74696D65 
 1345      725F4765 
 1345      74537461 
 1345      746500
 1346              	.LASF40:
 1347 002d 74696D65 		.ascii	"time_1s_state\000"
 1347      5F31735F 
 1347      73746174 
 1347      6500
 1348              	.LASF4:
 1349 003b 73686F72 		.ascii	"short unsigned int\000"
 1349      7420756E 
 1349      7369676E 
 1349      65642069 
 1349      6E7400
 1350              	.LASF28:
 1351 004e 6973725F 		.ascii	"isr_timer_Disable\000"
 1351      74696D65 
 1351      725F4469 
 1351      7361626C 
 1351      6500
 1352              	.LASF38:
 1353 0060 74696D65 		.ascii	"time_5ms_state\000"
 1353      5F356D73 
 1353      5F737461 
 1353      746500
 1354              	.LASF24:
 1355 006f 6973725F 		.ascii	"isr_timer_GetVector\000"
 1355      74696D65 
ARM GAS  C:\Users\PANXIA~1\AppData\Local\Temp\ccdzifhO.s 			page 33


 1355      725F4765 
 1355      74566563 
 1355      746F7200 
 1356              	.LASF30:
 1357 0083 6973725F 		.ascii	"isr_timer_StartEx\000"
 1357      74696D65 
 1357      725F5374 
 1357      61727445 
 1357      7800
 1358              	.LASF32:
 1359 0095 6973725F 		.ascii	"isr_timer_SetPending\000"
 1359      74696D65 
 1359      725F5365 
 1359      7450656E 
 1359      64696E67 
 1360              	.LASF14:
 1361 00aa 666C6F61 		.ascii	"float\000"
 1361      7400
 1362              	.LASF37:
 1363 00b0 74696D65 		.ascii	"time_100ms_state\000"
 1363      5F313030 
 1363      6D735F73 
 1363      74617465 
 1363      00
 1364              	.LASF39:
 1365 00c1 74696D65 		.ascii	"time_1s\000"
 1365      5F317300 
 1366              	.LASF16:
 1367 00c9 72656738 		.ascii	"reg8\000"
 1367      00
 1368              	.LASF6:
 1369 00ce 6C6F6E67 		.ascii	"long unsigned int\000"
 1369      20756E73 
 1369      69676E65 
 1369      6420696E 
 1369      7400
 1370              	.LASF11:
 1371 00e0 75696E74 		.ascii	"uint8\000"
 1371      3800
 1372              	.LASF26:
 1373 00e6 6973725F 		.ascii	"isr_timer_Interrupt\000"
 1373      74696D65 
 1373      725F496E 
 1373      74657272 
 1373      75707400 
 1374              	.LASF23:
 1375 00fa 7072696F 		.ascii	"priority\000"
 1375      72697479 
 1375      00
 1376              	.LASF2:
 1377 0103 756E7369 		.ascii	"unsigned char\000"
 1377      676E6564 
 1377      20636861 
 1377      7200
 1378              	.LASF25:
 1379 0111 6973725F 		.ascii	"isr_timer_GetPriority\000"
 1379      74696D65 
ARM GAS  C:\Users\PANXIA~1\AppData\Local\Temp\ccdzifhO.s 			page 34


 1379      725F4765 
 1379      74507269 
 1379      6F726974 
 1380              	.LASF15:
 1381 0127 646F7562 		.ascii	"double\000"
 1381      6C6500
 1382              	.LASF3:
 1383 012e 73686F72 		.ascii	"short int\000"
 1383      7420696E 
 1383      7400
 1384              	.LASF12:
 1385 0138 75696E74 		.ascii	"uint16\000"
 1385      313600
 1386              	.LASF29:
 1387 013f 6973725F 		.ascii	"isr_timer_Start\000"
 1387      74696D65 
 1387      725F5374 
 1387      61727400 
 1388              	.LASF13:
 1389 014f 75696E74 		.ascii	"uint32\000"
 1389      333200
 1390              	.LASF41:
 1391 0156 474E5520 		.ascii	"GNU C 4.9.3 20150303 (release) [ARM/embedded-4_9-br"
 1391      4320342E 
 1391      392E3320 
 1391      32303135 
 1391      30333033 
 1392 0189 616E6368 		.ascii	"anch revision 221220] -mcpu=cortex-m3 -mthumb -g -O"
 1392      20726576 
 1392      6973696F 
 1392      6E203232 
 1392      31323230 
 1393 01bc 67202D66 		.ascii	"g -ffunction-sections -ffat-lto-objects\000"
 1393      66756E63 
 1393      74696F6E 
 1393      2D736563 
 1393      74696F6E 
 1394              	.LASF0:
 1395 01e4 756E7369 		.ascii	"unsigned int\000"
 1395      676E6564 
 1395      20696E74 
 1395      00
 1396              	.LASF22:
 1397 01f1 61646472 		.ascii	"address\000"
 1397      65737300 
 1398              	.LASF8:
 1399 01f9 6C6F6E67 		.ascii	"long long unsigned int\000"
 1399      206C6F6E 
 1399      6720756E 
 1399      7369676E 
 1399      65642069 
 1400              	.LASF18:
 1401 0210 63796973 		.ascii	"cyisraddress\000"
 1401      72616464 
 1401      72657373 
 1401      00
 1402              	.LASF27:
ARM GAS  C:\Users\PANXIA~1\AppData\Local\Temp\ccdzifhO.s 			page 35


 1403 021d 6973725F 		.ascii	"isr_timer_Enable\000"
 1403      74696D65 
 1403      725F456E 
 1403      61626C65 
 1403      00
 1404              	.LASF33:
 1405 022e 6973725F 		.ascii	"isr_timer_ClearPending\000"
 1405      74696D65 
 1405      725F436C 
 1405      65617250 
 1405      656E6469 
 1406              	.LASF9:
 1407 0245 73697A65 		.ascii	"sizetype\000"
 1407      74797065 
 1407      00
 1408              	.LASF43:
 1409 024e 443A5C70 		.ascii	"D:\\project\\robot\\git_code\\robot_control_C\\robo"
 1409      726F6A65 
 1409      63745C72 
 1409      6F626F74 
 1409      5C676974 
 1410 027c 745F636F 		.ascii	"t_control.cydsn\000"
 1410      6E74726F 
 1410      6C2E6379 
 1410      64736E00 
 1411              	.LASF7:
 1412 028c 6C6F6E67 		.ascii	"long long int\000"
 1412      206C6F6E 
 1412      6720696E 
 1412      7400
 1413              	.LASF21:
 1414 029a 6973725F 		.ascii	"isr_timer_SetPriority\000"
 1414      74696D65 
 1414      725F5365 
 1414      74507269 
 1414      6F726974 
 1415              	.LASF10:
 1416 02b0 63686172 		.ascii	"char\000"
 1416      00
 1417              	.LASF19:
 1418 02b5 72616D56 		.ascii	"ramVectorTable\000"
 1418      6563746F 
 1418      72546162 
 1418      6C6500
 1419              	.LASF42:
 1420 02c4 2E5C4765 		.ascii	".\\Generated_Source\\PSoC5\\isr_timer.c\000"
 1420      6E657261 
 1420      7465645F 
 1420      536F7572 
 1420      63655C50 
 1421              	.LASF31:
 1422 02e9 6973725F 		.ascii	"isr_timer_Stop\000"
 1422      74696D65 
 1422      725F5374 
 1422      6F7000
 1423              	.LASF36:
 1424 02f8 74696D65 		.ascii	"time_100ms\000"
ARM GAS  C:\Users\PANXIA~1\AppData\Local\Temp\ccdzifhO.s 			page 36


 1424      5F313030 
 1424      6D7300
 1425              	.LASF5:
 1426 0303 6C6F6E67 		.ascii	"long int\000"
 1426      20696E74 
 1426      00
 1427              	.LASF34:
 1428 030c 74696D65 		.ascii	"time_1ms\000"
 1428      5F316D73 
 1428      00
 1429              	.LASF1:
 1430 0315 7369676E 		.ascii	"signed char\000"
 1430      65642063 
 1430      68617200 
 1431              	.LASF35:
 1432 0321 74696D65 		.ascii	"time_5ms\000"
 1432      5F356D73 
 1432      00
 1433              		.ident	"GCC: (GNU Tools for ARM Embedded Processors) 4.9.3 20150303 (release) [ARM/embedded-4_9-br
