ARM GAS  C:\Users\PANXIA~1\AppData\Local\Temp\cc6ff5Ht.s 			page 1


   1              		.syntax unified
   2              		.cpu cortex-m3
   3              		.fpu softvfp
   4              		.eabi_attribute 20, 1
   5              		.eabi_attribute 21, 1
   6              		.eabi_attribute 23, 3
   7              		.eabi_attribute 24, 1
   8              		.eabi_attribute 25, 1
   9              		.eabi_attribute 26, 1
  10              		.eabi_attribute 30, 1
  11              		.eabi_attribute 34, 1
  12              		.eabi_attribute 18, 4
  13              		.thumb
  14              		.file	"isr_rx_net.c"
  15              		.text
  16              	.Ltext0:
  17              		.cfi_sections	.debug_frame
  18              		.section	.text.isr_rx_net_Interrupt,"ax",%progbits
  19              		.align	2
  20              		.global	isr_rx_net_Interrupt
  21              		.thumb
  22              		.thumb_func
  23              		.type	isr_rx_net_Interrupt, %function
  24              	isr_rx_net_Interrupt:
  25              	.LFB66:
  26              		.file 1 ".\\Generated_Source\\PSoC5\\isr_rx_net.c"
   1:.\Generated_Source\PSoC5/isr_rx_net.c **** /*******************************************************************************
   2:.\Generated_Source\PSoC5/isr_rx_net.c **** * File Name: isr_rx_net.c  
   3:.\Generated_Source\PSoC5/isr_rx_net.c **** * Version 1.70
   4:.\Generated_Source\PSoC5/isr_rx_net.c **** *
   5:.\Generated_Source\PSoC5/isr_rx_net.c **** *  Description:
   6:.\Generated_Source\PSoC5/isr_rx_net.c **** *   API for controlling the state of an interrupt.
   7:.\Generated_Source\PSoC5/isr_rx_net.c **** *
   8:.\Generated_Source\PSoC5/isr_rx_net.c **** *
   9:.\Generated_Source\PSoC5/isr_rx_net.c **** *  Note:
  10:.\Generated_Source\PSoC5/isr_rx_net.c **** *
  11:.\Generated_Source\PSoC5/isr_rx_net.c **** ********************************************************************************
  12:.\Generated_Source\PSoC5/isr_rx_net.c **** * Copyright 2008-2015, Cypress Semiconductor Corporation.  All rights reserved.
  13:.\Generated_Source\PSoC5/isr_rx_net.c **** * You may use this file only in accordance with the license, terms, conditions, 
  14:.\Generated_Source\PSoC5/isr_rx_net.c **** * disclaimers, and limitations in the end user license agreement accompanying 
  15:.\Generated_Source\PSoC5/isr_rx_net.c **** * the software package with which this file was provided.
  16:.\Generated_Source\PSoC5/isr_rx_net.c **** *******************************************************************************/
  17:.\Generated_Source\PSoC5/isr_rx_net.c **** 
  18:.\Generated_Source\PSoC5/isr_rx_net.c **** 
  19:.\Generated_Source\PSoC5/isr_rx_net.c **** #include <cydevice_trm.h>
  20:.\Generated_Source\PSoC5/isr_rx_net.c **** #include <CyLib.h>
  21:.\Generated_Source\PSoC5/isr_rx_net.c **** #include <isr_rx_net.h>
  22:.\Generated_Source\PSoC5/isr_rx_net.c **** #include "cyapicallbacks.h"
  23:.\Generated_Source\PSoC5/isr_rx_net.c **** 
  24:.\Generated_Source\PSoC5/isr_rx_net.c **** #if !defined(isr_rx_net__REMOVED) /* Check for removal by optimization */
  25:.\Generated_Source\PSoC5/isr_rx_net.c **** 
  26:.\Generated_Source\PSoC5/isr_rx_net.c **** /*******************************************************************************
  27:.\Generated_Source\PSoC5/isr_rx_net.c **** *  Place your includes, defines and code here 
  28:.\Generated_Source\PSoC5/isr_rx_net.c **** ********************************************************************************/
  29:.\Generated_Source\PSoC5/isr_rx_net.c **** /* `#START isr_rx_net_intc` */
  30:.\Generated_Source\PSoC5/isr_rx_net.c ****     #include "UART_net.h"
  31:.\Generated_Source\PSoC5/isr_rx_net.c ****     #include "Transfer.h"
ARM GAS  C:\Users\PANXIA~1\AppData\Local\Temp\cc6ff5Ht.s 			page 2


  32:.\Generated_Source\PSoC5/isr_rx_net.c ****    uint8 data;
  33:.\Generated_Source\PSoC5/isr_rx_net.c ****     uint8 data1;
  34:.\Generated_Source\PSoC5/isr_rx_net.c **** /* `#END` */
  35:.\Generated_Source\PSoC5/isr_rx_net.c **** 
  36:.\Generated_Source\PSoC5/isr_rx_net.c **** #ifndef CYINT_IRQ_BASE
  37:.\Generated_Source\PSoC5/isr_rx_net.c **** #define CYINT_IRQ_BASE      16
  38:.\Generated_Source\PSoC5/isr_rx_net.c **** #endif /* CYINT_IRQ_BASE */
  39:.\Generated_Source\PSoC5/isr_rx_net.c **** #ifndef CYINT_VECT_TABLE
  40:.\Generated_Source\PSoC5/isr_rx_net.c **** #define CYINT_VECT_TABLE    ((cyisraddress **) CYREG_NVIC_VECT_OFFSET)
  41:.\Generated_Source\PSoC5/isr_rx_net.c **** #endif /* CYINT_VECT_TABLE */
  42:.\Generated_Source\PSoC5/isr_rx_net.c **** 
  43:.\Generated_Source\PSoC5/isr_rx_net.c **** /* Declared in startup, used to set unused interrupts to. */
  44:.\Generated_Source\PSoC5/isr_rx_net.c **** CY_ISR_PROTO(IntDefaultHandler);
  45:.\Generated_Source\PSoC5/isr_rx_net.c **** 
  46:.\Generated_Source\PSoC5/isr_rx_net.c **** 
  47:.\Generated_Source\PSoC5/isr_rx_net.c **** /*******************************************************************************
  48:.\Generated_Source\PSoC5/isr_rx_net.c **** * Function Name: isr_rx_net_Start
  49:.\Generated_Source\PSoC5/isr_rx_net.c **** ********************************************************************************
  50:.\Generated_Source\PSoC5/isr_rx_net.c **** *
  51:.\Generated_Source\PSoC5/isr_rx_net.c **** * Summary:
  52:.\Generated_Source\PSoC5/isr_rx_net.c **** *  Set up the interrupt and enable it. This function disables the interrupt, 
  53:.\Generated_Source\PSoC5/isr_rx_net.c **** *  sets the default interrupt vector, sets the priority from the value in the
  54:.\Generated_Source\PSoC5/isr_rx_net.c **** *  Design Wide Resources Interrupt Editor, then enables the interrupt to the 
  55:.\Generated_Source\PSoC5/isr_rx_net.c **** *  interrupt controller.
  56:.\Generated_Source\PSoC5/isr_rx_net.c **** *
  57:.\Generated_Source\PSoC5/isr_rx_net.c **** * Parameters:  
  58:.\Generated_Source\PSoC5/isr_rx_net.c **** *   None
  59:.\Generated_Source\PSoC5/isr_rx_net.c **** *
  60:.\Generated_Source\PSoC5/isr_rx_net.c **** * Return:
  61:.\Generated_Source\PSoC5/isr_rx_net.c **** *   None
  62:.\Generated_Source\PSoC5/isr_rx_net.c **** *
  63:.\Generated_Source\PSoC5/isr_rx_net.c **** *******************************************************************************/
  64:.\Generated_Source\PSoC5/isr_rx_net.c **** void isr_rx_net_Start(void)
  65:.\Generated_Source\PSoC5/isr_rx_net.c **** {
  66:.\Generated_Source\PSoC5/isr_rx_net.c ****     /* For all we know the interrupt is active. */
  67:.\Generated_Source\PSoC5/isr_rx_net.c ****     isr_rx_net_Disable();
  68:.\Generated_Source\PSoC5/isr_rx_net.c **** 
  69:.\Generated_Source\PSoC5/isr_rx_net.c ****     /* Set the ISR to point to the isr_rx_net Interrupt. */
  70:.\Generated_Source\PSoC5/isr_rx_net.c ****     isr_rx_net_SetVector(&isr_rx_net_Interrupt);
  71:.\Generated_Source\PSoC5/isr_rx_net.c **** 
  72:.\Generated_Source\PSoC5/isr_rx_net.c ****     /* Set the priority. */
  73:.\Generated_Source\PSoC5/isr_rx_net.c ****     isr_rx_net_SetPriority((uint8)isr_rx_net_INTC_PRIOR_NUMBER);
  74:.\Generated_Source\PSoC5/isr_rx_net.c **** 
  75:.\Generated_Source\PSoC5/isr_rx_net.c ****     /* Enable it. */
  76:.\Generated_Source\PSoC5/isr_rx_net.c ****     isr_rx_net_Enable();
  77:.\Generated_Source\PSoC5/isr_rx_net.c **** }
  78:.\Generated_Source\PSoC5/isr_rx_net.c **** 
  79:.\Generated_Source\PSoC5/isr_rx_net.c **** 
  80:.\Generated_Source\PSoC5/isr_rx_net.c **** /*******************************************************************************
  81:.\Generated_Source\PSoC5/isr_rx_net.c **** * Function Name: isr_rx_net_StartEx
  82:.\Generated_Source\PSoC5/isr_rx_net.c **** ********************************************************************************
  83:.\Generated_Source\PSoC5/isr_rx_net.c **** *
  84:.\Generated_Source\PSoC5/isr_rx_net.c **** * Summary:
  85:.\Generated_Source\PSoC5/isr_rx_net.c **** *  Sets up the interrupt and enables it. This function disables the interrupt,
  86:.\Generated_Source\PSoC5/isr_rx_net.c **** *  sets the interrupt vector based on the address passed in, sets the priority 
  87:.\Generated_Source\PSoC5/isr_rx_net.c **** *  from the value in the Design Wide Resources Interrupt Editor, then enables 
  88:.\Generated_Source\PSoC5/isr_rx_net.c **** *  the interrupt to the interrupt controller.
ARM GAS  C:\Users\PANXIA~1\AppData\Local\Temp\cc6ff5Ht.s 			page 3


  89:.\Generated_Source\PSoC5/isr_rx_net.c **** *  
  90:.\Generated_Source\PSoC5/isr_rx_net.c **** *  When defining ISR functions, the CY_ISR and CY_ISR_PROTO macros should be 
  91:.\Generated_Source\PSoC5/isr_rx_net.c **** *  used to provide consistent definition across compilers:
  92:.\Generated_Source\PSoC5/isr_rx_net.c **** *  
  93:.\Generated_Source\PSoC5/isr_rx_net.c **** *  Function definition example:
  94:.\Generated_Source\PSoC5/isr_rx_net.c **** *   CY_ISR(MyISR)
  95:.\Generated_Source\PSoC5/isr_rx_net.c **** *   {
  96:.\Generated_Source\PSoC5/isr_rx_net.c **** *   }
  97:.\Generated_Source\PSoC5/isr_rx_net.c **** *   Function prototype example:
  98:.\Generated_Source\PSoC5/isr_rx_net.c **** *   CY_ISR_PROTO(MyISR);
  99:.\Generated_Source\PSoC5/isr_rx_net.c **** *
 100:.\Generated_Source\PSoC5/isr_rx_net.c **** * Parameters:  
 101:.\Generated_Source\PSoC5/isr_rx_net.c **** *   address: Address of the ISR to set in the interrupt vector table.
 102:.\Generated_Source\PSoC5/isr_rx_net.c **** *
 103:.\Generated_Source\PSoC5/isr_rx_net.c **** * Return:
 104:.\Generated_Source\PSoC5/isr_rx_net.c **** *   None
 105:.\Generated_Source\PSoC5/isr_rx_net.c **** *
 106:.\Generated_Source\PSoC5/isr_rx_net.c **** *******************************************************************************/
 107:.\Generated_Source\PSoC5/isr_rx_net.c **** void isr_rx_net_StartEx(cyisraddress address)
 108:.\Generated_Source\PSoC5/isr_rx_net.c **** {
 109:.\Generated_Source\PSoC5/isr_rx_net.c ****     /* For all we know the interrupt is active. */
 110:.\Generated_Source\PSoC5/isr_rx_net.c ****     isr_rx_net_Disable();
 111:.\Generated_Source\PSoC5/isr_rx_net.c **** 
 112:.\Generated_Source\PSoC5/isr_rx_net.c ****     /* Set the ISR to point to the isr_rx_net Interrupt. */
 113:.\Generated_Source\PSoC5/isr_rx_net.c ****     isr_rx_net_SetVector(address);
 114:.\Generated_Source\PSoC5/isr_rx_net.c **** 
 115:.\Generated_Source\PSoC5/isr_rx_net.c ****     /* Set the priority. */
 116:.\Generated_Source\PSoC5/isr_rx_net.c ****     isr_rx_net_SetPriority((uint8)isr_rx_net_INTC_PRIOR_NUMBER);
 117:.\Generated_Source\PSoC5/isr_rx_net.c **** 
 118:.\Generated_Source\PSoC5/isr_rx_net.c ****     /* Enable it. */
 119:.\Generated_Source\PSoC5/isr_rx_net.c ****     isr_rx_net_Enable();
 120:.\Generated_Source\PSoC5/isr_rx_net.c **** }
 121:.\Generated_Source\PSoC5/isr_rx_net.c **** 
 122:.\Generated_Source\PSoC5/isr_rx_net.c **** 
 123:.\Generated_Source\PSoC5/isr_rx_net.c **** /*******************************************************************************
 124:.\Generated_Source\PSoC5/isr_rx_net.c **** * Function Name: isr_rx_net_Stop
 125:.\Generated_Source\PSoC5/isr_rx_net.c **** ********************************************************************************
 126:.\Generated_Source\PSoC5/isr_rx_net.c **** *
 127:.\Generated_Source\PSoC5/isr_rx_net.c **** * Summary:
 128:.\Generated_Source\PSoC5/isr_rx_net.c **** *   Disables and removes the interrupt.
 129:.\Generated_Source\PSoC5/isr_rx_net.c **** *
 130:.\Generated_Source\PSoC5/isr_rx_net.c **** * Parameters:  
 131:.\Generated_Source\PSoC5/isr_rx_net.c **** *   None
 132:.\Generated_Source\PSoC5/isr_rx_net.c **** *
 133:.\Generated_Source\PSoC5/isr_rx_net.c **** * Return:
 134:.\Generated_Source\PSoC5/isr_rx_net.c **** *   None
 135:.\Generated_Source\PSoC5/isr_rx_net.c **** *
 136:.\Generated_Source\PSoC5/isr_rx_net.c **** *******************************************************************************/
 137:.\Generated_Source\PSoC5/isr_rx_net.c **** void isr_rx_net_Stop(void)
 138:.\Generated_Source\PSoC5/isr_rx_net.c **** {
 139:.\Generated_Source\PSoC5/isr_rx_net.c ****     /* Disable this interrupt. */
 140:.\Generated_Source\PSoC5/isr_rx_net.c ****     isr_rx_net_Disable();
 141:.\Generated_Source\PSoC5/isr_rx_net.c **** 
 142:.\Generated_Source\PSoC5/isr_rx_net.c ****     /* Set the ISR to point to the passive one. */
 143:.\Generated_Source\PSoC5/isr_rx_net.c ****     isr_rx_net_SetVector(&IntDefaultHandler);
 144:.\Generated_Source\PSoC5/isr_rx_net.c **** }
 145:.\Generated_Source\PSoC5/isr_rx_net.c **** 
ARM GAS  C:\Users\PANXIA~1\AppData\Local\Temp\cc6ff5Ht.s 			page 4


 146:.\Generated_Source\PSoC5/isr_rx_net.c **** 
 147:.\Generated_Source\PSoC5/isr_rx_net.c **** /*******************************************************************************
 148:.\Generated_Source\PSoC5/isr_rx_net.c **** * Function Name: isr_rx_net_Interrupt
 149:.\Generated_Source\PSoC5/isr_rx_net.c **** ********************************************************************************
 150:.\Generated_Source\PSoC5/isr_rx_net.c **** *
 151:.\Generated_Source\PSoC5/isr_rx_net.c **** * Summary:
 152:.\Generated_Source\PSoC5/isr_rx_net.c **** *   The default Interrupt Service Routine for isr_rx_net.
 153:.\Generated_Source\PSoC5/isr_rx_net.c **** *
 154:.\Generated_Source\PSoC5/isr_rx_net.c **** *   Add custom code between the coments to keep the next version of this file
 155:.\Generated_Source\PSoC5/isr_rx_net.c **** *   from over writting your code.
 156:.\Generated_Source\PSoC5/isr_rx_net.c **** *
 157:.\Generated_Source\PSoC5/isr_rx_net.c **** * Parameters:  
 158:.\Generated_Source\PSoC5/isr_rx_net.c **** *
 159:.\Generated_Source\PSoC5/isr_rx_net.c **** * Return:
 160:.\Generated_Source\PSoC5/isr_rx_net.c **** *   None
 161:.\Generated_Source\PSoC5/isr_rx_net.c **** *
 162:.\Generated_Source\PSoC5/isr_rx_net.c **** *******************************************************************************/
 163:.\Generated_Source\PSoC5/isr_rx_net.c **** CY_ISR(isr_rx_net_Interrupt)
 164:.\Generated_Source\PSoC5/isr_rx_net.c **** {
  27              		.loc 1 164 0
  28              		.cfi_startproc
  29              		@ args = 0, pretend = 0, frame = 0
  30              		@ frame_needed = 0, uses_anonymous_args = 0
  31 0000 08B5     		push	{r3, lr}
  32              		.cfi_def_cfa_offset 8
  33              		.cfi_offset 3, -8
  34              		.cfi_offset 14, -4
 165:.\Generated_Source\PSoC5/isr_rx_net.c ****     #ifdef isr_rx_net_INTERRUPT_INTERRUPT_CALLBACK
 166:.\Generated_Source\PSoC5/isr_rx_net.c ****         isr_rx_net_Interrupt_InterruptCallback();
 167:.\Generated_Source\PSoC5/isr_rx_net.c ****     #endif /* isr_rx_net_INTERRUPT_INTERRUPT_CALLBACK */ 
 168:.\Generated_Source\PSoC5/isr_rx_net.c **** 
 169:.\Generated_Source\PSoC5/isr_rx_net.c ****     /*  Place your Interrupt code here. */
 170:.\Generated_Source\PSoC5/isr_rx_net.c ****     /* `#START isr_rx_net_Interrupt` */
 171:.\Generated_Source\PSoC5/isr_rx_net.c ****     uint8 data; 
 172:.\Generated_Source\PSoC5/isr_rx_net.c ****     data = UART_net_GetChar();
  35              		.loc 1 172 0
  36 0002 FFF7FEFF 		bl	UART_net_GetChar
  37              	.LVL0:
 173:.\Generated_Source\PSoC5/isr_rx_net.c ****     DT_Data_Receive_Prepare(data);
  38              		.loc 1 173 0
  39 0006 FFF7FEFF 		bl	DT_Data_Receive_Prepare
  40              	.LVL1:
  41 000a 08BD     		pop	{r3, pc}
  42              		.cfi_endproc
  43              	.LFE66:
  44              		.size	isr_rx_net_Interrupt, .-isr_rx_net_Interrupt
  45              		.section	.text.isr_rx_net_SetVector,"ax",%progbits
  46              		.align	2
  47              		.global	isr_rx_net_SetVector
  48              		.thumb
  49              		.thumb_func
  50              		.type	isr_rx_net_SetVector, %function
  51              	isr_rx_net_SetVector:
  52              	.LFB67:
 174:.\Generated_Source\PSoC5/isr_rx_net.c ****     /* `#END` */
 175:.\Generated_Source\PSoC5/isr_rx_net.c **** }
 176:.\Generated_Source\PSoC5/isr_rx_net.c **** 
ARM GAS  C:\Users\PANXIA~1\AppData\Local\Temp\cc6ff5Ht.s 			page 5


 177:.\Generated_Source\PSoC5/isr_rx_net.c **** 
 178:.\Generated_Source\PSoC5/isr_rx_net.c **** /*******************************************************************************
 179:.\Generated_Source\PSoC5/isr_rx_net.c **** * Function Name: isr_rx_net_SetVector
 180:.\Generated_Source\PSoC5/isr_rx_net.c **** ********************************************************************************
 181:.\Generated_Source\PSoC5/isr_rx_net.c **** *
 182:.\Generated_Source\PSoC5/isr_rx_net.c **** * Summary:
 183:.\Generated_Source\PSoC5/isr_rx_net.c **** *   Change the ISR vector for the Interrupt. Note calling isr_rx_net_Start
 184:.\Generated_Source\PSoC5/isr_rx_net.c **** *   will override any effect this method would have had. To set the vector 
 185:.\Generated_Source\PSoC5/isr_rx_net.c **** *   before the component has been started use isr_rx_net_StartEx instead.
 186:.\Generated_Source\PSoC5/isr_rx_net.c **** * 
 187:.\Generated_Source\PSoC5/isr_rx_net.c **** *   When defining ISR functions, the CY_ISR and CY_ISR_PROTO macros should be 
 188:.\Generated_Source\PSoC5/isr_rx_net.c **** *   used to provide consistent definition across compilers:
 189:.\Generated_Source\PSoC5/isr_rx_net.c **** *
 190:.\Generated_Source\PSoC5/isr_rx_net.c **** *   Function definition example:
 191:.\Generated_Source\PSoC5/isr_rx_net.c **** *   CY_ISR(MyISR)
 192:.\Generated_Source\PSoC5/isr_rx_net.c **** *   {
 193:.\Generated_Source\PSoC5/isr_rx_net.c **** *   }
 194:.\Generated_Source\PSoC5/isr_rx_net.c **** *
 195:.\Generated_Source\PSoC5/isr_rx_net.c **** *   Function prototype example:
 196:.\Generated_Source\PSoC5/isr_rx_net.c **** *     CY_ISR_PROTO(MyISR);
 197:.\Generated_Source\PSoC5/isr_rx_net.c **** *
 198:.\Generated_Source\PSoC5/isr_rx_net.c **** * Parameters:
 199:.\Generated_Source\PSoC5/isr_rx_net.c **** *   address: Address of the ISR to set in the interrupt vector table.
 200:.\Generated_Source\PSoC5/isr_rx_net.c **** *
 201:.\Generated_Source\PSoC5/isr_rx_net.c **** * Return:
 202:.\Generated_Source\PSoC5/isr_rx_net.c **** *   None
 203:.\Generated_Source\PSoC5/isr_rx_net.c **** *
 204:.\Generated_Source\PSoC5/isr_rx_net.c **** *******************************************************************************/
 205:.\Generated_Source\PSoC5/isr_rx_net.c **** void isr_rx_net_SetVector(cyisraddress address)
 206:.\Generated_Source\PSoC5/isr_rx_net.c **** {
  53              		.loc 1 206 0
  54              		.cfi_startproc
  55              		@ args = 0, pretend = 0, frame = 0
  56              		@ frame_needed = 0, uses_anonymous_args = 0
  57              		@ link register save eliminated.
  58              	.LVL2:
 207:.\Generated_Source\PSoC5/isr_rx_net.c ****     cyisraddress * ramVectorTable;
 208:.\Generated_Source\PSoC5/isr_rx_net.c **** 
 209:.\Generated_Source\PSoC5/isr_rx_net.c ****     ramVectorTable = (cyisraddress *) *CYINT_VECT_TABLE;
  59              		.loc 1 209 0
  60 0000 014B     		ldr	r3, .L4
  61 0002 1B68     		ldr	r3, [r3]
  62              	.LVL3:
 210:.\Generated_Source\PSoC5/isr_rx_net.c **** 
 211:.\Generated_Source\PSoC5/isr_rx_net.c ****     ramVectorTable[CYINT_IRQ_BASE + (uint32)isr_rx_net__INTC_NUMBER] = address;
  63              		.loc 1 211 0
  64 0004 5864     		str	r0, [r3, #68]
  65 0006 7047     		bx	lr
  66              	.L5:
  67              		.align	2
  68              	.L4:
  69 0008 08ED00E0 		.word	-536810232
  70              		.cfi_endproc
  71              	.LFE67:
  72              		.size	isr_rx_net_SetVector, .-isr_rx_net_SetVector
  73              		.section	.text.isr_rx_net_GetVector,"ax",%progbits
  74              		.align	2
ARM GAS  C:\Users\PANXIA~1\AppData\Local\Temp\cc6ff5Ht.s 			page 6


  75              		.global	isr_rx_net_GetVector
  76              		.thumb
  77              		.thumb_func
  78              		.type	isr_rx_net_GetVector, %function
  79              	isr_rx_net_GetVector:
  80              	.LFB68:
 212:.\Generated_Source\PSoC5/isr_rx_net.c **** }
 213:.\Generated_Source\PSoC5/isr_rx_net.c **** 
 214:.\Generated_Source\PSoC5/isr_rx_net.c **** 
 215:.\Generated_Source\PSoC5/isr_rx_net.c **** /*******************************************************************************
 216:.\Generated_Source\PSoC5/isr_rx_net.c **** * Function Name: isr_rx_net_GetVector
 217:.\Generated_Source\PSoC5/isr_rx_net.c **** ********************************************************************************
 218:.\Generated_Source\PSoC5/isr_rx_net.c **** *
 219:.\Generated_Source\PSoC5/isr_rx_net.c **** * Summary:
 220:.\Generated_Source\PSoC5/isr_rx_net.c **** *   Gets the "address" of the current ISR vector for the Interrupt.
 221:.\Generated_Source\PSoC5/isr_rx_net.c **** *
 222:.\Generated_Source\PSoC5/isr_rx_net.c **** * Parameters:
 223:.\Generated_Source\PSoC5/isr_rx_net.c **** *   None
 224:.\Generated_Source\PSoC5/isr_rx_net.c **** *
 225:.\Generated_Source\PSoC5/isr_rx_net.c **** * Return:
 226:.\Generated_Source\PSoC5/isr_rx_net.c **** *   Address of the ISR in the interrupt vector table.
 227:.\Generated_Source\PSoC5/isr_rx_net.c **** *
 228:.\Generated_Source\PSoC5/isr_rx_net.c **** *******************************************************************************/
 229:.\Generated_Source\PSoC5/isr_rx_net.c **** cyisraddress isr_rx_net_GetVector(void)
 230:.\Generated_Source\PSoC5/isr_rx_net.c **** {
  81              		.loc 1 230 0
  82              		.cfi_startproc
  83              		@ args = 0, pretend = 0, frame = 0
  84              		@ frame_needed = 0, uses_anonymous_args = 0
  85              		@ link register save eliminated.
 231:.\Generated_Source\PSoC5/isr_rx_net.c ****     cyisraddress * ramVectorTable;
 232:.\Generated_Source\PSoC5/isr_rx_net.c **** 
 233:.\Generated_Source\PSoC5/isr_rx_net.c ****     ramVectorTable = (cyisraddress *) *CYINT_VECT_TABLE;
  86              		.loc 1 233 0
  87 0000 014B     		ldr	r3, .L7
  88 0002 1B68     		ldr	r3, [r3]
  89              	.LVL4:
 234:.\Generated_Source\PSoC5/isr_rx_net.c **** 
 235:.\Generated_Source\PSoC5/isr_rx_net.c ****     return ramVectorTable[CYINT_IRQ_BASE + (uint32)isr_rx_net__INTC_NUMBER];
 236:.\Generated_Source\PSoC5/isr_rx_net.c **** }
  90              		.loc 1 236 0
  91 0004 586C     		ldr	r0, [r3, #68]
  92 0006 7047     		bx	lr
  93              	.L8:
  94              		.align	2
  95              	.L7:
  96 0008 08ED00E0 		.word	-536810232
  97              		.cfi_endproc
  98              	.LFE68:
  99              		.size	isr_rx_net_GetVector, .-isr_rx_net_GetVector
 100              		.section	.text.isr_rx_net_SetPriority,"ax",%progbits
 101              		.align	2
 102              		.global	isr_rx_net_SetPriority
 103              		.thumb
 104              		.thumb_func
 105              		.type	isr_rx_net_SetPriority, %function
 106              	isr_rx_net_SetPriority:
ARM GAS  C:\Users\PANXIA~1\AppData\Local\Temp\cc6ff5Ht.s 			page 7


 107              	.LFB69:
 237:.\Generated_Source\PSoC5/isr_rx_net.c **** 
 238:.\Generated_Source\PSoC5/isr_rx_net.c **** 
 239:.\Generated_Source\PSoC5/isr_rx_net.c **** /*******************************************************************************
 240:.\Generated_Source\PSoC5/isr_rx_net.c **** * Function Name: isr_rx_net_SetPriority
 241:.\Generated_Source\PSoC5/isr_rx_net.c **** ********************************************************************************
 242:.\Generated_Source\PSoC5/isr_rx_net.c **** *
 243:.\Generated_Source\PSoC5/isr_rx_net.c **** * Summary:
 244:.\Generated_Source\PSoC5/isr_rx_net.c **** *   Sets the Priority of the Interrupt. 
 245:.\Generated_Source\PSoC5/isr_rx_net.c **** *
 246:.\Generated_Source\PSoC5/isr_rx_net.c **** *   Note calling isr_rx_net_Start or isr_rx_net_StartEx will 
 247:.\Generated_Source\PSoC5/isr_rx_net.c **** *   override any effect this API would have had. This API should only be called
 248:.\Generated_Source\PSoC5/isr_rx_net.c **** *   after isr_rx_net_Start or isr_rx_net_StartEx has been called. 
 249:.\Generated_Source\PSoC5/isr_rx_net.c **** *   To set the initial priority for the component, use the Design-Wide Resources
 250:.\Generated_Source\PSoC5/isr_rx_net.c **** *   Interrupt Editor.
 251:.\Generated_Source\PSoC5/isr_rx_net.c **** *
 252:.\Generated_Source\PSoC5/isr_rx_net.c **** *   Note This API has no effect on Non-maskable interrupt NMI).
 253:.\Generated_Source\PSoC5/isr_rx_net.c **** *
 254:.\Generated_Source\PSoC5/isr_rx_net.c **** * Parameters:
 255:.\Generated_Source\PSoC5/isr_rx_net.c **** *   priority: Priority of the interrupt, 0 being the highest priority
 256:.\Generated_Source\PSoC5/isr_rx_net.c **** *             PSoC 3 and PSoC 5LP: Priority is from 0 to 7.
 257:.\Generated_Source\PSoC5/isr_rx_net.c **** *             PSoC 4: Priority is from 0 to 3.
 258:.\Generated_Source\PSoC5/isr_rx_net.c **** *
 259:.\Generated_Source\PSoC5/isr_rx_net.c **** * Return:
 260:.\Generated_Source\PSoC5/isr_rx_net.c **** *   None
 261:.\Generated_Source\PSoC5/isr_rx_net.c **** *
 262:.\Generated_Source\PSoC5/isr_rx_net.c **** *******************************************************************************/
 263:.\Generated_Source\PSoC5/isr_rx_net.c **** void isr_rx_net_SetPriority(uint8 priority)
 264:.\Generated_Source\PSoC5/isr_rx_net.c **** {
 108              		.loc 1 264 0
 109              		.cfi_startproc
 110              		@ args = 0, pretend = 0, frame = 0
 111              		@ frame_needed = 0, uses_anonymous_args = 0
 112              		@ link register save eliminated.
 113              	.LVL5:
 265:.\Generated_Source\PSoC5/isr_rx_net.c ****     *isr_rx_net_INTC_PRIOR = priority << 5;
 114              		.loc 1 265 0
 115 0000 4001     		lsls	r0, r0, #5
 116              	.LVL6:
 117 0002 C0B2     		uxtb	r0, r0
 118 0004 014B     		ldr	r3, .L10
 119 0006 1870     		strb	r0, [r3]
 120 0008 7047     		bx	lr
 121              	.L11:
 122 000a 00BF     		.align	2
 123              	.L10:
 124 000c 01E400E0 		.word	-536812543
 125              		.cfi_endproc
 126              	.LFE69:
 127              		.size	isr_rx_net_SetPriority, .-isr_rx_net_SetPriority
 128              		.section	.text.isr_rx_net_GetPriority,"ax",%progbits
 129              		.align	2
 130              		.global	isr_rx_net_GetPriority
 131              		.thumb
 132              		.thumb_func
 133              		.type	isr_rx_net_GetPriority, %function
 134              	isr_rx_net_GetPriority:
ARM GAS  C:\Users\PANXIA~1\AppData\Local\Temp\cc6ff5Ht.s 			page 8


 135              	.LFB70:
 266:.\Generated_Source\PSoC5/isr_rx_net.c **** }
 267:.\Generated_Source\PSoC5/isr_rx_net.c **** 
 268:.\Generated_Source\PSoC5/isr_rx_net.c **** 
 269:.\Generated_Source\PSoC5/isr_rx_net.c **** /*******************************************************************************
 270:.\Generated_Source\PSoC5/isr_rx_net.c **** * Function Name: isr_rx_net_GetPriority
 271:.\Generated_Source\PSoC5/isr_rx_net.c **** ********************************************************************************
 272:.\Generated_Source\PSoC5/isr_rx_net.c **** *
 273:.\Generated_Source\PSoC5/isr_rx_net.c **** * Summary:
 274:.\Generated_Source\PSoC5/isr_rx_net.c **** *   Gets the Priority of the Interrupt.
 275:.\Generated_Source\PSoC5/isr_rx_net.c **** *
 276:.\Generated_Source\PSoC5/isr_rx_net.c **** * Parameters:
 277:.\Generated_Source\PSoC5/isr_rx_net.c **** *   None
 278:.\Generated_Source\PSoC5/isr_rx_net.c **** *
 279:.\Generated_Source\PSoC5/isr_rx_net.c **** * Return:
 280:.\Generated_Source\PSoC5/isr_rx_net.c **** *   Priority of the interrupt, 0 being the highest priority
 281:.\Generated_Source\PSoC5/isr_rx_net.c **** *    PSoC 3 and PSoC 5LP: Priority is from 0 to 7.
 282:.\Generated_Source\PSoC5/isr_rx_net.c **** *    PSoC 4: Priority is from 0 to 3.
 283:.\Generated_Source\PSoC5/isr_rx_net.c **** *
 284:.\Generated_Source\PSoC5/isr_rx_net.c **** *******************************************************************************/
 285:.\Generated_Source\PSoC5/isr_rx_net.c **** uint8 isr_rx_net_GetPriority(void)
 286:.\Generated_Source\PSoC5/isr_rx_net.c **** {
 136              		.loc 1 286 0
 137              		.cfi_startproc
 138              		@ args = 0, pretend = 0, frame = 0
 139              		@ frame_needed = 0, uses_anonymous_args = 0
 140              		@ link register save eliminated.
 287:.\Generated_Source\PSoC5/isr_rx_net.c ****     uint8 priority;
 288:.\Generated_Source\PSoC5/isr_rx_net.c **** 
 289:.\Generated_Source\PSoC5/isr_rx_net.c **** 
 290:.\Generated_Source\PSoC5/isr_rx_net.c ****     priority = *isr_rx_net_INTC_PRIOR >> 5;
 141              		.loc 1 290 0
 142 0000 014B     		ldr	r3, .L13
 143 0002 1878     		ldrb	r0, [r3]	@ zero_extendqisi2
 144              	.LVL7:
 291:.\Generated_Source\PSoC5/isr_rx_net.c **** 
 292:.\Generated_Source\PSoC5/isr_rx_net.c ****     return priority;
 293:.\Generated_Source\PSoC5/isr_rx_net.c **** }
 145              		.loc 1 293 0
 146 0004 4009     		lsrs	r0, r0, #5
 147              	.LVL8:
 148 0006 7047     		bx	lr
 149              	.L14:
 150              		.align	2
 151              	.L13:
 152 0008 01E400E0 		.word	-536812543
 153              		.cfi_endproc
 154              	.LFE70:
 155              		.size	isr_rx_net_GetPriority, .-isr_rx_net_GetPriority
 156              		.section	.text.isr_rx_net_Enable,"ax",%progbits
 157              		.align	2
 158              		.global	isr_rx_net_Enable
 159              		.thumb
 160              		.thumb_func
 161              		.type	isr_rx_net_Enable, %function
 162              	isr_rx_net_Enable:
 163              	.LFB71:
ARM GAS  C:\Users\PANXIA~1\AppData\Local\Temp\cc6ff5Ht.s 			page 9


 294:.\Generated_Source\PSoC5/isr_rx_net.c **** 
 295:.\Generated_Source\PSoC5/isr_rx_net.c **** 
 296:.\Generated_Source\PSoC5/isr_rx_net.c **** /*******************************************************************************
 297:.\Generated_Source\PSoC5/isr_rx_net.c **** * Function Name: isr_rx_net_Enable
 298:.\Generated_Source\PSoC5/isr_rx_net.c **** ********************************************************************************
 299:.\Generated_Source\PSoC5/isr_rx_net.c **** *
 300:.\Generated_Source\PSoC5/isr_rx_net.c **** * Summary:
 301:.\Generated_Source\PSoC5/isr_rx_net.c **** *   Enables the interrupt to the interrupt controller. Do not call this function
 302:.\Generated_Source\PSoC5/isr_rx_net.c **** *   unless ISR_Start() has been called or the functionality of the ISR_Start() 
 303:.\Generated_Source\PSoC5/isr_rx_net.c **** *   function, which sets the vector and the priority, has been called.
 304:.\Generated_Source\PSoC5/isr_rx_net.c **** *
 305:.\Generated_Source\PSoC5/isr_rx_net.c **** * Parameters:
 306:.\Generated_Source\PSoC5/isr_rx_net.c **** *   None
 307:.\Generated_Source\PSoC5/isr_rx_net.c **** *
 308:.\Generated_Source\PSoC5/isr_rx_net.c **** * Return:
 309:.\Generated_Source\PSoC5/isr_rx_net.c **** *   None
 310:.\Generated_Source\PSoC5/isr_rx_net.c **** *
 311:.\Generated_Source\PSoC5/isr_rx_net.c **** *******************************************************************************/
 312:.\Generated_Source\PSoC5/isr_rx_net.c **** void isr_rx_net_Enable(void)
 313:.\Generated_Source\PSoC5/isr_rx_net.c **** {
 164              		.loc 1 313 0
 165              		.cfi_startproc
 166              		@ args = 0, pretend = 0, frame = 0
 167              		@ frame_needed = 0, uses_anonymous_args = 0
 168              		@ link register save eliminated.
 314:.\Generated_Source\PSoC5/isr_rx_net.c ****     /* Enable the general interrupt. */
 315:.\Generated_Source\PSoC5/isr_rx_net.c ****     *isr_rx_net_INTC_SET_EN = isr_rx_net__INTC_MASK;
 169              		.loc 1 315 0
 170 0000 0222     		movs	r2, #2
 171 0002 014B     		ldr	r3, .L16
 172 0004 1A60     		str	r2, [r3]
 173 0006 7047     		bx	lr
 174              	.L17:
 175              		.align	2
 176              	.L16:
 177 0008 00E100E0 		.word	-536813312
 178              		.cfi_endproc
 179              	.LFE71:
 180              		.size	isr_rx_net_Enable, .-isr_rx_net_Enable
 181              		.section	.text.isr_rx_net_GetState,"ax",%progbits
 182              		.align	2
 183              		.global	isr_rx_net_GetState
 184              		.thumb
 185              		.thumb_func
 186              		.type	isr_rx_net_GetState, %function
 187              	isr_rx_net_GetState:
 188              	.LFB72:
 316:.\Generated_Source\PSoC5/isr_rx_net.c **** }
 317:.\Generated_Source\PSoC5/isr_rx_net.c **** 
 318:.\Generated_Source\PSoC5/isr_rx_net.c **** 
 319:.\Generated_Source\PSoC5/isr_rx_net.c **** /*******************************************************************************
 320:.\Generated_Source\PSoC5/isr_rx_net.c **** * Function Name: isr_rx_net_GetState
 321:.\Generated_Source\PSoC5/isr_rx_net.c **** ********************************************************************************
 322:.\Generated_Source\PSoC5/isr_rx_net.c **** *
 323:.\Generated_Source\PSoC5/isr_rx_net.c **** * Summary:
 324:.\Generated_Source\PSoC5/isr_rx_net.c **** *   Gets the state (enabled, disabled) of the Interrupt.
 325:.\Generated_Source\PSoC5/isr_rx_net.c **** *
ARM GAS  C:\Users\PANXIA~1\AppData\Local\Temp\cc6ff5Ht.s 			page 10


 326:.\Generated_Source\PSoC5/isr_rx_net.c **** * Parameters:
 327:.\Generated_Source\PSoC5/isr_rx_net.c **** *   None
 328:.\Generated_Source\PSoC5/isr_rx_net.c **** *
 329:.\Generated_Source\PSoC5/isr_rx_net.c **** * Return:
 330:.\Generated_Source\PSoC5/isr_rx_net.c **** *   1 if enabled, 0 if disabled.
 331:.\Generated_Source\PSoC5/isr_rx_net.c **** *
 332:.\Generated_Source\PSoC5/isr_rx_net.c **** *******************************************************************************/
 333:.\Generated_Source\PSoC5/isr_rx_net.c **** uint8 isr_rx_net_GetState(void)
 334:.\Generated_Source\PSoC5/isr_rx_net.c **** {
 189              		.loc 1 334 0
 190              		.cfi_startproc
 191              		@ args = 0, pretend = 0, frame = 0
 192              		@ frame_needed = 0, uses_anonymous_args = 0
 193              		@ link register save eliminated.
 335:.\Generated_Source\PSoC5/isr_rx_net.c ****     /* Get the state of the general interrupt. */
 336:.\Generated_Source\PSoC5/isr_rx_net.c ****     return ((*isr_rx_net_INTC_SET_EN & (uint32)isr_rx_net__INTC_MASK) != 0u) ? 1u:0u;
 194              		.loc 1 336 0
 195 0000 044B     		ldr	r3, .L21
 196 0002 1B68     		ldr	r3, [r3]
 197 0004 13F0020F 		tst	r3, #2
 198 0008 01D0     		beq	.L20
 199 000a 0120     		movs	r0, #1
 200 000c 7047     		bx	lr
 201              	.L20:
 202 000e 0020     		movs	r0, #0
 337:.\Generated_Source\PSoC5/isr_rx_net.c **** }
 203              		.loc 1 337 0
 204 0010 7047     		bx	lr
 205              	.L22:
 206 0012 00BF     		.align	2
 207              	.L21:
 208 0014 00E100E0 		.word	-536813312
 209              		.cfi_endproc
 210              	.LFE72:
 211              		.size	isr_rx_net_GetState, .-isr_rx_net_GetState
 212              		.section	.text.isr_rx_net_Disable,"ax",%progbits
 213              		.align	2
 214              		.global	isr_rx_net_Disable
 215              		.thumb
 216              		.thumb_func
 217              		.type	isr_rx_net_Disable, %function
 218              	isr_rx_net_Disable:
 219              	.LFB73:
 338:.\Generated_Source\PSoC5/isr_rx_net.c **** 
 339:.\Generated_Source\PSoC5/isr_rx_net.c **** 
 340:.\Generated_Source\PSoC5/isr_rx_net.c **** /*******************************************************************************
 341:.\Generated_Source\PSoC5/isr_rx_net.c **** * Function Name: isr_rx_net_Disable
 342:.\Generated_Source\PSoC5/isr_rx_net.c **** ********************************************************************************
 343:.\Generated_Source\PSoC5/isr_rx_net.c **** *
 344:.\Generated_Source\PSoC5/isr_rx_net.c **** * Summary:
 345:.\Generated_Source\PSoC5/isr_rx_net.c **** *   Disables the Interrupt in the interrupt controller.
 346:.\Generated_Source\PSoC5/isr_rx_net.c **** *
 347:.\Generated_Source\PSoC5/isr_rx_net.c **** * Parameters:
 348:.\Generated_Source\PSoC5/isr_rx_net.c **** *   None
 349:.\Generated_Source\PSoC5/isr_rx_net.c **** *
 350:.\Generated_Source\PSoC5/isr_rx_net.c **** * Return:
 351:.\Generated_Source\PSoC5/isr_rx_net.c **** *   None
ARM GAS  C:\Users\PANXIA~1\AppData\Local\Temp\cc6ff5Ht.s 			page 11


 352:.\Generated_Source\PSoC5/isr_rx_net.c **** *
 353:.\Generated_Source\PSoC5/isr_rx_net.c **** *******************************************************************************/
 354:.\Generated_Source\PSoC5/isr_rx_net.c **** void isr_rx_net_Disable(void)
 355:.\Generated_Source\PSoC5/isr_rx_net.c **** {
 220              		.loc 1 355 0
 221              		.cfi_startproc
 222              		@ args = 0, pretend = 0, frame = 0
 223              		@ frame_needed = 0, uses_anonymous_args = 0
 224              		@ link register save eliminated.
 356:.\Generated_Source\PSoC5/isr_rx_net.c ****     /* Disable the general interrupt. */
 357:.\Generated_Source\PSoC5/isr_rx_net.c ****     *isr_rx_net_INTC_CLR_EN = isr_rx_net__INTC_MASK;
 225              		.loc 1 357 0
 226 0000 0222     		movs	r2, #2
 227 0002 014B     		ldr	r3, .L24
 228 0004 1A60     		str	r2, [r3]
 229 0006 7047     		bx	lr
 230              	.L25:
 231              		.align	2
 232              	.L24:
 233 0008 80E100E0 		.word	-536813184
 234              		.cfi_endproc
 235              	.LFE73:
 236              		.size	isr_rx_net_Disable, .-isr_rx_net_Disable
 237              		.section	.text.isr_rx_net_Start,"ax",%progbits
 238              		.align	2
 239              		.global	isr_rx_net_Start
 240              		.thumb
 241              		.thumb_func
 242              		.type	isr_rx_net_Start, %function
 243              	isr_rx_net_Start:
 244              	.LFB63:
  65:.\Generated_Source\PSoC5/isr_rx_net.c ****     /* For all we know the interrupt is active. */
 245              		.loc 1 65 0
 246              		.cfi_startproc
 247              		@ args = 0, pretend = 0, frame = 0
 248              		@ frame_needed = 0, uses_anonymous_args = 0
 249 0000 08B5     		push	{r3, lr}
 250              		.cfi_def_cfa_offset 8
 251              		.cfi_offset 3, -8
 252              		.cfi_offset 14, -4
  67:.\Generated_Source\PSoC5/isr_rx_net.c **** 
 253              		.loc 1 67 0
 254 0002 FFF7FEFF 		bl	isr_rx_net_Disable
 255              	.LVL9:
  70:.\Generated_Source\PSoC5/isr_rx_net.c **** 
 256              		.loc 1 70 0
 257 0006 0448     		ldr	r0, .L28
 258 0008 FFF7FEFF 		bl	isr_rx_net_SetVector
 259              	.LVL10:
  73:.\Generated_Source\PSoC5/isr_rx_net.c **** 
 260              		.loc 1 73 0
 261 000c 0720     		movs	r0, #7
 262 000e FFF7FEFF 		bl	isr_rx_net_SetPriority
 263              	.LVL11:
  76:.\Generated_Source\PSoC5/isr_rx_net.c **** }
 264              		.loc 1 76 0
 265 0012 FFF7FEFF 		bl	isr_rx_net_Enable
ARM GAS  C:\Users\PANXIA~1\AppData\Local\Temp\cc6ff5Ht.s 			page 12


 266              	.LVL12:
 267 0016 08BD     		pop	{r3, pc}
 268              	.L29:
 269              		.align	2
 270              	.L28:
 271 0018 00000000 		.word	isr_rx_net_Interrupt
 272              		.cfi_endproc
 273              	.LFE63:
 274              		.size	isr_rx_net_Start, .-isr_rx_net_Start
 275              		.section	.text.isr_rx_net_StartEx,"ax",%progbits
 276              		.align	2
 277              		.global	isr_rx_net_StartEx
 278              		.thumb
 279              		.thumb_func
 280              		.type	isr_rx_net_StartEx, %function
 281              	isr_rx_net_StartEx:
 282              	.LFB64:
 108:.\Generated_Source\PSoC5/isr_rx_net.c ****     /* For all we know the interrupt is active. */
 283              		.loc 1 108 0
 284              		.cfi_startproc
 285              		@ args = 0, pretend = 0, frame = 0
 286              		@ frame_needed = 0, uses_anonymous_args = 0
 287              	.LVL13:
 288 0000 10B5     		push	{r4, lr}
 289              		.cfi_def_cfa_offset 8
 290              		.cfi_offset 4, -8
 291              		.cfi_offset 14, -4
 292 0002 0446     		mov	r4, r0
 110:.\Generated_Source\PSoC5/isr_rx_net.c **** 
 293              		.loc 1 110 0
 294 0004 FFF7FEFF 		bl	isr_rx_net_Disable
 295              	.LVL14:
 113:.\Generated_Source\PSoC5/isr_rx_net.c **** 
 296              		.loc 1 113 0
 297 0008 2046     		mov	r0, r4
 298 000a FFF7FEFF 		bl	isr_rx_net_SetVector
 299              	.LVL15:
 116:.\Generated_Source\PSoC5/isr_rx_net.c **** 
 300              		.loc 1 116 0
 301 000e 0720     		movs	r0, #7
 302 0010 FFF7FEFF 		bl	isr_rx_net_SetPriority
 303              	.LVL16:
 119:.\Generated_Source\PSoC5/isr_rx_net.c **** }
 304              		.loc 1 119 0
 305 0014 FFF7FEFF 		bl	isr_rx_net_Enable
 306              	.LVL17:
 307 0018 10BD     		pop	{r4, pc}
 308              		.cfi_endproc
 309              	.LFE64:
 310              		.size	isr_rx_net_StartEx, .-isr_rx_net_StartEx
 311 001a 00BF     		.section	.text.isr_rx_net_Stop,"ax",%progbits
 312              		.align	2
 313              		.global	isr_rx_net_Stop
 314              		.thumb
 315              		.thumb_func
 316              		.type	isr_rx_net_Stop, %function
 317              	isr_rx_net_Stop:
ARM GAS  C:\Users\PANXIA~1\AppData\Local\Temp\cc6ff5Ht.s 			page 13


 318              	.LFB65:
 138:.\Generated_Source\PSoC5/isr_rx_net.c ****     /* Disable this interrupt. */
 319              		.loc 1 138 0
 320              		.cfi_startproc
 321              		@ args = 0, pretend = 0, frame = 0
 322              		@ frame_needed = 0, uses_anonymous_args = 0
 323 0000 08B5     		push	{r3, lr}
 324              		.cfi_def_cfa_offset 8
 325              		.cfi_offset 3, -8
 326              		.cfi_offset 14, -4
 140:.\Generated_Source\PSoC5/isr_rx_net.c **** 
 327              		.loc 1 140 0
 328 0002 FFF7FEFF 		bl	isr_rx_net_Disable
 329              	.LVL18:
 143:.\Generated_Source\PSoC5/isr_rx_net.c **** }
 330              		.loc 1 143 0
 331 0006 0248     		ldr	r0, .L34
 332 0008 FFF7FEFF 		bl	isr_rx_net_SetVector
 333              	.LVL19:
 334 000c 08BD     		pop	{r3, pc}
 335              	.L35:
 336 000e 00BF     		.align	2
 337              	.L34:
 338 0010 00000000 		.word	IntDefaultHandler
 339              		.cfi_endproc
 340              	.LFE65:
 341              		.size	isr_rx_net_Stop, .-isr_rx_net_Stop
 342              		.section	.text.isr_rx_net_SetPending,"ax",%progbits
 343              		.align	2
 344              		.global	isr_rx_net_SetPending
 345              		.thumb
 346              		.thumb_func
 347              		.type	isr_rx_net_SetPending, %function
 348              	isr_rx_net_SetPending:
 349              	.LFB74:
 358:.\Generated_Source\PSoC5/isr_rx_net.c **** }
 359:.\Generated_Source\PSoC5/isr_rx_net.c **** 
 360:.\Generated_Source\PSoC5/isr_rx_net.c **** 
 361:.\Generated_Source\PSoC5/isr_rx_net.c **** /*******************************************************************************
 362:.\Generated_Source\PSoC5/isr_rx_net.c **** * Function Name: isr_rx_net_SetPending
 363:.\Generated_Source\PSoC5/isr_rx_net.c **** ********************************************************************************
 364:.\Generated_Source\PSoC5/isr_rx_net.c **** *
 365:.\Generated_Source\PSoC5/isr_rx_net.c **** * Summary:
 366:.\Generated_Source\PSoC5/isr_rx_net.c **** *   Causes the Interrupt to enter the pending state, a software method of
 367:.\Generated_Source\PSoC5/isr_rx_net.c **** *   generating the interrupt.
 368:.\Generated_Source\PSoC5/isr_rx_net.c **** *
 369:.\Generated_Source\PSoC5/isr_rx_net.c **** * Parameters:
 370:.\Generated_Source\PSoC5/isr_rx_net.c **** *   None
 371:.\Generated_Source\PSoC5/isr_rx_net.c **** *
 372:.\Generated_Source\PSoC5/isr_rx_net.c **** * Return:
 373:.\Generated_Source\PSoC5/isr_rx_net.c **** *   None
 374:.\Generated_Source\PSoC5/isr_rx_net.c **** *
 375:.\Generated_Source\PSoC5/isr_rx_net.c **** * Side Effects:
 376:.\Generated_Source\PSoC5/isr_rx_net.c **** *   If interrupts are enabled and the interrupt is set up properly, the ISR is
 377:.\Generated_Source\PSoC5/isr_rx_net.c **** *   entered (depending on the priority of this interrupt and other pending 
 378:.\Generated_Source\PSoC5/isr_rx_net.c **** *   interrupts).
 379:.\Generated_Source\PSoC5/isr_rx_net.c **** *
ARM GAS  C:\Users\PANXIA~1\AppData\Local\Temp\cc6ff5Ht.s 			page 14


 380:.\Generated_Source\PSoC5/isr_rx_net.c **** *******************************************************************************/
 381:.\Generated_Source\PSoC5/isr_rx_net.c **** void isr_rx_net_SetPending(void)
 382:.\Generated_Source\PSoC5/isr_rx_net.c **** {
 350              		.loc 1 382 0
 351              		.cfi_startproc
 352              		@ args = 0, pretend = 0, frame = 0
 353              		@ frame_needed = 0, uses_anonymous_args = 0
 354              		@ link register save eliminated.
 383:.\Generated_Source\PSoC5/isr_rx_net.c ****     *isr_rx_net_INTC_SET_PD = isr_rx_net__INTC_MASK;
 355              		.loc 1 383 0
 356 0000 0222     		movs	r2, #2
 357 0002 014B     		ldr	r3, .L37
 358 0004 1A60     		str	r2, [r3]
 359 0006 7047     		bx	lr
 360              	.L38:
 361              		.align	2
 362              	.L37:
 363 0008 00E200E0 		.word	-536813056
 364              		.cfi_endproc
 365              	.LFE74:
 366              		.size	isr_rx_net_SetPending, .-isr_rx_net_SetPending
 367              		.section	.text.isr_rx_net_ClearPending,"ax",%progbits
 368              		.align	2
 369              		.global	isr_rx_net_ClearPending
 370              		.thumb
 371              		.thumb_func
 372              		.type	isr_rx_net_ClearPending, %function
 373              	isr_rx_net_ClearPending:
 374              	.LFB75:
 384:.\Generated_Source\PSoC5/isr_rx_net.c **** }
 385:.\Generated_Source\PSoC5/isr_rx_net.c **** 
 386:.\Generated_Source\PSoC5/isr_rx_net.c **** 
 387:.\Generated_Source\PSoC5/isr_rx_net.c **** /*******************************************************************************
 388:.\Generated_Source\PSoC5/isr_rx_net.c **** * Function Name: isr_rx_net_ClearPending
 389:.\Generated_Source\PSoC5/isr_rx_net.c **** ********************************************************************************
 390:.\Generated_Source\PSoC5/isr_rx_net.c **** *
 391:.\Generated_Source\PSoC5/isr_rx_net.c **** * Summary:
 392:.\Generated_Source\PSoC5/isr_rx_net.c **** *   Clears a pending interrupt in the interrupt controller.
 393:.\Generated_Source\PSoC5/isr_rx_net.c **** *
 394:.\Generated_Source\PSoC5/isr_rx_net.c **** *   Note Some interrupt sources are clear-on-read and require the block 
 395:.\Generated_Source\PSoC5/isr_rx_net.c **** *   interrupt/status register to be read/cleared with the appropriate block API 
 396:.\Generated_Source\PSoC5/isr_rx_net.c **** *   (GPIO, UART, and so on). Otherwise the ISR will continue to remain in 
 397:.\Generated_Source\PSoC5/isr_rx_net.c **** *   pending state even though the interrupt itself is cleared using this API.
 398:.\Generated_Source\PSoC5/isr_rx_net.c **** *
 399:.\Generated_Source\PSoC5/isr_rx_net.c **** * Parameters:
 400:.\Generated_Source\PSoC5/isr_rx_net.c **** *   None
 401:.\Generated_Source\PSoC5/isr_rx_net.c **** *
 402:.\Generated_Source\PSoC5/isr_rx_net.c **** * Return:
 403:.\Generated_Source\PSoC5/isr_rx_net.c **** *   None
 404:.\Generated_Source\PSoC5/isr_rx_net.c **** *
 405:.\Generated_Source\PSoC5/isr_rx_net.c **** *******************************************************************************/
 406:.\Generated_Source\PSoC5/isr_rx_net.c **** void isr_rx_net_ClearPending(void)
 407:.\Generated_Source\PSoC5/isr_rx_net.c **** {
 375              		.loc 1 407 0
 376              		.cfi_startproc
 377              		@ args = 0, pretend = 0, frame = 0
 378              		@ frame_needed = 0, uses_anonymous_args = 0
ARM GAS  C:\Users\PANXIA~1\AppData\Local\Temp\cc6ff5Ht.s 			page 15


 379              		@ link register save eliminated.
 408:.\Generated_Source\PSoC5/isr_rx_net.c ****     *isr_rx_net_INTC_CLR_PD = isr_rx_net__INTC_MASK;
 380              		.loc 1 408 0
 381 0000 0222     		movs	r2, #2
 382 0002 014B     		ldr	r3, .L40
 383 0004 1A60     		str	r2, [r3]
 384 0006 7047     		bx	lr
 385              	.L41:
 386              		.align	2
 387              	.L40:
 388 0008 80E200E0 		.word	-536812928
 389              		.cfi_endproc
 390              	.LFE75:
 391              		.size	isr_rx_net_ClearPending, .-isr_rx_net_ClearPending
 392              		.comm	data1,1,1
 393              		.comm	data,1,1
 394              		.comm	g_Control,4,4
 395              		.comm	g_Car,30,4
 396              		.text
 397              	.Letext0:
 398              		.file 2 "d:\\program files (x86)\\cypress\\psoc creator\\3.3\\psoc creator\\import\\gnu\\arm\\4.9.
 399              		.file 3 "d:\\program files (x86)\\cypress\\psoc creator\\3.3\\psoc creator\\import\\gnu\\arm\\4.9.
 400              		.file 4 "Generated_Source\\PSoC5/cytypes.h"
 401              		.file 5 "./control.h"
 402              		.file 6 "Generated_Source\\PSoC5/core_cm3.h"
 403              		.file 7 ".\\Generated_Source\\PSoC5\\UART_net.h"
 404              		.file 8 "./Transfer.h"
 405              		.section	.debug_info,"",%progbits
 406              	.Ldebug_info0:
 407 0000 55040000 		.4byte	0x455
 408 0004 0400     		.2byte	0x4
 409 0006 00000000 		.4byte	.Ldebug_abbrev0
 410 000a 04       		.byte	0x4
 411 000b 01       		.uleb128 0x1
 412 000c 89010000 		.4byte	.LASF55
 413 0010 01       		.byte	0x1
 414 0011 5B030000 		.4byte	.LASF56
 415 0015 93020000 		.4byte	.LASF57
 416 0019 00000000 		.4byte	.Ldebug_ranges0+0
 417 001d 00000000 		.4byte	0
 418 0021 00000000 		.4byte	.Ldebug_line0
 419 0025 02       		.uleb128 0x2
 420 0026 04       		.byte	0x4
 421 0027 05       		.byte	0x5
 422 0028 696E7400 		.ascii	"int\000"
 423 002c 03       		.uleb128 0x3
 424 002d 04       		.byte	0x4
 425 002e 07       		.byte	0x7
 426 002f 29020000 		.4byte	.LASF0
 427 0033 03       		.uleb128 0x3
 428 0034 01       		.byte	0x1
 429 0035 06       		.byte	0x6
 430 0036 98000000 		.4byte	.LASF1
 431 003a 03       		.uleb128 0x3
 432 003b 01       		.byte	0x1
 433 003c 08       		.byte	0x8
 434 003d CD000000 		.4byte	.LASF2
ARM GAS  C:\Users\PANXIA~1\AppData\Local\Temp\cc6ff5Ht.s 			page 16


 435 0041 03       		.uleb128 0x3
 436 0042 02       		.byte	0x2
 437 0043 05       		.byte	0x5
 438 0044 3C030000 		.4byte	.LASF3
 439 0048 03       		.uleb128 0x3
 440 0049 02       		.byte	0x2
 441 004a 07       		.byte	0x7
 442 004b 16010000 		.4byte	.LASF4
 443 004f 04       		.uleb128 0x4
 444 0050 1D000000 		.4byte	.LASF11
 445 0054 02       		.byte	0x2
 446 0055 3F       		.byte	0x3f
 447 0056 5A000000 		.4byte	0x5a
 448 005a 03       		.uleb128 0x3
 449 005b 04       		.byte	0x4
 450 005c 05       		.byte	0x5
 451 005d 8F030000 		.4byte	.LASF5
 452 0061 03       		.uleb128 0x3
 453 0062 04       		.byte	0x4
 454 0063 07       		.byte	0x7
 455 0064 50010000 		.4byte	.LASF6
 456 0068 03       		.uleb128 0x3
 457 0069 08       		.byte	0x8
 458 006a 05       		.byte	0x5
 459 006b F5020000 		.4byte	.LASF7
 460 006f 03       		.uleb128 0x3
 461 0070 08       		.byte	0x8
 462 0071 07       		.byte	0x7
 463 0072 3E020000 		.4byte	.LASF8
 464 0076 03       		.uleb128 0x3
 465 0077 04       		.byte	0x4
 466 0078 07       		.byte	0x7
 467 0079 EC020000 		.4byte	.LASF9
 468 007d 05       		.uleb128 0x5
 469 007e 04       		.byte	0x4
 470 007f 83000000 		.4byte	0x83
 471 0083 06       		.uleb128 0x6
 472 0084 03       		.uleb128 0x3
 473 0085 01       		.byte	0x1
 474 0086 08       		.byte	0x8
 475 0087 19030000 		.4byte	.LASF10
 476 008b 04       		.uleb128 0x4
 477 008c D4020000 		.4byte	.LASF12
 478 0090 03       		.byte	0x3
 479 0091 2C       		.byte	0x2c
 480 0092 4F000000 		.4byte	0x4f
 481 0096 04       		.uleb128 0x4
 482 0097 81030000 		.4byte	.LASF13
 483 009b 04       		.byte	0x4
 484 009c C2       		.byte	0xc2
 485 009d 3A000000 		.4byte	0x3a
 486 00a1 04       		.uleb128 0x4
 487 00a2 7B010000 		.4byte	.LASF14
 488 00a6 04       		.byte	0x4
 489 00a7 C3       		.byte	0xc3
 490 00a8 48000000 		.4byte	0x48
 491 00ac 04       		.uleb128 0x4
ARM GAS  C:\Users\PANXIA~1\AppData\Local\Temp\cc6ff5Ht.s 			page 17


 492 00ad 82010000 		.4byte	.LASF15
 493 00b1 04       		.byte	0x4
 494 00b2 C4       		.byte	0xc4
 495 00b3 61000000 		.4byte	0x61
 496 00b7 03       		.uleb128 0x3
 497 00b8 04       		.byte	0x4
 498 00b9 04       		.byte	0x4
 499 00ba 8D000000 		.4byte	.LASF16
 500 00be 03       		.uleb128 0x3
 501 00bf 08       		.byte	0x8
 502 00c0 04       		.byte	0x4
 503 00c1 C0030000 		.4byte	.LASF17
 504 00c5 07       		.uleb128 0x7
 505 00c6 EB000000 		.4byte	.LASF18
 506 00ca 04       		.byte	0x4
 507 00cb 6C01     		.2byte	0x16c
 508 00cd D1000000 		.4byte	0xd1
 509 00d1 08       		.uleb128 0x8
 510 00d2 96000000 		.4byte	0x96
 511 00d6 07       		.uleb128 0x7
 512 00d7 00000000 		.4byte	.LASF19
 513 00db 04       		.byte	0x4
 514 00dc 6E01     		.2byte	0x16e
 515 00de E2000000 		.4byte	0xe2
 516 00e2 08       		.uleb128 0x8
 517 00e3 AC000000 		.4byte	0xac
 518 00e7 07       		.uleb128 0x7
 519 00e8 55020000 		.4byte	.LASF20
 520 00ec 04       		.byte	0x4
 521 00ed 7E01     		.2byte	0x17e
 522 00ef 7D000000 		.4byte	0x7d
 523 00f3 09       		.uleb128 0x9
 524 00f4 02       		.byte	0x2
 525 00f5 05       		.byte	0x5
 526 00f6 1D       		.byte	0x1d
 527 00f7 08010000 		.4byte	0x108
 528 00fb 0A       		.uleb128 0xa
 529 00fc 70776D00 		.ascii	"pwm\000"
 530 0100 05       		.byte	0x5
 531 0101 1F       		.byte	0x1f
 532 0102 A1000000 		.4byte	0xa1
 533 0106 00       		.byte	0
 534 0107 00       		.byte	0
 535 0108 04       		.uleb128 0x4
 536 0109 D9030000 		.4byte	.LASF21
 537 010d 05       		.byte	0x5
 538 010e 21       		.byte	0x21
 539 010f F3000000 		.4byte	0xf3
 540 0113 09       		.uleb128 0x9
 541 0114 1E       		.byte	0x1e
 542 0115 05       		.byte	0x5
 543 0116 22       		.byte	0x22
 544 0117 7C010000 		.4byte	0x17c
 545 011b 0B       		.uleb128 0xb
 546 011c DC020000 		.4byte	.LASF22
 547 0120 05       		.byte	0x5
 548 0121 24       		.byte	0x24
ARM GAS  C:\Users\PANXIA~1\AppData\Local\Temp\cc6ff5Ht.s 			page 18


 549 0122 7C010000 		.4byte	0x17c
 550 0126 00       		.byte	0
 551 0127 0B       		.uleb128 0xb
 552 0128 87030000 		.4byte	.LASF23
 553 012c 05       		.byte	0x5
 554 012d 25       		.byte	0x25
 555 012e 7C010000 		.4byte	0x17c
 556 0132 09       		.byte	0x9
 557 0133 0B       		.uleb128 0xb
 558 0134 2D030000 		.4byte	.LASF24
 559 0138 05       		.byte	0x5
 560 0139 26       		.byte	0x26
 561 013a 96000000 		.4byte	0x96
 562 013e 12       		.byte	0x12
 563 013f 0B       		.uleb128 0xb
 564 0140 08010000 		.4byte	.LASF25
 565 0144 05       		.byte	0x5
 566 0145 29       		.byte	0x29
 567 0146 A1000000 		.4byte	0xa1
 568 014a 14       		.byte	0x14
 569 014b 0B       		.uleb128 0xb
 570 014c 75020000 		.4byte	.LASF26
 571 0150 05       		.byte	0x5
 572 0151 2A       		.byte	0x2a
 573 0152 08010000 		.4byte	0x108
 574 0156 16       		.byte	0x16
 575 0157 0B       		.uleb128 0xb
 576 0158 66000000 		.4byte	.LASF27
 577 015c 05       		.byte	0x5
 578 015d 2B       		.byte	0x2b
 579 015e 08010000 		.4byte	0x108
 580 0162 18       		.byte	0x18
 581 0163 0B       		.uleb128 0xb
 582 0164 C7030000 		.4byte	.LASF28
 583 0168 05       		.byte	0x5
 584 0169 2C       		.byte	0x2c
 585 016a 08010000 		.4byte	0x108
 586 016e 1A       		.byte	0x1a
 587 016f 0B       		.uleb128 0xb
 588 0170 3B000000 		.4byte	.LASF29
 589 0174 05       		.byte	0x5
 590 0175 2D       		.byte	0x2d
 591 0176 08010000 		.4byte	0x108
 592 017a 1C       		.byte	0x1c
 593 017b 00       		.byte	0
 594 017c 0C       		.uleb128 0xc
 595 017d 96000000 		.4byte	0x96
 596 0181 8C010000 		.4byte	0x18c
 597 0185 0D       		.uleb128 0xd
 598 0186 76000000 		.4byte	0x76
 599 018a 08       		.byte	0x8
 600 018b 00       		.byte	0
 601 018c 04       		.uleb128 0x4
 602 018d 62010000 		.4byte	.LASF30
 603 0191 05       		.byte	0x5
 604 0192 2E       		.byte	0x2e
 605 0193 13010000 		.4byte	0x113
ARM GAS  C:\Users\PANXIA~1\AppData\Local\Temp\cc6ff5Ht.s 			page 19


 606 0197 09       		.uleb128 0x9
 607 0198 04       		.byte	0x4
 608 0199 05       		.byte	0x5
 609 019a 30       		.byte	0x30
 610 019b C4010000 		.4byte	0x1c4
 611 019f 0B       		.uleb128 0xb
 612 01a0 E4020000 		.4byte	.LASF31
 613 01a4 05       		.byte	0x5
 614 01a5 32       		.byte	0x32
 615 01a6 A1000000 		.4byte	0xa1
 616 01aa 00       		.byte	0
 617 01ab 0B       		.uleb128 0xb
 618 01ac E1030000 		.4byte	.LASF32
 619 01b0 05       		.byte	0x5
 620 01b1 33       		.byte	0x33
 621 01b2 96000000 		.4byte	0x96
 622 01b6 02       		.byte	0x2
 623 01b7 0B       		.uleb128 0xb
 624 01b8 5F000000 		.4byte	.LASF33
 625 01bc 05       		.byte	0x5
 626 01bd 34       		.byte	0x34
 627 01be 96000000 		.4byte	0x96
 628 01c2 03       		.byte	0x3
 629 01c3 00       		.byte	0
 630 01c4 04       		.uleb128 0x4
 631 01c5 68010000 		.4byte	.LASF34
 632 01c9 05       		.byte	0x5
 633 01ca 36       		.byte	0x36
 634 01cb 97010000 		.4byte	0x197
 635 01cf 0E       		.uleb128 0xe
 636 01d0 46030000 		.4byte	.LASF35
 637 01d4 01       		.byte	0x1
 638 01d5 A3       		.byte	0xa3
 639 01d6 00000000 		.4byte	.LFB66
 640 01da 0C000000 		.4byte	.LFE66-.LFB66
 641 01de 01       		.uleb128 0x1
 642 01df 9C       		.byte	0x9c
 643 01e0 06020000 		.4byte	0x206
 644 01e4 0F       		.uleb128 0xf
 645 01e5 93000000 		.4byte	.LASF37
 646 01e9 01       		.byte	0x1
 647 01ea AB       		.byte	0xab
 648 01eb 96000000 		.4byte	0x96
 649 01ef 00000000 		.4byte	.LLST0
 650 01f3 10       		.uleb128 0x10
 651 01f4 06000000 		.4byte	.LVL0
 652 01f8 40040000 		.4byte	0x440
 653 01fc 10       		.uleb128 0x10
 654 01fd 0A000000 		.4byte	.LVL1
 655 0201 4B040000 		.4byte	0x44b
 656 0205 00       		.byte	0
 657 0206 0E       		.uleb128 0xe
 658 0207 98030000 		.4byte	.LASF36
 659 020b 01       		.byte	0x1
 660 020c CD       		.byte	0xcd
 661 020d 00000000 		.4byte	.LFB67
 662 0211 0C000000 		.4byte	.LFE67-.LFB67
ARM GAS  C:\Users\PANXIA~1\AppData\Local\Temp\cc6ff5Ht.s 			page 20


 663 0215 01       		.uleb128 0x1
 664 0216 9C       		.byte	0x9c
 665 0217 36020000 		.4byte	0x236
 666 021b 11       		.uleb128 0x11
 667 021c 36020000 		.4byte	.LASF40
 668 0220 01       		.byte	0x1
 669 0221 CD       		.byte	0xcd
 670 0222 E7000000 		.4byte	0xe7
 671 0226 01       		.uleb128 0x1
 672 0227 50       		.byte	0x50
 673 0228 12       		.uleb128 0x12
 674 0229 1E030000 		.4byte	.LASF38
 675 022d 01       		.byte	0x1
 676 022e CF       		.byte	0xcf
 677 022f 36020000 		.4byte	0x236
 678 0233 01       		.uleb128 0x1
 679 0234 53       		.byte	0x53
 680 0235 00       		.byte	0
 681 0236 05       		.uleb128 0x5
 682 0237 04       		.byte	0x4
 683 0238 E7000000 		.4byte	0xe7
 684 023c 13       		.uleb128 0x13
 685 023d 78000000 		.4byte	.LASF42
 686 0241 01       		.byte	0x1
 687 0242 E5       		.byte	0xe5
 688 0243 E7000000 		.4byte	0xe7
 689 0247 00000000 		.4byte	.LFB68
 690 024b 0C000000 		.4byte	.LFE68-.LFB68
 691 024f 01       		.uleb128 0x1
 692 0250 9C       		.byte	0x9c
 693 0251 63020000 		.4byte	0x263
 694 0255 12       		.uleb128 0x12
 695 0256 1E030000 		.4byte	.LASF38
 696 025a 01       		.byte	0x1
 697 025b E7       		.byte	0xe7
 698 025c 36020000 		.4byte	0x236
 699 0260 01       		.uleb128 0x1
 700 0261 53       		.byte	0x53
 701 0262 00       		.byte	0
 702 0263 14       		.uleb128 0x14
 703 0264 29010000 		.4byte	.LASF39
 704 0268 01       		.byte	0x1
 705 0269 0701     		.2byte	0x107
 706 026b 00000000 		.4byte	.LFB69
 707 026f 10000000 		.4byte	.LFE69-.LFB69
 708 0273 01       		.uleb128 0x1
 709 0274 9C       		.byte	0x9c
 710 0275 8A020000 		.4byte	0x28a
 711 0279 15       		.uleb128 0x15
 712 027a 72010000 		.4byte	.LASF41
 713 027e 01       		.byte	0x1
 714 027f 0701     		.2byte	0x107
 715 0281 96000000 		.4byte	0x96
 716 0285 13000000 		.4byte	.LLST1
 717 0289 00       		.byte	0
 718 028a 16       		.uleb128 0x16
 719 028b 06000000 		.4byte	.LASF43
ARM GAS  C:\Users\PANXIA~1\AppData\Local\Temp\cc6ff5Ht.s 			page 21


 720 028f 01       		.byte	0x1
 721 0290 1D01     		.2byte	0x11d
 722 0292 96000000 		.4byte	0x96
 723 0296 00000000 		.4byte	.LFB70
 724 029a 0C000000 		.4byte	.LFE70-.LFB70
 725 029e 01       		.uleb128 0x1
 726 029f 9C       		.byte	0x9c
 727 02a0 B5020000 		.4byte	0x2b5
 728 02a4 17       		.uleb128 0x17
 729 02a5 72010000 		.4byte	.LASF41
 730 02a9 01       		.byte	0x1
 731 02aa 1F01     		.2byte	0x11f
 732 02ac 96000000 		.4byte	0x96
 733 02b0 34000000 		.4byte	.LLST2
 734 02b4 00       		.byte	0
 735 02b5 18       		.uleb128 0x18
 736 02b6 17020000 		.4byte	.LASF44
 737 02ba 01       		.byte	0x1
 738 02bb 3801     		.2byte	0x138
 739 02bd 00000000 		.4byte	.LFB71
 740 02c1 0C000000 		.4byte	.LFE71-.LFB71
 741 02c5 01       		.uleb128 0x1
 742 02c6 9C       		.byte	0x9c
 743 02c7 19       		.uleb128 0x19
 744 02c8 27000000 		.4byte	.LASF58
 745 02cc 01       		.byte	0x1
 746 02cd 4D01     		.2byte	0x14d
 747 02cf 96000000 		.4byte	0x96
 748 02d3 00000000 		.4byte	.LFB72
 749 02d7 18000000 		.4byte	.LFE72-.LFB72
 750 02db 01       		.uleb128 0x1
 751 02dc 9C       		.byte	0x9c
 752 02dd 18       		.uleb128 0x18
 753 02de AD030000 		.4byte	.LASF45
 754 02e2 01       		.byte	0x1
 755 02e3 6201     		.2byte	0x162
 756 02e5 00000000 		.4byte	.LFB73
 757 02e9 0C000000 		.4byte	.LFE73-.LFB73
 758 02ed 01       		.uleb128 0x1
 759 02ee 9C       		.byte	0x9c
 760 02ef 0E       		.uleb128 0xe
 761 02f0 A4000000 		.4byte	.LASF46
 762 02f4 01       		.byte	0x1
 763 02f5 40       		.byte	0x40
 764 02f6 00000000 		.4byte	.LFB63
 765 02fa 1C000000 		.4byte	.LFE63-.LFB63
 766 02fe 01       		.uleb128 0x1
 767 02ff 9C       		.byte	0x9c
 768 0300 41030000 		.4byte	0x341
 769 0304 10       		.uleb128 0x10
 770 0305 06000000 		.4byte	.LVL9
 771 0309 DD020000 		.4byte	0x2dd
 772 030d 1A       		.uleb128 0x1a
 773 030e 0C000000 		.4byte	.LVL10
 774 0312 06020000 		.4byte	0x206
 775 0316 24030000 		.4byte	0x324
 776 031a 1B       		.uleb128 0x1b
ARM GAS  C:\Users\PANXIA~1\AppData\Local\Temp\cc6ff5Ht.s 			page 22


 777 031b 01       		.uleb128 0x1
 778 031c 50       		.byte	0x50
 779 031d 05       		.uleb128 0x5
 780 031e 03       		.byte	0x3
 781 031f 00000000 		.4byte	isr_rx_net_Interrupt
 782 0323 00       		.byte	0
 783 0324 1A       		.uleb128 0x1a
 784 0325 12000000 		.4byte	.LVL11
 785 0329 63020000 		.4byte	0x263
 786 032d 37030000 		.4byte	0x337
 787 0331 1B       		.uleb128 0x1b
 788 0332 01       		.uleb128 0x1
 789 0333 50       		.byte	0x50
 790 0334 01       		.uleb128 0x1
 791 0335 37       		.byte	0x37
 792 0336 00       		.byte	0
 793 0337 10       		.uleb128 0x10
 794 0338 16000000 		.4byte	.LVL12
 795 033c B5020000 		.4byte	0x2b5
 796 0340 00       		.byte	0
 797 0341 0E       		.uleb128 0xe
 798 0342 62020000 		.4byte	.LASF47
 799 0346 01       		.byte	0x1
 800 0347 6B       		.byte	0x6b
 801 0348 00000000 		.4byte	.LFB64
 802 034c 1A000000 		.4byte	.LFE64-.LFB64
 803 0350 01       		.uleb128 0x1
 804 0351 9C       		.byte	0x9c
 805 0352 9F030000 		.4byte	0x39f
 806 0356 1C       		.uleb128 0x1c
 807 0357 36020000 		.4byte	.LASF40
 808 035b 01       		.byte	0x1
 809 035c 6B       		.byte	0x6b
 810 035d E7000000 		.4byte	0xe7
 811 0361 4B000000 		.4byte	.LLST3
 812 0365 10       		.uleb128 0x10
 813 0366 08000000 		.4byte	.LVL14
 814 036a DD020000 		.4byte	0x2dd
 815 036e 1A       		.uleb128 0x1a
 816 036f 0E000000 		.4byte	.LVL15
 817 0373 06020000 		.4byte	0x206
 818 0377 82030000 		.4byte	0x382
 819 037b 1B       		.uleb128 0x1b
 820 037c 01       		.uleb128 0x1
 821 037d 50       		.byte	0x50
 822 037e 02       		.uleb128 0x2
 823 037f 74       		.byte	0x74
 824 0380 00       		.sleb128 0
 825 0381 00       		.byte	0
 826 0382 1A       		.uleb128 0x1a
 827 0383 14000000 		.4byte	.LVL16
 828 0387 63020000 		.4byte	0x263
 829 038b 95030000 		.4byte	0x395
 830 038f 1B       		.uleb128 0x1b
 831 0390 01       		.uleb128 0x1
 832 0391 50       		.byte	0x50
 833 0392 01       		.uleb128 0x1
ARM GAS  C:\Users\PANXIA~1\AppData\Local\Temp\cc6ff5Ht.s 			page 23


 834 0393 37       		.byte	0x37
 835 0394 00       		.byte	0
 836 0395 10       		.uleb128 0x10
 837 0396 18000000 		.4byte	.LVL17
 838 039a B5020000 		.4byte	0x2b5
 839 039e 00       		.byte	0
 840 039f 0E       		.uleb128 0xe
 841 03a0 DB000000 		.4byte	.LASF48
 842 03a4 01       		.byte	0x1
 843 03a5 89       		.byte	0x89
 844 03a6 00000000 		.4byte	.LFB65
 845 03aa 14000000 		.4byte	.LFE65-.LFB65
 846 03ae 01       		.uleb128 0x1
 847 03af 9C       		.byte	0x9c
 848 03b0 C7030000 		.4byte	0x3c7
 849 03b4 10       		.uleb128 0x10
 850 03b5 06000000 		.4byte	.LVL18
 851 03b9 DD020000 		.4byte	0x2dd
 852 03bd 10       		.uleb128 0x10
 853 03be 0C000000 		.4byte	.LVL19
 854 03c2 06020000 		.4byte	0x206
 855 03c6 00       		.byte	0
 856 03c7 18       		.uleb128 0x18
 857 03c8 03030000 		.4byte	.LASF49
 858 03cc 01       		.byte	0x1
 859 03cd 7D01     		.2byte	0x17d
 860 03cf 00000000 		.4byte	.LFB74
 861 03d3 0C000000 		.4byte	.LFE74-.LFB74
 862 03d7 01       		.uleb128 0x1
 863 03d8 9C       		.byte	0x9c
 864 03d9 18       		.uleb128 0x18
 865 03da B5000000 		.4byte	.LASF50
 866 03de 01       		.byte	0x1
 867 03df 9601     		.2byte	0x196
 868 03e1 00000000 		.4byte	.LFB75
 869 03e5 0C000000 		.4byte	.LFE75-.LFB75
 870 03e9 01       		.uleb128 0x1
 871 03ea 9C       		.byte	0x9c
 872 03eb 1D       		.uleb128 0x1d
 873 03ec 86020000 		.4byte	.LASF51
 874 03f0 06       		.byte	0x6
 875 03f1 2A06     		.2byte	0x62a
 876 03f3 F7030000 		.4byte	0x3f7
 877 03f7 08       		.uleb128 0x8
 878 03f8 8B000000 		.4byte	0x8b
 879 03fc 1E       		.uleb128 0x1e
 880 03fd 36030000 		.4byte	.LASF52
 881 0401 05       		.byte	0x5
 882 0402 2F       		.byte	0x2f
 883 0403 8C010000 		.4byte	0x18c
 884 0407 05       		.uleb128 0x5
 885 0408 03       		.byte	0x3
 886 0409 00000000 		.4byte	g_Car
 887 040d 1E       		.uleb128 0x1e
 888 040e 40010000 		.4byte	.LASF53
 889 0412 05       		.byte	0x5
 890 0413 37       		.byte	0x37
ARM GAS  C:\Users\PANXIA~1\AppData\Local\Temp\cc6ff5Ht.s 			page 24


 891 0414 C4010000 		.4byte	0x1c4
 892 0418 05       		.uleb128 0x5
 893 0419 03       		.byte	0x3
 894 041a 00000000 		.4byte	g_Control
 895 041e 1E       		.uleb128 0x1e
 896 041f 93000000 		.4byte	.LASF37
 897 0423 01       		.byte	0x1
 898 0424 20       		.byte	0x20
 899 0425 96000000 		.4byte	0x96
 900 0429 05       		.uleb128 0x5
 901 042a 03       		.byte	0x3
 902 042b 00000000 		.4byte	data
 903 042f 1E       		.uleb128 0x1e
 904 0430 4A010000 		.4byte	.LASF54
 905 0434 01       		.byte	0x1
 906 0435 21       		.byte	0x21
 907 0436 96000000 		.4byte	0x96
 908 043a 05       		.uleb128 0x5
 909 043b 03       		.byte	0x3
 910 043c 00000000 		.4byte	data1
 911 0440 1F       		.uleb128 0x1f
 912 0441 4E000000 		.4byte	.LASF59
 913 0445 07       		.byte	0x7
 914 0446 71       		.byte	0x71
 915 0447 96000000 		.4byte	0x96
 916 044b 20       		.uleb128 0x20
 917 044c F0000000 		.4byte	.LASF60
 918 0450 08       		.byte	0x8
 919 0451 1C       		.byte	0x1c
 920 0452 21       		.uleb128 0x21
 921 0453 96000000 		.4byte	0x96
 922 0457 00       		.byte	0
 923 0458 00       		.byte	0
 924              		.section	.debug_abbrev,"",%progbits
 925              	.Ldebug_abbrev0:
 926 0000 01       		.uleb128 0x1
 927 0001 11       		.uleb128 0x11
 928 0002 01       		.byte	0x1
 929 0003 25       		.uleb128 0x25
 930 0004 0E       		.uleb128 0xe
 931 0005 13       		.uleb128 0x13
 932 0006 0B       		.uleb128 0xb
 933 0007 03       		.uleb128 0x3
 934 0008 0E       		.uleb128 0xe
 935 0009 1B       		.uleb128 0x1b
 936 000a 0E       		.uleb128 0xe
 937 000b 55       		.uleb128 0x55
 938 000c 17       		.uleb128 0x17
 939 000d 11       		.uleb128 0x11
 940 000e 01       		.uleb128 0x1
 941 000f 10       		.uleb128 0x10
 942 0010 17       		.uleb128 0x17
 943 0011 00       		.byte	0
 944 0012 00       		.byte	0
 945 0013 02       		.uleb128 0x2
 946 0014 24       		.uleb128 0x24
 947 0015 00       		.byte	0
ARM GAS  C:\Users\PANXIA~1\AppData\Local\Temp\cc6ff5Ht.s 			page 25


 948 0016 0B       		.uleb128 0xb
 949 0017 0B       		.uleb128 0xb
 950 0018 3E       		.uleb128 0x3e
 951 0019 0B       		.uleb128 0xb
 952 001a 03       		.uleb128 0x3
 953 001b 08       		.uleb128 0x8
 954 001c 00       		.byte	0
 955 001d 00       		.byte	0
 956 001e 03       		.uleb128 0x3
 957 001f 24       		.uleb128 0x24
 958 0020 00       		.byte	0
 959 0021 0B       		.uleb128 0xb
 960 0022 0B       		.uleb128 0xb
 961 0023 3E       		.uleb128 0x3e
 962 0024 0B       		.uleb128 0xb
 963 0025 03       		.uleb128 0x3
 964 0026 0E       		.uleb128 0xe
 965 0027 00       		.byte	0
 966 0028 00       		.byte	0
 967 0029 04       		.uleb128 0x4
 968 002a 16       		.uleb128 0x16
 969 002b 00       		.byte	0
 970 002c 03       		.uleb128 0x3
 971 002d 0E       		.uleb128 0xe
 972 002e 3A       		.uleb128 0x3a
 973 002f 0B       		.uleb128 0xb
 974 0030 3B       		.uleb128 0x3b
 975 0031 0B       		.uleb128 0xb
 976 0032 49       		.uleb128 0x49
 977 0033 13       		.uleb128 0x13
 978 0034 00       		.byte	0
 979 0035 00       		.byte	0
 980 0036 05       		.uleb128 0x5
 981 0037 0F       		.uleb128 0xf
 982 0038 00       		.byte	0
 983 0039 0B       		.uleb128 0xb
 984 003a 0B       		.uleb128 0xb
 985 003b 49       		.uleb128 0x49
 986 003c 13       		.uleb128 0x13
 987 003d 00       		.byte	0
 988 003e 00       		.byte	0
 989 003f 06       		.uleb128 0x6
 990 0040 15       		.uleb128 0x15
 991 0041 00       		.byte	0
 992 0042 27       		.uleb128 0x27
 993 0043 19       		.uleb128 0x19
 994 0044 00       		.byte	0
 995 0045 00       		.byte	0
 996 0046 07       		.uleb128 0x7
 997 0047 16       		.uleb128 0x16
 998 0048 00       		.byte	0
 999 0049 03       		.uleb128 0x3
 1000 004a 0E       		.uleb128 0xe
 1001 004b 3A       		.uleb128 0x3a
 1002 004c 0B       		.uleb128 0xb
 1003 004d 3B       		.uleb128 0x3b
 1004 004e 05       		.uleb128 0x5
ARM GAS  C:\Users\PANXIA~1\AppData\Local\Temp\cc6ff5Ht.s 			page 26


 1005 004f 49       		.uleb128 0x49
 1006 0050 13       		.uleb128 0x13
 1007 0051 00       		.byte	0
 1008 0052 00       		.byte	0
 1009 0053 08       		.uleb128 0x8
 1010 0054 35       		.uleb128 0x35
 1011 0055 00       		.byte	0
 1012 0056 49       		.uleb128 0x49
 1013 0057 13       		.uleb128 0x13
 1014 0058 00       		.byte	0
 1015 0059 00       		.byte	0
 1016 005a 09       		.uleb128 0x9
 1017 005b 13       		.uleb128 0x13
 1018 005c 01       		.byte	0x1
 1019 005d 0B       		.uleb128 0xb
 1020 005e 0B       		.uleb128 0xb
 1021 005f 3A       		.uleb128 0x3a
 1022 0060 0B       		.uleb128 0xb
 1023 0061 3B       		.uleb128 0x3b
 1024 0062 0B       		.uleb128 0xb
 1025 0063 01       		.uleb128 0x1
 1026 0064 13       		.uleb128 0x13
 1027 0065 00       		.byte	0
 1028 0066 00       		.byte	0
 1029 0067 0A       		.uleb128 0xa
 1030 0068 0D       		.uleb128 0xd
 1031 0069 00       		.byte	0
 1032 006a 03       		.uleb128 0x3
 1033 006b 08       		.uleb128 0x8
 1034 006c 3A       		.uleb128 0x3a
 1035 006d 0B       		.uleb128 0xb
 1036 006e 3B       		.uleb128 0x3b
 1037 006f 0B       		.uleb128 0xb
 1038 0070 49       		.uleb128 0x49
 1039 0071 13       		.uleb128 0x13
 1040 0072 38       		.uleb128 0x38
 1041 0073 0B       		.uleb128 0xb
 1042 0074 00       		.byte	0
 1043 0075 00       		.byte	0
 1044 0076 0B       		.uleb128 0xb
 1045 0077 0D       		.uleb128 0xd
 1046 0078 00       		.byte	0
 1047 0079 03       		.uleb128 0x3
 1048 007a 0E       		.uleb128 0xe
 1049 007b 3A       		.uleb128 0x3a
 1050 007c 0B       		.uleb128 0xb
 1051 007d 3B       		.uleb128 0x3b
 1052 007e 0B       		.uleb128 0xb
 1053 007f 49       		.uleb128 0x49
 1054 0080 13       		.uleb128 0x13
 1055 0081 38       		.uleb128 0x38
 1056 0082 0B       		.uleb128 0xb
 1057 0083 00       		.byte	0
 1058 0084 00       		.byte	0
 1059 0085 0C       		.uleb128 0xc
 1060 0086 01       		.uleb128 0x1
 1061 0087 01       		.byte	0x1
ARM GAS  C:\Users\PANXIA~1\AppData\Local\Temp\cc6ff5Ht.s 			page 27


 1062 0088 49       		.uleb128 0x49
 1063 0089 13       		.uleb128 0x13
 1064 008a 01       		.uleb128 0x1
 1065 008b 13       		.uleb128 0x13
 1066 008c 00       		.byte	0
 1067 008d 00       		.byte	0
 1068 008e 0D       		.uleb128 0xd
 1069 008f 21       		.uleb128 0x21
 1070 0090 00       		.byte	0
 1071 0091 49       		.uleb128 0x49
 1072 0092 13       		.uleb128 0x13
 1073 0093 2F       		.uleb128 0x2f
 1074 0094 0B       		.uleb128 0xb
 1075 0095 00       		.byte	0
 1076 0096 00       		.byte	0
 1077 0097 0E       		.uleb128 0xe
 1078 0098 2E       		.uleb128 0x2e
 1079 0099 01       		.byte	0x1
 1080 009a 3F       		.uleb128 0x3f
 1081 009b 19       		.uleb128 0x19
 1082 009c 03       		.uleb128 0x3
 1083 009d 0E       		.uleb128 0xe
 1084 009e 3A       		.uleb128 0x3a
 1085 009f 0B       		.uleb128 0xb
 1086 00a0 3B       		.uleb128 0x3b
 1087 00a1 0B       		.uleb128 0xb
 1088 00a2 27       		.uleb128 0x27
 1089 00a3 19       		.uleb128 0x19
 1090 00a4 11       		.uleb128 0x11
 1091 00a5 01       		.uleb128 0x1
 1092 00a6 12       		.uleb128 0x12
 1093 00a7 06       		.uleb128 0x6
 1094 00a8 40       		.uleb128 0x40
 1095 00a9 18       		.uleb128 0x18
 1096 00aa 9742     		.uleb128 0x2117
 1097 00ac 19       		.uleb128 0x19
 1098 00ad 01       		.uleb128 0x1
 1099 00ae 13       		.uleb128 0x13
 1100 00af 00       		.byte	0
 1101 00b0 00       		.byte	0
 1102 00b1 0F       		.uleb128 0xf
 1103 00b2 34       		.uleb128 0x34
 1104 00b3 00       		.byte	0
 1105 00b4 03       		.uleb128 0x3
 1106 00b5 0E       		.uleb128 0xe
 1107 00b6 3A       		.uleb128 0x3a
 1108 00b7 0B       		.uleb128 0xb
 1109 00b8 3B       		.uleb128 0x3b
 1110 00b9 0B       		.uleb128 0xb
 1111 00ba 49       		.uleb128 0x49
 1112 00bb 13       		.uleb128 0x13
 1113 00bc 02       		.uleb128 0x2
 1114 00bd 17       		.uleb128 0x17
 1115 00be 00       		.byte	0
 1116 00bf 00       		.byte	0
 1117 00c0 10       		.uleb128 0x10
 1118 00c1 898201   		.uleb128 0x4109
ARM GAS  C:\Users\PANXIA~1\AppData\Local\Temp\cc6ff5Ht.s 			page 28


 1119 00c4 00       		.byte	0
 1120 00c5 11       		.uleb128 0x11
 1121 00c6 01       		.uleb128 0x1
 1122 00c7 31       		.uleb128 0x31
 1123 00c8 13       		.uleb128 0x13
 1124 00c9 00       		.byte	0
 1125 00ca 00       		.byte	0
 1126 00cb 11       		.uleb128 0x11
 1127 00cc 05       		.uleb128 0x5
 1128 00cd 00       		.byte	0
 1129 00ce 03       		.uleb128 0x3
 1130 00cf 0E       		.uleb128 0xe
 1131 00d0 3A       		.uleb128 0x3a
 1132 00d1 0B       		.uleb128 0xb
 1133 00d2 3B       		.uleb128 0x3b
 1134 00d3 0B       		.uleb128 0xb
 1135 00d4 49       		.uleb128 0x49
 1136 00d5 13       		.uleb128 0x13
 1137 00d6 02       		.uleb128 0x2
 1138 00d7 18       		.uleb128 0x18
 1139 00d8 00       		.byte	0
 1140 00d9 00       		.byte	0
 1141 00da 12       		.uleb128 0x12
 1142 00db 34       		.uleb128 0x34
 1143 00dc 00       		.byte	0
 1144 00dd 03       		.uleb128 0x3
 1145 00de 0E       		.uleb128 0xe
 1146 00df 3A       		.uleb128 0x3a
 1147 00e0 0B       		.uleb128 0xb
 1148 00e1 3B       		.uleb128 0x3b
 1149 00e2 0B       		.uleb128 0xb
 1150 00e3 49       		.uleb128 0x49
 1151 00e4 13       		.uleb128 0x13
 1152 00e5 02       		.uleb128 0x2
 1153 00e6 18       		.uleb128 0x18
 1154 00e7 00       		.byte	0
 1155 00e8 00       		.byte	0
 1156 00e9 13       		.uleb128 0x13
 1157 00ea 2E       		.uleb128 0x2e
 1158 00eb 01       		.byte	0x1
 1159 00ec 3F       		.uleb128 0x3f
 1160 00ed 19       		.uleb128 0x19
 1161 00ee 03       		.uleb128 0x3
 1162 00ef 0E       		.uleb128 0xe
 1163 00f0 3A       		.uleb128 0x3a
 1164 00f1 0B       		.uleb128 0xb
 1165 00f2 3B       		.uleb128 0x3b
 1166 00f3 0B       		.uleb128 0xb
 1167 00f4 27       		.uleb128 0x27
 1168 00f5 19       		.uleb128 0x19
 1169 00f6 49       		.uleb128 0x49
 1170 00f7 13       		.uleb128 0x13
 1171 00f8 11       		.uleb128 0x11
 1172 00f9 01       		.uleb128 0x1
 1173 00fa 12       		.uleb128 0x12
 1174 00fb 06       		.uleb128 0x6
 1175 00fc 40       		.uleb128 0x40
ARM GAS  C:\Users\PANXIA~1\AppData\Local\Temp\cc6ff5Ht.s 			page 29


 1176 00fd 18       		.uleb128 0x18
 1177 00fe 9742     		.uleb128 0x2117
 1178 0100 19       		.uleb128 0x19
 1179 0101 01       		.uleb128 0x1
 1180 0102 13       		.uleb128 0x13
 1181 0103 00       		.byte	0
 1182 0104 00       		.byte	0
 1183 0105 14       		.uleb128 0x14
 1184 0106 2E       		.uleb128 0x2e
 1185 0107 01       		.byte	0x1
 1186 0108 3F       		.uleb128 0x3f
 1187 0109 19       		.uleb128 0x19
 1188 010a 03       		.uleb128 0x3
 1189 010b 0E       		.uleb128 0xe
 1190 010c 3A       		.uleb128 0x3a
 1191 010d 0B       		.uleb128 0xb
 1192 010e 3B       		.uleb128 0x3b
 1193 010f 05       		.uleb128 0x5
 1194 0110 27       		.uleb128 0x27
 1195 0111 19       		.uleb128 0x19
 1196 0112 11       		.uleb128 0x11
 1197 0113 01       		.uleb128 0x1
 1198 0114 12       		.uleb128 0x12
 1199 0115 06       		.uleb128 0x6
 1200 0116 40       		.uleb128 0x40
 1201 0117 18       		.uleb128 0x18
 1202 0118 9742     		.uleb128 0x2117
 1203 011a 19       		.uleb128 0x19
 1204 011b 01       		.uleb128 0x1
 1205 011c 13       		.uleb128 0x13
 1206 011d 00       		.byte	0
 1207 011e 00       		.byte	0
 1208 011f 15       		.uleb128 0x15
 1209 0120 05       		.uleb128 0x5
 1210 0121 00       		.byte	0
 1211 0122 03       		.uleb128 0x3
 1212 0123 0E       		.uleb128 0xe
 1213 0124 3A       		.uleb128 0x3a
 1214 0125 0B       		.uleb128 0xb
 1215 0126 3B       		.uleb128 0x3b
 1216 0127 05       		.uleb128 0x5
 1217 0128 49       		.uleb128 0x49
 1218 0129 13       		.uleb128 0x13
 1219 012a 02       		.uleb128 0x2
 1220 012b 17       		.uleb128 0x17
 1221 012c 00       		.byte	0
 1222 012d 00       		.byte	0
 1223 012e 16       		.uleb128 0x16
 1224 012f 2E       		.uleb128 0x2e
 1225 0130 01       		.byte	0x1
 1226 0131 3F       		.uleb128 0x3f
 1227 0132 19       		.uleb128 0x19
 1228 0133 03       		.uleb128 0x3
 1229 0134 0E       		.uleb128 0xe
 1230 0135 3A       		.uleb128 0x3a
 1231 0136 0B       		.uleb128 0xb
 1232 0137 3B       		.uleb128 0x3b
ARM GAS  C:\Users\PANXIA~1\AppData\Local\Temp\cc6ff5Ht.s 			page 30


 1233 0138 05       		.uleb128 0x5
 1234 0139 27       		.uleb128 0x27
 1235 013a 19       		.uleb128 0x19
 1236 013b 49       		.uleb128 0x49
 1237 013c 13       		.uleb128 0x13
 1238 013d 11       		.uleb128 0x11
 1239 013e 01       		.uleb128 0x1
 1240 013f 12       		.uleb128 0x12
 1241 0140 06       		.uleb128 0x6
 1242 0141 40       		.uleb128 0x40
 1243 0142 18       		.uleb128 0x18
 1244 0143 9742     		.uleb128 0x2117
 1245 0145 19       		.uleb128 0x19
 1246 0146 01       		.uleb128 0x1
 1247 0147 13       		.uleb128 0x13
 1248 0148 00       		.byte	0
 1249 0149 00       		.byte	0
 1250 014a 17       		.uleb128 0x17
 1251 014b 34       		.uleb128 0x34
 1252 014c 00       		.byte	0
 1253 014d 03       		.uleb128 0x3
 1254 014e 0E       		.uleb128 0xe
 1255 014f 3A       		.uleb128 0x3a
 1256 0150 0B       		.uleb128 0xb
 1257 0151 3B       		.uleb128 0x3b
 1258 0152 05       		.uleb128 0x5
 1259 0153 49       		.uleb128 0x49
 1260 0154 13       		.uleb128 0x13
 1261 0155 02       		.uleb128 0x2
 1262 0156 17       		.uleb128 0x17
 1263 0157 00       		.byte	0
 1264 0158 00       		.byte	0
 1265 0159 18       		.uleb128 0x18
 1266 015a 2E       		.uleb128 0x2e
 1267 015b 00       		.byte	0
 1268 015c 3F       		.uleb128 0x3f
 1269 015d 19       		.uleb128 0x19
 1270 015e 03       		.uleb128 0x3
 1271 015f 0E       		.uleb128 0xe
 1272 0160 3A       		.uleb128 0x3a
 1273 0161 0B       		.uleb128 0xb
 1274 0162 3B       		.uleb128 0x3b
 1275 0163 05       		.uleb128 0x5
 1276 0164 27       		.uleb128 0x27
 1277 0165 19       		.uleb128 0x19
 1278 0166 11       		.uleb128 0x11
 1279 0167 01       		.uleb128 0x1
 1280 0168 12       		.uleb128 0x12
 1281 0169 06       		.uleb128 0x6
 1282 016a 40       		.uleb128 0x40
 1283 016b 18       		.uleb128 0x18
 1284 016c 9742     		.uleb128 0x2117
 1285 016e 19       		.uleb128 0x19
 1286 016f 00       		.byte	0
 1287 0170 00       		.byte	0
 1288 0171 19       		.uleb128 0x19
 1289 0172 2E       		.uleb128 0x2e
ARM GAS  C:\Users\PANXIA~1\AppData\Local\Temp\cc6ff5Ht.s 			page 31


 1290 0173 00       		.byte	0
 1291 0174 3F       		.uleb128 0x3f
 1292 0175 19       		.uleb128 0x19
 1293 0176 03       		.uleb128 0x3
 1294 0177 0E       		.uleb128 0xe
 1295 0178 3A       		.uleb128 0x3a
 1296 0179 0B       		.uleb128 0xb
 1297 017a 3B       		.uleb128 0x3b
 1298 017b 05       		.uleb128 0x5
 1299 017c 27       		.uleb128 0x27
 1300 017d 19       		.uleb128 0x19
 1301 017e 49       		.uleb128 0x49
 1302 017f 13       		.uleb128 0x13
 1303 0180 11       		.uleb128 0x11
 1304 0181 01       		.uleb128 0x1
 1305 0182 12       		.uleb128 0x12
 1306 0183 06       		.uleb128 0x6
 1307 0184 40       		.uleb128 0x40
 1308 0185 18       		.uleb128 0x18
 1309 0186 9742     		.uleb128 0x2117
 1310 0188 19       		.uleb128 0x19
 1311 0189 00       		.byte	0
 1312 018a 00       		.byte	0
 1313 018b 1A       		.uleb128 0x1a
 1314 018c 898201   		.uleb128 0x4109
 1315 018f 01       		.byte	0x1
 1316 0190 11       		.uleb128 0x11
 1317 0191 01       		.uleb128 0x1
 1318 0192 31       		.uleb128 0x31
 1319 0193 13       		.uleb128 0x13
 1320 0194 01       		.uleb128 0x1
 1321 0195 13       		.uleb128 0x13
 1322 0196 00       		.byte	0
 1323 0197 00       		.byte	0
 1324 0198 1B       		.uleb128 0x1b
 1325 0199 8A8201   		.uleb128 0x410a
 1326 019c 00       		.byte	0
 1327 019d 02       		.uleb128 0x2
 1328 019e 18       		.uleb128 0x18
 1329 019f 9142     		.uleb128 0x2111
 1330 01a1 18       		.uleb128 0x18
 1331 01a2 00       		.byte	0
 1332 01a3 00       		.byte	0
 1333 01a4 1C       		.uleb128 0x1c
 1334 01a5 05       		.uleb128 0x5
 1335 01a6 00       		.byte	0
 1336 01a7 03       		.uleb128 0x3
 1337 01a8 0E       		.uleb128 0xe
 1338 01a9 3A       		.uleb128 0x3a
 1339 01aa 0B       		.uleb128 0xb
 1340 01ab 3B       		.uleb128 0x3b
 1341 01ac 0B       		.uleb128 0xb
 1342 01ad 49       		.uleb128 0x49
 1343 01ae 13       		.uleb128 0x13
 1344 01af 02       		.uleb128 0x2
 1345 01b0 17       		.uleb128 0x17
 1346 01b1 00       		.byte	0
ARM GAS  C:\Users\PANXIA~1\AppData\Local\Temp\cc6ff5Ht.s 			page 32


 1347 01b2 00       		.byte	0
 1348 01b3 1D       		.uleb128 0x1d
 1349 01b4 34       		.uleb128 0x34
 1350 01b5 00       		.byte	0
 1351 01b6 03       		.uleb128 0x3
 1352 01b7 0E       		.uleb128 0xe
 1353 01b8 3A       		.uleb128 0x3a
 1354 01b9 0B       		.uleb128 0xb
 1355 01ba 3B       		.uleb128 0x3b
 1356 01bb 05       		.uleb128 0x5
 1357 01bc 49       		.uleb128 0x49
 1358 01bd 13       		.uleb128 0x13
 1359 01be 3F       		.uleb128 0x3f
 1360 01bf 19       		.uleb128 0x19
 1361 01c0 3C       		.uleb128 0x3c
 1362 01c1 19       		.uleb128 0x19
 1363 01c2 00       		.byte	0
 1364 01c3 00       		.byte	0
 1365 01c4 1E       		.uleb128 0x1e
 1366 01c5 34       		.uleb128 0x34
 1367 01c6 00       		.byte	0
 1368 01c7 03       		.uleb128 0x3
 1369 01c8 0E       		.uleb128 0xe
 1370 01c9 3A       		.uleb128 0x3a
 1371 01ca 0B       		.uleb128 0xb
 1372 01cb 3B       		.uleb128 0x3b
 1373 01cc 0B       		.uleb128 0xb
 1374 01cd 49       		.uleb128 0x49
 1375 01ce 13       		.uleb128 0x13
 1376 01cf 3F       		.uleb128 0x3f
 1377 01d0 19       		.uleb128 0x19
 1378 01d1 02       		.uleb128 0x2
 1379 01d2 18       		.uleb128 0x18
 1380 01d3 00       		.byte	0
 1381 01d4 00       		.byte	0
 1382 01d5 1F       		.uleb128 0x1f
 1383 01d6 2E       		.uleb128 0x2e
 1384 01d7 00       		.byte	0
 1385 01d8 3F       		.uleb128 0x3f
 1386 01d9 19       		.uleb128 0x19
 1387 01da 03       		.uleb128 0x3
 1388 01db 0E       		.uleb128 0xe
 1389 01dc 3A       		.uleb128 0x3a
 1390 01dd 0B       		.uleb128 0xb
 1391 01de 3B       		.uleb128 0x3b
 1392 01df 0B       		.uleb128 0xb
 1393 01e0 27       		.uleb128 0x27
 1394 01e1 19       		.uleb128 0x19
 1395 01e2 49       		.uleb128 0x49
 1396 01e3 13       		.uleb128 0x13
 1397 01e4 3C       		.uleb128 0x3c
 1398 01e5 19       		.uleb128 0x19
 1399 01e6 00       		.byte	0
 1400 01e7 00       		.byte	0
 1401 01e8 20       		.uleb128 0x20
 1402 01e9 2E       		.uleb128 0x2e
 1403 01ea 01       		.byte	0x1
ARM GAS  C:\Users\PANXIA~1\AppData\Local\Temp\cc6ff5Ht.s 			page 33


 1404 01eb 3F       		.uleb128 0x3f
 1405 01ec 19       		.uleb128 0x19
 1406 01ed 03       		.uleb128 0x3
 1407 01ee 0E       		.uleb128 0xe
 1408 01ef 3A       		.uleb128 0x3a
 1409 01f0 0B       		.uleb128 0xb
 1410 01f1 3B       		.uleb128 0x3b
 1411 01f2 0B       		.uleb128 0xb
 1412 01f3 27       		.uleb128 0x27
 1413 01f4 19       		.uleb128 0x19
 1414 01f5 3C       		.uleb128 0x3c
 1415 01f6 19       		.uleb128 0x19
 1416 01f7 00       		.byte	0
 1417 01f8 00       		.byte	0
 1418 01f9 21       		.uleb128 0x21
 1419 01fa 05       		.uleb128 0x5
 1420 01fb 00       		.byte	0
 1421 01fc 49       		.uleb128 0x49
 1422 01fd 13       		.uleb128 0x13
 1423 01fe 00       		.byte	0
 1424 01ff 00       		.byte	0
 1425 0200 00       		.byte	0
 1426              		.section	.debug_loc,"",%progbits
 1427              	.Ldebug_loc0:
 1428              	.LLST0:
 1429 0000 06000000 		.4byte	.LVL0
 1430 0004 09000000 		.4byte	.LVL1-1
 1431 0008 0100     		.2byte	0x1
 1432 000a 50       		.byte	0x50
 1433 000b 00000000 		.4byte	0
 1434 000f 00000000 		.4byte	0
 1435              	.LLST1:
 1436 0013 00000000 		.4byte	.LVL5
 1437 0017 02000000 		.4byte	.LVL6
 1438 001b 0100     		.2byte	0x1
 1439 001d 50       		.byte	0x50
 1440 001e 02000000 		.4byte	.LVL6
 1441 0022 10000000 		.4byte	.LFE69
 1442 0026 0400     		.2byte	0x4
 1443 0028 F3       		.byte	0xf3
 1444 0029 01       		.uleb128 0x1
 1445 002a 50       		.byte	0x50
 1446 002b 9F       		.byte	0x9f
 1447 002c 00000000 		.4byte	0
 1448 0030 00000000 		.4byte	0
 1449              	.LLST2:
 1450 0034 04000000 		.4byte	.LVL7
 1451 0038 06000000 		.4byte	.LVL8
 1452 003c 0500     		.2byte	0x5
 1453 003e 70       		.byte	0x70
 1454 003f 00       		.sleb128 0
 1455 0040 35       		.byte	0x35
 1456 0041 25       		.byte	0x25
 1457 0042 9F       		.byte	0x9f
 1458 0043 00000000 		.4byte	0
 1459 0047 00000000 		.4byte	0
 1460              	.LLST3:
ARM GAS  C:\Users\PANXIA~1\AppData\Local\Temp\cc6ff5Ht.s 			page 34


 1461 004b 00000000 		.4byte	.LVL13
 1462 004f 07000000 		.4byte	.LVL14-1
 1463 0053 0100     		.2byte	0x1
 1464 0055 50       		.byte	0x50
 1465 0056 07000000 		.4byte	.LVL14-1
 1466 005a 1A000000 		.4byte	.LFE64
 1467 005e 0100     		.2byte	0x1
 1468 0060 54       		.byte	0x54
 1469 0061 00000000 		.4byte	0
 1470 0065 00000000 		.4byte	0
 1471              		.section	.debug_aranges,"",%progbits
 1472 0000 7C000000 		.4byte	0x7c
 1473 0004 0200     		.2byte	0x2
 1474 0006 00000000 		.4byte	.Ldebug_info0
 1475 000a 04       		.byte	0x4
 1476 000b 00       		.byte	0
 1477 000c 0000     		.2byte	0
 1478 000e 0000     		.2byte	0
 1479 0010 00000000 		.4byte	.LFB66
 1480 0014 0C000000 		.4byte	.LFE66-.LFB66
 1481 0018 00000000 		.4byte	.LFB67
 1482 001c 0C000000 		.4byte	.LFE67-.LFB67
 1483 0020 00000000 		.4byte	.LFB68
 1484 0024 0C000000 		.4byte	.LFE68-.LFB68
 1485 0028 00000000 		.4byte	.LFB69
 1486 002c 10000000 		.4byte	.LFE69-.LFB69
 1487 0030 00000000 		.4byte	.LFB70
 1488 0034 0C000000 		.4byte	.LFE70-.LFB70
 1489 0038 00000000 		.4byte	.LFB71
 1490 003c 0C000000 		.4byte	.LFE71-.LFB71
 1491 0040 00000000 		.4byte	.LFB72
 1492 0044 18000000 		.4byte	.LFE72-.LFB72
 1493 0048 00000000 		.4byte	.LFB73
 1494 004c 0C000000 		.4byte	.LFE73-.LFB73
 1495 0050 00000000 		.4byte	.LFB63
 1496 0054 1C000000 		.4byte	.LFE63-.LFB63
 1497 0058 00000000 		.4byte	.LFB64
 1498 005c 1A000000 		.4byte	.LFE64-.LFB64
 1499 0060 00000000 		.4byte	.LFB65
 1500 0064 14000000 		.4byte	.LFE65-.LFB65
 1501 0068 00000000 		.4byte	.LFB74
 1502 006c 0C000000 		.4byte	.LFE74-.LFB74
 1503 0070 00000000 		.4byte	.LFB75
 1504 0074 0C000000 		.4byte	.LFE75-.LFB75
 1505 0078 00000000 		.4byte	0
 1506 007c 00000000 		.4byte	0
 1507              		.section	.debug_ranges,"",%progbits
 1508              	.Ldebug_ranges0:
 1509 0000 00000000 		.4byte	.LFB66
 1510 0004 0C000000 		.4byte	.LFE66
 1511 0008 00000000 		.4byte	.LFB67
 1512 000c 0C000000 		.4byte	.LFE67
 1513 0010 00000000 		.4byte	.LFB68
 1514 0014 0C000000 		.4byte	.LFE68
 1515 0018 00000000 		.4byte	.LFB69
 1516 001c 10000000 		.4byte	.LFE69
 1517 0020 00000000 		.4byte	.LFB70
ARM GAS  C:\Users\PANXIA~1\AppData\Local\Temp\cc6ff5Ht.s 			page 35


 1518 0024 0C000000 		.4byte	.LFE70
 1519 0028 00000000 		.4byte	.LFB71
 1520 002c 0C000000 		.4byte	.LFE71
 1521 0030 00000000 		.4byte	.LFB72
 1522 0034 18000000 		.4byte	.LFE72
 1523 0038 00000000 		.4byte	.LFB73
 1524 003c 0C000000 		.4byte	.LFE73
 1525 0040 00000000 		.4byte	.LFB63
 1526 0044 1C000000 		.4byte	.LFE63
 1527 0048 00000000 		.4byte	.LFB64
 1528 004c 1A000000 		.4byte	.LFE64
 1529 0050 00000000 		.4byte	.LFB65
 1530 0054 14000000 		.4byte	.LFE65
 1531 0058 00000000 		.4byte	.LFB74
 1532 005c 0C000000 		.4byte	.LFE74
 1533 0060 00000000 		.4byte	.LFB75
 1534 0064 0C000000 		.4byte	.LFE75
 1535 0068 00000000 		.4byte	0
 1536 006c 00000000 		.4byte	0
 1537              		.section	.debug_line,"",%progbits
 1538              	.Ldebug_line0:
 1539 0000 82020000 		.section	.debug_str,"MS",%progbits,1
 1539      02009301 
 1539      00000201 
 1539      FB0E0D00 
 1539      01010101 
 1540              	.LASF19:
 1541 0000 72656733 		.ascii	"reg32\000"
 1541      3200
 1542              	.LASF43:
 1543 0006 6973725F 		.ascii	"isr_rx_net_GetPriority\000"
 1543      72785F6E 
 1543      65745F47 
 1543      65745072 
 1543      696F7269 
 1544              	.LASF11:
 1545 001d 5F5F696E 		.ascii	"__int32_t\000"
 1545      7433325F 
 1545      7400
 1546              	.LASF58:
 1547 0027 6973725F 		.ascii	"isr_rx_net_GetState\000"
 1547      72785F6E 
 1547      65745F47 
 1547      65745374 
 1547      61746500 
 1548              	.LASF29:
 1549 003b 72696768 		.ascii	"right_behind_wheel\000"
 1549      745F6265 
 1549      68696E64 
 1549      5F776865 
 1549      656C00
 1550              	.LASF59:
 1551 004e 55415254 		.ascii	"UART_net_GetChar\000"
 1551      5F6E6574 
 1551      5F476574 
 1551      43686172 
 1551      00
ARM GAS  C:\Users\PANXIA~1\AppData\Local\Temp\cc6ff5Ht.s 			page 36


 1552              	.LASF33:
 1553 005f 6A69616F 		.ascii	"jiaoju\000"
 1553      6A7500
 1554              	.LASF27:
 1555 0066 6C656674 		.ascii	"left_behind_wheel\000"
 1555      5F626568 
 1555      696E645F 
 1555      77686565 
 1555      6C00
 1556              	.LASF42:
 1557 0078 6973725F 		.ascii	"isr_rx_net_GetVector\000"
 1557      72785F6E 
 1557      65745F47 
 1557      65745665 
 1557      63746F72 
 1558              	.LASF16:
 1559 008d 666C6F61 		.ascii	"float\000"
 1559      7400
 1560              	.LASF37:
 1561 0093 64617461 		.ascii	"data\000"
 1561      00
 1562              	.LASF1:
 1563 0098 7369676E 		.ascii	"signed char\000"
 1563      65642063 
 1563      68617200 
 1564              	.LASF46:
 1565 00a4 6973725F 		.ascii	"isr_rx_net_Start\000"
 1565      72785F6E 
 1565      65745F53 
 1565      74617274 
 1565      00
 1566              	.LASF50:
 1567 00b5 6973725F 		.ascii	"isr_rx_net_ClearPending\000"
 1567      72785F6E 
 1567      65745F43 
 1567      6C656172 
 1567      50656E64 
 1568              	.LASF2:
 1569 00cd 756E7369 		.ascii	"unsigned char\000"
 1569      676E6564 
 1569      20636861 
 1569      7200
 1570              	.LASF48:
 1571 00db 6973725F 		.ascii	"isr_rx_net_Stop\000"
 1571      72785F6E 
 1571      65745F53 
 1571      746F7000 
 1572              	.LASF18:
 1573 00eb 72656738 		.ascii	"reg8\000"
 1573      00
 1574              	.LASF60:
 1575 00f0 44545F44 		.ascii	"DT_Data_Receive_Prepare\000"
 1575      6174615F 
 1575      52656365 
 1575      6976655F 
 1575      50726570 
 1576              	.LASF25:
ARM GAS  C:\Users\PANXIA~1\AppData\Local\Temp\cc6ff5Ht.s 			page 37


 1577 0108 7365745F 		.ascii	"set_car_speed\000"
 1577      6361725F 
 1577      73706565 
 1577      6400
 1578              	.LASF4:
 1579 0116 73686F72 		.ascii	"short unsigned int\000"
 1579      7420756E 
 1579      7369676E 
 1579      65642069 
 1579      6E7400
 1580              	.LASF39:
 1581 0129 6973725F 		.ascii	"isr_rx_net_SetPriority\000"
 1581      72785F6E 
 1581      65745F53 
 1581      65745072 
 1581      696F7269 
 1582              	.LASF53:
 1583 0140 675F436F 		.ascii	"g_Control\000"
 1583      6E74726F 
 1583      6C00
 1584              	.LASF54:
 1585 014a 64617461 		.ascii	"data1\000"
 1585      3100
 1586              	.LASF6:
 1587 0150 6C6F6E67 		.ascii	"long unsigned int\000"
 1587      20756E73 
 1587      69676E65 
 1587      6420696E 
 1587      7400
 1588              	.LASF30:
 1589 0162 535F4341 		.ascii	"S_CAR\000"
 1589      5200
 1590              	.LASF34:
 1591 0168 535F434F 		.ascii	"S_CONTROL\000"
 1591      4E54524F 
 1591      4C00
 1592              	.LASF41:
 1593 0172 7072696F 		.ascii	"priority\000"
 1593      72697479 
 1593      00
 1594              	.LASF14:
 1595 017b 75696E74 		.ascii	"uint16\000"
 1595      313600
 1596              	.LASF15:
 1597 0182 75696E74 		.ascii	"uint32\000"
 1597      333200
 1598              	.LASF55:
 1599 0189 474E5520 		.ascii	"GNU C 4.9.3 20150303 (release) [ARM/embedded-4_9-br"
 1599      4320342E 
 1599      392E3320 
 1599      32303135 
 1599      30333033 
 1600 01bc 616E6368 		.ascii	"anch revision 221220] -mcpu=cortex-m3 -mthumb -g -O"
 1600      20726576 
 1600      6973696F 
 1600      6E203232 
 1600      31323230 
ARM GAS  C:\Users\PANXIA~1\AppData\Local\Temp\cc6ff5Ht.s 			page 38


 1601 01ef 67202D66 		.ascii	"g -ffunction-sections -ffat-lto-objects\000"
 1601      66756E63 
 1601      74696F6E 
 1601      2D736563 
 1601      74696F6E 
 1602              	.LASF44:
 1603 0217 6973725F 		.ascii	"isr_rx_net_Enable\000"
 1603      72785F6E 
 1603      65745F45 
 1603      6E61626C 
 1603      6500
 1604              	.LASF0:
 1605 0229 756E7369 		.ascii	"unsigned int\000"
 1605      676E6564 
 1605      20696E74 
 1605      00
 1606              	.LASF40:
 1607 0236 61646472 		.ascii	"address\000"
 1607      65737300 
 1608              	.LASF8:
 1609 023e 6C6F6E67 		.ascii	"long long unsigned int\000"
 1609      206C6F6E 
 1609      6720756E 
 1609      7369676E 
 1609      65642069 
 1610              	.LASF20:
 1611 0255 63796973 		.ascii	"cyisraddress\000"
 1611      72616464 
 1611      72657373 
 1611      00
 1612              	.LASF47:
 1613 0262 6973725F 		.ascii	"isr_rx_net_StartEx\000"
 1613      72785F6E 
 1613      65745F53 
 1613      74617274 
 1613      457800
 1614              	.LASF26:
 1615 0275 6C656674 		.ascii	"left_front_wheel\000"
 1615      5F66726F 
 1615      6E745F77 
 1615      6865656C 
 1615      00
 1616              	.LASF51:
 1617 0286 49544D5F 		.ascii	"ITM_RxBuffer\000"
 1617      52784275 
 1617      66666572 
 1617      00
 1618              	.LASF57:
 1619 0293 463A5C70 		.ascii	"F:\\project\\robot\\T1\\FW\\trunk\\robot_control_C\\"
 1619      726F6A65 
 1619      63745C72 
 1619      6F626F74 
 1619      5C54315C 
 1620 02c0 726F626F 		.ascii	"robot_control.cydsn\000"
 1620      745F636F 
 1620      6E74726F 
 1620      6C2E6379 
ARM GAS  C:\Users\PANXIA~1\AppData\Local\Temp\cc6ff5Ht.s 			page 39


 1620      64736E00 
 1621              	.LASF12:
 1622 02d4 696E7433 		.ascii	"int32_t\000"
 1622      325F7400 
 1623              	.LASF22:
 1624 02dc 4361725F 		.ascii	"Car_dir\000"
 1624      64697200 
 1625              	.LASF31:
 1626 02e4 42617474 		.ascii	"Battery\000"
 1626      65727900 
 1627              	.LASF9:
 1628 02ec 73697A65 		.ascii	"sizetype\000"
 1628      74797065 
 1628      00
 1629              	.LASF7:
 1630 02f5 6C6F6E67 		.ascii	"long long int\000"
 1630      206C6F6E 
 1630      6720696E 
 1630      7400
 1631              	.LASF49:
 1632 0303 6973725F 		.ascii	"isr_rx_net_SetPending\000"
 1632      72785F6E 
 1632      65745F53 
 1632      65745065 
 1632      6E64696E 
 1633              	.LASF10:
 1634 0319 63686172 		.ascii	"char\000"
 1634      00
 1635              	.LASF38:
 1636 031e 72616D56 		.ascii	"ramVectorTable\000"
 1636      6563746F 
 1636      72546162 
 1636      6C6500
 1637              	.LASF24:
 1638 032d 4361725F 		.ascii	"Car_lock\000"
 1638      6C6F636B 
 1638      00
 1639              	.LASF52:
 1640 0336 675F4361 		.ascii	"g_Car\000"
 1640      7200
 1641              	.LASF3:
 1642 033c 73686F72 		.ascii	"short int\000"
 1642      7420696E 
 1642      7400
 1643              	.LASF35:
 1644 0346 6973725F 		.ascii	"isr_rx_net_Interrupt\000"
 1644      72785F6E 
 1644      65745F49 
 1644      6E746572 
 1644      72757074 
 1645              	.LASF56:
 1646 035b 2E5C4765 		.ascii	".\\Generated_Source\\PSoC5\\isr_rx_net.c\000"
 1646      6E657261 
 1646      7465645F 
 1646      536F7572 
 1646      63655C50 
 1647              	.LASF13:
ARM GAS  C:\Users\PANXIA~1\AppData\Local\Temp\cc6ff5Ht.s 			page 40


 1648 0381 75696E74 		.ascii	"uint8\000"
 1648      3800
 1649              	.LASF23:
 1650 0387 50747A5F 		.ascii	"Ptz_dir\000"
 1650      64697200 
 1651              	.LASF5:
 1652 038f 6C6F6E67 		.ascii	"long int\000"
 1652      20696E74 
 1652      00
 1653              	.LASF36:
 1654 0398 6973725F 		.ascii	"isr_rx_net_SetVector\000"
 1654      72785F6E 
 1654      65745F53 
 1654      65745665 
 1654      63746F72 
 1655              	.LASF45:
 1656 03ad 6973725F 		.ascii	"isr_rx_net_Disable\000"
 1656      72785F6E 
 1656      65745F44 
 1656      69736162 
 1656      6C6500
 1657              	.LASF17:
 1658 03c0 646F7562 		.ascii	"double\000"
 1658      6C6500
 1659              	.LASF28:
 1660 03c7 72696768 		.ascii	"right_front_wheel\000"
 1660      745F6672 
 1660      6F6E745F 
 1660      77686565 
 1660      6C00
 1661              	.LASF21:
 1662 03d9 535F5748 		.ascii	"S_WHEEL\000"
 1662      45454C00 
 1663              	.LASF32:
 1664 03e1 6269616E 		.ascii	"bianbei\000"
 1664      62656900 
 1665              		.ident	"GCC: (GNU Tools for ARM Embedded Processors) 4.9.3 20150303 (release) [ARM/embedded-4_9-br
