ARM GAS  C:\Users\pxc\AppData\Local\Temp\ccQAAWTW.s 			page 1


   1              		.syntax unified
   2              		.cpu cortex-m3
   3              		.fpu softvfp
   4              		.eabi_attribute 20, 1
   5              		.eabi_attribute 21, 1
   6              		.eabi_attribute 23, 3
   7              		.eabi_attribute 24, 1
   8              		.eabi_attribute 25, 1
   9              		.eabi_attribute 26, 1
  10              		.eabi_attribute 30, 1
  11              		.eabi_attribute 34, 1
  12              		.eabi_attribute 18, 4
  13              		.thumb
  14              		.file	"main.c"
  15              		.text
  16              	.Ltext0:
  17              		.cfi_sections	.debug_frame
  18              		.section	.text.main,"ax",%progbits
  19              		.align	2
  20              		.global	main
  21              		.thumb
  22              		.thumb_func
  23              		.type	main, %function
  24              	main:
  25              	.LFB63:
  26              		.file 1 ".\\main.c"
   1:.\main.c      **** /* ========================================
   2:.\main.c      ****  *
   3:.\main.c      ****  * Copyright YOUR COMPANY, THE YEAR
   4:.\main.c      ****  * All Rights Reserved
   5:.\main.c      ****  * UNPUBLISHED, LICENSED SOFTWARE.
   6:.\main.c      ****  *
   7:.\main.c      ****  * CONFIDENTIAL AND PROPRIETARY INFORMATION
   8:.\main.c      ****  * WHICH IS THE PROPERTY OF your company.
   9:.\main.c      ****  *
  10:.\main.c      ****  * ========================================
  11:.\main.c      **** */
  12:.\main.c      **** #include <project.h>
  13:.\main.c      **** #include "ADC_V.h"
  14:.\main.c      **** #include "Transfer.h"
  15:.\main.c      **** #include "key.h"
  16:.\main.c      **** #include "buzzer.h"
  17:.\main.c      **** 
  18:.\main.c      **** 
  19:.\main.c      **** 
  20:.\main.c      **** extern uint8 time_5ms_state;
  21:.\main.c      **** extern uint8 time_1s_state;
  22:.\main.c      **** extern uint8 time_100ms_state;
  23:.\main.c      **** uint16 adc_b;
  24:.\main.c      **** void put_num(uint16 n);
  25:.\main.c      **** int main()
  26:.\main.c      **** {
  27              		.loc 1 26 0
  28              		.cfi_startproc
  29              		@ Volatile: function does not return.
  30              		@ args = 0, pretend = 0, frame = 0
  31              		@ frame_needed = 0, uses_anonymous_args = 0
ARM GAS  C:\Users\pxc\AppData\Local\Temp\ccQAAWTW.s 			page 2


  32 0000 08B5     		push	{r3, lr}
  33              		.cfi_def_cfa_offset 8
  34              		.cfi_offset 3, -8
  35              		.cfi_offset 14, -4
  27:.\main.c      ****     
  28:.\main.c      ****     CyGlobalIntEnable; /* Enable global interrupts. */
  36              		.loc 1 28 0
  37              	@ 28 ".\main.c" 1
  38 0002 62B6     		CPSIE   i
  39              	@ 0 "" 2
  29:.\main.c      ****   
  30:.\main.c      ****     /* Place your initialization/startup code here (e.g. MyInst_Start()) */
  31:.\main.c      **** 
  32:.\main.c      ****     init_button();
  40              		.loc 1 32 0
  41              		.thumb
  42 0004 FFF7FEFF 		bl	init_button
  43              	.LVL0:
  33:.\main.c      ****    
  34:.\main.c      ****     UART_net_Init();
  44              		.loc 1 34 0
  45 0008 FFF7FEFF 		bl	UART_net_Init
  46              	.LVL1:
  35:.\main.c      ****     
  36:.\main.c      ****     UART_net_Start();
  47              		.loc 1 36 0
  48 000c FFF7FEFF 		bl	UART_net_Start
  49              	.LVL2:
  37:.\main.c      ****  
  38:.\main.c      ****     Timer_1_Start(); 
  50              		.loc 1 38 0
  51 0010 FFF7FEFF 		bl	Timer_1_Start
  52              	.LVL3:
  39:.\main.c      ****     isr_timer_Start();
  53              		.loc 1 39 0
  54 0014 FFF7FEFF 		bl	isr_timer_Start
  55              	.LVL4:
  40:.\main.c      ****     
  41:.\main.c      ****     isr_rx_net_Start();
  56              		.loc 1 41 0
  57 0018 FFF7FEFF 		bl	isr_rx_net_Start
  58              	.LVL5:
  42:.\main.c      ****     Monitor_Battery_Init();
  59              		.loc 1 42 0
  60 001c FFF7FEFF 		bl	Monitor_Battery_Init
  61              	.LVL6:
  43:.\main.c      **** 
  44:.\main.c      ****     CyDelay(3000);
  62              		.loc 1 44 0
  63 0020 40F6B830 		movw	r0, #3000
  64 0024 FFF7FEFF 		bl	CyDelay
  65              	.LVL7:
  45:.\main.c      **** 
  46:.\main.c      ****     WARNING_BLUE_Write(1);                      
  66              		.loc 1 46 0
  67 0028 0120     		movs	r0, #1
  68 002a FFF7FEFF 		bl	WARNING_BLUE_Write
ARM GAS  C:\Users\pxc\AppData\Local\Temp\ccQAAWTW.s 			page 3


  69              	.LVL8:
  47:.\main.c      ****     WARNING_GREEN_Write(1);
  70              		.loc 1 47 0
  71 002e 0120     		movs	r0, #1
  72 0030 FFF7FEFF 		bl	WARNING_GREEN_Write
  73              	.LVL9:
  48:.\main.c      ****     WARNING_RED_Write(1);
  74              		.loc 1 48 0
  75 0034 0120     		movs	r0, #1
  76 0036 FFF7FEFF 		bl	WARNING_RED_Write
  77              	.LVL10:
  78              	.L5:
  49:.\main.c      ****   
  50:.\main.c      ****     for(;;)
  51:.\main.c      ****     {
  52:.\main.c      ****       /* Place your application code here. */
  53:.\main.c      ****    
  54:.\main.c      ****     
  55:.\main.c      ****         if( time_1s_state == 1)
  79              		.loc 1 55 0
  80 003a 144B     		ldr	r3, .L8
  81 003c 1B78     		ldrb	r3, [r3]	@ zero_extendqisi2
  82 003e 012B     		cmp	r3, #1
  83 0040 0BD1     		bne	.L2
  56:.\main.c      ****         {
  57:.\main.c      ****           
  58:.\main.c      ****             adc_b = g_Control.Battery*3300/4096;
  84              		.loc 1 58 0
  85 0042 134B     		ldr	r3, .L8+4
  86 0044 1A88     		ldrh	r2, [r3]
  87 0046 40F6E443 		movw	r3, #3300
  88 004a 03FB02F3 		mul	r3, r3, r2
  89 004e 1B13     		asrs	r3, r3, #12
  90 0050 104A     		ldr	r2, .L8+8
  91 0052 1380     		strh	r3, [r2]	@ movhi
  59:.\main.c      ****         //  printf("|CAR_X:%d | CAR_Y:%d | PTZ_X:%d | PTZ_Y:%d | LED1:%d | LED2:%d | LED3:%d | SPEE
  60:.\main.c      ****             
  61:.\main.c      ****             time_1s_state = 0;
  92              		.loc 1 61 0
  93 0054 0022     		movs	r2, #0
  94 0056 0D4B     		ldr	r3, .L8
  95 0058 1A70     		strb	r2, [r3]
  96              	.L2:
  62:.\main.c      ****             
  63:.\main.c      ****         }
  64:.\main.c      ****         if(time_100ms_state == 1)
  97              		.loc 1 64 0
  98 005a 0F4B     		ldr	r3, .L8+12
  99 005c 1B78     		ldrb	r3, [r3]	@ zero_extendqisi2
 100 005e 012B     		cmp	r3, #1
 101 0060 0AD1     		bne	.L4
  65:.\main.c      ****         {
  66:.\main.c      ****             Cal_Battery_loop();
 102              		.loc 1 66 0
 103 0062 FFF7FEFF 		bl	Cal_Battery_loop
 104              	.LVL11:
  67:.\main.c      ****             Cal_car_dir();
ARM GAS  C:\Users\pxc\AppData\Local\Temp\ccQAAWTW.s 			page 4


 105              		.loc 1 67 0
 106 0066 FFF7FEFF 		bl	Cal_car_dir
 107              	.LVL12:
  68:.\main.c      ****             Cal_ptz_dir();
 108              		.loc 1 68 0
 109 006a FFF7FEFF 		bl	Cal_ptz_dir
 110              	.LVL13:
  69:.\main.c      ****             Cal_LED_value();
 111              		.loc 1 69 0
 112 006e FFF7FEFF 		bl	Cal_LED_value
 113              	.LVL14:
  70:.\main.c      ****             time_100ms_state = 0;
 114              		.loc 1 70 0
 115 0072 0022     		movs	r2, #0
 116 0074 084B     		ldr	r3, .L8+12
 117 0076 1A70     		strb	r2, [r3]
 118              	.L4:
  71:.\main.c      ****         }
  72:.\main.c      ****         if(time_5ms_state == 1)
 119              		.loc 1 72 0
 120 0078 084B     		ldr	r3, .L8+16
 121 007a 1B78     		ldrb	r3, [r3]	@ zero_extendqisi2
 122 007c 012B     		cmp	r3, #1
 123 007e DCD1     		bne	.L5
  73:.\main.c      ****         {
  74:.\main.c      ****             button_ticks();
 124              		.loc 1 74 0
 125 0080 FFF7FEFF 		bl	button_ticks
 126              	.LVL15:
  75:.\main.c      ****             time_5ms_state = 0;
 127              		.loc 1 75 0
 128 0084 0022     		movs	r2, #0
 129 0086 054B     		ldr	r3, .L8+16
 130 0088 1A70     		strb	r2, [r3]
 131 008a D6E7     		b	.L5
 132              	.L9:
 133              		.align	2
 134              	.L8:
 135 008c 00000000 		.word	time_1s_state
 136 0090 00000000 		.word	g_Control
 137 0094 00000000 		.word	adc_b
 138 0098 00000000 		.word	time_100ms_state
 139 009c 00000000 		.word	time_5ms_state
 140              		.cfi_endproc
 141              	.LFE63:
 142              		.size	main, .-main
 143              		.section	.text._write,"ax",%progbits
 144              		.align	2
 145              		.global	_write
 146              		.thumb
 147              		.thumb_func
 148              		.type	_write, %function
 149              	_write:
 150              	.LFB64:
  76:.\main.c      ****            // DT_Data_Exchange();
  77:.\main.c      ****         }
  78:.\main.c      ****     }
ARM GAS  C:\Users\pxc\AppData\Local\Temp\ccQAAWTW.s 			page 5


  79:.\main.c      **** }
  80:.\main.c      **** 
  81:.\main.c      **** int _write(int file, char *ptr, int len)
  82:.\main.c      **** {
 151              		.loc 1 82 0
 152              		.cfi_startproc
 153              		@ args = 0, pretend = 0, frame = 0
 154              		@ frame_needed = 0, uses_anonymous_args = 0
 155              	.LVL16:
 156 0000 70B5     		push	{r4, r5, r6, lr}
 157              		.cfi_def_cfa_offset 16
 158              		.cfi_offset 4, -16
 159              		.cfi_offset 5, -12
 160              		.cfi_offset 6, -8
 161              		.cfi_offset 14, -4
 162 0002 1646     		mov	r6, r2
 163              	.LVL17:
  83:.\main.c      ****     int i;
  84:.\main.c      ****     file = file;
  85:.\main.c      ****     for (i = 0; i < len; i++)
 164              		.loc 1 85 0
 165 0004 0024     		movs	r4, #0
 166 0006 05E0     		b	.L11
 167              	.LVL18:
 168              	.L12:
  86:.\main.c      ****     {
  87:.\main.c      ****         UART_net_PutChar(*ptr++);
 169              		.loc 1 87 0 discriminator 3
 170 0008 4D1C     		adds	r5, r1, #1
 171              	.LVL19:
 172 000a 0878     		ldrb	r0, [r1]	@ zero_extendqisi2
 173 000c FFF7FEFF 		bl	UART_net_PutChar
 174              	.LVL20:
  85:.\main.c      ****     {
 175              		.loc 1 85 0 discriminator 3
 176 0010 0134     		adds	r4, r4, #1
 177              	.LVL21:
 178              		.loc 1 87 0 discriminator 3
 179 0012 2946     		mov	r1, r5
 180              	.LVL22:
 181              	.L11:
  85:.\main.c      ****     {
 182              		.loc 1 85 0 discriminator 1
 183 0014 B442     		cmp	r4, r6
 184 0016 F7DB     		blt	.L12
  88:.\main.c      ****     }
  89:.\main.c      ****     return len;
  90:.\main.c      **** }
 185              		.loc 1 90 0
 186 0018 3046     		mov	r0, r6
 187 001a 70BD     		pop	{r4, r5, r6, pc}
 188              		.cfi_endproc
 189              	.LFE64:
 190              		.size	_write, .-_write
 191              		.comm	adc_b,2,2
 192              		.comm	g_Control,4,4
 193              		.comm	g_Car,20,4
ARM GAS  C:\Users\pxc\AppData\Local\Temp\ccQAAWTW.s 			page 6


 194              		.comm	CAR_SPEED_V,2,2
 195              		.comm	LED_3_V,2,2
 196              		.comm	LED_2_V,2,2
 197              		.comm	LED_1_V,2,2
 198              		.comm	PTZ_Y_V,2,2
 199              		.comm	PTZ_X_V,2,2
 200              		.comm	CAR_Y_V,2,2
 201              		.comm	CAR_X_V,2,2
 202              		.comm	B_V,2,2
 203              		.text
 204              	.Letext0:
 205              		.file 2 "c:\\program files (x86)\\cypress\\psoc creator\\3.3\\psoc creator\\import\\gnu\\arm\\4.9.
 206              		.file 3 "c:\\program files (x86)\\cypress\\psoc creator\\3.3\\psoc creator\\import\\gnu\\arm\\4.9.
 207              		.file 4 "Generated_Source\\PSoC5/cytypes.h"
 208              		.file 5 ".\\control.h"
 209              		.file 6 "Generated_Source\\PSoC5/core_cm3.h"
 210              		.file 7 ".\\ADC_V.h"
 211              		.file 8 ".\\key.h"
 212              		.file 9 "Generated_Source\\PSoC5/UART_net.h"
 213              		.file 10 "Generated_Source\\PSoC5/Timer_1.h"
 214              		.file 11 "Generated_Source\\PSoC5/isr_timer.h"
 215              		.file 12 "Generated_Source\\PSoC5/isr_rx_net.h"
 216              		.file 13 "Generated_Source\\PSoC5/CyLib.h"
 217              		.file 14 "Generated_Source\\PSoC5/WARNING_BLUE.h"
 218              		.file 15 "Generated_Source\\PSoC5/WARNING_GREEN.h"
 219              		.file 16 "Generated_Source\\PSoC5/WARNING_RED.h"
 220              		.section	.debug_info,"",%progbits
 221              	.Ldebug_info0:
 222 0000 1F050000 		.4byte	0x51f
 223 0004 0400     		.2byte	0x4
 224 0006 00000000 		.4byte	.Ldebug_abbrev0
 225 000a 04       		.byte	0x4
 226 000b 01       		.uleb128 0x1
 227 000c CB030000 		.4byte	.LASF86
 228 0010 01       		.byte	0x1
 229 0011 E0000000 		.4byte	.LASF87
 230 0015 47000000 		.4byte	.LASF88
 231 0019 00000000 		.4byte	.Ldebug_ranges0+0
 232 001d 00000000 		.4byte	0
 233 0021 00000000 		.4byte	.Ldebug_line0
 234 0025 02       		.uleb128 0x2
 235 0026 01       		.byte	0x1
 236 0027 06       		.byte	0x6
 237 0028 73020000 		.4byte	.LASF0
 238 002c 02       		.uleb128 0x2
 239 002d 01       		.byte	0x1
 240 002e 08       		.byte	0x8
 241 002f 65020000 		.4byte	.LASF1
 242 0033 02       		.uleb128 0x2
 243 0034 02       		.byte	0x2
 244 0035 05       		.byte	0x5
 245 0036 1E000000 		.4byte	.LASF2
 246 003a 02       		.uleb128 0x2
 247 003b 02       		.byte	0x2
 248 003c 07       		.byte	0x7
 249 003d D6020000 		.4byte	.LASF3
 250 0041 03       		.uleb128 0x3
ARM GAS  C:\Users\pxc\AppData\Local\Temp\ccQAAWTW.s 			page 7


 251 0042 C1030000 		.4byte	.LASF9
 252 0046 02       		.byte	0x2
 253 0047 3F       		.byte	0x3f
 254 0048 4C000000 		.4byte	0x4c
 255 004c 02       		.uleb128 0x2
 256 004d 04       		.byte	0x4
 257 004e 05       		.byte	0x5
 258 004f 77010000 		.4byte	.LASF4
 259 0053 02       		.uleb128 0x2
 260 0054 04       		.byte	0x4
 261 0055 07       		.byte	0x7
 262 0056 59030000 		.4byte	.LASF5
 263 005a 02       		.uleb128 0x2
 264 005b 08       		.byte	0x8
 265 005c 05       		.byte	0x5
 266 005d 46010000 		.4byte	.LASF6
 267 0061 02       		.uleb128 0x2
 268 0062 08       		.byte	0x8
 269 0063 07       		.byte	0x7
 270 0064 7F020000 		.4byte	.LASF7
 271 0068 04       		.uleb128 0x4
 272 0069 04       		.byte	0x4
 273 006a 05       		.byte	0x5
 274 006b 696E7400 		.ascii	"int\000"
 275 006f 02       		.uleb128 0x2
 276 0070 04       		.byte	0x4
 277 0071 07       		.byte	0x7
 278 0072 9E020000 		.4byte	.LASF8
 279 0076 03       		.uleb128 0x3
 280 0077 0E030000 		.4byte	.LASF10
 281 007b 03       		.byte	0x3
 282 007c 2C       		.byte	0x2c
 283 007d 41000000 		.4byte	0x41
 284 0081 03       		.uleb128 0x3
 285 0082 E9000000 		.4byte	.LASF11
 286 0086 04       		.byte	0x4
 287 0087 C2       		.byte	0xc2
 288 0088 2C000000 		.4byte	0x2c
 289 008c 03       		.uleb128 0x3
 290 008d CB000000 		.4byte	.LASF12
 291 0091 04       		.byte	0x4
 292 0092 C3       		.byte	0xc3
 293 0093 3A000000 		.4byte	0x3a
 294 0097 03       		.uleb128 0x3
 295 0098 52030000 		.4byte	.LASF13
 296 009c 04       		.byte	0x4
 297 009d C4       		.byte	0xc4
 298 009e 53000000 		.4byte	0x53
 299 00a2 02       		.uleb128 0x2
 300 00a3 04       		.byte	0x4
 301 00a4 04       		.byte	0x4
 302 00a5 37010000 		.4byte	.LASF14
 303 00a9 02       		.uleb128 0x2
 304 00aa 08       		.byte	0x8
 305 00ab 04       		.byte	0x4
 306 00ac CF020000 		.4byte	.LASF15
 307 00b0 02       		.uleb128 0x2
ARM GAS  C:\Users\pxc\AppData\Local\Temp\ccQAAWTW.s 			page 8


 308 00b1 01       		.byte	0x1
 309 00b2 08       		.byte	0x8
 310 00b3 F1020000 		.4byte	.LASF16
 311 00b7 02       		.uleb128 0x2
 312 00b8 04       		.byte	0x4
 313 00b9 07       		.byte	0x7
 314 00ba 36000000 		.4byte	.LASF17
 315 00be 05       		.uleb128 0x5
 316 00bf 04       		.byte	0x4
 317 00c0 B0000000 		.4byte	0xb0
 318 00c4 06       		.uleb128 0x6
 319 00c5 4A030000 		.4byte	.LASF26
 320 00c9 01       		.byte	0x1
 321 00ca 05       		.byte	0x5
 322 00cb 0F       		.byte	0xf
 323 00cc 06010000 		.4byte	0x106
 324 00d0 07       		.uleb128 0x7
 325 00d1 555000   		.ascii	"UP\000"
 326 00d4 00       		.sleb128 0
 327 00d5 08       		.uleb128 0x8
 328 00d6 16030000 		.4byte	.LASF18
 329 00da 01       		.sleb128 1
 330 00db 08       		.uleb128 0x8
 331 00dc 11020000 		.4byte	.LASF19
 332 00e0 02       		.sleb128 2
 333 00e1 08       		.uleb128 0x8
 334 00e2 18000000 		.4byte	.LASF20
 335 00e6 03       		.sleb128 3
 336 00e7 08       		.uleb128 0x8
 337 00e8 E9020000 		.4byte	.LASF21
 338 00ec 04       		.sleb128 4
 339 00ed 08       		.uleb128 0x8
 340 00ee 7D000000 		.4byte	.LASF22
 341 00f2 05       		.sleb128 5
 342 00f3 08       		.uleb128 0x8
 343 00f4 07020000 		.4byte	.LASF23
 344 00f8 06       		.sleb128 6
 345 00f9 08       		.uleb128 0x8
 346 00fa 36020000 		.4byte	.LASF24
 347 00fe 07       		.sleb128 7
 348 00ff 08       		.uleb128 0x8
 349 0100 67040000 		.4byte	.LASF25
 350 0104 08       		.sleb128 8
 351 0105 00       		.byte	0
 352 0106 06       		.uleb128 0x6
 353 0107 92000000 		.4byte	.LASF27
 354 010b 01       		.byte	0x1
 355 010c 05       		.byte	0x5
 356 010d 14       		.byte	0x14
 357 010e 25010000 		.4byte	0x125
 358 0112 08       		.uleb128 0x8
 359 0113 BC010000 		.4byte	.LASF28
 360 0117 00       		.sleb128 0
 361 0118 08       		.uleb128 0x8
 362 0119 A9000000 		.4byte	.LASF29
 363 011d 01       		.sleb128 1
 364 011e 08       		.uleb128 0x8
ARM GAS  C:\Users\pxc\AppData\Local\Temp\ccQAAWTW.s 			page 9


 365 011f 7C040000 		.4byte	.LASF30
 366 0123 02       		.sleb128 2
 367 0124 00       		.byte	0
 368 0125 09       		.uleb128 0x9
 369 0126 04       		.byte	0x4
 370 0127 05       		.byte	0x5
 371 0128 16       		.byte	0x16
 372 0129 46010000 		.4byte	0x146
 373 012d 0A       		.uleb128 0xa
 374 012e 70776D00 		.ascii	"pwm\000"
 375 0132 05       		.byte	0x5
 376 0133 18       		.byte	0x18
 377 0134 8C000000 		.4byte	0x8c
 378 0138 00       		.byte	0
 379 0139 0A       		.uleb128 0xa
 380 013a 64697200 		.ascii	"dir\000"
 381 013e 05       		.byte	0x5
 382 013f 19       		.byte	0x19
 383 0140 06010000 		.4byte	0x106
 384 0144 02       		.byte	0x2
 385 0145 00       		.byte	0
 386 0146 03       		.uleb128 0x3
 387 0147 10000000 		.4byte	.LASF31
 388 014b 05       		.byte	0x5
 389 014c 1A       		.byte	0x1a
 390 014d 25010000 		.4byte	0x125
 391 0151 09       		.uleb128 0x9
 392 0152 14       		.byte	0x14
 393 0153 05       		.byte	0x5
 394 0154 1B       		.byte	0x1b
 395 0155 AE010000 		.4byte	0x1ae
 396 0159 0B       		.uleb128 0xb
 397 015a F5000000 		.4byte	.LASF32
 398 015e 05       		.byte	0x5
 399 015f 1D       		.byte	0x1d
 400 0160 81000000 		.4byte	0x81
 401 0164 00       		.byte	0
 402 0165 0B       		.uleb128 0xb
 403 0166 C3000000 		.4byte	.LASF33
 404 016a 05       		.byte	0x5
 405 016b 1E       		.byte	0x1e
 406 016c C4000000 		.4byte	0xc4
 407 0170 01       		.byte	0x1
 408 0171 0B       		.uleb128 0xb
 409 0172 59040000 		.4byte	.LASF34
 410 0176 05       		.byte	0x5
 411 0177 1F       		.byte	0x1f
 412 0178 8C000000 		.4byte	0x8c
 413 017c 02       		.byte	0x2
 414 017d 0B       		.uleb128 0xb
 415 017e B0030000 		.4byte	.LASF35
 416 0182 05       		.byte	0x5
 417 0183 20       		.byte	0x20
 418 0184 46010000 		.4byte	0x146
 419 0188 04       		.byte	0x4
 420 0189 0B       		.uleb128 0xb
 421 018a 97010000 		.4byte	.LASF36
ARM GAS  C:\Users\pxc\AppData\Local\Temp\ccQAAWTW.s 			page 10


 422 018e 05       		.byte	0x5
 423 018f 21       		.byte	0x21
 424 0190 46010000 		.4byte	0x146
 425 0194 08       		.byte	0x8
 426 0195 0B       		.uleb128 0xb
 427 0196 9E030000 		.4byte	.LASF37
 428 019a 05       		.byte	0x5
 429 019b 22       		.byte	0x22
 430 019c 46010000 		.4byte	0x146
 431 01a0 0C       		.byte	0xc
 432 01a1 0B       		.uleb128 0xb
 433 01a2 A9010000 		.4byte	.LASF38
 434 01a6 05       		.byte	0x5
 435 01a7 23       		.byte	0x23
 436 01a8 46010000 		.4byte	0x146
 437 01ac 10       		.byte	0x10
 438 01ad 00       		.byte	0
 439 01ae 03       		.uleb128 0x3
 440 01af 1B030000 		.4byte	.LASF39
 441 01b3 05       		.byte	0x5
 442 01b4 24       		.byte	0x24
 443 01b5 51010000 		.4byte	0x151
 444 01b9 09       		.uleb128 0x9
 445 01ba 04       		.byte	0x4
 446 01bb 05       		.byte	0x5
 447 01bc 26       		.byte	0x26
 448 01bd E6010000 		.4byte	0x1e6
 449 01c1 0B       		.uleb128 0xb
 450 01c2 3F000000 		.4byte	.LASF40
 451 01c6 05       		.byte	0x5
 452 01c7 28       		.byte	0x28
 453 01c8 8C000000 		.4byte	0x8c
 454 01cc 00       		.byte	0
 455 01cd 0B       		.uleb128 0xb
 456 01ce 00000000 		.4byte	.LASF41
 457 01d2 05       		.byte	0x5
 458 01d3 29       		.byte	0x29
 459 01d4 81000000 		.4byte	0x81
 460 01d8 02       		.byte	0x2
 461 01d9 0B       		.uleb128 0xb
 462 01da 41020000 		.4byte	.LASF42
 463 01de 05       		.byte	0x5
 464 01df 2A       		.byte	0x2a
 465 01e0 81000000 		.4byte	0x81
 466 01e4 03       		.byte	0x3
 467 01e5 00       		.byte	0
 468 01e6 03       		.uleb128 0x3
 469 01e7 B5020000 		.4byte	.LASF43
 470 01eb 05       		.byte	0x5
 471 01ec 2C       		.byte	0x2c
 472 01ed B9010000 		.4byte	0x1b9
 473 01f1 0C       		.uleb128 0xc
 474 01f2 01       		.byte	0x1
 475 01f3 08       		.byte	0x8
 476 01f4 1D       		.byte	0x1d
 477 01f5 30020000 		.4byte	0x230
 478 01f9 08       		.uleb128 0x8
ARM GAS  C:\Users\pxc\AppData\Local\Temp\ccQAAWTW.s 			page 11


 479 01fa 5A020000 		.4byte	.LASF44
 480 01fe 00       		.sleb128 0
 481 01ff 08       		.uleb128 0x8
 482 0200 3D010000 		.4byte	.LASF45
 483 0204 01       		.sleb128 1
 484 0205 08       		.uleb128 0x8
 485 0206 A4040000 		.4byte	.LASF46
 486 020a 02       		.sleb128 2
 487 020b 08       		.uleb128 0x8
 488 020c 91030000 		.4byte	.LASF47
 489 0210 03       		.sleb128 3
 490 0211 08       		.uleb128 0x8
 491 0212 73030000 		.4byte	.LASF48
 492 0216 04       		.sleb128 4
 493 0217 08       		.uleb128 0x8
 494 0218 C4010000 		.4byte	.LASF49
 495 021c 05       		.sleb128 5
 496 021d 08       		.uleb128 0x8
 497 021e 6C040000 		.4byte	.LASF50
 498 0222 06       		.sleb128 6
 499 0223 08       		.uleb128 0x8
 500 0224 F6020000 		.4byte	.LASF51
 501 0228 07       		.sleb128 7
 502 0229 08       		.uleb128 0x8
 503 022a 2C010000 		.4byte	.LASF52
 504 022e 08       		.sleb128 8
 505 022f 00       		.byte	0
 506 0230 0D       		.uleb128 0xd
 507 0231 86000000 		.4byte	.LASF89
 508 0235 01       		.byte	0x1
 509 0236 19       		.byte	0x19
 510 0237 68000000 		.4byte	0x68
 511 023b 00000000 		.4byte	.LFB63
 512 023f A0000000 		.4byte	.LFE63-.LFB63
 513 0243 01       		.uleb128 0x1
 514 0244 9C       		.byte	0x9c
 515 0245 04030000 		.4byte	0x304
 516 0249 0E       		.uleb128 0xe
 517 024a 08000000 		.4byte	.LVL0
 518 024e 5F040000 		.4byte	0x45f
 519 0252 0E       		.uleb128 0xe
 520 0253 0C000000 		.4byte	.LVL1
 521 0257 66040000 		.4byte	0x466
 522 025b 0E       		.uleb128 0xe
 523 025c 10000000 		.4byte	.LVL2
 524 0260 6D040000 		.4byte	0x46d
 525 0264 0E       		.uleb128 0xe
 526 0265 14000000 		.4byte	.LVL3
 527 0269 74040000 		.4byte	0x474
 528 026d 0E       		.uleb128 0xe
 529 026e 18000000 		.4byte	.LVL4
 530 0272 7B040000 		.4byte	0x47b
 531 0276 0E       		.uleb128 0xe
 532 0277 1C000000 		.4byte	.LVL5
 533 027b 82040000 		.4byte	0x482
 534 027f 0E       		.uleb128 0xe
 535 0280 20000000 		.4byte	.LVL6
ARM GAS  C:\Users\pxc\AppData\Local\Temp\ccQAAWTW.s 			page 12


 536 0284 89040000 		.4byte	0x489
 537 0288 0F       		.uleb128 0xf
 538 0289 28000000 		.4byte	.LVL7
 539 028d 96040000 		.4byte	0x496
 540 0291 9D020000 		.4byte	0x29d
 541 0295 10       		.uleb128 0x10
 542 0296 01       		.uleb128 0x1
 543 0297 50       		.byte	0x50
 544 0298 03       		.uleb128 0x3
 545 0299 0A       		.byte	0xa
 546 029a B80B     		.2byte	0xbb8
 547 029c 00       		.byte	0
 548 029d 0F       		.uleb128 0xf
 549 029e 2E000000 		.4byte	.LVL8
 550 02a2 A7040000 		.4byte	0x4a7
 551 02a6 B0020000 		.4byte	0x2b0
 552 02aa 10       		.uleb128 0x10
 553 02ab 01       		.uleb128 0x1
 554 02ac 50       		.byte	0x50
 555 02ad 01       		.uleb128 0x1
 556 02ae 31       		.byte	0x31
 557 02af 00       		.byte	0
 558 02b0 0F       		.uleb128 0xf
 559 02b1 34000000 		.4byte	.LVL9
 560 02b5 B8040000 		.4byte	0x4b8
 561 02b9 C3020000 		.4byte	0x2c3
 562 02bd 10       		.uleb128 0x10
 563 02be 01       		.uleb128 0x1
 564 02bf 50       		.byte	0x50
 565 02c0 01       		.uleb128 0x1
 566 02c1 31       		.byte	0x31
 567 02c2 00       		.byte	0
 568 02c3 0F       		.uleb128 0xf
 569 02c4 3A000000 		.4byte	.LVL10
 570 02c8 C9040000 		.4byte	0x4c9
 571 02cc D6020000 		.4byte	0x2d6
 572 02d0 10       		.uleb128 0x10
 573 02d1 01       		.uleb128 0x1
 574 02d2 50       		.byte	0x50
 575 02d3 01       		.uleb128 0x1
 576 02d4 31       		.byte	0x31
 577 02d5 00       		.byte	0
 578 02d6 0E       		.uleb128 0xe
 579 02d7 66000000 		.4byte	.LVL11
 580 02db DA040000 		.4byte	0x4da
 581 02df 0E       		.uleb128 0xe
 582 02e0 6A000000 		.4byte	.LVL12
 583 02e4 E7040000 		.4byte	0x4e7
 584 02e8 0E       		.uleb128 0xe
 585 02e9 6E000000 		.4byte	.LVL13
 586 02ed F4040000 		.4byte	0x4f4
 587 02f1 0E       		.uleb128 0xe
 588 02f2 72000000 		.4byte	.LVL14
 589 02f6 01050000 		.4byte	0x501
 590 02fa 0E       		.uleb128 0xe
 591 02fb 84000000 		.4byte	.LVL15
 592 02ff 0E050000 		.4byte	0x50e
ARM GAS  C:\Users\pxc\AppData\Local\Temp\ccQAAWTW.s 			page 13


 593 0303 00       		.byte	0
 594 0304 11       		.uleb128 0x11
 595 0305 8B000000 		.4byte	.LASF90
 596 0309 01       		.byte	0x1
 597 030a 51       		.byte	0x51
 598 030b 68000000 		.4byte	0x68
 599 030f 00000000 		.4byte	.LFB64
 600 0313 1C000000 		.4byte	.LFE64-.LFB64
 601 0317 01       		.uleb128 0x1
 602 0318 9C       		.byte	0x9c
 603 0319 61030000 		.4byte	0x361
 604 031d 12       		.uleb128 0x12
 605 031e 9C000000 		.4byte	.LASF53
 606 0322 01       		.byte	0x1
 607 0323 51       		.byte	0x51
 608 0324 68000000 		.4byte	0x68
 609 0328 00000000 		.4byte	.LLST0
 610 032c 13       		.uleb128 0x13
 611 032d 70747200 		.ascii	"ptr\000"
 612 0331 01       		.byte	0x1
 613 0332 51       		.byte	0x51
 614 0333 BE000000 		.4byte	0xbe
 615 0337 21000000 		.4byte	.LLST1
 616 033b 13       		.uleb128 0x13
 617 033c 6C656E00 		.ascii	"len\000"
 618 0340 01       		.byte	0x1
 619 0341 51       		.byte	0x51
 620 0342 68000000 		.4byte	0x68
 621 0346 4A000000 		.4byte	.LLST2
 622 034a 14       		.uleb128 0x14
 623 034b 6900     		.ascii	"i\000"
 624 034d 01       		.byte	0x1
 625 034e 53       		.byte	0x53
 626 034f 68000000 		.4byte	0x68
 627 0353 68000000 		.4byte	.LLST3
 628 0357 0E       		.uleb128 0xe
 629 0358 10000000 		.4byte	.LVL20
 630 035c 15050000 		.4byte	0x515
 631 0360 00       		.byte	0
 632 0361 15       		.uleb128 0x15
 633 0362 8F040000 		.4byte	.LASF54
 634 0366 06       		.byte	0x6
 635 0367 2A06     		.2byte	0x62a
 636 0369 6D030000 		.4byte	0x36d
 637 036d 16       		.uleb128 0x16
 638 036e 76000000 		.4byte	0x76
 639 0372 17       		.uleb128 0x17
 640 0373 425F5600 		.ascii	"B_V\000"
 641 0377 07       		.byte	0x7
 642 0378 1B       		.byte	0x1b
 643 0379 8C000000 		.4byte	0x8c
 644 037d 05       		.uleb128 0x5
 645 037e 03       		.byte	0x3
 646 037f 00000000 		.4byte	B_V
 647 0383 18       		.uleb128 0x18
 648 0384 6F010000 		.4byte	.LASF55
 649 0388 07       		.byte	0x7
ARM GAS  C:\Users\pxc\AppData\Local\Temp\ccQAAWTW.s 			page 14


 650 0389 1C       		.byte	0x1c
 651 038a 8C000000 		.4byte	0x8c
 652 038e 05       		.uleb128 0x5
 653 038f 03       		.byte	0x3
 654 0390 00000000 		.4byte	CAR_X_V
 655 0394 18       		.uleb128 0x18
 656 0395 A1000000 		.4byte	.LASF56
 657 0399 07       		.byte	0x7
 658 039a 1D       		.byte	0x1d
 659 039b 8C000000 		.4byte	0x8c
 660 039f 05       		.uleb128 0x5
 661 03a0 03       		.byte	0x3
 662 03a1 00000000 		.4byte	CAR_Y_V
 663 03a5 18       		.uleb128 0x18
 664 03a6 08000000 		.4byte	.LASF57
 665 03aa 07       		.byte	0x7
 666 03ab 1E       		.byte	0x1e
 667 03ac 8C000000 		.4byte	0x8c
 668 03b0 05       		.uleb128 0x5
 669 03b1 03       		.byte	0x3
 670 03b2 00000000 		.4byte	PTZ_X_V
 671 03b6 18       		.uleb128 0x18
 672 03b7 87040000 		.4byte	.LASF58
 673 03bb 07       		.byte	0x7
 674 03bc 20       		.byte	0x20
 675 03bd 8C000000 		.4byte	0x8c
 676 03c1 05       		.uleb128 0x5
 677 03c2 03       		.byte	0x3
 678 03c3 00000000 		.4byte	PTZ_Y_V
 679 03c7 18       		.uleb128 0x18
 680 03c8 6B030000 		.4byte	.LASF59
 681 03cc 07       		.byte	0x7
 682 03cd 21       		.byte	0x21
 683 03ce 8C000000 		.4byte	0x8c
 684 03d2 05       		.uleb128 0x5
 685 03d3 03       		.byte	0x3
 686 03d4 00000000 		.4byte	LED_1_V
 687 03d8 18       		.uleb128 0x18
 688 03d9 06030000 		.4byte	.LASF60
 689 03dd 07       		.byte	0x7
 690 03de 22       		.byte	0x22
 691 03df 8C000000 		.4byte	0x8c
 692 03e3 05       		.uleb128 0x5
 693 03e4 03       		.byte	0x3
 694 03e5 00000000 		.4byte	LED_2_V
 695 03e9 18       		.uleb128 0x18
 696 03ea 96020000 		.4byte	.LASF61
 697 03ee 07       		.byte	0x7
 698 03ef 23       		.byte	0x23
 699 03f0 8C000000 		.4byte	0x8c
 700 03f4 05       		.uleb128 0x5
 701 03f5 03       		.byte	0x3
 702 03f6 00000000 		.4byte	LED_3_V
 703 03fa 18       		.uleb128 0x18
 704 03fb FE000000 		.4byte	.LASF62
 705 03ff 07       		.byte	0x7
 706 0400 24       		.byte	0x24
ARM GAS  C:\Users\pxc\AppData\Local\Temp\ccQAAWTW.s 			page 15


 707 0401 8C000000 		.4byte	0x8c
 708 0405 05       		.uleb128 0x5
 709 0406 03       		.byte	0x3
 710 0407 00000000 		.4byte	CAR_SPEED_V
 711 040b 18       		.uleb128 0x18
 712 040c 80010000 		.4byte	.LASF63
 713 0410 05       		.byte	0x5
 714 0411 25       		.byte	0x25
 715 0412 AE010000 		.4byte	0x1ae
 716 0416 05       		.uleb128 0x5
 717 0417 03       		.byte	0x3
 718 0418 00000000 		.4byte	g_Car
 719 041c 18       		.uleb128 0x18
 720 041d AB020000 		.4byte	.LASF64
 721 0421 05       		.byte	0x5
 722 0422 2D       		.byte	0x2d
 723 0423 E6010000 		.4byte	0x1e6
 724 0427 05       		.uleb128 0x5
 725 0428 03       		.byte	0x3
 726 0429 00000000 		.4byte	g_Control
 727 042d 19       		.uleb128 0x19
 728 042e 60010000 		.4byte	.LASF65
 729 0432 01       		.byte	0x1
 730 0433 14       		.byte	0x14
 731 0434 81000000 		.4byte	0x81
 732 0438 19       		.uleb128 0x19
 733 0439 D2000000 		.4byte	.LASF66
 734 043d 01       		.byte	0x1
 735 043e 15       		.byte	0x15
 736 043f 81000000 		.4byte	0x81
 737 0443 19       		.uleb128 0x19
 738 0444 B2000000 		.4byte	.LASF67
 739 0448 01       		.byte	0x1
 740 0449 16       		.byte	0x16
 741 044a 81000000 		.4byte	0x81
 742 044e 18       		.uleb128 0x18
 743 044f EF000000 		.4byte	.LASF68
 744 0453 01       		.byte	0x1
 745 0454 17       		.byte	0x17
 746 0455 8C000000 		.4byte	0x8c
 747 0459 05       		.uleb128 0x5
 748 045a 03       		.byte	0x3
 749 045b 00000000 		.4byte	adc_b
 750 045f 1A       		.uleb128 0x1a
 751 0460 16020000 		.4byte	.LASF69
 752 0464 08       		.byte	0x8
 753 0465 39       		.byte	0x39
 754 0466 1A       		.uleb128 0x1a
 755 0467 28000000 		.4byte	.LASF70
 756 046b 09       		.byte	0x9
 757 046c 59       		.byte	0x59
 758 046d 1A       		.uleb128 0x1a
 759 046e 21030000 		.4byte	.LASF71
 760 0472 09       		.byte	0x9
 761 0473 54       		.byte	0x54
 762 0474 1A       		.uleb128 0x1a
 763 0475 30030000 		.4byte	.LASF72
ARM GAS  C:\Users\pxc\AppData\Local\Temp\ccQAAWTW.s 			page 16


 764 0479 0A       		.byte	0xa
 765 047a 5A       		.byte	0x5a
 766 047b 1A       		.uleb128 0x1a
 767 047c BF020000 		.4byte	.LASF73
 768 0480 0B       		.byte	0xb
 769 0481 17       		.byte	0x17
 770 0482 1A       		.uleb128 0x1a
 771 0483 86010000 		.4byte	.LASF74
 772 0487 0C       		.byte	0xc
 773 0488 17       		.byte	0x17
 774 0489 1B       		.uleb128 0x1b
 775 048a 0A010000 		.4byte	.LASF79
 776 048e 07       		.byte	0x7
 777 048f 26       		.byte	0x26
 778 0490 96040000 		.4byte	0x496
 779 0494 1C       		.uleb128 0x1c
 780 0495 00       		.byte	0
 781 0496 1D       		.uleb128 0x1d
 782 0497 9C040000 		.4byte	.LASF75
 783 049b 0D       		.byte	0xd
 784 049c 77       		.byte	0x77
 785 049d A7040000 		.4byte	0x4a7
 786 04a1 1E       		.uleb128 0x1e
 787 04a2 97000000 		.4byte	0x97
 788 04a6 00       		.byte	0
 789 04a7 1D       		.uleb128 0x1d
 790 04a8 F4010000 		.4byte	.LASF76
 791 04ac 0E       		.byte	0xe
 792 04ad 28       		.byte	0x28
 793 04ae B8040000 		.4byte	0x4b8
 794 04b2 1E       		.uleb128 0x1e
 795 04b3 81000000 		.4byte	0x81
 796 04b7 00       		.byte	0
 797 04b8 1D       		.uleb128 0x1d
 798 04b9 22020000 		.4byte	.LASF77
 799 04bd 0F       		.byte	0xf
 800 04be 28       		.byte	0x28
 801 04bf C9040000 		.4byte	0x4c9
 802 04c3 1E       		.uleb128 0x1e
 803 04c4 81000000 		.4byte	0x81
 804 04c8 00       		.byte	0
 805 04c9 1D       		.uleb128 0x1d
 806 04ca 48020000 		.4byte	.LASF78
 807 04ce 10       		.byte	0x10
 808 04cf 28       		.byte	0x28
 809 04d0 DA040000 		.4byte	0x4da
 810 04d4 1E       		.uleb128 0x1e
 811 04d5 81000000 		.4byte	0x81
 812 04d9 00       		.byte	0
 813 04da 1B       		.uleb128 0x1b
 814 04db D5010000 		.4byte	.LASF80
 815 04df 07       		.byte	0x7
 816 04e0 27       		.byte	0x27
 817 04e1 E7040000 		.4byte	0x4e7
 818 04e5 1C       		.uleb128 0x1c
 819 04e6 00       		.byte	0
 820 04e7 1B       		.uleb128 0x1b
ARM GAS  C:\Users\pxc\AppData\Local\Temp\ccQAAWTW.s 			page 17


 821 04e8 3E030000 		.4byte	.LASF81
 822 04ec 05       		.byte	0x5
 823 04ed 2E       		.byte	0x2e
 824 04ee F4040000 		.4byte	0x4f4
 825 04f2 1C       		.uleb128 0x1c
 826 04f3 00       		.byte	0
 827 04f4 1B       		.uleb128 0x1b
 828 04f5 54010000 		.4byte	.LASF82
 829 04f9 05       		.byte	0x5
 830 04fa 2F       		.byte	0x2f
 831 04fb 01050000 		.4byte	0x501
 832 04ff 1C       		.uleb128 0x1c
 833 0500 00       		.byte	0
 834 0501 1B       		.uleb128 0x1b
 835 0502 E6010000 		.4byte	.LASF83
 836 0506 05       		.byte	0x5
 837 0507 30       		.byte	0x30
 838 0508 0E050000 		.4byte	0x50e
 839 050c 1C       		.uleb128 0x1c
 840 050d 00       		.byte	0
 841 050e 1A       		.uleb128 0x1a
 842 050f 1F010000 		.4byte	.LASF84
 843 0513 08       		.byte	0x8
 844 0514 3F       		.byte	0x3f
 845 0515 1F       		.uleb128 0x1f
 846 0516 80030000 		.4byte	.LASF85
 847 051a 09       		.byte	0x9
 848 051b 8A       		.byte	0x8a
 849 051c 1E       		.uleb128 0x1e
 850 051d 81000000 		.4byte	0x81
 851 0521 00       		.byte	0
 852 0522 00       		.byte	0
 853              		.section	.debug_abbrev,"",%progbits
 854              	.Ldebug_abbrev0:
 855 0000 01       		.uleb128 0x1
 856 0001 11       		.uleb128 0x11
 857 0002 01       		.byte	0x1
 858 0003 25       		.uleb128 0x25
 859 0004 0E       		.uleb128 0xe
 860 0005 13       		.uleb128 0x13
 861 0006 0B       		.uleb128 0xb
 862 0007 03       		.uleb128 0x3
 863 0008 0E       		.uleb128 0xe
 864 0009 1B       		.uleb128 0x1b
 865 000a 0E       		.uleb128 0xe
 866 000b 55       		.uleb128 0x55
 867 000c 17       		.uleb128 0x17
 868 000d 11       		.uleb128 0x11
 869 000e 01       		.uleb128 0x1
 870 000f 10       		.uleb128 0x10
 871 0010 17       		.uleb128 0x17
 872 0011 00       		.byte	0
 873 0012 00       		.byte	0
 874 0013 02       		.uleb128 0x2
 875 0014 24       		.uleb128 0x24
 876 0015 00       		.byte	0
 877 0016 0B       		.uleb128 0xb
ARM GAS  C:\Users\pxc\AppData\Local\Temp\ccQAAWTW.s 			page 18


 878 0017 0B       		.uleb128 0xb
 879 0018 3E       		.uleb128 0x3e
 880 0019 0B       		.uleb128 0xb
 881 001a 03       		.uleb128 0x3
 882 001b 0E       		.uleb128 0xe
 883 001c 00       		.byte	0
 884 001d 00       		.byte	0
 885 001e 03       		.uleb128 0x3
 886 001f 16       		.uleb128 0x16
 887 0020 00       		.byte	0
 888 0021 03       		.uleb128 0x3
 889 0022 0E       		.uleb128 0xe
 890 0023 3A       		.uleb128 0x3a
 891 0024 0B       		.uleb128 0xb
 892 0025 3B       		.uleb128 0x3b
 893 0026 0B       		.uleb128 0xb
 894 0027 49       		.uleb128 0x49
 895 0028 13       		.uleb128 0x13
 896 0029 00       		.byte	0
 897 002a 00       		.byte	0
 898 002b 04       		.uleb128 0x4
 899 002c 24       		.uleb128 0x24
 900 002d 00       		.byte	0
 901 002e 0B       		.uleb128 0xb
 902 002f 0B       		.uleb128 0xb
 903 0030 3E       		.uleb128 0x3e
 904 0031 0B       		.uleb128 0xb
 905 0032 03       		.uleb128 0x3
 906 0033 08       		.uleb128 0x8
 907 0034 00       		.byte	0
 908 0035 00       		.byte	0
 909 0036 05       		.uleb128 0x5
 910 0037 0F       		.uleb128 0xf
 911 0038 00       		.byte	0
 912 0039 0B       		.uleb128 0xb
 913 003a 0B       		.uleb128 0xb
 914 003b 49       		.uleb128 0x49
 915 003c 13       		.uleb128 0x13
 916 003d 00       		.byte	0
 917 003e 00       		.byte	0
 918 003f 06       		.uleb128 0x6
 919 0040 04       		.uleb128 0x4
 920 0041 01       		.byte	0x1
 921 0042 03       		.uleb128 0x3
 922 0043 0E       		.uleb128 0xe
 923 0044 0B       		.uleb128 0xb
 924 0045 0B       		.uleb128 0xb
 925 0046 3A       		.uleb128 0x3a
 926 0047 0B       		.uleb128 0xb
 927 0048 3B       		.uleb128 0x3b
 928 0049 0B       		.uleb128 0xb
 929 004a 01       		.uleb128 0x1
 930 004b 13       		.uleb128 0x13
 931 004c 00       		.byte	0
 932 004d 00       		.byte	0
 933 004e 07       		.uleb128 0x7
 934 004f 28       		.uleb128 0x28
ARM GAS  C:\Users\pxc\AppData\Local\Temp\ccQAAWTW.s 			page 19


 935 0050 00       		.byte	0
 936 0051 03       		.uleb128 0x3
 937 0052 08       		.uleb128 0x8
 938 0053 1C       		.uleb128 0x1c
 939 0054 0D       		.uleb128 0xd
 940 0055 00       		.byte	0
 941 0056 00       		.byte	0
 942 0057 08       		.uleb128 0x8
 943 0058 28       		.uleb128 0x28
 944 0059 00       		.byte	0
 945 005a 03       		.uleb128 0x3
 946 005b 0E       		.uleb128 0xe
 947 005c 1C       		.uleb128 0x1c
 948 005d 0D       		.uleb128 0xd
 949 005e 00       		.byte	0
 950 005f 00       		.byte	0
 951 0060 09       		.uleb128 0x9
 952 0061 13       		.uleb128 0x13
 953 0062 01       		.byte	0x1
 954 0063 0B       		.uleb128 0xb
 955 0064 0B       		.uleb128 0xb
 956 0065 3A       		.uleb128 0x3a
 957 0066 0B       		.uleb128 0xb
 958 0067 3B       		.uleb128 0x3b
 959 0068 0B       		.uleb128 0xb
 960 0069 01       		.uleb128 0x1
 961 006a 13       		.uleb128 0x13
 962 006b 00       		.byte	0
 963 006c 00       		.byte	0
 964 006d 0A       		.uleb128 0xa
 965 006e 0D       		.uleb128 0xd
 966 006f 00       		.byte	0
 967 0070 03       		.uleb128 0x3
 968 0071 08       		.uleb128 0x8
 969 0072 3A       		.uleb128 0x3a
 970 0073 0B       		.uleb128 0xb
 971 0074 3B       		.uleb128 0x3b
 972 0075 0B       		.uleb128 0xb
 973 0076 49       		.uleb128 0x49
 974 0077 13       		.uleb128 0x13
 975 0078 38       		.uleb128 0x38
 976 0079 0B       		.uleb128 0xb
 977 007a 00       		.byte	0
 978 007b 00       		.byte	0
 979 007c 0B       		.uleb128 0xb
 980 007d 0D       		.uleb128 0xd
 981 007e 00       		.byte	0
 982 007f 03       		.uleb128 0x3
 983 0080 0E       		.uleb128 0xe
 984 0081 3A       		.uleb128 0x3a
 985 0082 0B       		.uleb128 0xb
 986 0083 3B       		.uleb128 0x3b
 987 0084 0B       		.uleb128 0xb
 988 0085 49       		.uleb128 0x49
 989 0086 13       		.uleb128 0x13
 990 0087 38       		.uleb128 0x38
 991 0088 0B       		.uleb128 0xb
ARM GAS  C:\Users\pxc\AppData\Local\Temp\ccQAAWTW.s 			page 20


 992 0089 00       		.byte	0
 993 008a 00       		.byte	0
 994 008b 0C       		.uleb128 0xc
 995 008c 04       		.uleb128 0x4
 996 008d 01       		.byte	0x1
 997 008e 0B       		.uleb128 0xb
 998 008f 0B       		.uleb128 0xb
 999 0090 3A       		.uleb128 0x3a
 1000 0091 0B       		.uleb128 0xb
 1001 0092 3B       		.uleb128 0x3b
 1002 0093 0B       		.uleb128 0xb
 1003 0094 01       		.uleb128 0x1
 1004 0095 13       		.uleb128 0x13
 1005 0096 00       		.byte	0
 1006 0097 00       		.byte	0
 1007 0098 0D       		.uleb128 0xd
 1008 0099 2E       		.uleb128 0x2e
 1009 009a 01       		.byte	0x1
 1010 009b 3F       		.uleb128 0x3f
 1011 009c 19       		.uleb128 0x19
 1012 009d 03       		.uleb128 0x3
 1013 009e 0E       		.uleb128 0xe
 1014 009f 3A       		.uleb128 0x3a
 1015 00a0 0B       		.uleb128 0xb
 1016 00a1 3B       		.uleb128 0x3b
 1017 00a2 0B       		.uleb128 0xb
 1018 00a3 49       		.uleb128 0x49
 1019 00a4 13       		.uleb128 0x13
 1020 00a5 11       		.uleb128 0x11
 1021 00a6 01       		.uleb128 0x1
 1022 00a7 12       		.uleb128 0x12
 1023 00a8 06       		.uleb128 0x6
 1024 00a9 40       		.uleb128 0x40
 1025 00aa 18       		.uleb128 0x18
 1026 00ab 9742     		.uleb128 0x2117
 1027 00ad 19       		.uleb128 0x19
 1028 00ae 01       		.uleb128 0x1
 1029 00af 13       		.uleb128 0x13
 1030 00b0 00       		.byte	0
 1031 00b1 00       		.byte	0
 1032 00b2 0E       		.uleb128 0xe
 1033 00b3 898201   		.uleb128 0x4109
 1034 00b6 00       		.byte	0
 1035 00b7 11       		.uleb128 0x11
 1036 00b8 01       		.uleb128 0x1
 1037 00b9 31       		.uleb128 0x31
 1038 00ba 13       		.uleb128 0x13
 1039 00bb 00       		.byte	0
 1040 00bc 00       		.byte	0
 1041 00bd 0F       		.uleb128 0xf
 1042 00be 898201   		.uleb128 0x4109
 1043 00c1 01       		.byte	0x1
 1044 00c2 11       		.uleb128 0x11
 1045 00c3 01       		.uleb128 0x1
 1046 00c4 31       		.uleb128 0x31
 1047 00c5 13       		.uleb128 0x13
 1048 00c6 01       		.uleb128 0x1
ARM GAS  C:\Users\pxc\AppData\Local\Temp\ccQAAWTW.s 			page 21


 1049 00c7 13       		.uleb128 0x13
 1050 00c8 00       		.byte	0
 1051 00c9 00       		.byte	0
 1052 00ca 10       		.uleb128 0x10
 1053 00cb 8A8201   		.uleb128 0x410a
 1054 00ce 00       		.byte	0
 1055 00cf 02       		.uleb128 0x2
 1056 00d0 18       		.uleb128 0x18
 1057 00d1 9142     		.uleb128 0x2111
 1058 00d3 18       		.uleb128 0x18
 1059 00d4 00       		.byte	0
 1060 00d5 00       		.byte	0
 1061 00d6 11       		.uleb128 0x11
 1062 00d7 2E       		.uleb128 0x2e
 1063 00d8 01       		.byte	0x1
 1064 00d9 3F       		.uleb128 0x3f
 1065 00da 19       		.uleb128 0x19
 1066 00db 03       		.uleb128 0x3
 1067 00dc 0E       		.uleb128 0xe
 1068 00dd 3A       		.uleb128 0x3a
 1069 00de 0B       		.uleb128 0xb
 1070 00df 3B       		.uleb128 0x3b
 1071 00e0 0B       		.uleb128 0xb
 1072 00e1 27       		.uleb128 0x27
 1073 00e2 19       		.uleb128 0x19
 1074 00e3 49       		.uleb128 0x49
 1075 00e4 13       		.uleb128 0x13
 1076 00e5 11       		.uleb128 0x11
 1077 00e6 01       		.uleb128 0x1
 1078 00e7 12       		.uleb128 0x12
 1079 00e8 06       		.uleb128 0x6
 1080 00e9 40       		.uleb128 0x40
 1081 00ea 18       		.uleb128 0x18
 1082 00eb 9742     		.uleb128 0x2117
 1083 00ed 19       		.uleb128 0x19
 1084 00ee 01       		.uleb128 0x1
 1085 00ef 13       		.uleb128 0x13
 1086 00f0 00       		.byte	0
 1087 00f1 00       		.byte	0
 1088 00f2 12       		.uleb128 0x12
 1089 00f3 05       		.uleb128 0x5
 1090 00f4 00       		.byte	0
 1091 00f5 03       		.uleb128 0x3
 1092 00f6 0E       		.uleb128 0xe
 1093 00f7 3A       		.uleb128 0x3a
 1094 00f8 0B       		.uleb128 0xb
 1095 00f9 3B       		.uleb128 0x3b
 1096 00fa 0B       		.uleb128 0xb
 1097 00fb 49       		.uleb128 0x49
 1098 00fc 13       		.uleb128 0x13
 1099 00fd 02       		.uleb128 0x2
 1100 00fe 17       		.uleb128 0x17
 1101 00ff 00       		.byte	0
 1102 0100 00       		.byte	0
 1103 0101 13       		.uleb128 0x13
 1104 0102 05       		.uleb128 0x5
 1105 0103 00       		.byte	0
ARM GAS  C:\Users\pxc\AppData\Local\Temp\ccQAAWTW.s 			page 22


 1106 0104 03       		.uleb128 0x3
 1107 0105 08       		.uleb128 0x8
 1108 0106 3A       		.uleb128 0x3a
 1109 0107 0B       		.uleb128 0xb
 1110 0108 3B       		.uleb128 0x3b
 1111 0109 0B       		.uleb128 0xb
 1112 010a 49       		.uleb128 0x49
 1113 010b 13       		.uleb128 0x13
 1114 010c 02       		.uleb128 0x2
 1115 010d 17       		.uleb128 0x17
 1116 010e 00       		.byte	0
 1117 010f 00       		.byte	0
 1118 0110 14       		.uleb128 0x14
 1119 0111 34       		.uleb128 0x34
 1120 0112 00       		.byte	0
 1121 0113 03       		.uleb128 0x3
 1122 0114 08       		.uleb128 0x8
 1123 0115 3A       		.uleb128 0x3a
 1124 0116 0B       		.uleb128 0xb
 1125 0117 3B       		.uleb128 0x3b
 1126 0118 0B       		.uleb128 0xb
 1127 0119 49       		.uleb128 0x49
 1128 011a 13       		.uleb128 0x13
 1129 011b 02       		.uleb128 0x2
 1130 011c 17       		.uleb128 0x17
 1131 011d 00       		.byte	0
 1132 011e 00       		.byte	0
 1133 011f 15       		.uleb128 0x15
 1134 0120 34       		.uleb128 0x34
 1135 0121 00       		.byte	0
 1136 0122 03       		.uleb128 0x3
 1137 0123 0E       		.uleb128 0xe
 1138 0124 3A       		.uleb128 0x3a
 1139 0125 0B       		.uleb128 0xb
 1140 0126 3B       		.uleb128 0x3b
 1141 0127 05       		.uleb128 0x5
 1142 0128 49       		.uleb128 0x49
 1143 0129 13       		.uleb128 0x13
 1144 012a 3F       		.uleb128 0x3f
 1145 012b 19       		.uleb128 0x19
 1146 012c 3C       		.uleb128 0x3c
 1147 012d 19       		.uleb128 0x19
 1148 012e 00       		.byte	0
 1149 012f 00       		.byte	0
 1150 0130 16       		.uleb128 0x16
 1151 0131 35       		.uleb128 0x35
 1152 0132 00       		.byte	0
 1153 0133 49       		.uleb128 0x49
 1154 0134 13       		.uleb128 0x13
 1155 0135 00       		.byte	0
 1156 0136 00       		.byte	0
 1157 0137 17       		.uleb128 0x17
 1158 0138 34       		.uleb128 0x34
 1159 0139 00       		.byte	0
 1160 013a 03       		.uleb128 0x3
 1161 013b 08       		.uleb128 0x8
 1162 013c 3A       		.uleb128 0x3a
ARM GAS  C:\Users\pxc\AppData\Local\Temp\ccQAAWTW.s 			page 23


 1163 013d 0B       		.uleb128 0xb
 1164 013e 3B       		.uleb128 0x3b
 1165 013f 0B       		.uleb128 0xb
 1166 0140 49       		.uleb128 0x49
 1167 0141 13       		.uleb128 0x13
 1168 0142 3F       		.uleb128 0x3f
 1169 0143 19       		.uleb128 0x19
 1170 0144 02       		.uleb128 0x2
 1171 0145 18       		.uleb128 0x18
 1172 0146 00       		.byte	0
 1173 0147 00       		.byte	0
 1174 0148 18       		.uleb128 0x18
 1175 0149 34       		.uleb128 0x34
 1176 014a 00       		.byte	0
 1177 014b 03       		.uleb128 0x3
 1178 014c 0E       		.uleb128 0xe
 1179 014d 3A       		.uleb128 0x3a
 1180 014e 0B       		.uleb128 0xb
 1181 014f 3B       		.uleb128 0x3b
 1182 0150 0B       		.uleb128 0xb
 1183 0151 49       		.uleb128 0x49
 1184 0152 13       		.uleb128 0x13
 1185 0153 3F       		.uleb128 0x3f
 1186 0154 19       		.uleb128 0x19
 1187 0155 02       		.uleb128 0x2
 1188 0156 18       		.uleb128 0x18
 1189 0157 00       		.byte	0
 1190 0158 00       		.byte	0
 1191 0159 19       		.uleb128 0x19
 1192 015a 34       		.uleb128 0x34
 1193 015b 00       		.byte	0
 1194 015c 03       		.uleb128 0x3
 1195 015d 0E       		.uleb128 0xe
 1196 015e 3A       		.uleb128 0x3a
 1197 015f 0B       		.uleb128 0xb
 1198 0160 3B       		.uleb128 0x3b
 1199 0161 0B       		.uleb128 0xb
 1200 0162 49       		.uleb128 0x49
 1201 0163 13       		.uleb128 0x13
 1202 0164 3F       		.uleb128 0x3f
 1203 0165 19       		.uleb128 0x19
 1204 0166 3C       		.uleb128 0x3c
 1205 0167 19       		.uleb128 0x19
 1206 0168 00       		.byte	0
 1207 0169 00       		.byte	0
 1208 016a 1A       		.uleb128 0x1a
 1209 016b 2E       		.uleb128 0x2e
 1210 016c 00       		.byte	0
 1211 016d 3F       		.uleb128 0x3f
 1212 016e 19       		.uleb128 0x19
 1213 016f 03       		.uleb128 0x3
 1214 0170 0E       		.uleb128 0xe
 1215 0171 3A       		.uleb128 0x3a
 1216 0172 0B       		.uleb128 0xb
 1217 0173 3B       		.uleb128 0x3b
 1218 0174 0B       		.uleb128 0xb
 1219 0175 27       		.uleb128 0x27
ARM GAS  C:\Users\pxc\AppData\Local\Temp\ccQAAWTW.s 			page 24


 1220 0176 19       		.uleb128 0x19
 1221 0177 3C       		.uleb128 0x3c
 1222 0178 19       		.uleb128 0x19
 1223 0179 00       		.byte	0
 1224 017a 00       		.byte	0
 1225 017b 1B       		.uleb128 0x1b
 1226 017c 2E       		.uleb128 0x2e
 1227 017d 01       		.byte	0x1
 1228 017e 3F       		.uleb128 0x3f
 1229 017f 19       		.uleb128 0x19
 1230 0180 03       		.uleb128 0x3
 1231 0181 0E       		.uleb128 0xe
 1232 0182 3A       		.uleb128 0x3a
 1233 0183 0B       		.uleb128 0xb
 1234 0184 3B       		.uleb128 0x3b
 1235 0185 0B       		.uleb128 0xb
 1236 0186 3C       		.uleb128 0x3c
 1237 0187 19       		.uleb128 0x19
 1238 0188 01       		.uleb128 0x1
 1239 0189 13       		.uleb128 0x13
 1240 018a 00       		.byte	0
 1241 018b 00       		.byte	0
 1242 018c 1C       		.uleb128 0x1c
 1243 018d 18       		.uleb128 0x18
 1244 018e 00       		.byte	0
 1245 018f 00       		.byte	0
 1246 0190 00       		.byte	0
 1247 0191 1D       		.uleb128 0x1d
 1248 0192 2E       		.uleb128 0x2e
 1249 0193 01       		.byte	0x1
 1250 0194 3F       		.uleb128 0x3f
 1251 0195 19       		.uleb128 0x19
 1252 0196 03       		.uleb128 0x3
 1253 0197 0E       		.uleb128 0xe
 1254 0198 3A       		.uleb128 0x3a
 1255 0199 0B       		.uleb128 0xb
 1256 019a 3B       		.uleb128 0x3b
 1257 019b 0B       		.uleb128 0xb
 1258 019c 27       		.uleb128 0x27
 1259 019d 19       		.uleb128 0x19
 1260 019e 3C       		.uleb128 0x3c
 1261 019f 19       		.uleb128 0x19
 1262 01a0 01       		.uleb128 0x1
 1263 01a1 13       		.uleb128 0x13
 1264 01a2 00       		.byte	0
 1265 01a3 00       		.byte	0
 1266 01a4 1E       		.uleb128 0x1e
 1267 01a5 05       		.uleb128 0x5
 1268 01a6 00       		.byte	0
 1269 01a7 49       		.uleb128 0x49
 1270 01a8 13       		.uleb128 0x13
 1271 01a9 00       		.byte	0
 1272 01aa 00       		.byte	0
 1273 01ab 1F       		.uleb128 0x1f
 1274 01ac 2E       		.uleb128 0x2e
 1275 01ad 01       		.byte	0x1
 1276 01ae 3F       		.uleb128 0x3f
ARM GAS  C:\Users\pxc\AppData\Local\Temp\ccQAAWTW.s 			page 25


 1277 01af 19       		.uleb128 0x19
 1278 01b0 03       		.uleb128 0x3
 1279 01b1 0E       		.uleb128 0xe
 1280 01b2 3A       		.uleb128 0x3a
 1281 01b3 0B       		.uleb128 0xb
 1282 01b4 3B       		.uleb128 0x3b
 1283 01b5 0B       		.uleb128 0xb
 1284 01b6 27       		.uleb128 0x27
 1285 01b7 19       		.uleb128 0x19
 1286 01b8 3C       		.uleb128 0x3c
 1287 01b9 19       		.uleb128 0x19
 1288 01ba 00       		.byte	0
 1289 01bb 00       		.byte	0
 1290 01bc 00       		.byte	0
 1291              		.section	.debug_loc,"",%progbits
 1292              	.Ldebug_loc0:
 1293              	.LLST0:
 1294 0000 00000000 		.4byte	.LVL16
 1295 0004 08000000 		.4byte	.LVL18
 1296 0008 0100     		.2byte	0x1
 1297 000a 50       		.byte	0x50
 1298 000b 08000000 		.4byte	.LVL18
 1299 000f 1C000000 		.4byte	.LFE64
 1300 0013 0400     		.2byte	0x4
 1301 0015 F3       		.byte	0xf3
 1302 0016 01       		.uleb128 0x1
 1303 0017 50       		.byte	0x50
 1304 0018 9F       		.byte	0x9f
 1305 0019 00000000 		.4byte	0
 1306 001d 00000000 		.4byte	0
 1307              	.LLST1:
 1308 0021 00000000 		.4byte	.LVL16
 1309 0025 0A000000 		.4byte	.LVL19
 1310 0029 0100     		.2byte	0x1
 1311 002b 51       		.byte	0x51
 1312 002c 0A000000 		.4byte	.LVL19
 1313 0030 14000000 		.4byte	.LVL22
 1314 0034 0100     		.2byte	0x1
 1315 0036 55       		.byte	0x55
 1316 0037 14000000 		.4byte	.LVL22
 1317 003b 1C000000 		.4byte	.LFE64
 1318 003f 0100     		.2byte	0x1
 1319 0041 51       		.byte	0x51
 1320 0042 00000000 		.4byte	0
 1321 0046 00000000 		.4byte	0
 1322              	.LLST2:
 1323 004a 00000000 		.4byte	.LVL16
 1324 004e 08000000 		.4byte	.LVL18
 1325 0052 0100     		.2byte	0x1
 1326 0054 52       		.byte	0x52
 1327 0055 08000000 		.4byte	.LVL18
 1328 0059 1C000000 		.4byte	.LFE64
 1329 005d 0100     		.2byte	0x1
 1330 005f 56       		.byte	0x56
 1331 0060 00000000 		.4byte	0
 1332 0064 00000000 		.4byte	0
 1333              	.LLST3:
ARM GAS  C:\Users\pxc\AppData\Local\Temp\ccQAAWTW.s 			page 26


 1334 0068 04000000 		.4byte	.LVL17
 1335 006c 08000000 		.4byte	.LVL18
 1336 0070 0200     		.2byte	0x2
 1337 0072 30       		.byte	0x30
 1338 0073 9F       		.byte	0x9f
 1339 0074 08000000 		.4byte	.LVL18
 1340 0078 1C000000 		.4byte	.LFE64
 1341 007c 0100     		.2byte	0x1
 1342 007e 54       		.byte	0x54
 1343 007f 00000000 		.4byte	0
 1344 0083 00000000 		.4byte	0
 1345              		.section	.debug_aranges,"",%progbits
 1346 0000 24000000 		.4byte	0x24
 1347 0004 0200     		.2byte	0x2
 1348 0006 00000000 		.4byte	.Ldebug_info0
 1349 000a 04       		.byte	0x4
 1350 000b 00       		.byte	0
 1351 000c 0000     		.2byte	0
 1352 000e 0000     		.2byte	0
 1353 0010 00000000 		.4byte	.LFB63
 1354 0014 A0000000 		.4byte	.LFE63-.LFB63
 1355 0018 00000000 		.4byte	.LFB64
 1356 001c 1C000000 		.4byte	.LFE64-.LFB64
 1357 0020 00000000 		.4byte	0
 1358 0024 00000000 		.4byte	0
 1359              		.section	.debug_ranges,"",%progbits
 1360              	.Ldebug_ranges0:
 1361 0000 00000000 		.4byte	.LFB63
 1362 0004 A0000000 		.4byte	.LFE63
 1363 0008 00000000 		.4byte	.LFB64
 1364 000c 1C000000 		.4byte	.LFE64
 1365 0010 00000000 		.4byte	0
 1366 0014 00000000 		.4byte	0
 1367              		.section	.debug_line,"",%progbits
 1368              	.Ldebug_line0:
 1369 0000 3E020000 		.section	.debug_str,"MS",%progbits,1
 1369      0200EB01 
 1369      00000201 
 1369      FB0E0D00 
 1369      01010101 
 1370              	.LASF41:
 1371 0000 6269616E 		.ascii	"bianbei\000"
 1371      62656900 
 1372              	.LASF57:
 1373 0008 50545A5F 		.ascii	"PTZ_X_V\000"
 1373      585F5600 
 1374              	.LASF31:
 1375 0010 535F5748 		.ascii	"S_WHEEL\000"
 1375      45454C00 
 1376              	.LASF20:
 1377 0018 52494748 		.ascii	"RIGHT\000"
 1377      5400
 1378              	.LASF2:
 1379 001e 73686F72 		.ascii	"short int\000"
 1379      7420696E 
 1379      7400
 1380              	.LASF70:
ARM GAS  C:\Users\pxc\AppData\Local\Temp\ccQAAWTW.s 			page 27


 1381 0028 55415254 		.ascii	"UART_net_Init\000"
 1381      5F6E6574 
 1381      5F496E69 
 1381      7400
 1382              	.LASF17:
 1383 0036 73697A65 		.ascii	"sizetype\000"
 1383      74797065 
 1383      00
 1384              	.LASF40:
 1385 003f 42617474 		.ascii	"Battery\000"
 1385      65727900 
 1386              	.LASF88:
 1387 0047 443A5C72 		.ascii	"D:\\robot\\git_code\\robot_control_C\\robot_control"
 1387      6F626F74 
 1387      5C676974 
 1387      5F636F64 
 1387      655C726F 
 1388 0076 2E637964 		.ascii	".cydsn\000"
 1388      736E00
 1389              	.LASF22:
 1390 007d 55505F52 		.ascii	"UP_RIGHT\000"
 1390      49474854 
 1390      00
 1391              	.LASF89:
 1392 0086 6D61696E 		.ascii	"main\000"
 1392      00
 1393              	.LASF90:
 1394 008b 5F777269 		.ascii	"_write\000"
 1394      746500
 1395              	.LASF27:
 1396 0092 57484545 		.ascii	"WHEEL_DIR\000"
 1396      4C5F4449 
 1396      5200
 1397              	.LASF53:
 1398 009c 66696C65 		.ascii	"file\000"
 1398      00
 1399              	.LASF56:
 1400 00a1 4341525F 		.ascii	"CAR_Y_V\000"
 1400      595F5600 
 1401              	.LASF29:
 1402 00a9 52455645 		.ascii	"REVERSAL\000"
 1402      5253414C 
 1402      00
 1403              	.LASF67:
 1404 00b2 74696D65 		.ascii	"time_100ms_state\000"
 1404      5F313030 
 1404      6D735F73 
 1404      74617465 
 1404      00
 1405              	.LASF33:
 1406 00c3 7365745F 		.ascii	"set_dir\000"
 1406      64697200 
 1407              	.LASF12:
 1408 00cb 75696E74 		.ascii	"uint16\000"
 1408      313600
 1409              	.LASF66:
 1410 00d2 74696D65 		.ascii	"time_1s_state\000"
ARM GAS  C:\Users\pxc\AppData\Local\Temp\ccQAAWTW.s 			page 28


 1410      5F31735F 
 1410      73746174 
 1410      6500
 1411              	.LASF87:
 1412 00e0 2E5C6D61 		.ascii	".\\main.c\000"
 1412      696E2E63 
 1412      00
 1413              	.LASF11:
 1414 00e9 75696E74 		.ascii	"uint8\000"
 1414      3800
 1415              	.LASF68:
 1416 00ef 6164635F 		.ascii	"adc_b\000"
 1416      6200
 1417              	.LASF32:
 1418 00f5 4361725F 		.ascii	"Car_lock\000"
 1418      6C6F636B 
 1418      00
 1419              	.LASF62:
 1420 00fe 4341525F 		.ascii	"CAR_SPEED_V\000"
 1420      53504545 
 1420      445F5600 
 1421              	.LASF79:
 1422 010a 4D6F6E69 		.ascii	"Monitor_Battery_Init\000"
 1422      746F725F 
 1422      42617474 
 1422      6572795F 
 1422      496E6974 
 1423              	.LASF84:
 1424 011f 62757474 		.ascii	"button_ticks\000"
 1424      6F6E5F74 
 1424      69636B73 
 1424      00
 1425              	.LASF52:
 1426 012c 4E4F4E45 		.ascii	"NONE_PRESS\000"
 1426      5F505245 
 1426      535300
 1427              	.LASF14:
 1428 0137 666C6F61 		.ascii	"float\000"
 1428      7400
 1429              	.LASF45:
 1430 013d 50524553 		.ascii	"PRESS_UP\000"
 1430      535F5550 
 1430      00
 1431              	.LASF6:
 1432 0146 6C6F6E67 		.ascii	"long long int\000"
 1432      206C6F6E 
 1432      6720696E 
 1432      7400
 1433              	.LASF82:
 1434 0154 43616C5F 		.ascii	"Cal_ptz_dir\000"
 1434      70747A5F 
 1434      64697200 
 1435              	.LASF65:
 1436 0160 74696D65 		.ascii	"time_5ms_state\000"
 1436      5F356D73 
 1436      5F737461 
 1436      746500
ARM GAS  C:\Users\pxc\AppData\Local\Temp\ccQAAWTW.s 			page 29


 1437              	.LASF55:
 1438 016f 4341525F 		.ascii	"CAR_X_V\000"
 1438      585F5600 
 1439              	.LASF4:
 1440 0177 6C6F6E67 		.ascii	"long int\000"
 1440      20696E74 
 1440      00
 1441              	.LASF63:
 1442 0180 675F4361 		.ascii	"g_Car\000"
 1442      7200
 1443              	.LASF74:
 1444 0186 6973725F 		.ascii	"isr_rx_net_Start\000"
 1444      72785F6E 
 1444      65745F53 
 1444      74617274 
 1444      00
 1445              	.LASF36:
 1446 0197 6C656674 		.ascii	"left_behind_wheel\000"
 1446      5F626568 
 1446      696E645F 
 1446      77686565 
 1446      6C00
 1447              	.LASF38:
 1448 01a9 72696768 		.ascii	"right_behind_wheel\000"
 1448      745F6265 
 1448      68696E64 
 1448      5F776865 
 1448      656C00
 1449              	.LASF28:
 1450 01bc 464F5257 		.ascii	"FORWARD\000"
 1450      41524400 
 1451              	.LASF49:
 1452 01c4 4C4F4E47 		.ascii	"LONG_RRESS_START\000"
 1452      5F525245 
 1452      53535F53 
 1452      54415254 
 1452      00
 1453              	.LASF80:
 1454 01d5 43616C5F 		.ascii	"Cal_Battery_loop\000"
 1454      42617474 
 1454      6572795F 
 1454      6C6F6F70 
 1454      00
 1455              	.LASF83:
 1456 01e6 43616C5F 		.ascii	"Cal_LED_value\000"
 1456      4C45445F 
 1456      76616C75 
 1456      6500
 1457              	.LASF76:
 1458 01f4 5741524E 		.ascii	"WARNING_BLUE_Write\000"
 1458      494E475F 
 1458      424C5545 
 1458      5F577269 
 1458      746500
 1459              	.LASF23:
 1460 0207 444F574E 		.ascii	"DOWN_LEFT\000"
 1460      5F4C4546 
ARM GAS  C:\Users\pxc\AppData\Local\Temp\ccQAAWTW.s 			page 30


 1460      5400
 1461              	.LASF19:
 1462 0211 4C454654 		.ascii	"LEFT\000"
 1462      00
 1463              	.LASF69:
 1464 0216 696E6974 		.ascii	"init_button\000"
 1464      5F627574 
 1464      746F6E00 
 1465              	.LASF77:
 1466 0222 5741524E 		.ascii	"WARNING_GREEN_Write\000"
 1466      494E475F 
 1466      47524545 
 1466      4E5F5772 
 1466      69746500 
 1467              	.LASF24:
 1468 0236 444F574E 		.ascii	"DOWN_RIGHT\000"
 1468      5F524947 
 1468      485400
 1469              	.LASF42:
 1470 0241 6A69616F 		.ascii	"jiaoju\000"
 1470      6A7500
 1471              	.LASF78:
 1472 0248 5741524E 		.ascii	"WARNING_RED_Write\000"
 1472      494E475F 
 1472      5245445F 
 1472      57726974 
 1472      6500
 1473              	.LASF44:
 1474 025a 50524553 		.ascii	"PRESS_DOWN\000"
 1474      535F444F 
 1474      574E00
 1475              	.LASF1:
 1476 0265 756E7369 		.ascii	"unsigned char\000"
 1476      676E6564 
 1476      20636861 
 1476      7200
 1477              	.LASF0:
 1478 0273 7369676E 		.ascii	"signed char\000"
 1478      65642063 
 1478      68617200 
 1479              	.LASF7:
 1480 027f 6C6F6E67 		.ascii	"long long unsigned int\000"
 1480      206C6F6E 
 1480      6720756E 
 1480      7369676E 
 1480      65642069 
 1481              	.LASF61:
 1482 0296 4C45445F 		.ascii	"LED_3_V\000"
 1482      335F5600 
 1483              	.LASF8:
 1484 029e 756E7369 		.ascii	"unsigned int\000"
 1484      676E6564 
 1484      20696E74 
 1484      00
 1485              	.LASF64:
 1486 02ab 675F436F 		.ascii	"g_Control\000"
 1486      6E74726F 
ARM GAS  C:\Users\pxc\AppData\Local\Temp\ccQAAWTW.s 			page 31


 1486      6C00
 1487              	.LASF43:
 1488 02b5 535F434F 		.ascii	"S_CONTROL\000"
 1488      4E54524F 
 1488      4C00
 1489              	.LASF73:
 1490 02bf 6973725F 		.ascii	"isr_timer_Start\000"
 1490      74696D65 
 1490      725F5374 
 1490      61727400 
 1491              	.LASF15:
 1492 02cf 646F7562 		.ascii	"double\000"
 1492      6C6500
 1493              	.LASF3:
 1494 02d6 73686F72 		.ascii	"short unsigned int\000"
 1494      7420756E 
 1494      7369676E 
 1494      65642069 
 1494      6E7400
 1495              	.LASF21:
 1496 02e9 55505F4C 		.ascii	"UP_LEFT\000"
 1496      45465400 
 1497              	.LASF16:
 1498 02f1 63686172 		.ascii	"char\000"
 1498      00
 1499              	.LASF51:
 1500 02f6 6E756D62 		.ascii	"number_of_event\000"
 1500      65725F6F 
 1500      665F6576 
 1500      656E7400 
 1501              	.LASF60:
 1502 0306 4C45445F 		.ascii	"LED_2_V\000"
 1502      325F5600 
 1503              	.LASF10:
 1504 030e 696E7433 		.ascii	"int32_t\000"
 1504      325F7400 
 1505              	.LASF18:
 1506 0316 444F574E 		.ascii	"DOWN\000"
 1506      00
 1507              	.LASF39:
 1508 031b 535F4341 		.ascii	"S_CAR\000"
 1508      5200
 1509              	.LASF71:
 1510 0321 55415254 		.ascii	"UART_net_Start\000"
 1510      5F6E6574 
 1510      5F537461 
 1510      727400
 1511              	.LASF72:
 1512 0330 54696D65 		.ascii	"Timer_1_Start\000"
 1512      725F315F 
 1512      53746172 
 1512      7400
 1513              	.LASF81:
 1514 033e 43616C5F 		.ascii	"Cal_car_dir\000"
 1514      6361725F 
 1514      64697200 
 1515              	.LASF26:
ARM GAS  C:\Users\pxc\AppData\Local\Temp\ccQAAWTW.s 			page 32


 1516 034a 4341525F 		.ascii	"CAR_DIR\000"
 1516      44495200 
 1517              	.LASF13:
 1518 0352 75696E74 		.ascii	"uint32\000"
 1518      333200
 1519              	.LASF5:
 1520 0359 6C6F6E67 		.ascii	"long unsigned int\000"
 1520      20756E73 
 1520      69676E65 
 1520      6420696E 
 1520      7400
 1521              	.LASF59:
 1522 036b 4C45445F 		.ascii	"LED_1_V\000"
 1522      315F5600 
 1523              	.LASF48:
 1524 0373 444F5542 		.ascii	"DOUBLE_CLICK\000"
 1524      4C455F43 
 1524      4C49434B 
 1524      00
 1525              	.LASF85:
 1526 0380 55415254 		.ascii	"UART_net_PutChar\000"
 1526      5F6E6574 
 1526      5F507574 
 1526      43686172 
 1526      00
 1527              	.LASF47:
 1528 0391 53494E47 		.ascii	"SINGLE_CLICK\000"
 1528      4C455F43 
 1528      4C49434B 
 1528      00
 1529              	.LASF37:
 1530 039e 72696768 		.ascii	"right_front_wheel\000"
 1530      745F6672 
 1530      6F6E745F 
 1530      77686565 
 1530      6C00
 1531              	.LASF35:
 1532 03b0 6C656674 		.ascii	"left_front_wheel\000"
 1532      5F66726F 
 1532      6E745F77 
 1532      6865656C 
 1532      00
 1533              	.LASF9:
 1534 03c1 5F5F696E 		.ascii	"__int32_t\000"
 1534      7433325F 
 1534      7400
 1535              	.LASF86:
 1536 03cb 474E5520 		.ascii	"GNU C 4.9.3 20150303 (release) [ARM/embedded-4_9-br"
 1536      4320342E 
 1536      392E3320 
 1536      32303135 
 1536      30333033 
 1537 03fe 616E6368 		.ascii	"anch revision 221220] -mcpu=cortex-m3 -mthumb -g -O"
 1537      20726576 
 1537      6973696F 
 1537      6E203232 
 1537      31323230 
ARM GAS  C:\Users\pxc\AppData\Local\Temp\ccQAAWTW.s 			page 33


 1538 0431 67202D66 		.ascii	"g -ffunction-sections -ffat-lto-objects\000"
 1538      66756E63 
 1538      74696F6E 
 1538      2D736563 
 1538      74696F6E 
 1539              	.LASF34:
 1540 0459 7365745F 		.ascii	"set_car_speed\000"
 1540      6361725F 
 1540      73706565 
 1540      6400
 1541              	.LASF25:
 1542 0467 53544F50 		.ascii	"STOP\000"
 1542      00
 1543              	.LASF50:
 1544 046c 4C4F4E47 		.ascii	"LONG_PRESS_HOLD\000"
 1544      5F505245 
 1544      53535F48 
 1544      4F4C4400 
 1545              	.LASF30:
 1546 047c 57484545 		.ascii	"WHEEL_STOP\000"
 1546      4C5F5354 
 1546      4F5000
 1547              	.LASF58:
 1548 0487 50545A5F 		.ascii	"PTZ_Y_V\000"
 1548      595F5600 
 1549              	.LASF54:
 1550 048f 49544D5F 		.ascii	"ITM_RxBuffer\000"
 1550      52784275 
 1550      66666572 
 1550      00
 1551              	.LASF75:
 1552 049c 43794465 		.ascii	"CyDelay\000"
 1552      6C617900 
 1553              	.LASF46:
 1554 04a4 50524553 		.ascii	"PRESS_REPEAT\000"
 1554      535F5245 
 1554      50454154 
 1554      00
 1555              		.ident	"GCC: (GNU Tools for ARM Embedded Processors) 4.9.3 20150303 (release) [ARM/embedded-4_9-br
