ARM GAS  C:\Users\pxc\AppData\Local\Temp\ccesjtCd.s 			page 1


   1              		.syntax unified
   2              		.cpu cortex-m3
   3              		.fpu softvfp
   4              		.eabi_attribute 20, 1
   5              		.eabi_attribute 21, 1
   6              		.eabi_attribute 23, 3
   7              		.eabi_attribute 24, 1
   8              		.eabi_attribute 25, 1
   9              		.eabi_attribute 26, 1
  10              		.eabi_attribute 30, 1
  11              		.eabi_attribute 34, 1
  12              		.eabi_attribute 18, 4
  13              		.thumb
  14              		.file	"USBUART_1_descr.c"
  15              		.text
  16              	.Ltext0:
  17              		.cfi_sections	.debug_frame
  18              		.comm	USBUART_1_idSerialNumberStringDescriptor,34,4
  19              		.global	USBUART_1_MSOS_CONFIGURATION_DESCR
  20              		.global	USBUART_1_MSOS_DESCRIPTOR
  21              		.global	USBUART_1_TABLE
  22              		.global	USBUART_1_DEVICE0_TABLE
  23              		.global	USBUART_1_DEVICE0_CONFIGURATION0_TABLE
  24              		.global	USBUART_1_DEVICE0_CONFIGURATION0_INTERFACE_CLASS
  25              		.global	USBUART_1_DEVICE0_CONFIGURATION0_EP_SETTINGS_TABLE
  26              		.global	USBUART_1_SN_STRING_DESCRIPTOR
  27              		.global	USBUART_1_STRING_DESCRIPTORS
  28              		.global	USBUART_1_DEVICE0_CONFIGURATION0_DESCR
  29              		.global	USBUART_1_DEVICE0_DESCR
  30              		.section	.rodata
  31              		.align	2
  32              		.type	USBUART_1_MSOS_CONFIGURATION_DESCR, %object
  33              		.size	USBUART_1_MSOS_CONFIGURATION_DESCR, 40
  34              	USBUART_1_MSOS_CONFIGURATION_DESCR:
  35 0000 28       		.byte	40
  36 0001 00       		.byte	0
  37 0002 00       		.byte	0
  38 0003 00       		.byte	0
  39 0004 00       		.byte	0
  40 0005 01       		.byte	1
  41 0006 04       		.byte	4
  42 0007 00       		.byte	0
  43 0008 01       		.byte	1
  44 0009 00       		.byte	0
  45 000a 00       		.byte	0
  46 000b 00       		.byte	0
  47 000c 00       		.byte	0
  48 000d 00       		.byte	0
  49 000e 00       		.byte	0
  50 000f 00       		.byte	0
  51 0010 00       		.byte	0
  52 0011 01       		.byte	1
  53 0012 43       		.byte	67
  54 0013 59       		.byte	89
  55 0014 55       		.byte	85
  56 0015 53       		.byte	83
  57 0016 42       		.byte	66
ARM GAS  C:\Users\pxc\AppData\Local\Temp\ccesjtCd.s 			page 2


  58 0017 00       		.byte	0
  59 0018 00       		.byte	0
  60 0019 00       		.byte	0
  61 001a 30       		.byte	48
  62 001b 30       		.byte	48
  63 001c 30       		.byte	48
  64 001d 30       		.byte	48
  65 001e 31       		.byte	49
  66 001f 00       		.byte	0
  67 0020 00       		.byte	0
  68 0021 00       		.byte	0
  69 0022 00       		.byte	0
  70 0023 00       		.byte	0
  71 0024 00       		.byte	0
  72 0025 00       		.byte	0
  73 0026 00       		.byte	0
  74 0027 00       		.byte	0
  75              		.type	USBUART_1_MSOS_DESCRIPTOR, %object
  76              		.size	USBUART_1_MSOS_DESCRIPTOR, 18
  77              	USBUART_1_MSOS_DESCRIPTOR:
  78 0028 12       		.byte	18
  79 0029 03       		.byte	3
  80 002a 4D       		.byte	77
  81 002b 00       		.byte	0
  82 002c 53       		.byte	83
  83 002d 00       		.byte	0
  84 002e 46       		.byte	70
  85 002f 00       		.byte	0
  86 0030 54       		.byte	84
  87 0031 00       		.byte	0
  88 0032 31       		.byte	49
  89 0033 00       		.byte	0
  90 0034 30       		.byte	48
  91 0035 00       		.byte	0
  92 0036 30       		.byte	48
  93 0037 00       		.byte	0
  94 0038 01       		.byte	1
  95 0039 00       		.byte	0
  96 003a 0000     		.space	2
  97              		.type	USBUART_1_TABLE, %object
  98              		.size	USBUART_1_TABLE, 8
  99              	USBUART_1_TABLE:
 100 003c 01       		.byte	1
 101 003d 000000   		.space	3
 102 0040 00000000 		.word	USBUART_1_DEVICE0_TABLE
 103              		.type	USBUART_1_DEVICE0_TABLE, %object
 104              		.size	USBUART_1_DEVICE0_TABLE, 16
 105              	USBUART_1_DEVICE0_TABLE:
 106 0044 01       		.byte	1
 107 0045 000000   		.space	3
 108 0048 00000000 		.word	USBUART_1_DEVICE0_DESCR
 109 004c 01       		.byte	1
 110 004d 000000   		.space	3
 111 0050 00000000 		.word	USBUART_1_DEVICE0_CONFIGURATION0_TABLE
 112              		.type	USBUART_1_DEVICE0_CONFIGURATION0_TABLE, %object
 113              		.size	USBUART_1_DEVICE0_CONFIGURATION0_TABLE, 40
 114              	USBUART_1_DEVICE0_CONFIGURATION0_TABLE:
ARM GAS  C:\Users\pxc\AppData\Local\Temp\ccesjtCd.s 			page 3


 115 0054 01       		.byte	1
 116 0055 000000   		.space	3
 117 0058 00000000 		.word	USBUART_1_DEVICE0_CONFIGURATION0_DESCR
 118 005c 03       		.byte	3
 119 005d 000000   		.space	3
 120 0060 00000000 		.word	USBUART_1_DEVICE0_CONFIGURATION0_EP_SETTINGS_TABLE
 121 0064 00       		.byte	0
 122 0065 000000   		.space	3
 123 0068 00000000 		.word	0
 124 006c 00       		.byte	0
 125 006d 000000   		.space	3
 126 0070 00000000 		.word	0
 127 0074 00       		.byte	0
 128 0075 000000   		.space	3
 129 0078 00000000 		.word	USBUART_1_DEVICE0_CONFIGURATION0_INTERFACE_CLASS
 130              		.type	USBUART_1_DEVICE0_CONFIGURATION0_INTERFACE_CLASS, %object
 131              		.size	USBUART_1_DEVICE0_CONFIGURATION0_INTERFACE_CLASS, 2
 132              	USBUART_1_DEVICE0_CONFIGURATION0_INTERFACE_CLASS:
 133 007c 02       		.byte	2
 134 007d 0A       		.byte	10
 135 007e 0000     		.space	2
 136              		.type	USBUART_1_DEVICE0_CONFIGURATION0_EP_SETTINGS_TABLE, %object
 137              		.size	USBUART_1_DEVICE0_CONFIGURATION0_EP_SETTINGS_TABLE, 24
 138              	USBUART_1_DEVICE0_CONFIGURATION0_EP_SETTINGS_TABLE:
 139 0080 00       		.byte	0
 140 0081 00       		.byte	0
 141 0082 81       		.byte	-127
 142 0083 03       		.byte	3
 143 0084 0800     		.short	8
 144 0086 02       		.byte	2
 145 0087 00       		.space	1
 146 0088 01       		.byte	1
 147 0089 00       		.byte	0
 148 008a 82       		.byte	-126
 149 008b 02       		.byte	2
 150 008c 4000     		.short	64
 151 008e 0A       		.byte	10
 152 008f 00       		.space	1
 153 0090 01       		.byte	1
 154 0091 00       		.byte	0
 155 0092 03       		.byte	3
 156 0093 02       		.byte	2
 157 0094 4000     		.short	64
 158 0096 0A       		.byte	10
 159 0097 00       		.space	1
 160              		.type	USBUART_1_SN_STRING_DESCRIPTOR, %object
 161              		.size	USBUART_1_SN_STRING_DESCRIPTOR, 2
 162              	USBUART_1_SN_STRING_DESCRIPTOR:
 163 0098 02       		.byte	2
 164 0099 03       		.byte	3
 165 009a 0000     		.space	2
 166              		.type	USBUART_1_STRING_DESCRIPTORS, %object
 167              		.size	USBUART_1_STRING_DESCRIPTORS, 159
 168              	USBUART_1_STRING_DESCRIPTORS:
 169 009c 04       		.byte	4
 170 009d 03       		.byte	3
 171 009e 09       		.byte	9
ARM GAS  C:\Users\pxc\AppData\Local\Temp\ccesjtCd.s 			page 4


 172 009f 04       		.byte	4
 173 00a0 2C       		.byte	44
 174 00a1 03       		.byte	3
 175 00a2 43       		.byte	67
 176 00a3 00       		.byte	0
 177 00a4 79       		.byte	121
 178 00a5 00       		.byte	0
 179 00a6 70       		.byte	112
 180 00a7 00       		.byte	0
 181 00a8 72       		.byte	114
 182 00a9 00       		.byte	0
 183 00aa 65       		.byte	101
 184 00ab 00       		.byte	0
 185 00ac 73       		.byte	115
 186 00ad 00       		.byte	0
 187 00ae 73       		.byte	115
 188 00af 00       		.byte	0
 189 00b0 20       		.byte	32
 190 00b1 00       		.byte	0
 191 00b2 53       		.byte	83
 192 00b3 00       		.byte	0
 193 00b4 65       		.byte	101
 194 00b5 00       		.byte	0
 195 00b6 6D       		.byte	109
 196 00b7 00       		.byte	0
 197 00b8 69       		.byte	105
 198 00b9 00       		.byte	0
 199 00ba 63       		.byte	99
 200 00bb 00       		.byte	0
 201 00bc 6F       		.byte	111
 202 00bd 00       		.byte	0
 203 00be 6E       		.byte	110
 204 00bf 00       		.byte	0
 205 00c0 64       		.byte	100
 206 00c1 00       		.byte	0
 207 00c2 75       		.byte	117
 208 00c3 00       		.byte	0
 209 00c4 63       		.byte	99
 210 00c5 00       		.byte	0
 211 00c6 74       		.byte	116
 212 00c7 00       		.byte	0
 213 00c8 6F       		.byte	111
 214 00c9 00       		.byte	0
 215 00ca 72       		.byte	114
 216 00cb 00       		.byte	0
 217 00cc 10       		.byte	16
 218 00cd 03       		.byte	3
 219 00ce 55       		.byte	85
 220 00cf 00       		.byte	0
 221 00d0 53       		.byte	83
 222 00d1 00       		.byte	0
 223 00d2 42       		.byte	66
 224 00d3 00       		.byte	0
 225 00d4 55       		.byte	85
 226 00d5 00       		.byte	0
 227 00d6 41       		.byte	65
 228 00d7 00       		.byte	0
ARM GAS  C:\Users\pxc\AppData\Local\Temp\ccesjtCd.s 			page 5


 229 00d8 52       		.byte	82
 230 00d9 00       		.byte	0
 231 00da 54       		.byte	84
 232 00db 00       		.byte	0
 233 00dc 38       		.byte	56
 234 00dd 03       		.byte	3
 235 00de 43       		.byte	67
 236 00df 00       		.byte	0
 237 00e0 44       		.byte	68
 238 00e1 00       		.byte	0
 239 00e2 43       		.byte	67
 240 00e3 00       		.byte	0
 241 00e4 20       		.byte	32
 242 00e5 00       		.byte	0
 243 00e6 43       		.byte	67
 244 00e7 00       		.byte	0
 245 00e8 6F       		.byte	111
 246 00e9 00       		.byte	0
 247 00ea 6D       		.byte	109
 248 00eb 00       		.byte	0
 249 00ec 6D       		.byte	109
 250 00ed 00       		.byte	0
 251 00ee 75       		.byte	117
 252 00ef 00       		.byte	0
 253 00f0 6E       		.byte	110
 254 00f1 00       		.byte	0
 255 00f2 69       		.byte	105
 256 00f3 00       		.byte	0
 257 00f4 63       		.byte	99
 258 00f5 00       		.byte	0
 259 00f6 61       		.byte	97
 260 00f7 00       		.byte	0
 261 00f8 74       		.byte	116
 262 00f9 00       		.byte	0
 263 00fa 69       		.byte	105
 264 00fb 00       		.byte	0
 265 00fc 6F       		.byte	111
 266 00fd 00       		.byte	0
 267 00fe 6E       		.byte	110
 268 00ff 00       		.byte	0
 269 0100 20       		.byte	32
 270 0101 00       		.byte	0
 271 0102 49       		.byte	73
 272 0103 00       		.byte	0
 273 0104 6E       		.byte	110
 274 0105 00       		.byte	0
 275 0106 74       		.byte	116
 276 0107 00       		.byte	0
 277 0108 65       		.byte	101
 278 0109 00       		.byte	0
 279 010a 72       		.byte	114
 280 010b 00       		.byte	0
 281 010c 66       		.byte	102
 282 010d 00       		.byte	0
 283 010e 61       		.byte	97
 284 010f 00       		.byte	0
 285 0110 63       		.byte	99
ARM GAS  C:\Users\pxc\AppData\Local\Temp\ccesjtCd.s 			page 6


 286 0111 00       		.byte	0
 287 0112 65       		.byte	101
 288 0113 00       		.byte	0
 289 0114 26       		.byte	38
 290 0115 03       		.byte	3
 291 0116 43       		.byte	67
 292 0117 00       		.byte	0
 293 0118 44       		.byte	68
 294 0119 00       		.byte	0
 295 011a 43       		.byte	67
 296 011b 00       		.byte	0
 297 011c 20       		.byte	32
 298 011d 00       		.byte	0
 299 011e 44       		.byte	68
 300 011f 00       		.byte	0
 301 0120 61       		.byte	97
 302 0121 00       		.byte	0
 303 0122 74       		.byte	116
 304 0123 00       		.byte	0
 305 0124 61       		.byte	97
 306 0125 00       		.byte	0
 307 0126 20       		.byte	32
 308 0127 00       		.byte	0
 309 0128 49       		.byte	73
 310 0129 00       		.byte	0
 311 012a 6E       		.byte	110
 312 012b 00       		.byte	0
 313 012c 74       		.byte	116
 314 012d 00       		.byte	0
 315 012e 65       		.byte	101
 316 012f 00       		.byte	0
 317 0130 72       		.byte	114
 318 0131 00       		.byte	0
 319 0132 66       		.byte	102
 320 0133 00       		.byte	0
 321 0134 61       		.byte	97
 322 0135 00       		.byte	0
 323 0136 63       		.byte	99
 324 0137 00       		.byte	0
 325 0138 65       		.byte	101
 326 0139 00       		.byte	0
 327 013a 00       		.byte	0
 328 013b 00       		.space	1
 329              		.type	USBUART_1_DEVICE0_CONFIGURATION0_DESCR, %object
 330              		.size	USBUART_1_DEVICE0_CONFIGURATION0_DESCR, 67
 331              	USBUART_1_DEVICE0_CONFIGURATION0_DESCR:
 332 013c 09       		.byte	9
 333 013d 02       		.byte	2
 334 013e 43       		.byte	67
 335 013f 00       		.byte	0
 336 0140 02       		.byte	2
 337 0141 01       		.byte	1
 338 0142 01       		.byte	1
 339 0143 C0       		.byte	-64
 340 0144 32       		.byte	50
 341 0145 09       		.byte	9
 342 0146 04       		.byte	4
ARM GAS  C:\Users\pxc\AppData\Local\Temp\ccesjtCd.s 			page 7


 343 0147 00       		.byte	0
 344 0148 00       		.byte	0
 345 0149 01       		.byte	1
 346 014a 02       		.byte	2
 347 014b 02       		.byte	2
 348 014c 01       		.byte	1
 349 014d 03       		.byte	3
 350 014e 05       		.byte	5
 351 014f 24       		.byte	36
 352 0150 00       		.byte	0
 353 0151 10       		.byte	16
 354 0152 01       		.byte	1
 355 0153 04       		.byte	4
 356 0154 24       		.byte	36
 357 0155 02       		.byte	2
 358 0156 02       		.byte	2
 359 0157 05       		.byte	5
 360 0158 24       		.byte	36
 361 0159 06       		.byte	6
 362 015a 00       		.byte	0
 363 015b 01       		.byte	1
 364 015c 05       		.byte	5
 365 015d 24       		.byte	36
 366 015e 01       		.byte	1
 367 015f 00       		.byte	0
 368 0160 01       		.byte	1
 369 0161 07       		.byte	7
 370 0162 05       		.byte	5
 371 0163 81       		.byte	-127
 372 0164 03       		.byte	3
 373 0165 08       		.byte	8
 374 0166 00       		.byte	0
 375 0167 0A       		.byte	10
 376 0168 09       		.byte	9
 377 0169 04       		.byte	4
 378 016a 01       		.byte	1
 379 016b 00       		.byte	0
 380 016c 02       		.byte	2
 381 016d 0A       		.byte	10
 382 016e 00       		.byte	0
 383 016f 00       		.byte	0
 384 0170 04       		.byte	4
 385 0171 07       		.byte	7
 386 0172 05       		.byte	5
 387 0173 82       		.byte	-126
 388 0174 02       		.byte	2
 389 0175 40       		.byte	64
 390 0176 00       		.byte	0
 391 0177 0A       		.byte	10
 392 0178 07       		.byte	7
 393 0179 05       		.byte	5
 394 017a 03       		.byte	3
 395 017b 02       		.byte	2
 396 017c 40       		.byte	64
 397 017d 00       		.byte	0
 398 017e 0A       		.byte	10
 399 017f 00       		.space	1
ARM GAS  C:\Users\pxc\AppData\Local\Temp\ccesjtCd.s 			page 8


 400              		.type	USBUART_1_DEVICE0_DESCR, %object
 401              		.size	USBUART_1_DEVICE0_DESCR, 18
 402              	USBUART_1_DEVICE0_DESCR:
 403 0180 12       		.byte	18
 404 0181 01       		.byte	1
 405 0182 00       		.byte	0
 406 0183 02       		.byte	2
 407 0184 02       		.byte	2
 408 0185 00       		.byte	0
 409 0186 00       		.byte	0
 410 0187 08       		.byte	8
 411 0188 B4       		.byte	-76
 412 0189 04       		.byte	4
 413 018a 32       		.byte	50
 414 018b F2       		.byte	-14
 415 018c 01       		.byte	1
 416 018d 00       		.byte	0
 417 018e 01       		.byte	1
 418 018f 02       		.byte	2
 419 0190 80       		.byte	-128
 420 0191 01       		.byte	1
 421 0192 0000     		.text
 422              	.Letext0:
 423              		.file 1 ".\\Generated_Source\\PSoC5\\cytypes.h"
 424              		.file 2 ".\\Generated_Source\\PSoC5\\USBUART_1.h"
 425              		.file 3 ".\\Generated_Source\\PSoC5\\USBUART_1_descr.c"
 426              		.section	.debug_info,"",%progbits
 427              	.Ldebug_info0:
 428 0000 C5020000 		.4byte	0x2c5
 429 0004 0400     		.2byte	0x4
 430 0006 00000000 		.4byte	.Ldebug_abbrev0
 431 000a 04       		.byte	0x4
 432 000b 01       		.uleb128 0x1
 433 000c C3010000 		.4byte	.LASF36
 434 0010 01       		.byte	0x1
 435 0011 49000000 		.4byte	.LASF37
 436 0015 1F000000 		.4byte	.LASF38
 437 0019 00000000 		.4byte	.Ldebug_line0
 438 001d 02       		.uleb128 0x2
 439 001e 01       		.byte	0x1
 440 001f 06       		.byte	0x6
 441 0020 59030000 		.4byte	.LASF0
 442 0024 02       		.uleb128 0x2
 443 0025 01       		.byte	0x1
 444 0026 08       		.byte	0x8
 445 0027 4A010000 		.4byte	.LASF1
 446 002b 02       		.uleb128 0x2
 447 002c 02       		.byte	0x2
 448 002d 05       		.byte	0x5
 449 002e B2010000 		.4byte	.LASF2
 450 0032 02       		.uleb128 0x2
 451 0033 02       		.byte	0x2
 452 0034 07       		.byte	0x7
 453 0035 D1000000 		.4byte	.LASF3
 454 0039 02       		.uleb128 0x2
 455 003a 04       		.byte	0x4
 456 003b 05       		.byte	0x5
ARM GAS  C:\Users\pxc\AppData\Local\Temp\ccesjtCd.s 			page 9


 457 003c C8000000 		.4byte	.LASF4
 458 0040 02       		.uleb128 0x2
 459 0041 04       		.byte	0x4
 460 0042 07       		.byte	0x7
 461 0043 63010000 		.4byte	.LASF5
 462 0047 02       		.uleb128 0x2
 463 0048 08       		.byte	0x8
 464 0049 05       		.byte	0x5
 465 004a 9D020000 		.4byte	.LASF6
 466 004e 02       		.uleb128 0x2
 467 004f 08       		.byte	0x8
 468 0050 07       		.byte	0x7
 469 0051 5E020000 		.4byte	.LASF7
 470 0055 03       		.uleb128 0x3
 471 0056 04       		.byte	0x4
 472 0057 05       		.byte	0x5
 473 0058 696E7400 		.ascii	"int\000"
 474 005c 02       		.uleb128 0x2
 475 005d 04       		.byte	0x4
 476 005e 07       		.byte	0x7
 477 005f 51020000 		.4byte	.LASF8
 478 0063 04       		.uleb128 0x4
 479 0064 FC020000 		.4byte	.LASF9
 480 0068 01       		.byte	0x1
 481 0069 C2       		.byte	0xc2
 482 006a 24000000 		.4byte	0x24
 483 006e 04       		.uleb128 0x4
 484 006f BC010000 		.4byte	.LASF10
 485 0073 01       		.byte	0x1
 486 0074 C3       		.byte	0xc3
 487 0075 32000000 		.4byte	0x32
 488 0079 02       		.uleb128 0x2
 489 007a 04       		.byte	0x4
 490 007b 04       		.byte	0x4
 491 007c 12010000 		.4byte	.LASF11
 492 0080 02       		.uleb128 0x2
 493 0081 08       		.byte	0x8
 494 0082 04       		.byte	0x4
 495 0083 AB010000 		.4byte	.LASF12
 496 0087 02       		.uleb128 0x2
 497 0088 01       		.byte	0x1
 498 0089 08       		.byte	0x8
 499 008a AB020000 		.4byte	.LASF13
 500 008e 02       		.uleb128 0x2
 501 008f 04       		.byte	0x4
 502 0090 07       		.byte	0x7
 503 0091 94020000 		.4byte	.LASF14
 504 0095 05       		.uleb128 0x5
 505 0096 08       		.byte	0x8
 506 0097 02       		.byte	0x2
 507 0098 87       		.byte	0x87
 508 0099 E6000000 		.4byte	0xe6
 509 009d 06       		.uleb128 0x6
 510 009e 02030000 		.4byte	.LASF15
 511 00a2 02       		.byte	0x2
 512 00a3 89       		.byte	0x89
 513 00a4 63000000 		.4byte	0x63
ARM GAS  C:\Users\pxc\AppData\Local\Temp\ccesjtCd.s 			page 10


 514 00a8 00       		.byte	0
 515 00a9 06       		.uleb128 0x6
 516 00aa 3F010000 		.4byte	.LASF16
 517 00ae 02       		.byte	0x2
 518 00af 8A       		.byte	0x8a
 519 00b0 63000000 		.4byte	0x63
 520 00b4 01       		.byte	0x1
 521 00b5 06       		.uleb128 0x6
 522 00b6 75010000 		.4byte	.LASF17
 523 00ba 02       		.byte	0x2
 524 00bb 8B       		.byte	0x8b
 525 00bc 63000000 		.4byte	0x63
 526 00c0 02       		.byte	0x2
 527 00c1 06       		.uleb128 0x6
 528 00c2 58010000 		.4byte	.LASF18
 529 00c6 02       		.byte	0x2
 530 00c7 8C       		.byte	0x8c
 531 00c8 63000000 		.4byte	0x63
 532 00cc 03       		.byte	0x3
 533 00cd 06       		.uleb128 0x6
 534 00ce B0020000 		.4byte	.LASF19
 535 00d2 02       		.byte	0x2
 536 00d3 8D       		.byte	0x8d
 537 00d4 6E000000 		.4byte	0x6e
 538 00d8 04       		.byte	0x4
 539 00d9 06       		.uleb128 0x6
 540 00da 88030000 		.4byte	.LASF20
 541 00de 02       		.byte	0x2
 542 00df 8E       		.byte	0x8e
 543 00e0 63000000 		.4byte	0x63
 544 00e4 06       		.byte	0x6
 545 00e5 00       		.byte	0
 546 00e6 04       		.uleb128 0x4
 547 00e7 F4000000 		.4byte	.LASF21
 548 00eb 02       		.byte	0x2
 549 00ec 8F       		.byte	0x8f
 550 00ed 95000000 		.4byte	0x95
 551 00f1 05       		.uleb128 0x5
 552 00f2 08       		.byte	0x8
 553 00f3 02       		.byte	0x2
 554 00f4 9F       		.byte	0x9f
 555 00f5 10010000 		.4byte	0x110
 556 00f9 07       		.uleb128 0x7
 557 00fa 6300     		.ascii	"c\000"
 558 00fc 02       		.byte	0x2
 559 00fd A1       		.byte	0xa1
 560 00fe 63000000 		.4byte	0x63
 561 0102 00       		.byte	0
 562 0103 06       		.uleb128 0x6
 563 0104 8D020000 		.4byte	.LASF22
 564 0108 02       		.byte	0x2
 565 0109 A2       		.byte	0xa2
 566 010a 10010000 		.4byte	0x110
 567 010e 04       		.byte	0x4
 568 010f 00       		.byte	0
 569 0110 08       		.uleb128 0x8
 570 0111 04       		.byte	0x4
ARM GAS  C:\Users\pxc\AppData\Local\Temp\ccesjtCd.s 			page 11


 571 0112 16010000 		.4byte	0x116
 572 0116 09       		.uleb128 0x9
 573 0117 04       		.uleb128 0x4
 574 0118 E4000000 		.4byte	.LASF23
 575 011c 02       		.byte	0x2
 576 011d A3       		.byte	0xa3
 577 011e F1000000 		.4byte	0xf1
 578 0122 0A       		.uleb128 0xa
 579 0123 63000000 		.4byte	0x63
 580 0127 32010000 		.4byte	0x132
 581 012b 0B       		.uleb128 0xb
 582 012c 8E000000 		.4byte	0x8e
 583 0130 11       		.byte	0x11
 584 0131 00       		.byte	0
 585 0132 0C       		.uleb128 0xc
 586 0133 E4020000 		.4byte	.LASF24
 587 0137 03       		.byte	0x3
 588 0138 26       		.byte	0x26
 589 0139 43010000 		.4byte	0x143
 590 013d 05       		.uleb128 0x5
 591 013e 03       		.byte	0x3
 592 013f 00000000 		.4byte	USBUART_1_DEVICE0_DESCR
 593 0143 0D       		.uleb128 0xd
 594 0144 22010000 		.4byte	0x122
 595 0148 0A       		.uleb128 0xa
 596 0149 63000000 		.4byte	0x63
 597 014d 58010000 		.4byte	0x158
 598 0151 0B       		.uleb128 0xb
 599 0152 8E000000 		.4byte	0x8e
 600 0156 42       		.byte	0x42
 601 0157 00       		.byte	0
 602 0158 0C       		.uleb128 0xc
 603 0159 18010000 		.4byte	.LASF25
 604 015d 03       		.byte	0x3
 605 015e 39       		.byte	0x39
 606 015f 69010000 		.4byte	0x169
 607 0163 05       		.uleb128 0x5
 608 0164 03       		.byte	0x3
 609 0165 00000000 		.4byte	USBUART_1_DEVICE0_CONFIGURATION0_DESCR
 610 0169 0D       		.uleb128 0xd
 611 016a 48010000 		.4byte	0x148
 612 016e 0A       		.uleb128 0xa
 613 016f E6000000 		.4byte	0xe6
 614 0173 7E010000 		.4byte	0x17e
 615 0177 0B       		.uleb128 0xb
 616 0178 8E000000 		.4byte	0x8e
 617 017c 02       		.byte	0x2
 618 017d 00       		.byte	0
 619 017e 0C       		.uleb128 0xc
 620 017f 0C030000 		.4byte	.LASF26
 621 0183 03       		.byte	0x3
 622 0184 DA       		.byte	0xda
 623 0185 8F010000 		.4byte	0x18f
 624 0189 05       		.uleb128 0x5
 625 018a 03       		.byte	0x3
 626 018b 00000000 		.4byte	USBUART_1_DEVICE0_CONFIGURATION0_EP_SETTINGS_TABLE
 627 018f 0D       		.uleb128 0xd
ARM GAS  C:\Users\pxc\AppData\Local\Temp\ccesjtCd.s 			page 12


 628 0190 6E010000 		.4byte	0x16e
 629 0194 0A       		.uleb128 0xa
 630 0195 63000000 		.4byte	0x63
 631 0199 A4010000 		.4byte	0x1a4
 632 019d 0B       		.uleb128 0xb
 633 019e 8E000000 		.4byte	0x8e
 634 01a2 01       		.byte	0x1
 635 01a3 00       		.byte	0
 636 01a4 0C       		.uleb128 0xc
 637 01a5 7A010000 		.4byte	.LASF27
 638 01a9 03       		.byte	0x3
 639 01aa E0       		.byte	0xe0
 640 01ab B5010000 		.4byte	0x1b5
 641 01af 05       		.uleb128 0x5
 642 01b0 03       		.byte	0x3
 643 01b1 00000000 		.4byte	USBUART_1_DEVICE0_CONFIGURATION0_INTERFACE_CLASS
 644 01b5 0D       		.uleb128 0xd
 645 01b6 94010000 		.4byte	0x194
 646 01ba 0A       		.uleb128 0xa
 647 01bb 17010000 		.4byte	0x117
 648 01bf CA010000 		.4byte	0x1ca
 649 01c3 0B       		.uleb128 0xb
 650 01c4 8E000000 		.4byte	0x8e
 651 01c8 04       		.byte	0x4
 652 01c9 00       		.byte	0
 653 01ca 0C       		.uleb128 0xc
 654 01cb A1000000 		.4byte	.LASF28
 655 01cf 03       		.byte	0x3
 656 01d0 E8       		.byte	0xe8
 657 01d1 DB010000 		.4byte	0x1db
 658 01d5 05       		.uleb128 0x5
 659 01d6 03       		.byte	0x3
 660 01d7 00000000 		.4byte	USBUART_1_DEVICE0_CONFIGURATION0_TABLE
 661 01db 0D       		.uleb128 0xd
 662 01dc BA010000 		.4byte	0x1ba
 663 01e0 0A       		.uleb128 0xa
 664 01e1 17010000 		.4byte	0x117
 665 01e5 F0010000 		.4byte	0x1f0
 666 01e9 0B       		.uleb128 0xb
 667 01ea 8E000000 		.4byte	0x8e
 668 01ee 01       		.byte	0x1
 669 01ef 00       		.byte	0
 670 01f0 0C       		.uleb128 0xc
 671 01f1 75020000 		.4byte	.LASF29
 672 01f5 03       		.byte	0x3
 673 01f6 F3       		.byte	0xf3
 674 01f7 01020000 		.4byte	0x201
 675 01fb 05       		.uleb128 0x5
 676 01fc 03       		.byte	0x3
 677 01fd 00000000 		.4byte	USBUART_1_DEVICE0_TABLE
 678 0201 0D       		.uleb128 0xd
 679 0202 E0010000 		.4byte	0x1e0
 680 0206 0A       		.uleb128 0xa
 681 0207 17010000 		.4byte	0x117
 682 020b 16020000 		.4byte	0x216
 683 020f 0B       		.uleb128 0xb
 684 0210 8E000000 		.4byte	0x8e
ARM GAS  C:\Users\pxc\AppData\Local\Temp\ccesjtCd.s 			page 13


 685 0214 00       		.byte	0
 686 0215 00       		.byte	0
 687 0216 0C       		.uleb128 0xc
 688 0217 91000000 		.4byte	.LASF30
 689 021b 03       		.byte	0x3
 690 021c FA       		.byte	0xfa
 691 021d 27020000 		.4byte	0x227
 692 0221 05       		.uleb128 0x5
 693 0222 03       		.byte	0x3
 694 0223 00000000 		.4byte	USBUART_1_TABLE
 695 0227 0D       		.uleb128 0xd
 696 0228 06020000 		.4byte	0x206
 697 022c 0C       		.uleb128 0xc
 698 022d 00000000 		.4byte	.LASF31
 699 0231 03       		.byte	0x3
 700 0232 CB       		.byte	0xcb
 701 0233 3D020000 		.4byte	0x23d
 702 0237 05       		.uleb128 0x5
 703 0238 03       		.byte	0x3
 704 0239 00000000 		.4byte	USBUART_1_SN_STRING_DESCRIPTOR
 705 023d 0D       		.uleb128 0xd
 706 023e 94010000 		.4byte	0x194
 707 0242 0A       		.uleb128 0xa
 708 0243 63000000 		.4byte	0x63
 709 0247 52020000 		.4byte	0x252
 710 024b 0B       		.uleb128 0xb
 711 024c 8E000000 		.4byte	0x8e
 712 0250 9E       		.byte	0x9e
 713 0251 00       		.byte	0
 714 0252 0C       		.uleb128 0xc
 715 0253 74000000 		.4byte	.LASF32
 716 0257 03       		.byte	0x3
 717 0258 98       		.byte	0x98
 718 0259 63020000 		.4byte	0x263
 719 025d 05       		.uleb128 0x5
 720 025e 03       		.byte	0x3
 721 025f 00000000 		.4byte	USBUART_1_STRING_DESCRIPTORS
 722 0263 0D       		.uleb128 0xd
 723 0264 42020000 		.4byte	0x242
 724 0268 0E       		.uleb128 0xe
 725 0269 3F030000 		.4byte	.LASF33
 726 026d 03       		.byte	0x3
 727 026e 0A01     		.2byte	0x10a
 728 0270 7A020000 		.4byte	0x27a
 729 0274 05       		.uleb128 0x5
 730 0275 03       		.byte	0x3
 731 0276 00000000 		.4byte	USBUART_1_MSOS_DESCRIPTOR
 732 027a 0D       		.uleb128 0xd
 733 027b 22010000 		.4byte	0x122
 734 027f 0A       		.uleb128 0xa
 735 0280 63000000 		.4byte	0x63
 736 0284 8F020000 		.4byte	0x28f
 737 0288 0B       		.uleb128 0xb
 738 0289 8E000000 		.4byte	0x8e
 739 028d 27       		.byte	0x27
 740 028e 00       		.byte	0
 741 028f 0E       		.uleb128 0xe
ARM GAS  C:\Users\pxc\AppData\Local\Temp\ccesjtCd.s 			page 14


 742 0290 65030000 		.4byte	.LASF34
 743 0294 03       		.byte	0x3
 744 0295 1501     		.2byte	0x115
 745 0297 A1020000 		.4byte	0x2a1
 746 029b 05       		.uleb128 0x5
 747 029c 03       		.byte	0x3
 748 029d 00000000 		.4byte	USBUART_1_MSOS_CONFIGURATION_DESCR
 749 02a1 0D       		.uleb128 0xd
 750 02a2 7F020000 		.4byte	0x27f
 751 02a6 0A       		.uleb128 0xa
 752 02a7 63000000 		.4byte	0x63
 753 02ab B6020000 		.4byte	0x2b6
 754 02af 0B       		.uleb128 0xb
 755 02b0 8E000000 		.4byte	0x8e
 756 02b4 21       		.byte	0x21
 757 02b5 00       		.byte	0
 758 02b6 0E       		.uleb128 0xe
 759 02b7 BB020000 		.4byte	.LASF35
 760 02bb 03       		.byte	0x3
 761 02bc 2801     		.2byte	0x128
 762 02be A6020000 		.4byte	0x2a6
 763 02c2 05       		.uleb128 0x5
 764 02c3 03       		.byte	0x3
 765 02c4 00000000 		.4byte	USBUART_1_idSerialNumberStringDescriptor
 766 02c8 00       		.byte	0
 767              		.section	.debug_abbrev,"",%progbits
 768              	.Ldebug_abbrev0:
 769 0000 01       		.uleb128 0x1
 770 0001 11       		.uleb128 0x11
 771 0002 01       		.byte	0x1
 772 0003 25       		.uleb128 0x25
 773 0004 0E       		.uleb128 0xe
 774 0005 13       		.uleb128 0x13
 775 0006 0B       		.uleb128 0xb
 776 0007 03       		.uleb128 0x3
 777 0008 0E       		.uleb128 0xe
 778 0009 1B       		.uleb128 0x1b
 779 000a 0E       		.uleb128 0xe
 780 000b 10       		.uleb128 0x10
 781 000c 17       		.uleb128 0x17
 782 000d 00       		.byte	0
 783 000e 00       		.byte	0
 784 000f 02       		.uleb128 0x2
 785 0010 24       		.uleb128 0x24
 786 0011 00       		.byte	0
 787 0012 0B       		.uleb128 0xb
 788 0013 0B       		.uleb128 0xb
 789 0014 3E       		.uleb128 0x3e
 790 0015 0B       		.uleb128 0xb
 791 0016 03       		.uleb128 0x3
 792 0017 0E       		.uleb128 0xe
 793 0018 00       		.byte	0
 794 0019 00       		.byte	0
 795 001a 03       		.uleb128 0x3
 796 001b 24       		.uleb128 0x24
 797 001c 00       		.byte	0
 798 001d 0B       		.uleb128 0xb
ARM GAS  C:\Users\pxc\AppData\Local\Temp\ccesjtCd.s 			page 15


 799 001e 0B       		.uleb128 0xb
 800 001f 3E       		.uleb128 0x3e
 801 0020 0B       		.uleb128 0xb
 802 0021 03       		.uleb128 0x3
 803 0022 08       		.uleb128 0x8
 804 0023 00       		.byte	0
 805 0024 00       		.byte	0
 806 0025 04       		.uleb128 0x4
 807 0026 16       		.uleb128 0x16
 808 0027 00       		.byte	0
 809 0028 03       		.uleb128 0x3
 810 0029 0E       		.uleb128 0xe
 811 002a 3A       		.uleb128 0x3a
 812 002b 0B       		.uleb128 0xb
 813 002c 3B       		.uleb128 0x3b
 814 002d 0B       		.uleb128 0xb
 815 002e 49       		.uleb128 0x49
 816 002f 13       		.uleb128 0x13
 817 0030 00       		.byte	0
 818 0031 00       		.byte	0
 819 0032 05       		.uleb128 0x5
 820 0033 13       		.uleb128 0x13
 821 0034 01       		.byte	0x1
 822 0035 0B       		.uleb128 0xb
 823 0036 0B       		.uleb128 0xb
 824 0037 3A       		.uleb128 0x3a
 825 0038 0B       		.uleb128 0xb
 826 0039 3B       		.uleb128 0x3b
 827 003a 0B       		.uleb128 0xb
 828 003b 01       		.uleb128 0x1
 829 003c 13       		.uleb128 0x13
 830 003d 00       		.byte	0
 831 003e 00       		.byte	0
 832 003f 06       		.uleb128 0x6
 833 0040 0D       		.uleb128 0xd
 834 0041 00       		.byte	0
 835 0042 03       		.uleb128 0x3
 836 0043 0E       		.uleb128 0xe
 837 0044 3A       		.uleb128 0x3a
 838 0045 0B       		.uleb128 0xb
 839 0046 3B       		.uleb128 0x3b
 840 0047 0B       		.uleb128 0xb
 841 0048 49       		.uleb128 0x49
 842 0049 13       		.uleb128 0x13
 843 004a 38       		.uleb128 0x38
 844 004b 0B       		.uleb128 0xb
 845 004c 00       		.byte	0
 846 004d 00       		.byte	0
 847 004e 07       		.uleb128 0x7
 848 004f 0D       		.uleb128 0xd
 849 0050 00       		.byte	0
 850 0051 03       		.uleb128 0x3
 851 0052 08       		.uleb128 0x8
 852 0053 3A       		.uleb128 0x3a
 853 0054 0B       		.uleb128 0xb
 854 0055 3B       		.uleb128 0x3b
 855 0056 0B       		.uleb128 0xb
ARM GAS  C:\Users\pxc\AppData\Local\Temp\ccesjtCd.s 			page 16


 856 0057 49       		.uleb128 0x49
 857 0058 13       		.uleb128 0x13
 858 0059 38       		.uleb128 0x38
 859 005a 0B       		.uleb128 0xb
 860 005b 00       		.byte	0
 861 005c 00       		.byte	0
 862 005d 08       		.uleb128 0x8
 863 005e 0F       		.uleb128 0xf
 864 005f 00       		.byte	0
 865 0060 0B       		.uleb128 0xb
 866 0061 0B       		.uleb128 0xb
 867 0062 49       		.uleb128 0x49
 868 0063 13       		.uleb128 0x13
 869 0064 00       		.byte	0
 870 0065 00       		.byte	0
 871 0066 09       		.uleb128 0x9
 872 0067 26       		.uleb128 0x26
 873 0068 00       		.byte	0
 874 0069 00       		.byte	0
 875 006a 00       		.byte	0
 876 006b 0A       		.uleb128 0xa
 877 006c 01       		.uleb128 0x1
 878 006d 01       		.byte	0x1
 879 006e 49       		.uleb128 0x49
 880 006f 13       		.uleb128 0x13
 881 0070 01       		.uleb128 0x1
 882 0071 13       		.uleb128 0x13
 883 0072 00       		.byte	0
 884 0073 00       		.byte	0
 885 0074 0B       		.uleb128 0xb
 886 0075 21       		.uleb128 0x21
 887 0076 00       		.byte	0
 888 0077 49       		.uleb128 0x49
 889 0078 13       		.uleb128 0x13
 890 0079 2F       		.uleb128 0x2f
 891 007a 0B       		.uleb128 0xb
 892 007b 00       		.byte	0
 893 007c 00       		.byte	0
 894 007d 0C       		.uleb128 0xc
 895 007e 34       		.uleb128 0x34
 896 007f 00       		.byte	0
 897 0080 03       		.uleb128 0x3
 898 0081 0E       		.uleb128 0xe
 899 0082 3A       		.uleb128 0x3a
 900 0083 0B       		.uleb128 0xb
 901 0084 3B       		.uleb128 0x3b
 902 0085 0B       		.uleb128 0xb
 903 0086 49       		.uleb128 0x49
 904 0087 13       		.uleb128 0x13
 905 0088 3F       		.uleb128 0x3f
 906 0089 19       		.uleb128 0x19
 907 008a 02       		.uleb128 0x2
 908 008b 18       		.uleb128 0x18
 909 008c 00       		.byte	0
 910 008d 00       		.byte	0
 911 008e 0D       		.uleb128 0xd
 912 008f 26       		.uleb128 0x26
ARM GAS  C:\Users\pxc\AppData\Local\Temp\ccesjtCd.s 			page 17


 913 0090 00       		.byte	0
 914 0091 49       		.uleb128 0x49
 915 0092 13       		.uleb128 0x13
 916 0093 00       		.byte	0
 917 0094 00       		.byte	0
 918 0095 0E       		.uleb128 0xe
 919 0096 34       		.uleb128 0x34
 920 0097 00       		.byte	0
 921 0098 03       		.uleb128 0x3
 922 0099 0E       		.uleb128 0xe
 923 009a 3A       		.uleb128 0x3a
 924 009b 0B       		.uleb128 0xb
 925 009c 3B       		.uleb128 0x3b
 926 009d 05       		.uleb128 0x5
 927 009e 49       		.uleb128 0x49
 928 009f 13       		.uleb128 0x13
 929 00a0 3F       		.uleb128 0x3f
 930 00a1 19       		.uleb128 0x19
 931 00a2 02       		.uleb128 0x2
 932 00a3 18       		.uleb128 0x18
 933 00a4 00       		.byte	0
 934 00a5 00       		.byte	0
 935 00a6 00       		.byte	0
 936              		.section	.debug_aranges,"",%progbits
 937 0000 14000000 		.4byte	0x14
 938 0004 0200     		.2byte	0x2
 939 0006 00000000 		.4byte	.Ldebug_info0
 940 000a 04       		.byte	0x4
 941 000b 00       		.byte	0
 942 000c 0000     		.2byte	0
 943 000e 0000     		.2byte	0
 944 0010 00000000 		.4byte	0
 945 0014 00000000 		.4byte	0
 946              		.section	.debug_line,"",%progbits
 947              	.Ldebug_line0:
 948 0000 63000000 		.section	.debug_str,"MS",%progbits,1
 948      02005D00 
 948      00000201 
 948      FB0E0D00 
 948      01010101 
 949              	.LASF31:
 950 0000 55534255 		.ascii	"USBUART_1_SN_STRING_DESCRIPTOR\000"
 950      4152545F 
 950      315F534E 
 950      5F535452 
 950      494E475F 
 951              	.LASF38:
 952 001f 443A5C72 		.ascii	"D:\\robot\\git_code\\robot_control\\car.cydsn\000"
 952      6F626F74 
 952      5C676974 
 952      5F636F64 
 952      655C726F 
 953              	.LASF37:
 954 0049 2E5C4765 		.ascii	".\\Generated_Source\\PSoC5\\USBUART_1_descr.c\000"
 954      6E657261 
 954      7465645F 
 954      536F7572 
ARM GAS  C:\Users\pxc\AppData\Local\Temp\ccesjtCd.s 			page 18


 954      63655C50 
 955              	.LASF32:
 956 0074 55534255 		.ascii	"USBUART_1_STRING_DESCRIPTORS\000"
 956      4152545F 
 956      315F5354 
 956      52494E47 
 956      5F444553 
 957              	.LASF30:
 958 0091 55534255 		.ascii	"USBUART_1_TABLE\000"
 958      4152545F 
 958      315F5441 
 958      424C4500 
 959              	.LASF28:
 960 00a1 55534255 		.ascii	"USBUART_1_DEVICE0_CONFIGURATION0_TABLE\000"
 960      4152545F 
 960      315F4445 
 960      56494345 
 960      305F434F 
 961              	.LASF4:
 962 00c8 6C6F6E67 		.ascii	"long int\000"
 962      20696E74 
 962      00
 963              	.LASF3:
 964 00d1 73686F72 		.ascii	"short unsigned int\000"
 964      7420756E 
 964      7369676E 
 964      65642069 
 964      6E7400
 965              	.LASF23:
 966 00e4 545F5553 		.ascii	"T_USBUART_1_LUT\000"
 966      42554152 
 966      545F315F 
 966      4C555400 
 967              	.LASF21:
 968 00f4 545F5553 		.ascii	"T_USBUART_1_EP_SETTINGS_BLOCK\000"
 968      42554152 
 968      545F315F 
 968      45505F53 
 968      45545449 
 969              	.LASF11:
 970 0112 666C6F61 		.ascii	"float\000"
 970      7400
 971              	.LASF25:
 972 0118 55534255 		.ascii	"USBUART_1_DEVICE0_CONFIGURATION0_DESCR\000"
 972      4152545F 
 972      315F4445 
 972      56494345 
 972      305F434F 
 973              	.LASF16:
 974 013f 616C7453 		.ascii	"altSetting\000"
 974      65747469 
 974      6E6700
 975              	.LASF1:
 976 014a 756E7369 		.ascii	"unsigned char\000"
 976      676E6564 
 976      20636861 
 976      7200
ARM GAS  C:\Users\pxc\AppData\Local\Temp\ccesjtCd.s 			page 19


 977              	.LASF18:
 978 0158 61747472 		.ascii	"attributes\000"
 978      69627574 
 978      657300
 979              	.LASF5:
 980 0163 6C6F6E67 		.ascii	"long unsigned int\000"
 980      20756E73 
 980      69676E65 
 980      6420696E 
 980      7400
 981              	.LASF17:
 982 0175 61646472 		.ascii	"addr\000"
 982      00
 983              	.LASF27:
 984 017a 55534255 		.ascii	"USBUART_1_DEVICE0_CONFIGURATION0_INTERFACE_CLASS\000"
 984      4152545F 
 984      315F4445 
 984      56494345 
 984      305F434F 
 985              	.LASF12:
 986 01ab 646F7562 		.ascii	"double\000"
 986      6C6500
 987              	.LASF2:
 988 01b2 73686F72 		.ascii	"short int\000"
 988      7420696E 
 988      7400
 989              	.LASF10:
 990 01bc 75696E74 		.ascii	"uint16\000"
 990      313600
 991              	.LASF36:
 992 01c3 474E5520 		.ascii	"GNU C 4.9.3 20150303 (release) [ARM/embedded-4_9-br"
 992      4320342E 
 992      392E3320 
 992      32303135 
 992      30333033 
 993 01f6 616E6368 		.ascii	"anch revision 221220] -mcpu=cortex-m3 -mthumb -g -O"
 993      20726576 
 993      6973696F 
 993      6E203232 
 993      31323230 
 994 0229 67202D66 		.ascii	"g -ffunction-sections -ffat-lto-objects\000"
 994      66756E63 
 994      74696F6E 
 994      2D736563 
 994      74696F6E 
 995              	.LASF8:
 996 0251 756E7369 		.ascii	"unsigned int\000"
 996      676E6564 
 996      20696E74 
 996      00
 997              	.LASF7:
 998 025e 6C6F6E67 		.ascii	"long long unsigned int\000"
 998      206C6F6E 
 998      6720756E 
 998      7369676E 
 998      65642069 
 999              	.LASF29:
ARM GAS  C:\Users\pxc\AppData\Local\Temp\ccesjtCd.s 			page 20


 1000 0275 55534255 		.ascii	"USBUART_1_DEVICE0_TABLE\000"
 1000      4152545F 
 1000      315F4445 
 1000      56494345 
 1000      305F5441 
 1001              	.LASF22:
 1002 028d 705F6C69 		.ascii	"p_list\000"
 1002      737400
 1003              	.LASF14:
 1004 0294 73697A65 		.ascii	"sizetype\000"
 1004      74797065 
 1004      00
 1005              	.LASF6:
 1006 029d 6C6F6E67 		.ascii	"long long int\000"
 1006      206C6F6E 
 1006      6720696E 
 1006      7400
 1007              	.LASF13:
 1008 02ab 63686172 		.ascii	"char\000"
 1008      00
 1009              	.LASF19:
 1010 02b0 62756666 		.ascii	"bufferSize\000"
 1010      65725369 
 1010      7A6500
 1011              	.LASF35:
 1012 02bb 55534255 		.ascii	"USBUART_1_idSerialNumberStringDescriptor\000"
 1012      4152545F 
 1012      315F6964 
 1012      53657269 
 1012      616C4E75 
 1013              	.LASF24:
 1014 02e4 55534255 		.ascii	"USBUART_1_DEVICE0_DESCR\000"
 1014      4152545F 
 1014      315F4445 
 1014      56494345 
 1014      305F4445 
 1015              	.LASF9:
 1016 02fc 75696E74 		.ascii	"uint8\000"
 1016      3800
 1017              	.LASF15:
 1018 0302 696E7465 		.ascii	"interface\000"
 1018      72666163 
 1018      6500
 1019              	.LASF26:
 1020 030c 55534255 		.ascii	"USBUART_1_DEVICE0_CONFIGURATION0_EP_SETTINGS_TABLE\000"
 1020      4152545F 
 1020      315F4445 
 1020      56494345 
 1020      305F434F 
 1021              	.LASF33:
 1022 033f 55534255 		.ascii	"USBUART_1_MSOS_DESCRIPTOR\000"
 1022      4152545F 
 1022      315F4D53 
 1022      4F535F44 
 1022      45534352 
 1023              	.LASF0:
 1024 0359 7369676E 		.ascii	"signed char\000"
ARM GAS  C:\Users\pxc\AppData\Local\Temp\ccesjtCd.s 			page 21


 1024      65642063 
 1024      68617200 
 1025              	.LASF34:
 1026 0365 55534255 		.ascii	"USBUART_1_MSOS_CONFIGURATION_DESCR\000"
 1026      4152545F 
 1026      315F4D53 
 1026      4F535F43 
 1026      4F4E4649 
 1027              	.LASF20:
 1028 0388 624D6973 		.ascii	"bMisc\000"
 1028      6300
 1029              		.ident	"GCC: (GNU Tools for ARM Embedded Processors) 4.9.3 20150303 (release) [ARM/embedded-4_9-br
